INFO: [HLS 200-0] Workspace /home/studio/Prova_casa/solution1 opened at Tue Nov 28 11:35:33 CET 2017
Execute     config_clock -quiet -name default -period 10 -default=false 
INFO: [SYN 201-201] Setting up clock 'default' with a period of 10ns.
Command     config_clock returned 0; 0 sec.
Execute     open_platform DefaultPlatform 
Command     open_platform returned 0; 0 sec.
Execute     import_lib /media/dati/dante/Xilinx/Vivado/2017.3/common/technology/xilinx/zynq/zynq 
Execute       source /media/dati/dante/Xilinx/Vivado/2017.3/common/technology/xilinx/common/xilinx.lib 
Execute         source /media/dati/dante/Xilinx/Vivado/2017.3/common/technology/xilinx/interface/xilinx_interface.lib 
Execute           source /media/dati/dante/Xilinx/Vivado/2017.3/common/technology/xilinx/interface/plb46.lib 
Command           ap_source returned 0; 0 sec.
Execute           source /media/dati/dante/Xilinx/Vivado/2017.3/common/technology/xilinx/interface/fsl.lib 
Command           ap_source returned 0; 0 sec.
Execute           source /media/dati/dante/Xilinx/Vivado/2017.3/common/technology/xilinx/interface/axi4.lib 
Command           ap_source returned 0; 0 sec.
Execute           source /media/dati/dante/Xilinx/Vivado/2017.3/common/technology/xilinx/interface/maxi.lib 
Command           ap_source returned 0; 0 sec.
Execute           source /media/dati/dante/Xilinx/Vivado/2017.3/common/technology/xilinx/interface/saxilite.lib 
Command           ap_source returned 0; 0 sec.
Command         ap_source returned 0; 0 sec.
Execute         source /media/dati/dante/Xilinx/Vivado/2017.3/common/technology/xilinx/common/dsp48.lib 
Command         ap_source returned 0; 0 sec.
Execute         source /media/dati/dante/Xilinx/Vivado/2017.3/common/technology/xilinx/ip/xfft.lib 
Command         ap_source returned 0; 0 sec.
Execute         source /media/dati/dante/Xilinx/Vivado/2017.3/common/technology/xilinx/ip/dds_compiler.lib 
Command         ap_source returned 0; 0 sec.
Execute         source /media/dati/dante/Xilinx/Vivado/2017.3/common/technology/xilinx/ip/xfir.lib 
Command         ap_source returned 0; 0 sec.
Command       ap_source returned 0; 0.02 sec.
Execute       source /media/dati/dante/Xilinx/Vivado/2017.3/common/technology/xilinx/common/xilinx_old.lib 
Command       ap_source returned 0; 0.01 sec.
Execute       source /media/dati/dante/Xilinx/Vivado/2017.3/common/technology/xilinx/common/xilinx_vivado.lib 
Command       ap_source returned 0; 0 sec.
Execute       source /media/dati/dante/Xilinx/Vivado/2017.3/common/technology/xilinx/common/xilinx.hlp 
Execute         source /media/dati/dante/Xilinx/Vivado/2017.3/common/technology/xilinx/common/target_info.tcl 
Command         ap_source returned 0; 0 sec.
Execute         source /media/dati/dante/Xilinx/Vivado/2017.3/common/technology/xilinx/interface/xilinx_interface.hlp 
Execute           source /media/dati/dante/Xilinx/Vivado/2017.3/common/technology/xilinx/interface/maxi.hlp 
Command           ap_source returned 0; 0 sec.
Execute           source /media/dati/dante/Xilinx/Vivado/2017.3/common/technology/xilinx/interface/saxilite.hlp 
Command           ap_source returned 0; 0 sec.
Command         ap_source returned 0; 0 sec.
Execute         source /media/dati/dante/Xilinx/Vivado/2017.3/common/technology/xilinx/common/dsp48.hlp 
Command         ap_source returned 0; 0 sec.
Command       ap_source returned 0; 0.01 sec.
Execute       source /media/dati/dante/Xilinx/Vivado/2017.3/common/technology/xilinx/zynq/dsp48e1.hlp 
Command       ap_source returned 0; 0 sec.
Execute       get_default_platform 
Command       get_default_platform returned 0; 0 sec.
Execute       config_chip_info -quiet -resource  {SLICE 13300}  {LUT 53200}     {FF 106400} {DSP48E 220}   {BRAM 280}  
Command       config_chip_info returned 0; 0 sec.
Execute       config_chip_info -quiet -speed medium 
Command       config_chip_info returned 0; 0 sec.
Execute       source /media/dati/dante/Xilinx/Vivado/2017.3/common/technology/xilinx/common/xilinx.hlp 
Execute         source /media/dati/dante/Xilinx/Vivado/2017.3/common/technology/xilinx/common/target_info.tcl 
Command         ap_source returned 0; 0 sec.
Execute         source /media/dati/dante/Xilinx/Vivado/2017.3/common/technology/xilinx/interface/xilinx_interface.hlp 
Execute           source /media/dati/dante/Xilinx/Vivado/2017.3/common/technology/xilinx/interface/maxi.hlp 
Command           ap_source returned 0; 0 sec.
Execute           source /media/dati/dante/Xilinx/Vivado/2017.3/common/technology/xilinx/interface/saxilite.hlp 
Command           ap_source returned 0; 0 sec.
Command         ap_source returned 0; 0 sec.
Execute         source /media/dati/dante/Xilinx/Vivado/2017.3/common/technology/xilinx/common/dsp48.hlp 
Command         ap_source returned 0; 0 sec.
Command       ap_source returned 0; 0 sec.
Command     import_lib returned 0; 0.05 sec.
Execute     source /media/dati/dante/Xilinx/Vivado/2017.3/common/technology/xilinx/zynq/zynq.gen 
Execute       source /media/dati/dante/Xilinx/Vivado/2017.3/common/technology/xilinx/common/virtex.gen 
Execute         source /media/dati/dante/Xilinx/Vivado/2017.3/common/technology/xilinx/common/xilinx.gen 
Execute           source /media/dati/dante/Xilinx/Vivado/2017.3/common/technology/xilinx/interface/plb46.gen 
Command           ap_source returned 0; 0 sec.
Execute           source /media/dati/dante/Xilinx/Vivado/2017.3/common/technology/xilinx/interface/fsl.gen 
Command           ap_source returned 0; 0 sec.
Execute           source /media/dati/dante/Xilinx/Vivado/2017.3/common/technology/xilinx/interface/axi4.gen 
Command           ap_source returned 0; 0 sec.
Execute           source /media/dati/dante/Xilinx/Vivado/2017.3/common/technology/xilinx/interface/nativeAXI4.gen 
Execute             source /media/dati/dante/Xilinx/Vivado/2017.3/common/technology/xilinx/interface/saxilite.gen 
Command             ap_source returned 0; 0.01 sec.
Execute             source /media/dati/dante/Xilinx/Vivado/2017.3/common/technology/xilinx/interface/maxi.gen 
Command             ap_source returned 0; 0.01 sec.
Command           ap_source returned 0; 0.02 sec.
Execute           source /media/dati/dante/Xilinx/Vivado/2017.3/common/technology/xilinx/scripts/xilinxcoregen.gen 
Command           ap_source returned 0; 0.02 sec.
Execute           source /media/dati/dante/Xilinx/Vivado/2017.3/common/technology/xilinx/interface/XilEDKCoreGen.gen 
Command           ap_source returned 0; 0.01 sec.
Execute           source /media/dati/dante/Xilinx/Vivado/2017.3/common/technology/xilinx/ip/dds_compiler.gen 
Command           ap_source returned 0; 0.01 sec.
Execute           source /media/dati/dante/Xilinx/Vivado/2017.3/common/technology/xilinx/ip/util.gen 
Command           ap_source returned 0; 0 sec.
Execute           source /media/dati/dante/Xilinx/Vivado/2017.3/common/technology/xilinx/ip/xfir.gen 
Command           ap_source returned 0; 0 sec.
Execute           source /media/dati/dante/Xilinx/Vivado/2017.3/common/technology/xilinx/ip/xfft.gen 
Command           ap_source returned 0; 0.28 sec.
Command         ap_source returned 0; 0.36 sec.
Execute         source /media/dati/dante/Xilinx/Vivado/2017.3/common/technology/xilinx/common/dsp48.gen 
Command         ap_source returned 0; 0 sec.
Command       ap_source returned 0; 0.36 sec.
Command     ap_source returned 0; 0.36 sec.
Execute     open_platform DefaultPlatform 
Command     open_platform returned 0; 0 sec.
Execute     import_lib /media/dati/dante/Xilinx/Vivado/2017.3/common/technology/xilinx/zynq/zynq_fpv6 
Execute       source /media/dati/dante/Xilinx/Vivado/2017.3/common/technology/xilinx/common/xilinx_fpv7.lib 
Execute         source /media/dati/dante/Xilinx/Vivado/2017.3/common/technology/xilinx/common/xilinx_hp.lib 
Command         ap_source returned 0; 0 sec.
Command       ap_source returned 0; 0.03 sec.
Execute       source /media/dati/dante/Xilinx/Vivado/2017.3/common/technology/xilinx/common/xilinx_fpv.hlp 
Execute         source /media/dati/dante/Xilinx/Vivado/2017.3/common/technology/xilinx/common/xilinx.hlp 
Execute           source /media/dati/dante/Xilinx/Vivado/2017.3/common/technology/xilinx/common/target_info.tcl 
Command           ap_source returned 0; 0 sec.
Execute           source /media/dati/dante/Xilinx/Vivado/2017.3/common/technology/xilinx/interface/xilinx_interface.hlp 
Execute             source /media/dati/dante/Xilinx/Vivado/2017.3/common/technology/xilinx/interface/maxi.hlp 
Command             ap_source returned 0; 0 sec.
Execute             source /media/dati/dante/Xilinx/Vivado/2017.3/common/technology/xilinx/interface/saxilite.hlp 
Command             ap_source returned 0; 0 sec.
Command           ap_source returned 0; 0 sec.
Execute           source /media/dati/dante/Xilinx/Vivado/2017.3/common/technology/xilinx/common/dsp48.hlp 
Command           ap_source returned 0; 0.01 sec.
Command         ap_source returned 0; 0.01 sec.
Command       ap_source returned 0; 0.01 sec.
Execute       source /media/dati/dante/Xilinx/Vivado/2017.3/common/technology/xilinx/zynq/zynq_hp.hlp 
Command       ap_source returned 0; 0 sec.
Command     import_lib returned 0; 0.06 sec.
Execute     source /media/dati/dante/Xilinx/Vivado/2017.3/common/technology/xilinx/zynq/zynq_fpv6.gen 
Execute       source /media/dati/dante/Xilinx/Vivado/2017.3/common/technology/xilinx/common/xilinx_fpv6.gen 
Command       ap_source returned 0; 0.01 sec.
Command     ap_source returned 0; 0.01 sec.
Execute     set_part xc7z020clg484-1 
Execute       add_library xilinx/zynq/zynq:xc7z020:clg484:-1 
Execute         get_default_platform 
Command         get_default_platform returned 0; 0 sec.
Execute         license_isbetapart xc7z020 
Command         license_isbetapart returned 1; 0.02 sec.
Execute         get_default_platform 
Command         get_default_platform returned 0; 0 sec.
Execute         config_chip_info -quiet -resource  {SLICE 13300}  {LUT 53200}     {FF 106400} {DSP48E 220}   {BRAM 280}  
Command         config_chip_info returned 0; 0 sec.
Execute         config_chip_info -quiet -speed slow 
Command         config_chip_info returned 0; 0 sec.
Command       add_library returned 0; 0.03 sec.
Execute       add_library xilinx/zynq/zynq_fpv6 
Execute         get_default_platform 
Command         get_default_platform returned 0; 0 sec.
Command       add_library returned 0; 0.01 sec.
INFO: [HLS 200-10] Setting target device to 'xc7z020clg484-1'
Execute       get_default_platform 
Command       get_default_platform returned 0; 0 sec.
Command     set_part returned 0; 0.15 sec.
Execute     get_default_platform 
Command     get_default_platform returned 0; 0 sec.
Execute     config_chip_info -quiet -resource  {SLICE 13300}  {LUT 53200}     {FF 106400} {DSP48E 220}   {BRAM 280}  
Command     config_chip_info returned 0; 0 sec.
Execute     config_chip_info -quiet -speed slow 
Command     config_chip_info returned 0; 0.01 sec.
Command   open_solution returned 0; 0.67 sec.
Execute   csim_design -ldflags -I./mxml ./mxml/*.c -fpermissive -clean -compiler gcc -quiet 
Execute     source /home/studio/Prova_casa/solution1/.autopilot/db/global.setting.tcl 
Command     ap_source returned 0; 0 sec.
INFO: [SIM 211-2] *************** CSIM start ***************
INFO: [SIM 211-4] CSIM will launch GCC as the compiler.
Execute     source csim/.lst_opt.tcl 
Command     ap_source returned 0; 0 sec.
Execute     is_encrypted /home/studio/Prova_casa/testbench/20c-net.c 
Command     is_encrypted returned 0; 0 sec.
Execute     is_xip /home/studio/Prova_casa/testbench/20c-net.c 
Command     is_xip returned 0; 0 sec.
Execute     is_encrypted /home/studio/Prova_casa/testbench/activation_functions.c 
Command     is_encrypted returned 0; 0 sec.
Execute     is_xip /home/studio/Prova_casa/testbench/activation_functions.c 
Command     is_xip returned 0; 0 sec.
Execute     is_encrypted /home/studio/Prova_casa/testbench/activation_functions.h 
Command     is_encrypted returned 0; 0 sec.
Execute     is_xip /home/studio/Prova_casa/testbench/activation_functions.h 
Command     is_xip returned 0; 0 sec.
Execute     is_encrypted /home/studio/Prova_casa/testbench/activation_module.c 
Command     is_encrypted returned 0; 0 sec.
Execute     is_xip /home/studio/Prova_casa/testbench/activation_module.c 
Command     is_xip returned 0; 0 sec.
Execute     is_encrypted /home/studio/Prova_casa/testbench/activation_module.h 
Command     is_encrypted returned 0; 0 sec.
Execute     is_xip /home/studio/Prova_casa/testbench/activation_module.h 
Command     is_xip returned 0; 0 sec.
Execute     is_encrypted /home/studio/Prova_casa/testbench/container_module.c 
Command     is_encrypted returned 0; 0 sec.
Execute     is_xip /home/studio/Prova_casa/testbench/container_module.c 
Command     is_xip returned 0; 0 sec.
Execute     is_encrypted /home/studio/Prova_casa/testbench/container_module.h 
Command     is_encrypted returned 0; 0 sec.
Execute     is_xip /home/studio/Prova_casa/testbench/container_module.h 
Command     is_xip returned 0; 0 sec.
Execute     is_encrypted /home/studio/Prova_casa/testbench/convolution.c 
Command     is_encrypted returned 0; 0 sec.
Execute     is_xip /home/studio/Prova_casa/testbench/convolution.c 
Command     is_xip returned 0; 0 sec.
Execute     is_encrypted /home/studio/Prova_casa/testbench/convolution.h 
Command     is_encrypted returned 0; 0 sec.
Execute     is_xip /home/studio/Prova_casa/testbench/convolution.h 
Command     is_xip returned 0; 0 sec.
Execute     is_encrypted /home/studio/Prova_casa/testbench/convolutional_module.c 
Command     is_encrypted returned 0; 0 sec.
Execute     is_xip /home/studio/Prova_casa/testbench/convolutional_module.c 
Command     is_xip returned 0; 0 sec.
Execute     is_encrypted /home/studio/Prova_casa/testbench/convolutional_module.h 
Command     is_encrypted returned 0; 0 sec.
Execute     is_xip /home/studio/Prova_casa/testbench/convolutional_module.h 
Command     is_xip returned 0; 0 sec.
Execute     is_encrypted /home/studio/Prova_casa/testbench/module.c 
Command     is_encrypted returned 0; 0 sec.
Execute     is_xip /home/studio/Prova_casa/testbench/module.c 
Command     is_xip returned 0; 0 sec.
Execute     is_encrypted /home/studio/Prova_casa/testbench/module.h 
Command     is_encrypted returned 0; 0 sec.
Execute     is_xip /home/studio/Prova_casa/testbench/module.h 
Command     is_xip returned 0; 0 sec.
Execute     is_encrypted /home/studio/Prova_casa/testbench/net_parser.c 
Command     is_encrypted returned 0; 0 sec.
Execute     is_xip /home/studio/Prova_casa/testbench/net_parser.c 
Command     is_xip returned 0; 0 sec.
Execute     is_encrypted /home/studio/Prova_casa/testbench/net_parser.h 
Command     is_encrypted returned 0; 0 sec.
Execute     is_xip /home/studio/Prova_casa/testbench/net_parser.h 
Command     is_xip returned 0; 0 sec.
Execute     is_encrypted /home/studio/Prova_casa/testbench/net_types.h 
Command     is_encrypted returned 0; 0 sec.
Execute     is_xip /home/studio/Prova_casa/testbench/net_types.h 
Command     is_xip returned 0; 0 sec.
Execute     is_encrypted /home/studio/Prova_casa/testbench/pool_module.c 
Command     is_encrypted returned 0; 0 sec.
Execute     is_xip /home/studio/Prova_casa/testbench/pool_module.c 
Command     is_xip returned 0; 0 sec.
Execute     is_encrypted /home/studio/Prova_casa/testbench/pool_module.h 
Command     is_encrypted returned 0; 0 sec.
Execute     is_xip /home/studio/Prova_casa/testbench/pool_module.h 
Command     is_xip returned 0; 0 sec.
Execute     is_encrypted /home/studio/Prova_casa/testbench/tensor.c 
Command     is_encrypted returned 0; 0 sec.
Execute     is_xip /home/studio/Prova_casa/testbench/tensor.c 
Command     is_xip returned 0; 0 sec.
Execute     is_encrypted /home/studio/Prova_casa/testbench/tensor.h 
Command     is_encrypted returned 0; 0 sec.
Execute     is_xip /home/studio/Prova_casa/testbench/tensor.h 
Command     is_xip returned 0; 0 sec.
Execute     is_encrypted /home/studio/Prova_casa/src/net_config.h 
Command     is_encrypted returned 0; 0 sec.
Execute     is_xip /home/studio/Prova_casa/src/net_config.h 
Command     is_xip returned 0; 0 sec.
Execute     is_encrypted /home/studio/Prova_casa/src/net_types.h 
Command     is_encrypted returned 0; 0 sec.
Execute     is_xip /home/studio/Prova_casa/src/net_types.h 
Command     is_xip returned 0; 0 sec.
Execute     is_encrypted /home/studio/Prova_casa/src/zhang_convolution_quant.c 
Command     is_encrypted returned 0; 0 sec.
Execute     is_xip /home/studio/Prova_casa/src/zhang_convolution_quant.c 
Command     is_xip returned 0; 0 sec.
Execute     is_encrypted /home/studio/Prova_casa/src/zhang_convolution_quant.h 
Command     is_encrypted returned 0; 0 sec.
Execute     is_xip /home/studio/Prova_casa/src/zhang_convolution_quant.h 
Command     is_xip returned 0; 0 sec.
Execute     get_default_platform 
Command     get_default_platform returned 0; 0 sec.
Execute     source run_sim.tcl 
Command     ap_source returned 0; 9.9 sec.
INFO: [SIM 211-1] CSim done with 0 errors.
INFO: [SIM 211-3] *************** CSIM finish ***************
Command   csim_design returned 0; 109.42 sec.
Command ap_source returned 0; 110.1 sec.
Execute cleanup_all 
Command cleanup_all returned 0; 0 sec.
