

================================================================
== Vivado HLS Report for 'read_weights'
================================================================
* Date:           Tue Nov 28 10:42:14 2017

* Version:        2017.3 (Build 2018833 on Wed Oct 04 20:30:40 MDT 2017)
* Project:        Prova_casa
* Solution:       solution1
* Product family: zynq
* Target device:  xc7z020clg484-1


================================================================
== Performance Estimates
================================================================
+ Timing (ns): 
    * Summary: 
    +--------+-------+----------+------------+
    |  Clock | Target| Estimated| Uncertainty|
    +--------+-------+----------+------------+
    |ap_clk  |  10.00|      8.75|        1.25|
    +--------+-------+----------+------------+

+ Latency (clock cycles): 
    * Summary: 
    +-----+-----+-----+-----+---------+
    |  Latency  |  Interval | Pipeline|
    | min | max | min | max |   Type  |
    +-----+-----+-----+-----+---------+
    |    5|  772|    5|  772|   none  |
    +-----+-----+-----+-----+---------+

    + Detail: 
        * Instance: 
        N/A

        * Loop: 
        +----------+-----+-----+----------+-----------+-----------+---------+----------+
        |          |  Latency  | Iteration|  Initiation Interval  |   Trip  |          |
        | Loop Name| min | max |  Latency |  achieved |   target  |  Count  | Pipelined|
        +----------+-----+-----+----------+-----------+-----------+---------+----------+
        |- readWt  |    0|  767|        13|          1|          1| 0 ~ 756 |    yes   |
        +----------+-----+-----+----------+-----------+-----------+---------+----------+

============================================================
+ Verbose Summary: Synthesis Manager
============================================================
InlineROM: 1
ExposeGlobal: 0
============================================================
+ Verbose Summary: CDFG Model
============================================================
IsTopModel: 0
ResetActiveHigh: 1
IsCombinational: 0
IsDatapathOnly: 0
HasWiredReturn: 1
HasMFsm: 0
HasVarLatency: 1
IsPipeline: 0
IsRtlPipelined: 0
IsInstanceOverlapped: 0
IsDontTouch: 0
HasImplIP: 0
IsGatedGlobalClock: 0

+ Individual pipeline summary: 
  * Pipeline-0: initiation interval (II) = 1, depth = 13


============================================================
+ Verbose Summary: Schedule
============================================================
* Number of FSM states : 18
* Pipeline : 1
  Pipeline-0 : II = 1, D = 13, States = { 5 6 7 8 9 10 11 12 13 14 15 16 17 }
* Dataflow Pipeline: 0

* FSM state transitions: 
1 --> 
	2  / true
2 --> 
	3  / true
3 --> 
	4  / true
4 --> 
	5  / true
5 --> 
	18  / (!tmp_10)
	6  / (tmp_10)
6 --> 
	7  / true
7 --> 
	8  / true
8 --> 
	9  / true
9 --> 
	10  / true
10 --> 
	11  / true
11 --> 
	12  / true
12 --> 
	13  / true
13 --> 
	14  / true
14 --> 
	15  / true
15 --> 
	16  / true
16 --> 
	17  / true
17 --> 
	5  / true
18 --> 

* FSM state operations: 

 <State 1> : 2.47ns
ST_1 : Operation 19 [1/1] (0.00ns)   --->   "%curr_layer_out_ch_re = call i32 @_ssdm_op_Read.ap_auto.i32(i32 %curr_layer_out_ch)"
ST_1 : Operation 20 [1/1] (0.00ns)   --->   "%curr_layer_in_ch_rea = call i32 @_ssdm_op_Read.ap_auto.i32(i32 %curr_layer_in_ch)"
ST_1 : Operation 21 [1/1] (2.47ns)   --->   "%tmp_3 = icmp sgt i32 %curr_layer_out_ch_re, 28" [Prova_casa/src/zhang_convolution_quant.c:133]   --->   Core 25 'Cmp' <Latency = 0> <II = 1> <Delay = 2.47> <FuncUnit> <Opcode : 'icmp'> <InPorts = 2> <OutPorts = 1>
ST_1 : Operation 22 [1/1] (0.00ns)   --->   "%tmp_26 = call i30 @_ssdm_op_PartSelect.i30.i32.i32.i32(i32 %curr_layer_in_ch_rea, i32 2, i32 31)" [Prova_casa/src/zhang_convolution_quant.c:134]
ST_1 : Operation 23 [1/1] (2.46ns)   --->   "%icmp = icmp sgt i30 %tmp_26, 0" [Prova_casa/src/zhang_convolution_quant.c:134]   --->   Core 25 'Cmp' <Latency = 0> <II = 1> <Delay = 2.47> <FuncUnit> <Opcode : 'icmp'> <InPorts = 2> <OutPorts = 1>

 <State 2> : 8.51ns
ST_2 : Operation 24 [1/1] (0.00ns)   --->   "%ti_read = call i32 @_ssdm_op_Read.ap_auto.i32(i32 %ti)"
ST_2 : Operation 25 [1/1] (0.00ns)   --->   "%to_read = call i32 @_ssdm_op_Read.ap_auto.i32(i32 %to_r)"
ST_2 : Operation 26 [1/1] (0.00ns)   --->   "%curr_layer_ker_h_rea = call i32 @_ssdm_op_Read.ap_auto.i32(i32 %curr_layer_ker_h)"
ST_2 : Operation 27 [1/1] (8.51ns)   --->   "%tmp = mul i32 %curr_layer_ker_h_rea, %curr_layer_in_ch_rea" [Prova_casa/src/zhang_convolution_quant.c:128]   --->   Core 16 'Mul' <Latency = 0> <II = 1> <Delay = 8.51> <FuncUnit> <Opcode : 'mul'> <InPorts = 2> <OutPorts = 1>
ST_2 : Operation 28 [1/1] (1.37ns)   --->   "%n_depth_o = select i1 %tmp_3, i32 28, i32 %curr_layer_out_ch_re" [Prova_casa/src/zhang_convolution_quant.c:133]   --->   Core 26 'Sel' <Latency = 0> <II = 1> <Delay = 1.37> <FuncUnit> <Opcode : 'select'> <InPorts = 3> <OutPorts = 1>
ST_2 : Operation 29 [1/1] (1.37ns)   --->   "%n_depth_i = select i1 %icmp, i32 3, i32 %curr_layer_in_ch_rea" [Prova_casa/src/zhang_convolution_quant.c:134]   --->   Core 26 'Sel' <Latency = 0> <II = 1> <Delay = 1.37> <FuncUnit> <Opcode : 'select'> <InPorts = 3> <OutPorts = 1>
ST_2 : Operation 30 [1/1] (2.55ns)   --->   "%tmp_5 = add nsw i32 %n_depth_o, %to_read" [Prova_casa/src/zhang_convolution_quant.c:136]   --->   Core 14 'AddSub' <Latency = 0> <II = 1> <Delay = 2.55> <FuncUnit> <Opcode : 'add' 'sub'> <InPorts = 2> <OutPorts = 1>
ST_2 : Operation 31 [1/1] (2.47ns)   --->   "%tmp_6 = icmp sgt i32 %tmp_5, %curr_layer_out_ch_re" [Prova_casa/src/zhang_convolution_quant.c:136]   --->   Core 25 'Cmp' <Latency = 0> <II = 1> <Delay = 2.47> <FuncUnit> <Opcode : 'icmp'> <InPorts = 2> <OutPorts = 1>
ST_2 : Operation 32 [1/1] (2.55ns)   --->   "%tmp_7 = sub nsw i32 %curr_layer_out_ch_re, %to_read" [Prova_casa/src/zhang_convolution_quant.c:136]   --->   Core 14 'AddSub' <Latency = 0> <II = 1> <Delay = 2.55> <FuncUnit> <Opcode : 'add' 'sub'> <InPorts = 2> <OutPorts = 1>
ST_2 : Operation 33 [1/1] (1.37ns)   --->   "%n_depth_o_2 = select i1 %tmp_6, i32 %tmp_7, i32 %n_depth_o" [Prova_casa/src/zhang_convolution_quant.c:136]   --->   Core 26 'Sel' <Latency = 0> <II = 1> <Delay = 1.37> <FuncUnit> <Opcode : 'select'> <InPorts = 3> <OutPorts = 1>
ST_2 : Operation 34 [1/1] (2.55ns)   --->   "%tmp_8 = add nsw i32 %n_depth_i, %ti_read" [Prova_casa/src/zhang_convolution_quant.c:137]   --->   Core 14 'AddSub' <Latency = 0> <II = 1> <Delay = 2.55> <FuncUnit> <Opcode : 'add' 'sub'> <InPorts = 2> <OutPorts = 1>
ST_2 : Operation 35 [1/1] (2.47ns)   --->   "%tmp_9 = icmp sgt i32 %tmp_8, %curr_layer_in_ch_rea" [Prova_casa/src/zhang_convolution_quant.c:137]   --->   Core 25 'Cmp' <Latency = 0> <II = 1> <Delay = 2.47> <FuncUnit> <Opcode : 'icmp'> <InPorts = 2> <OutPorts = 1>
ST_2 : Operation 36 [1/1] (2.55ns)   --->   "%tmp_1 = sub nsw i32 %curr_layer_in_ch_rea, %ti_read" [Prova_casa/src/zhang_convolution_quant.c:137]   --->   Core 14 'AddSub' <Latency = 0> <II = 1> <Delay = 2.55> <FuncUnit> <Opcode : 'add' 'sub'> <InPorts = 2> <OutPorts = 1>
ST_2 : Operation 37 [1/1] (1.37ns)   --->   "%n_depth_i_1 = select i1 %tmp_9, i32 %tmp_1, i32 %n_depth_i" [Prova_casa/src/zhang_convolution_quant.c:137]   --->   Core 26 'Sel' <Latency = 0> <II = 1> <Delay = 1.37> <FuncUnit> <Opcode : 'select'> <InPorts = 3> <OutPorts = 1>

 <State 3> : 8.51ns
ST_3 : Operation 38 [1/1] (0.00ns)   --->   "%curr_layer_ker_w_rea = call i32 @_ssdm_op_Read.ap_auto.i32(i32 %curr_layer_ker_w)"
ST_3 : Operation 39 [1/1] (8.51ns)   --->   "%kernel_stack_size = mul i32 %tmp, %curr_layer_ker_w_rea" [Prova_casa/src/zhang_convolution_quant.c:128]   --->   Core 16 'Mul' <Latency = 0> <II = 1> <Delay = 8.51> <FuncUnit> <Opcode : 'mul'> <InPorts = 2> <OutPorts = 1>
ST_3 : Operation 40 [1/1] (8.51ns)   --->   "%kernel_size = mul nsw i32 %curr_layer_ker_w_rea, %curr_layer_ker_h_rea" [Prova_casa/src/zhang_convolution_quant.c:129]   --->   Core 16 'Mul' <Latency = 0> <II = 1> <Delay = 8.51> <FuncUnit> <Opcode : 'mul'> <InPorts = 2> <OutPorts = 1>
ST_3 : Operation 41 [1/1] (8.51ns)   --->   "%tmp7 = mul i32 %n_depth_i_1, %n_depth_o_2" [Prova_casa/src/zhang_convolution_quant.c:144]   --->   Core 16 'Mul' <Latency = 0> <II = 1> <Delay = 8.51> <FuncUnit> <Opcode : 'mul'> <InPorts = 2> <OutPorts = 1>

 <State 4> : 8.51ns
ST_4 : Operation 42 [1/1] (0.00ns)   --->   "call void (...)* @_ssdm_op_SpecInterface(i8* %weights, [6 x i8]* @p_str18, i32 0, i32 0, [1 x i8]* @p_str, i32 0, i32 102400, [5 x i8]* @p_str19, [6 x i8]* @p_str20, [1 x i8]* @p_str, i32 16, i32 16, i32 16, i32 16, [1 x i8]* @p_str, [1 x i8]* @p_str)"
ST_4 : Operation 43 [1/1] (0.00ns)   --->   "%weights_offset_read = call i32 @_ssdm_op_Read.ap_auto.i32(i32 %weights_offset_0)"
ST_4 : Operation 44 [1/1] (0.00ns)   --->   "%weights_offset_read_18 = call i32 @_ssdm_op_Read.ap_auto.i32(i32 %weights_offset)"
ST_4 : Operation 45 [1/1] (8.51ns)   --->   "%tmp_s = mul nsw i32 %kernel_stack_size, %to_read" [Prova_casa/src/zhang_convolution_quant.c:130]   --->   Core 16 'Mul' <Latency = 0> <II = 1> <Delay = 8.51> <FuncUnit> <Opcode : 'mul'> <InPorts = 2> <OutPorts = 1>
ST_4 : Operation 46 [1/1] (8.51ns)   --->   "%tmp_2 = mul nsw i32 %kernel_size, %ti_read" [Prova_casa/src/zhang_convolution_quant.c:130]   --->   Core 16 'Mul' <Latency = 0> <II = 1> <Delay = 8.51> <FuncUnit> <Opcode : 'mul'> <InPorts = 2> <OutPorts = 1>
ST_4 : Operation 47 [1/1] (8.51ns)   --->   "%tmp_4 = mul i32 %kernel_size, %tmp7" [Prova_casa/src/zhang_convolution_quant.c:144]   --->   Core 16 'Mul' <Latency = 0> <II = 1> <Delay = 8.51> <FuncUnit> <Opcode : 'mul'> <InPorts = 2> <OutPorts = 1>
ST_4 : Operation 48 [1/1] (0.00ns)   --->   "%tmp_29 = trunc i32 %weights_offset_read to i10" [Prova_casa/src/zhang_convolution_quant.c:162]
ST_4 : Operation 49 [1/1] (0.00ns)   --->   "%sext_cast = sext i32 %weights_offset_read_18 to i33" [Prova_casa/src/zhang_convolution_quant.c:144]
ST_4 : Operation 50 [1/1] (1.76ns)   --->   "br label %0" [Prova_casa/src/zhang_convolution_quant.c:144]

 <State 5> : 8.70ns
ST_5 : Operation 51 [1/1] (0.00ns)   --->   "%index_i = phi i16 [ 0, %._crit_edge ], [ %index_i_3, %._crit_edge455 ]" [Prova_casa/src/zhang_convolution_quant.c:148]
ST_5 : Operation 52 [1/1] (0.00ns)   --->   "%index_jj = phi i16 [ 0, %._crit_edge ], [ %index_jj_3, %._crit_edge455 ]" [Prova_casa/src/zhang_convolution_quant.c:148]
ST_5 : Operation 53 [1/1] (0.00ns)   --->   "%index_ii = phi i16 [ 0, %._crit_edge ], [ %index_ii_3, %._crit_edge455 ]"
ST_5 : Operation 54 [1/1] (0.00ns)   --->   "%itr = phi i31 [ 0, %._crit_edge ], [ %itr_1, %._crit_edge455 ]" [Prova_casa/src/zhang_convolution_quant.c:144]
ST_5 : Operation 55 [1/1] (0.00ns)   --->   "%i = phi i32 [ 0, %._crit_edge ], [ %i_3, %._crit_edge455 ]" [Prova_casa/src/zhang_convolution_quant.c:148]
ST_5 : Operation 56 [1/1] (0.00ns)   --->   "%j = phi i32 [ 0, %._crit_edge ], [ %j_1, %._crit_edge455 ]"
ST_5 : Operation 57 [1/1] (0.00ns)   --->   "%ii = phi i32 [ 0, %._crit_edge ], [ %ii_3, %._crit_edge455 ]"
ST_5 : Operation 58 [1/1] (0.00ns)   --->   "%jj = phi i32 [ 0, %._crit_edge ], [ %jj_3, %._crit_edge455 ]" [Prova_casa/src/zhang_convolution_quant.c:148]
ST_5 : Operation 59 [1/1] (0.00ns)   --->   "%itr_cast = zext i31 %itr to i32" [Prova_casa/src/zhang_convolution_quant.c:144]
ST_5 : Operation 60 [1/1] (2.47ns)   --->   "%tmp_10 = icmp slt i32 %itr_cast, %tmp_4" [Prova_casa/src/zhang_convolution_quant.c:144]   --->   Core 25 'Cmp' <Latency = 0> <II = 1> <Delay = 2.47> <FuncUnit> <Opcode : 'icmp'> <InPorts = 2> <OutPorts = 1>
ST_5 : Operation 61 [1/1] (2.52ns)   --->   "%itr_1 = add i31 %itr, 1" [Prova_casa/src/zhang_convolution_quant.c:144]   --->   Core 14 'AddSub' <Latency = 0> <II = 1> <Delay = 2.55> <FuncUnit> <Opcode : 'add' 'sub'> <InPorts = 2> <OutPorts = 1>
ST_5 : Operation 62 [1/1] (0.00ns)   --->   "br i1 %tmp_10, label %_ifconv, label %1" [Prova_casa/src/zhang_convolution_quant.c:144]
ST_5 : Operation 63 [1/1] (0.00ns)   --->   "%tmp_11 = call i32 (...)* @_ssdm_op_SpecRegionBegin([7 x i8]* @p_str9)" [Prova_casa/src/zhang_convolution_quant.c:144]
ST_5 : Operation 64 [1/1] (2.47ns)   --->   "%tmp_12 = icmp eq i32 %j, %curr_layer_ker_w_rea" [Prova_casa/src/zhang_convolution_quant.c:148]   --->   Core 25 'Cmp' <Latency = 0> <II = 1> <Delay = 2.47> <FuncUnit> <Opcode : 'icmp'> <InPorts = 2> <OutPorts = 1>
ST_5 : Operation 65 [1/1] (2.55ns)   --->   "%i_1 = add nsw i32 1, %i" [Prova_casa/src/zhang_convolution_quant.c:150]   --->   Core 14 'AddSub' <Latency = 0> <II = 1> <Delay = 2.55> <FuncUnit> <Opcode : 'add' 'sub'> <InPorts = 2> <OutPorts = 1>
ST_5 : Operation 66 [1/1] (2.47ns)   --->   "%tmp_14 = icmp eq i32 %i_1, %curr_layer_ker_h_rea" [Prova_casa/src/zhang_convolution_quant.c:152]   --->   Core 25 'Cmp' <Latency = 0> <II = 1> <Delay = 2.47> <FuncUnit> <Opcode : 'icmp'> <InPorts = 2> <OutPorts = 1>
ST_5 : Operation 67 [1/1] (2.55ns)   --->   "%jj_1 = add nsw i32 1, %jj" [Prova_casa/src/zhang_convolution_quant.c:154]   --->   Core 14 'AddSub' <Latency = 0> <II = 1> <Delay = 2.55> <FuncUnit> <Opcode : 'add' 'sub'> <InPorts = 2> <OutPorts = 1>
ST_5 : Operation 68 [1/1] (2.47ns)   --->   "%tmp_16 = icmp eq i32 %jj_1, %n_depth_i_1" [Prova_casa/src/zhang_convolution_quant.c:156]   --->   Core 25 'Cmp' <Latency = 0> <II = 1> <Delay = 2.47> <FuncUnit> <Opcode : 'icmp'> <InPorts = 2> <OutPorts = 1>
ST_5 : Operation 69 [1/1] (2.55ns)   --->   "%ii_1 = add nsw i32 1, %ii" [Prova_casa/src/zhang_convolution_quant.c:158]   --->   Core 14 'AddSub' <Latency = 0> <II = 1> <Delay = 2.55> <FuncUnit> <Opcode : 'add' 'sub'> <InPorts = 2> <OutPorts = 1>
ST_5 : Operation 70 [1/1] (0.00ns) (grouped into LUT with out node sel_tmp6)   --->   "%sel_tmp5 = xor i1 %tmp_14, true" [Prova_casa/src/zhang_convolution_quant.c:152]   --->   Core 27 'LogicGate' <Latency = 0> <II = 1> <Delay = 0.93> <FuncUnit> <Opcode : 'and' 'or' 'xor'> <InPorts = 2> <OutPorts = 1>
ST_5 : Operation 71 [1/1] (0.93ns) (out node of the LUT)   --->   "%sel_tmp6 = and i1 %tmp_12, %sel_tmp5" [Prova_casa/src/zhang_convolution_quant.c:148]   --->   Core 27 'LogicGate' <Latency = 0> <II = 1> <Delay = 0.93> <FuncUnit> <Opcode : 'and' 'or' 'xor'> <InPorts = 2> <OutPorts = 1>
ST_5 : Operation 72 [1/1] (0.00ns) (grouped into LUT with out node sel_tmp9)   --->   "%tmp8 = and i1 %tmp_14, %tmp_16" [Prova_casa/src/zhang_convolution_quant.c:152]   --->   Core 27 'LogicGate' <Latency = 0> <II = 1> <Delay = 0.93> <FuncUnit> <Opcode : 'and' 'or' 'xor'> <InPorts = 2> <OutPorts = 1>
ST_5 : Operation 73 [1/1] (0.93ns) (out node of the LUT)   --->   "%sel_tmp9 = and i1 %tmp8, %tmp_12" [Prova_casa/src/zhang_convolution_quant.c:152]   --->   Core 27 'LogicGate' <Latency = 0> <II = 1> <Delay = 0.93> <FuncUnit> <Opcode : 'and' 'or' 'xor'> <InPorts = 2> <OutPorts = 1>
ST_5 : Operation 74 [1/1] (0.00ns) (grouped into LUT with out node i_3)   --->   "%sel_tmp1 = select i1 %tmp_12, i32 0, i32 %i" [Prova_casa/src/zhang_convolution_quant.c:148]   --->   Core 26 'Sel' <Latency = 0> <II = 1> <Delay = 1.37> <FuncUnit> <Opcode : 'select'> <InPorts = 3> <OutPorts = 1>
ST_5 : Operation 75 [1/1] (1.37ns) (out node of the LUT)   --->   "%i_3 = select i1 %sel_tmp6, i32 %i_1, i32 %sel_tmp1" [Prova_casa/src/zhang_convolution_quant.c:148]   --->   Core 26 'Sel' <Latency = 0> <II = 1> <Delay = 1.37> <FuncUnit> <Opcode : 'select'> <InPorts = 3> <OutPorts = 1>
ST_5 : Operation 76 [1/1] (1.37ns)   --->   "%j_3 = select i1 %tmp_12, i32 0, i32 %j" [Prova_casa/src/zhang_convolution_quant.c:148]   --->   Core 26 'Sel' <Latency = 0> <II = 1> <Delay = 1.37> <FuncUnit> <Opcode : 'select'> <InPorts = 3> <OutPorts = 1>
ST_5 : Operation 77 [1/1] (0.00ns) (grouped into LUT with out node ii_5)   --->   "%ii_4 = select i1 %sel_tmp9, i32 %ii_1, i32 %ii" [Prova_casa/src/zhang_convolution_quant.c:152]   --->   Core 26 'Sel' <Latency = 0> <II = 1> <Delay = 1.37> <FuncUnit> <Opcode : 'select'> <InPorts = 3> <OutPorts = 1>
ST_5 : Operation 78 [1/1] (1.37ns) (out node of the LUT)   --->   "%ii_5 = select i1 %tmp_12, i32 %ii_4, i32 %ii" [Prova_casa/src/zhang_convolution_quant.c:148]   --->   Core 26 'Sel' <Latency = 0> <II = 1> <Delay = 1.37> <FuncUnit> <Opcode : 'select'> <InPorts = 3> <OutPorts = 1>
ST_5 : Operation 79 [1/1] (1.37ns) (out node of the LUT)   --->   "%ii_3 = select i1 %sel_tmp6, i32 %ii, i32 %ii_5" [Prova_casa/src/zhang_convolution_quant.c:148]   --->   Core 26 'Sel' <Latency = 0> <II = 1> <Delay = 1.37> <FuncUnit> <Opcode : 'select'> <InPorts = 3> <OutPorts = 1>
ST_5 : Operation 80 [1/1] (0.00ns) (grouped into LUT with out node jj_3)   --->   "%sel_tmp2 = select i1 %sel_tmp9, i32 0, i32 %jj_1" [Prova_casa/src/zhang_convolution_quant.c:152]   --->   Core 26 'Sel' <Latency = 0> <II = 1> <Delay = 1.37> <FuncUnit> <Opcode : 'select'> <InPorts = 3> <OutPorts = 1>
ST_5 : Operation 81 [1/1] (0.00ns) (grouped into LUT with out node jj_3)   --->   "%sel_tmp7 = select i1 %tmp_12, i32 %sel_tmp2, i32 %jj" [Prova_casa/src/zhang_convolution_quant.c:148]   --->   Core 26 'Sel' <Latency = 0> <II = 1> <Delay = 1.37> <FuncUnit> <Opcode : 'select'> <InPorts = 3> <OutPorts = 1>
ST_5 : Operation 82 [1/1] (1.37ns) (out node of the LUT)   --->   "%jj_3 = select i1 %sel_tmp6, i32 %jj, i32 %sel_tmp7" [Prova_casa/src/zhang_convolution_quant.c:148]   --->   Core 26 'Sel' <Latency = 0> <II = 1> <Delay = 1.37> <FuncUnit> <Opcode : 'select'> <InPorts = 3> <OutPorts = 1>
ST_5 : Operation 83 [1/1] (2.55ns)   --->   "%tmp9 = add i32 %j_3, %tmp_s" [Prova_casa/src/zhang_convolution_quant.c:162]   --->   Core 14 'AddSub' <Latency = 0> <II = 1> <Delay = 2.55> <FuncUnit> <Opcode : 'add' 'sub'> <InPorts = 2> <OutPorts = 1>
ST_5 : Operation 84 [1/1] (0.00ns)   --->   "%tmp_33 = trunc i32 %j_3 to i5" [Prova_casa/src/zhang_convolution_quant.c:162]
ST_5 : Operation 85 [1/1] (0.00ns)   --->   "%tmp_34 = trunc i32 %i_3 to i5" [Prova_casa/src/zhang_convolution_quant.c:148]
ST_5 : Operation 86 [1/1] (0.00ns)   --->   "%tmp_35 = trunc i32 %i_3 to i3" [Prova_casa/src/zhang_convolution_quant.c:148]
ST_5 : Operation 87 [1/1] (0.00ns)   --->   "%tmp_36 = trunc i32 %ii_3 to i5" [Prova_casa/src/zhang_convolution_quant.c:148]
ST_5 : Operation 88 [1/1] (0.00ns)   --->   "%tmp_37 = trunc i32 %jj_3 to i2" [Prova_casa/src/zhang_convolution_quant.c:148]
ST_5 : Operation 89 [1/1] (1.13ns)   --->   "switch i2 %tmp_37, label %branch80 [
    i2 0, label %branch78
    i2 1, label %branch79
  ]" [Prova_casa/src/zhang_convolution_quant.c:162]
ST_5 : Operation 90 [1/1] (0.00ns)   --->   "br label %._crit_edge455" [Prova_casa/src/zhang_convolution_quant.c:162]
ST_5 : Operation 91 [1/1] (1.13ns)   --->   "switch i2 %tmp_37, label %branch77 [
    i2 0, label %branch75
    i2 1, label %branch76
  ]" [Prova_casa/src/zhang_convolution_quant.c:162]
ST_5 : Operation 92 [1/1] (0.00ns)   --->   "br label %._crit_edge455" [Prova_casa/src/zhang_convolution_quant.c:162]
ST_5 : Operation 93 [1/1] (1.13ns)   --->   "switch i2 %tmp_37, label %branch74 [
    i2 0, label %branch72
    i2 1, label %branch73
  ]" [Prova_casa/src/zhang_convolution_quant.c:162]
ST_5 : Operation 94 [1/1] (0.00ns)   --->   "br label %._crit_edge455" [Prova_casa/src/zhang_convolution_quant.c:162]
ST_5 : Operation 95 [1/1] (1.13ns)   --->   "switch i2 %tmp_37, label %branch71 [
    i2 0, label %branch69
    i2 1, label %branch70
  ]" [Prova_casa/src/zhang_convolution_quant.c:162]
ST_5 : Operation 96 [1/1] (0.00ns)   --->   "br label %._crit_edge455" [Prova_casa/src/zhang_convolution_quant.c:162]
ST_5 : Operation 97 [1/1] (1.13ns)   --->   "switch i2 %tmp_37, label %branch68 [
    i2 0, label %branch66
    i2 1, label %branch67
  ]" [Prova_casa/src/zhang_convolution_quant.c:162]
ST_5 : Operation 98 [1/1] (0.00ns)   --->   "br label %._crit_edge455" [Prova_casa/src/zhang_convolution_quant.c:162]
ST_5 : Operation 99 [1/1] (1.13ns)   --->   "switch i2 %tmp_37, label %branch65 [
    i2 0, label %branch63
    i2 1, label %branch64
  ]" [Prova_casa/src/zhang_convolution_quant.c:162]
ST_5 : Operation 100 [1/1] (0.00ns)   --->   "br label %._crit_edge455" [Prova_casa/src/zhang_convolution_quant.c:162]
ST_5 : Operation 101 [1/1] (1.13ns)   --->   "switch i2 %tmp_37, label %branch62 [
    i2 0, label %branch60
    i2 1, label %branch61
  ]" [Prova_casa/src/zhang_convolution_quant.c:162]
ST_5 : Operation 102 [1/1] (0.00ns)   --->   "br label %._crit_edge455" [Prova_casa/src/zhang_convolution_quant.c:162]
ST_5 : Operation 103 [1/1] (1.13ns)   --->   "switch i2 %tmp_37, label %branch59 [
    i2 0, label %branch57
    i2 1, label %branch58
  ]" [Prova_casa/src/zhang_convolution_quant.c:162]
ST_5 : Operation 104 [1/1] (0.00ns)   --->   "br label %._crit_edge455" [Prova_casa/src/zhang_convolution_quant.c:162]
ST_5 : Operation 105 [1/1] (1.13ns)   --->   "switch i2 %tmp_37, label %branch56 [
    i2 0, label %branch54
    i2 1, label %branch55
  ]" [Prova_casa/src/zhang_convolution_quant.c:162]
ST_5 : Operation 106 [1/1] (0.00ns)   --->   "br label %._crit_edge455" [Prova_casa/src/zhang_convolution_quant.c:162]
ST_5 : Operation 107 [1/1] (1.13ns)   --->   "switch i2 %tmp_37, label %branch53 [
    i2 0, label %branch51
    i2 1, label %branch52
  ]" [Prova_casa/src/zhang_convolution_quant.c:162]
ST_5 : Operation 108 [1/1] (0.00ns)   --->   "br label %._crit_edge455" [Prova_casa/src/zhang_convolution_quant.c:162]
ST_5 : Operation 109 [1/1] (1.13ns)   --->   "switch i2 %tmp_37, label %branch50 [
    i2 0, label %branch48
    i2 1, label %branch49
  ]" [Prova_casa/src/zhang_convolution_quant.c:162]
ST_5 : Operation 110 [1/1] (0.00ns)   --->   "br label %._crit_edge455" [Prova_casa/src/zhang_convolution_quant.c:162]
ST_5 : Operation 111 [1/1] (1.13ns)   --->   "switch i2 %tmp_37, label %branch47 [
    i2 0, label %branch45
    i2 1, label %branch46
  ]" [Prova_casa/src/zhang_convolution_quant.c:162]
ST_5 : Operation 112 [1/1] (0.00ns)   --->   "br label %._crit_edge455" [Prova_casa/src/zhang_convolution_quant.c:162]
ST_5 : Operation 113 [1/1] (1.13ns)   --->   "switch i2 %tmp_37, label %branch44 [
    i2 0, label %branch42
    i2 1, label %branch43
  ]" [Prova_casa/src/zhang_convolution_quant.c:162]
ST_5 : Operation 114 [1/1] (0.00ns)   --->   "br label %._crit_edge455" [Prova_casa/src/zhang_convolution_quant.c:162]
ST_5 : Operation 115 [1/1] (1.13ns)   --->   "switch i2 %tmp_37, label %branch41 [
    i2 0, label %branch39
    i2 1, label %branch40
  ]" [Prova_casa/src/zhang_convolution_quant.c:162]
ST_5 : Operation 116 [1/1] (0.00ns)   --->   "br label %._crit_edge455" [Prova_casa/src/zhang_convolution_quant.c:162]
ST_5 : Operation 117 [1/1] (1.13ns)   --->   "switch i2 %tmp_37, label %branch38 [
    i2 0, label %branch36
    i2 1, label %branch37
  ]" [Prova_casa/src/zhang_convolution_quant.c:162]
ST_5 : Operation 118 [1/1] (0.00ns)   --->   "br label %._crit_edge455" [Prova_casa/src/zhang_convolution_quant.c:162]
ST_5 : Operation 119 [1/1] (1.13ns)   --->   "switch i2 %tmp_37, label %branch35 [
    i2 0, label %branch33
    i2 1, label %branch34
  ]" [Prova_casa/src/zhang_convolution_quant.c:162]
ST_5 : Operation 120 [1/1] (0.00ns)   --->   "br label %._crit_edge455" [Prova_casa/src/zhang_convolution_quant.c:162]
ST_5 : Operation 121 [1/1] (1.13ns)   --->   "switch i2 %tmp_37, label %branch32 [
    i2 0, label %branch30
    i2 1, label %branch31
  ]" [Prova_casa/src/zhang_convolution_quant.c:162]
ST_5 : Operation 122 [1/1] (0.00ns)   --->   "br label %._crit_edge455" [Prova_casa/src/zhang_convolution_quant.c:162]
ST_5 : Operation 123 [1/1] (1.13ns)   --->   "switch i2 %tmp_37, label %branch29 [
    i2 0, label %branch27139
    i2 1, label %branch28
  ]" [Prova_casa/src/zhang_convolution_quant.c:162]
ST_5 : Operation 124 [1/1] (0.00ns)   --->   "br label %._crit_edge455" [Prova_casa/src/zhang_convolution_quant.c:162]
ST_5 : Operation 125 [1/1] (1.13ns)   --->   "switch i2 %tmp_37, label %branch26133 [
    i2 0, label %branch24131
    i2 1, label %branch25132
  ]" [Prova_casa/src/zhang_convolution_quant.c:162]
ST_5 : Operation 126 [1/1] (0.00ns)   --->   "br label %._crit_edge455" [Prova_casa/src/zhang_convolution_quant.c:162]
ST_5 : Operation 127 [1/1] (1.13ns)   --->   "switch i2 %tmp_37, label %branch23125 [
    i2 0, label %branch21123
    i2 1, label %branch22124
  ]" [Prova_casa/src/zhang_convolution_quant.c:162]
ST_5 : Operation 128 [1/1] (0.00ns)   --->   "br label %._crit_edge455" [Prova_casa/src/zhang_convolution_quant.c:162]
ST_5 : Operation 129 [1/1] (1.13ns)   --->   "switch i2 %tmp_37, label %branch20117 [
    i2 0, label %branch18115
    i2 1, label %branch19116
  ]" [Prova_casa/src/zhang_convolution_quant.c:162]
ST_5 : Operation 130 [1/1] (0.00ns)   --->   "br label %._crit_edge455" [Prova_casa/src/zhang_convolution_quant.c:162]
ST_5 : Operation 131 [1/1] (1.13ns)   --->   "switch i2 %tmp_37, label %branch17109 [
    i2 0, label %branch15107
    i2 1, label %branch16108
  ]" [Prova_casa/src/zhang_convolution_quant.c:162]
ST_5 : Operation 132 [1/1] (0.00ns)   --->   "br label %._crit_edge455" [Prova_casa/src/zhang_convolution_quant.c:162]
ST_5 : Operation 133 [1/1] (1.13ns)   --->   "switch i2 %tmp_37, label %branch14101 [
    i2 0, label %branch1299
    i2 1, label %branch13100
  ]" [Prova_casa/src/zhang_convolution_quant.c:162]
ST_5 : Operation 134 [1/1] (0.00ns)   --->   "br label %._crit_edge455" [Prova_casa/src/zhang_convolution_quant.c:162]
ST_5 : Operation 135 [1/1] (1.13ns)   --->   "switch i2 %tmp_37, label %branch1193 [
    i2 0, label %branch991
    i2 1, label %branch1092
  ]" [Prova_casa/src/zhang_convolution_quant.c:162]
ST_5 : Operation 136 [1/1] (0.00ns)   --->   "br label %._crit_edge455" [Prova_casa/src/zhang_convolution_quant.c:162]
ST_5 : Operation 137 [1/1] (1.13ns)   --->   "switch i2 %tmp_37, label %branch885 [
    i2 0, label %branch683
    i2 1, label %branch784
  ]" [Prova_casa/src/zhang_convolution_quant.c:162]
ST_5 : Operation 138 [1/1] (0.00ns)   --->   "br label %._crit_edge455" [Prova_casa/src/zhang_convolution_quant.c:162]
ST_5 : Operation 139 [1/1] (1.13ns)   --->   "switch i2 %tmp_37, label %branch577 [
    i2 0, label %branch375
    i2 1, label %branch476
  ]" [Prova_casa/src/zhang_convolution_quant.c:162]
ST_5 : Operation 140 [1/1] (0.00ns)   --->   "br label %._crit_edge455" [Prova_casa/src/zhang_convolution_quant.c:162]
ST_5 : Operation 141 [1/1] (1.13ns)   --->   "switch i2 %tmp_37, label %branch270 [
    i2 0, label %branch068
    i2 1, label %branch169
  ]" [Prova_casa/src/zhang_convolution_quant.c:162]
ST_5 : Operation 142 [1/1] (0.00ns)   --->   "br label %._crit_edge455" [Prova_casa/src/zhang_convolution_quant.c:162]
ST_5 : Operation 143 [1/1] (1.13ns)   --->   "switch i2 %tmp_37, label %branch83 [
    i2 0, label %branch81
    i2 1, label %branch82
  ]" [Prova_casa/src/zhang_convolution_quant.c:162]
ST_5 : Operation 144 [1/1] (0.00ns)   --->   "br label %._crit_edge455" [Prova_casa/src/zhang_convolution_quant.c:162]
ST_5 : Operation 145 [1/1] (0.00ns)   --->   "%empty = call i32 (...)* @_ssdm_op_SpecRegionEnd([7 x i8]* @p_str9, i32 %tmp_11)" [Prova_casa/src/zhang_convolution_quant.c:163]
ST_5 : Operation 146 [1/1] (2.55ns)   --->   "%j_1 = add nsw i32 %j_3, 1" [Prova_casa/src/zhang_convolution_quant.c:144]   --->   Core 14 'AddSub' <Latency = 0> <II = 1> <Delay = 2.55> <FuncUnit> <Opcode : 'add' 'sub'> <InPorts = 2> <OutPorts = 1>
ST_5 : Operation 147 [1/1] (0.00ns)   --->   "br label %0" [Prova_casa/src/zhang_convolution_quant.c:144]

 <State 6> : 8.51ns
ST_6 : Operation 148 [1/1] (8.51ns)   --->   "%tmp_13 = mul nsw i32 %i_1, %curr_layer_ker_w_rea" [Prova_casa/src/zhang_convolution_quant.c:150]   --->   Core 16 'Mul' <Latency = 0> <II = 1> <Delay = 8.51> <FuncUnit> <Opcode : 'mul'> <InPorts = 2> <OutPorts = 1>
ST_6 : Operation 149 [1/1] (8.51ns)   --->   "%tmp_15 = mul nsw i32 %kernel_size, %jj_1" [Prova_casa/src/zhang_convolution_quant.c:154]   --->   Core 16 'Mul' <Latency = 0> <II = 1> <Delay = 8.51> <FuncUnit> <Opcode : 'mul'> <InPorts = 2> <OutPorts = 1>
ST_6 : Operation 150 [1/1] (8.51ns)   --->   "%tmp_17 = mul nsw i32 %kernel_stack_size, %ii_1" [Prova_casa/src/zhang_convolution_quant.c:158]   --->   Core 16 'Mul' <Latency = 0> <II = 1> <Delay = 8.51> <FuncUnit> <Opcode : 'mul'> <InPorts = 2> <OutPorts = 1>
ST_6 : Operation 151 [1/1] (0.00ns)   --->   "%p_shl_cast = call i5 @_ssdm_op_BitConcatenate.i5.i3.i2(i3 %tmp_35, i2 0)" [Prova_casa/src/zhang_convolution_quant.c:162]
ST_6 : Operation 152 [1/1] (0.00ns) (grouped into TernaryAdder)   --->   "%tmp_21 = sub i5 %p_shl_cast, %tmp_34" [Prova_casa/src/zhang_convolution_quant.c:162]   --->   Core 79 'TAddSub' <Latency = 0> <II = 1> <Delay = 1.70> <IPBlock> <Opcode : 'add' 'sub'> <InPorts = 3> <OutPorts = 1> <Sync> <CReg>
ST_6 : Operation 153 [1/1] (3.40ns) (root node of TernaryAdder)   --->   "%tmp_22 = add i5 %tmp_33, %tmp_21" [Prova_casa/src/zhang_convolution_quant.c:162]   --->   Core 79 'TAddSub' <Latency = 0> <II = 1> <Delay = 1.70> <IPBlock> <Opcode : 'add' 'sub'> <InPorts = 3> <OutPorts = 1> <Sync> <CReg>
ST_6 : Operation 154 [1/1] (1.42ns)   --->   "switch i5 %tmp_36, label %branch27 [
    i5 0, label %branch0
    i5 1, label %branch1
    i5 2, label %branch2
    i5 3, label %branch3
    i5 4, label %branch4
    i5 5, label %branch5
    i5 6, label %branch6
    i5 7, label %branch7
    i5 8, label %branch8
    i5 9, label %branch9
    i5 10, label %branch10
    i5 11, label %branch11
    i5 12, label %branch12
    i5 13, label %branch13
    i5 14, label %branch14
    i5 15, label %branch15
    i5 -16, label %branch16
    i5 -15, label %branch17
    i5 -14, label %branch18
    i5 -13, label %branch19
    i5 -12, label %branch20
    i5 -11, label %branch21
    i5 -10, label %branch22
    i5 -9, label %branch23
    i5 -8, label %branch24
    i5 -7, label %branch25
    i5 -6, label %branch26
  ]" [Prova_casa/src/zhang_convolution_quant.c:162]

 <State 7> : 6.92ns
ST_7 : Operation 155 [1/1] (0.00ns) (grouped into LUT with out node index_i_3)   --->   "%index_i_1 = trunc i32 %tmp_13 to i16" [Prova_casa/src/zhang_convolution_quant.c:150]
ST_7 : Operation 156 [1/1] (0.00ns) (grouped into LUT with out node index_jj_3)   --->   "%index_jj_1 = trunc i32 %tmp_15 to i16" [Prova_casa/src/zhang_convolution_quant.c:154]
ST_7 : Operation 157 [1/1] (0.00ns) (grouped into LUT with out node index_ii_4)   --->   "%index_ii_1 = trunc i32 %tmp_17 to i16" [Prova_casa/src/zhang_convolution_quant.c:158]
ST_7 : Operation 158 [1/1] (0.00ns) (grouped into LUT with out node index_i_3)   --->   "%sel_tmp4 = select i1 %tmp_12, i16 0, i16 %index_i" [Prova_casa/src/zhang_convolution_quant.c:148]   --->   Core 26 'Sel' <Latency = 0> <II = 1> <Delay = 1.37> <FuncUnit> <Opcode : 'select'> <InPorts = 3> <OutPorts = 1>
ST_7 : Operation 159 [1/1] (1.37ns) (out node of the LUT)   --->   "%index_i_3 = select i1 %sel_tmp6, i16 %index_i_1, i16 %sel_tmp4" [Prova_casa/src/zhang_convolution_quant.c:148]   --->   Core 26 'Sel' <Latency = 0> <II = 1> <Delay = 1.37> <FuncUnit> <Opcode : 'select'> <InPorts = 3> <OutPorts = 1>
ST_7 : Operation 160 [1/1] (0.00ns) (grouped into LUT with out node index_jj_3)   --->   "%sel_tmp = select i1 %sel_tmp9, i16 0, i16 %index_jj_1" [Prova_casa/src/zhang_convolution_quant.c:152]   --->   Core 26 'Sel' <Latency = 0> <II = 1> <Delay = 1.37> <FuncUnit> <Opcode : 'select'> <InPorts = 3> <OutPorts = 1>
ST_7 : Operation 161 [1/1] (0.00ns) (grouped into LUT with out node index_jj_3)   --->   "%sel_tmp3 = select i1 %tmp_12, i16 %sel_tmp, i16 %index_jj" [Prova_casa/src/zhang_convolution_quant.c:148]   --->   Core 26 'Sel' <Latency = 0> <II = 1> <Delay = 1.37> <FuncUnit> <Opcode : 'select'> <InPorts = 3> <OutPorts = 1>
ST_7 : Operation 162 [1/1] (1.37ns) (out node of the LUT)   --->   "%index_jj_3 = select i1 %sel_tmp6, i16 %index_jj, i16 %sel_tmp3" [Prova_casa/src/zhang_convolution_quant.c:148]   --->   Core 26 'Sel' <Latency = 0> <II = 1> <Delay = 1.37> <FuncUnit> <Opcode : 'select'> <InPorts = 3> <OutPorts = 1>
ST_7 : Operation 163 [1/1] (0.00ns) (grouped into LUT with out node index_ii_4)   --->   "%index_ii_2 = select i1 %sel_tmp9, i16 %index_ii_1, i16 %index_ii" [Prova_casa/src/zhang_convolution_quant.c:152]   --->   Core 26 'Sel' <Latency = 0> <II = 1> <Delay = 1.37> <FuncUnit> <Opcode : 'select'> <InPorts = 3> <OutPorts = 1>
ST_7 : Operation 164 [1/1] (1.37ns) (out node of the LUT)   --->   "%index_ii_4 = select i1 %tmp_12, i16 %index_ii_2, i16 %index_ii" [Prova_casa/src/zhang_convolution_quant.c:148]   --->   Core 26 'Sel' <Latency = 0> <II = 1> <Delay = 1.37> <FuncUnit> <Opcode : 'select'> <InPorts = 3> <OutPorts = 1>
ST_7 : Operation 165 [1/1] (1.37ns) (out node of the LUT)   --->   "%index_ii_3 = select i1 %sel_tmp6, i16 %index_ii, i16 %index_ii_4" [Prova_casa/src/zhang_convolution_quant.c:148]   --->   Core 26 'Sel' <Latency = 0> <II = 1> <Delay = 1.37> <FuncUnit> <Opcode : 'select'> <InPorts = 3> <OutPorts = 1>
ST_7 : Operation 166 [1/1] (0.00ns)   --->   "%tmp_22_cast = zext i16 %index_ii_3 to i17" [Prova_casa/src/zhang_convolution_quant.c:162]
ST_7 : Operation 167 [1/1] (0.00ns)   --->   "%tmp_23_cast = zext i16 %index_jj_3 to i17" [Prova_casa/src/zhang_convolution_quant.c:162]
ST_7 : Operation 168 [1/1] (0.00ns)   --->   "%tmp_24_cast = zext i16 %index_i_3 to i18" [Prova_casa/src/zhang_convolution_quant.c:162]
ST_7 : Operation 169 [1/1] (2.07ns)   --->   "%tmp4 = add i17 %tmp_22_cast, %tmp_23_cast" [Prova_casa/src/zhang_convolution_quant.c:162]   --->   Core 14 'AddSub' <Latency = 0> <II = 1> <Delay = 2.55> <FuncUnit> <Opcode : 'add' 'sub'> <InPorts = 2> <OutPorts = 1>
ST_7 : Operation 170 [1/1] (0.00ns)   --->   "%tmp62_cast = zext i17 %tmp4 to i18" [Prova_casa/src/zhang_convolution_quant.c:162]
ST_7 : Operation 171 [1/1] (2.10ns)   --->   "%tmp5 = add i18 %tmp_24_cast, %tmp62_cast" [Prova_casa/src/zhang_convolution_quant.c:162]   --->   Core 14 'AddSub' <Latency = 0> <II = 1> <Delay = 2.55> <FuncUnit> <Opcode : 'add' 'sub'> <InPorts = 2> <OutPorts = 1>

 <State 8> : 6.92ns
ST_8 : Operation 172 [1/1] (0.00ns) (grouped into TernaryAdder)   --->   "%tmp3 = add i32 %tmp_2, %tmp9" [Prova_casa/src/zhang_convolution_quant.c:162]   --->   Core 79 'TAddSub' <Latency = 0> <II = 1> <Delay = 1.70> <IPBlock> <Opcode : 'add' 'sub'> <InPorts = 3> <OutPorts = 1> <Sync> <CReg>
ST_8 : Operation 173 [1/1] (0.00ns)   --->   "%tmp61_cast = zext i18 %tmp5 to i32" [Prova_casa/src/zhang_convolution_quant.c:162]
ST_8 : Operation 174 [1/1] (4.37ns) (root node of TernaryAdder)   --->   "%tmp_18 = add i32 %tmp3, %tmp61_cast" [Prova_casa/src/zhang_convolution_quant.c:162]   --->   Core 79 'TAddSub' <Latency = 0> <II = 1> <Delay = 1.70> <IPBlock> <Opcode : 'add' 'sub'> <InPorts = 3> <OutPorts = 1> <Sync> <CReg>
ST_8 : Operation 175 [1/1] (0.00ns)   --->   "%tmp_21_cast = sext i32 %tmp_18 to i33" [Prova_casa/src/zhang_convolution_quant.c:162]
ST_8 : Operation 176 [1/1] (2.55ns)   --->   "%sum = add i33 %tmp_21_cast, %sext_cast" [Prova_casa/src/zhang_convolution_quant.c:162]   --->   Core 14 'AddSub' <Latency = 0> <II = 1> <Delay = 2.55> <FuncUnit> <Opcode : 'add' 'sub'> <InPorts = 2> <OutPorts = 1>
ST_8 : Operation 177 [1/1] (0.00ns)   --->   "%sum_cast = sext i33 %sum to i64" [Prova_casa/src/zhang_convolution_quant.c:162]
ST_8 : Operation 178 [1/1] (0.00ns)   --->   "%weights_addr = getelementptr i8* %weights, i64 %sum_cast" [Prova_casa/src/zhang_convolution_quant.c:162]

 <State 9> : 8.75ns
ST_9 : Operation 179 [7/7] (8.75ns)   --->   "%weights_load_req = call i1 @_ssdm_op_ReadReq.m_axi.i8P(i8* %weights_addr, i32 1)" [Prova_casa/src/zhang_convolution_quant.c:162]   --->   Core 9 'm_axi' <Latency = 6> <II = 1> <Delay = 1.00> <Adapter> <Opcode : 'read' 'write' 'readreq' 'writereq' 'writeresp'>

 <State 10> : 8.75ns
ST_10 : Operation 180 [6/7] (8.75ns)   --->   "%weights_load_req = call i1 @_ssdm_op_ReadReq.m_axi.i8P(i8* %weights_addr, i32 1)" [Prova_casa/src/zhang_convolution_quant.c:162]   --->   Core 9 'm_axi' <Latency = 6> <II = 1> <Delay = 1.00> <Adapter> <Opcode : 'read' 'write' 'readreq' 'writereq' 'writeresp'>

 <State 11> : 8.75ns
ST_11 : Operation 181 [5/7] (8.75ns)   --->   "%weights_load_req = call i1 @_ssdm_op_ReadReq.m_axi.i8P(i8* %weights_addr, i32 1)" [Prova_casa/src/zhang_convolution_quant.c:162]   --->   Core 9 'm_axi' <Latency = 6> <II = 1> <Delay = 1.00> <Adapter> <Opcode : 'read' 'write' 'readreq' 'writereq' 'writeresp'>

 <State 12> : 8.75ns
ST_12 : Operation 182 [4/7] (8.75ns)   --->   "%weights_load_req = call i1 @_ssdm_op_ReadReq.m_axi.i8P(i8* %weights_addr, i32 1)" [Prova_casa/src/zhang_convolution_quant.c:162]   --->   Core 9 'm_axi' <Latency = 6> <II = 1> <Delay = 1.00> <Adapter> <Opcode : 'read' 'write' 'readreq' 'writereq' 'writeresp'>

 <State 13> : 8.75ns
ST_13 : Operation 183 [3/7] (8.75ns)   --->   "%weights_load_req = call i1 @_ssdm_op_ReadReq.m_axi.i8P(i8* %weights_addr, i32 1)" [Prova_casa/src/zhang_convolution_quant.c:162]   --->   Core 9 'm_axi' <Latency = 6> <II = 1> <Delay = 1.00> <Adapter> <Opcode : 'read' 'write' 'readreq' 'writereq' 'writeresp'>

 <State 14> : 8.75ns
ST_14 : Operation 184 [2/7] (8.75ns)   --->   "%weights_load_req = call i1 @_ssdm_op_ReadReq.m_axi.i8P(i8* %weights_addr, i32 1)" [Prova_casa/src/zhang_convolution_quant.c:162]   --->   Core 9 'm_axi' <Latency = 6> <II = 1> <Delay = 1.00> <Adapter> <Opcode : 'read' 'write' 'readreq' 'writereq' 'writeresp'>

 <State 15> : 8.75ns
ST_15 : Operation 185 [1/7] (8.75ns)   --->   "%weights_load_req = call i1 @_ssdm_op_ReadReq.m_axi.i8P(i8* %weights_addr, i32 1)" [Prova_casa/src/zhang_convolution_quant.c:162]   --->   Core 9 'm_axi' <Latency = 6> <II = 1> <Delay = 1.00> <Adapter> <Opcode : 'read' 'write' 'readreq' 'writereq' 'writeresp'>

 <State 16> : 8.75ns
ST_16 : Operation 186 [1/1] (8.75ns)   --->   "%weights_addr_read = call i8 @_ssdm_op_Read.m_axi.i8P(i8* %weights_addr)" [Prova_casa/src/zhang_convolution_quant.c:162]   --->   Core 9 'm_axi' <Latency = 6> <II = 1> <Delay = 1.00> <Adapter> <Opcode : 'read' 'write' 'readreq' 'writereq' 'writeresp'>

 <State 17> : 4.28ns
ST_17 : Operation 187 [1/1] (0.00ns)   --->   "call void (...)* @_ssdm_op_SpecLoopName([7 x i8]* @p_str9) nounwind" [Prova_casa/src/zhang_convolution_quant.c:144]
ST_17 : Operation 188 [1/1] (0.00ns)   --->   "call void (...)* @_ssdm_op_SpecPipeline(i32 -1, i32 1, i32 1, i32 0, [1 x i8]* @p_str) nounwind" [Prova_casa/src/zhang_convolution_quant.c:145]
ST_17 : Operation 189 [1/1] (0.00ns)   --->   "call void (...)* @_ssdm_op_SpecLoopTripCount(i32 0, i32 756, i32 0, [1 x i8]* @p_str) nounwind" [Prova_casa/src/zhang_convolution_quant.c:146]
ST_17 : Operation 190 [1/1] (0.00ns)   --->   "%tmp_19 = zext i8 %weights_addr_read to i10" [Prova_casa/src/zhang_convolution_quant.c:162]
ST_17 : Operation 191 [1/1] (1.95ns)   --->   "%tmp_20 = add i10 %tmp_19, %tmp_29" [Prova_casa/src/zhang_convolution_quant.c:162]   --->   Core 14 'AddSub' <Latency = 0> <II = 1> <Delay = 2.55> <FuncUnit> <Opcode : 'add' 'sub'> <InPorts = 2> <OutPorts = 1>
ST_17 : Operation 192 [1/1] (0.00ns)   --->   "%tmp_28_cast = sext i5 %tmp_22 to i64" [Prova_casa/src/zhang_convolution_quant.c:162]
ST_17 : Operation 193 [1/1] (0.00ns)   --->   "%weightsbuf_0_0_add = getelementptr [9 x i10]* %weightsbuf_0_0, i64 0, i64 %tmp_28_cast" [Prova_casa/src/zhang_convolution_quant.c:162]
ST_17 : Operation 194 [1/1] (0.00ns)   --->   "%weightsbuf_0_1_add = getelementptr [9 x i10]* %weightsbuf_0_1, i64 0, i64 %tmp_28_cast" [Prova_casa/src/zhang_convolution_quant.c:162]
ST_17 : Operation 195 [1/1] (0.00ns)   --->   "%weightsbuf_0_2_add = getelementptr [9 x i10]* %weightsbuf_0_2, i64 0, i64 %tmp_28_cast" [Prova_casa/src/zhang_convolution_quant.c:162]
ST_17 : Operation 196 [1/1] (0.00ns)   --->   "%weightsbuf_1_0_add = getelementptr [9 x i10]* %weightsbuf_1_0, i64 0, i64 %tmp_28_cast" [Prova_casa/src/zhang_convolution_quant.c:162]
ST_17 : Operation 197 [1/1] (0.00ns)   --->   "%weightsbuf_1_1_add = getelementptr [9 x i10]* %weightsbuf_1_1, i64 0, i64 %tmp_28_cast" [Prova_casa/src/zhang_convolution_quant.c:162]
ST_17 : Operation 198 [1/1] (0.00ns)   --->   "%weightsbuf_1_2_add = getelementptr [9 x i10]* %weightsbuf_1_2, i64 0, i64 %tmp_28_cast" [Prova_casa/src/zhang_convolution_quant.c:162]
ST_17 : Operation 199 [1/1] (0.00ns)   --->   "%weightsbuf_2_0_add = getelementptr [9 x i10]* %weightsbuf_2_0, i64 0, i64 %tmp_28_cast" [Prova_casa/src/zhang_convolution_quant.c:162]
ST_17 : Operation 200 [1/1] (0.00ns)   --->   "%weightsbuf_2_1_add = getelementptr [9 x i10]* %weightsbuf_2_1, i64 0, i64 %tmp_28_cast" [Prova_casa/src/zhang_convolution_quant.c:162]
ST_17 : Operation 201 [1/1] (0.00ns)   --->   "%weightsbuf_2_2_add = getelementptr [9 x i10]* %weightsbuf_2_2, i64 0, i64 %tmp_28_cast" [Prova_casa/src/zhang_convolution_quant.c:162]
ST_17 : Operation 202 [1/1] (0.00ns)   --->   "%weightsbuf_3_0_add = getelementptr [9 x i10]* %weightsbuf_3_0, i64 0, i64 %tmp_28_cast" [Prova_casa/src/zhang_convolution_quant.c:162]
ST_17 : Operation 203 [1/1] (0.00ns)   --->   "%weightsbuf_3_1_add = getelementptr [9 x i10]* %weightsbuf_3_1, i64 0, i64 %tmp_28_cast" [Prova_casa/src/zhang_convolution_quant.c:162]
ST_17 : Operation 204 [1/1] (0.00ns)   --->   "%weightsbuf_3_2_add = getelementptr [9 x i10]* %weightsbuf_3_2, i64 0, i64 %tmp_28_cast" [Prova_casa/src/zhang_convolution_quant.c:162]
ST_17 : Operation 205 [1/1] (0.00ns)   --->   "%weightsbuf_4_0_add = getelementptr [9 x i10]* %weightsbuf_4_0, i64 0, i64 %tmp_28_cast" [Prova_casa/src/zhang_convolution_quant.c:162]
ST_17 : Operation 206 [1/1] (0.00ns)   --->   "%weightsbuf_4_1_add = getelementptr [9 x i10]* %weightsbuf_4_1, i64 0, i64 %tmp_28_cast" [Prova_casa/src/zhang_convolution_quant.c:162]
ST_17 : Operation 207 [1/1] (0.00ns)   --->   "%weightsbuf_4_2_add = getelementptr [9 x i10]* %weightsbuf_4_2, i64 0, i64 %tmp_28_cast" [Prova_casa/src/zhang_convolution_quant.c:162]
ST_17 : Operation 208 [1/1] (0.00ns)   --->   "%weightsbuf_5_0_add = getelementptr [9 x i10]* %weightsbuf_5_0, i64 0, i64 %tmp_28_cast" [Prova_casa/src/zhang_convolution_quant.c:162]
ST_17 : Operation 209 [1/1] (0.00ns)   --->   "%weightsbuf_5_1_add = getelementptr [9 x i10]* %weightsbuf_5_1, i64 0, i64 %tmp_28_cast" [Prova_casa/src/zhang_convolution_quant.c:162]
ST_17 : Operation 210 [1/1] (0.00ns)   --->   "%weightsbuf_5_2_add = getelementptr [9 x i10]* %weightsbuf_5_2, i64 0, i64 %tmp_28_cast" [Prova_casa/src/zhang_convolution_quant.c:162]
ST_17 : Operation 211 [1/1] (0.00ns)   --->   "%weightsbuf_6_0_add = getelementptr [9 x i10]* %weightsbuf_6_0, i64 0, i64 %tmp_28_cast" [Prova_casa/src/zhang_convolution_quant.c:162]
ST_17 : Operation 212 [1/1] (0.00ns)   --->   "%weightsbuf_6_1_add = getelementptr [9 x i10]* %weightsbuf_6_1, i64 0, i64 %tmp_28_cast" [Prova_casa/src/zhang_convolution_quant.c:162]
ST_17 : Operation 213 [1/1] (0.00ns)   --->   "%weightsbuf_6_2_add = getelementptr [9 x i10]* %weightsbuf_6_2, i64 0, i64 %tmp_28_cast" [Prova_casa/src/zhang_convolution_quant.c:162]
ST_17 : Operation 214 [1/1] (0.00ns)   --->   "%weightsbuf_7_0_add = getelementptr [9 x i10]* %weightsbuf_7_0, i64 0, i64 %tmp_28_cast" [Prova_casa/src/zhang_convolution_quant.c:162]
ST_17 : Operation 215 [1/1] (0.00ns)   --->   "%weightsbuf_7_1_add = getelementptr [9 x i10]* %weightsbuf_7_1, i64 0, i64 %tmp_28_cast" [Prova_casa/src/zhang_convolution_quant.c:162]
ST_17 : Operation 216 [1/1] (0.00ns)   --->   "%weightsbuf_7_2_add = getelementptr [9 x i10]* %weightsbuf_7_2, i64 0, i64 %tmp_28_cast" [Prova_casa/src/zhang_convolution_quant.c:162]
ST_17 : Operation 217 [1/1] (0.00ns)   --->   "%weightsbuf_8_0_add = getelementptr [9 x i10]* %weightsbuf_8_0, i64 0, i64 %tmp_28_cast" [Prova_casa/src/zhang_convolution_quant.c:162]
ST_17 : Operation 218 [1/1] (0.00ns)   --->   "%weightsbuf_8_1_add = getelementptr [9 x i10]* %weightsbuf_8_1, i64 0, i64 %tmp_28_cast" [Prova_casa/src/zhang_convolution_quant.c:162]
ST_17 : Operation 219 [1/1] (0.00ns)   --->   "%weightsbuf_8_2_add = getelementptr [9 x i10]* %weightsbuf_8_2, i64 0, i64 %tmp_28_cast" [Prova_casa/src/zhang_convolution_quant.c:162]
ST_17 : Operation 220 [1/1] (0.00ns)   --->   "%weightsbuf_9_0_add = getelementptr [9 x i10]* %weightsbuf_9_0, i64 0, i64 %tmp_28_cast" [Prova_casa/src/zhang_convolution_quant.c:162]
ST_17 : Operation 221 [1/1] (0.00ns)   --->   "%weightsbuf_9_1_add = getelementptr [9 x i10]* %weightsbuf_9_1, i64 0, i64 %tmp_28_cast" [Prova_casa/src/zhang_convolution_quant.c:162]
ST_17 : Operation 222 [1/1] (0.00ns)   --->   "%weightsbuf_9_2_add = getelementptr [9 x i10]* %weightsbuf_9_2, i64 0, i64 %tmp_28_cast" [Prova_casa/src/zhang_convolution_quant.c:162]
ST_17 : Operation 223 [1/1] (0.00ns)   --->   "%weightsbuf_10_0_ad = getelementptr [9 x i10]* %weightsbuf_10_0, i64 0, i64 %tmp_28_cast" [Prova_casa/src/zhang_convolution_quant.c:162]
ST_17 : Operation 224 [1/1] (0.00ns)   --->   "%weightsbuf_10_1_ad = getelementptr [9 x i10]* %weightsbuf_10_1, i64 0, i64 %tmp_28_cast" [Prova_casa/src/zhang_convolution_quant.c:162]
ST_17 : Operation 225 [1/1] (0.00ns)   --->   "%weightsbuf_10_2_ad = getelementptr [9 x i10]* %weightsbuf_10_2, i64 0, i64 %tmp_28_cast" [Prova_casa/src/zhang_convolution_quant.c:162]
ST_17 : Operation 226 [1/1] (0.00ns)   --->   "%weightsbuf_11_0_ad = getelementptr [9 x i10]* %weightsbuf_11_0, i64 0, i64 %tmp_28_cast" [Prova_casa/src/zhang_convolution_quant.c:162]
ST_17 : Operation 227 [1/1] (0.00ns)   --->   "%weightsbuf_11_1_ad = getelementptr [9 x i10]* %weightsbuf_11_1, i64 0, i64 %tmp_28_cast" [Prova_casa/src/zhang_convolution_quant.c:162]
ST_17 : Operation 228 [1/1] (0.00ns)   --->   "%weightsbuf_11_2_ad = getelementptr [9 x i10]* %weightsbuf_11_2, i64 0, i64 %tmp_28_cast" [Prova_casa/src/zhang_convolution_quant.c:162]
ST_17 : Operation 229 [1/1] (0.00ns)   --->   "%weightsbuf_12_0_ad = getelementptr [9 x i10]* %weightsbuf_12_0, i64 0, i64 %tmp_28_cast" [Prova_casa/src/zhang_convolution_quant.c:162]
ST_17 : Operation 230 [1/1] (0.00ns)   --->   "%weightsbuf_12_1_ad = getelementptr [9 x i10]* %weightsbuf_12_1, i64 0, i64 %tmp_28_cast" [Prova_casa/src/zhang_convolution_quant.c:162]
ST_17 : Operation 231 [1/1] (0.00ns)   --->   "%weightsbuf_12_2_ad = getelementptr [9 x i10]* %weightsbuf_12_2, i64 0, i64 %tmp_28_cast" [Prova_casa/src/zhang_convolution_quant.c:162]
ST_17 : Operation 232 [1/1] (0.00ns)   --->   "%weightsbuf_13_0_ad = getelementptr [9 x i10]* %weightsbuf_13_0, i64 0, i64 %tmp_28_cast" [Prova_casa/src/zhang_convolution_quant.c:162]
ST_17 : Operation 233 [1/1] (0.00ns)   --->   "%weightsbuf_13_1_ad = getelementptr [9 x i10]* %weightsbuf_13_1, i64 0, i64 %tmp_28_cast" [Prova_casa/src/zhang_convolution_quant.c:162]
ST_17 : Operation 234 [1/1] (0.00ns)   --->   "%weightsbuf_13_2_ad = getelementptr [9 x i10]* %weightsbuf_13_2, i64 0, i64 %tmp_28_cast" [Prova_casa/src/zhang_convolution_quant.c:162]
ST_17 : Operation 235 [1/1] (0.00ns)   --->   "%weightsbuf_14_0_ad = getelementptr [9 x i10]* %weightsbuf_14_0, i64 0, i64 %tmp_28_cast" [Prova_casa/src/zhang_convolution_quant.c:162]
ST_17 : Operation 236 [1/1] (0.00ns)   --->   "%weightsbuf_14_1_ad = getelementptr [9 x i10]* %weightsbuf_14_1, i64 0, i64 %tmp_28_cast" [Prova_casa/src/zhang_convolution_quant.c:162]
ST_17 : Operation 237 [1/1] (0.00ns)   --->   "%weightsbuf_14_2_ad = getelementptr [9 x i10]* %weightsbuf_14_2, i64 0, i64 %tmp_28_cast" [Prova_casa/src/zhang_convolution_quant.c:162]
ST_17 : Operation 238 [1/1] (0.00ns)   --->   "%weightsbuf_15_0_ad = getelementptr [9 x i10]* %weightsbuf_15_0, i64 0, i64 %tmp_28_cast" [Prova_casa/src/zhang_convolution_quant.c:162]
ST_17 : Operation 239 [1/1] (0.00ns)   --->   "%weightsbuf_15_1_ad = getelementptr [9 x i10]* %weightsbuf_15_1, i64 0, i64 %tmp_28_cast" [Prova_casa/src/zhang_convolution_quant.c:162]
ST_17 : Operation 240 [1/1] (0.00ns)   --->   "%weightsbuf_15_2_ad = getelementptr [9 x i10]* %weightsbuf_15_2, i64 0, i64 %tmp_28_cast" [Prova_casa/src/zhang_convolution_quant.c:162]
ST_17 : Operation 241 [1/1] (0.00ns)   --->   "%weightsbuf_16_0_ad = getelementptr [9 x i10]* %weightsbuf_16_0, i64 0, i64 %tmp_28_cast" [Prova_casa/src/zhang_convolution_quant.c:162]
ST_17 : Operation 242 [1/1] (0.00ns)   --->   "%weightsbuf_16_1_ad = getelementptr [9 x i10]* %weightsbuf_16_1, i64 0, i64 %tmp_28_cast" [Prova_casa/src/zhang_convolution_quant.c:162]
ST_17 : Operation 243 [1/1] (0.00ns)   --->   "%weightsbuf_16_2_ad = getelementptr [9 x i10]* %weightsbuf_16_2, i64 0, i64 %tmp_28_cast" [Prova_casa/src/zhang_convolution_quant.c:162]
ST_17 : Operation 244 [1/1] (0.00ns)   --->   "%weightsbuf_17_0_ad = getelementptr [9 x i10]* %weightsbuf_17_0, i64 0, i64 %tmp_28_cast" [Prova_casa/src/zhang_convolution_quant.c:162]
ST_17 : Operation 245 [1/1] (0.00ns)   --->   "%weightsbuf_17_1_ad = getelementptr [9 x i10]* %weightsbuf_17_1, i64 0, i64 %tmp_28_cast" [Prova_casa/src/zhang_convolution_quant.c:162]
ST_17 : Operation 246 [1/1] (0.00ns)   --->   "%weightsbuf_17_2_ad = getelementptr [9 x i10]* %weightsbuf_17_2, i64 0, i64 %tmp_28_cast" [Prova_casa/src/zhang_convolution_quant.c:162]
ST_17 : Operation 247 [1/1] (0.00ns)   --->   "%weightsbuf_18_0_ad = getelementptr [9 x i10]* %weightsbuf_18_0, i64 0, i64 %tmp_28_cast" [Prova_casa/src/zhang_convolution_quant.c:162]
ST_17 : Operation 248 [1/1] (0.00ns)   --->   "%weightsbuf_18_1_ad = getelementptr [9 x i10]* %weightsbuf_18_1, i64 0, i64 %tmp_28_cast" [Prova_casa/src/zhang_convolution_quant.c:162]
ST_17 : Operation 249 [1/1] (0.00ns)   --->   "%weightsbuf_18_2_ad = getelementptr [9 x i10]* %weightsbuf_18_2, i64 0, i64 %tmp_28_cast" [Prova_casa/src/zhang_convolution_quant.c:162]
ST_17 : Operation 250 [1/1] (0.00ns)   --->   "%weightsbuf_19_0_ad = getelementptr [9 x i10]* %weightsbuf_19_0, i64 0, i64 %tmp_28_cast" [Prova_casa/src/zhang_convolution_quant.c:162]
ST_17 : Operation 251 [1/1] (0.00ns)   --->   "%weightsbuf_19_1_ad = getelementptr [9 x i10]* %weightsbuf_19_1, i64 0, i64 %tmp_28_cast" [Prova_casa/src/zhang_convolution_quant.c:162]
ST_17 : Operation 252 [1/1] (0.00ns)   --->   "%weightsbuf_19_2_ad = getelementptr [9 x i10]* %weightsbuf_19_2, i64 0, i64 %tmp_28_cast" [Prova_casa/src/zhang_convolution_quant.c:162]
ST_17 : Operation 253 [1/1] (0.00ns)   --->   "%weightsbuf_20_0_ad = getelementptr [9 x i10]* %weightsbuf_20_0, i64 0, i64 %tmp_28_cast" [Prova_casa/src/zhang_convolution_quant.c:162]
ST_17 : Operation 254 [1/1] (0.00ns)   --->   "%weightsbuf_20_1_ad = getelementptr [9 x i10]* %weightsbuf_20_1, i64 0, i64 %tmp_28_cast" [Prova_casa/src/zhang_convolution_quant.c:162]
ST_17 : Operation 255 [1/1] (0.00ns)   --->   "%weightsbuf_20_2_ad = getelementptr [9 x i10]* %weightsbuf_20_2, i64 0, i64 %tmp_28_cast" [Prova_casa/src/zhang_convolution_quant.c:162]
ST_17 : Operation 256 [1/1] (0.00ns)   --->   "%weightsbuf_21_0_ad = getelementptr [9 x i10]* %weightsbuf_21_0, i64 0, i64 %tmp_28_cast" [Prova_casa/src/zhang_convolution_quant.c:162]
ST_17 : Operation 257 [1/1] (0.00ns)   --->   "%weightsbuf_21_1_ad = getelementptr [9 x i10]* %weightsbuf_21_1, i64 0, i64 %tmp_28_cast" [Prova_casa/src/zhang_convolution_quant.c:162]
ST_17 : Operation 258 [1/1] (0.00ns)   --->   "%weightsbuf_21_2_ad = getelementptr [9 x i10]* %weightsbuf_21_2, i64 0, i64 %tmp_28_cast" [Prova_casa/src/zhang_convolution_quant.c:162]
ST_17 : Operation 259 [1/1] (0.00ns)   --->   "%weightsbuf_22_0_ad = getelementptr [9 x i10]* %weightsbuf_22_0, i64 0, i64 %tmp_28_cast" [Prova_casa/src/zhang_convolution_quant.c:162]
ST_17 : Operation 260 [1/1] (0.00ns)   --->   "%weightsbuf_22_1_ad = getelementptr [9 x i10]* %weightsbuf_22_1, i64 0, i64 %tmp_28_cast" [Prova_casa/src/zhang_convolution_quant.c:162]
ST_17 : Operation 261 [1/1] (0.00ns)   --->   "%weightsbuf_22_2_ad = getelementptr [9 x i10]* %weightsbuf_22_2, i64 0, i64 %tmp_28_cast" [Prova_casa/src/zhang_convolution_quant.c:162]
ST_17 : Operation 262 [1/1] (0.00ns)   --->   "%weightsbuf_23_0_ad = getelementptr [9 x i10]* %weightsbuf_23_0, i64 0, i64 %tmp_28_cast" [Prova_casa/src/zhang_convolution_quant.c:162]
ST_17 : Operation 263 [1/1] (0.00ns)   --->   "%weightsbuf_23_1_ad = getelementptr [9 x i10]* %weightsbuf_23_1, i64 0, i64 %tmp_28_cast" [Prova_casa/src/zhang_convolution_quant.c:162]
ST_17 : Operation 264 [1/1] (0.00ns)   --->   "%weightsbuf_23_2_ad = getelementptr [9 x i10]* %weightsbuf_23_2, i64 0, i64 %tmp_28_cast" [Prova_casa/src/zhang_convolution_quant.c:162]
ST_17 : Operation 265 [1/1] (0.00ns)   --->   "%weightsbuf_24_0_ad = getelementptr [9 x i10]* %weightsbuf_24_0, i64 0, i64 %tmp_28_cast" [Prova_casa/src/zhang_convolution_quant.c:162]
ST_17 : Operation 266 [1/1] (0.00ns)   --->   "%weightsbuf_24_1_ad = getelementptr [9 x i10]* %weightsbuf_24_1, i64 0, i64 %tmp_28_cast" [Prova_casa/src/zhang_convolution_quant.c:162]
ST_17 : Operation 267 [1/1] (0.00ns)   --->   "%weightsbuf_24_2_ad = getelementptr [9 x i10]* %weightsbuf_24_2, i64 0, i64 %tmp_28_cast" [Prova_casa/src/zhang_convolution_quant.c:162]
ST_17 : Operation 268 [1/1] (0.00ns)   --->   "%weightsbuf_25_0_ad = getelementptr [9 x i10]* %weightsbuf_25_0, i64 0, i64 %tmp_28_cast" [Prova_casa/src/zhang_convolution_quant.c:162]
ST_17 : Operation 269 [1/1] (0.00ns)   --->   "%weightsbuf_25_1_ad = getelementptr [9 x i10]* %weightsbuf_25_1, i64 0, i64 %tmp_28_cast" [Prova_casa/src/zhang_convolution_quant.c:162]
ST_17 : Operation 270 [1/1] (0.00ns)   --->   "%weightsbuf_25_2_ad = getelementptr [9 x i10]* %weightsbuf_25_2, i64 0, i64 %tmp_28_cast" [Prova_casa/src/zhang_convolution_quant.c:162]
ST_17 : Operation 271 [1/1] (0.00ns)   --->   "%weightsbuf_26_0_ad = getelementptr [9 x i10]* %weightsbuf_26_0, i64 0, i64 %tmp_28_cast" [Prova_casa/src/zhang_convolution_quant.c:162]
ST_17 : Operation 272 [1/1] (0.00ns)   --->   "%weightsbuf_26_1_ad = getelementptr [9 x i10]* %weightsbuf_26_1, i64 0, i64 %tmp_28_cast" [Prova_casa/src/zhang_convolution_quant.c:162]
ST_17 : Operation 273 [1/1] (0.00ns)   --->   "%weightsbuf_26_2_ad = getelementptr [9 x i10]* %weightsbuf_26_2, i64 0, i64 %tmp_28_cast" [Prova_casa/src/zhang_convolution_quant.c:162]
ST_17 : Operation 274 [1/1] (0.00ns)   --->   "%weightsbuf_27_0_ad = getelementptr [9 x i10]* %weightsbuf_27_0, i64 0, i64 %tmp_28_cast" [Prova_casa/src/zhang_convolution_quant.c:162]
ST_17 : Operation 275 [1/1] (0.00ns)   --->   "%weightsbuf_27_1_ad = getelementptr [9 x i10]* %weightsbuf_27_1, i64 0, i64 %tmp_28_cast" [Prova_casa/src/zhang_convolution_quant.c:162]
ST_17 : Operation 276 [1/1] (0.00ns)   --->   "%weightsbuf_27_2_ad = getelementptr [9 x i10]* %weightsbuf_27_2, i64 0, i64 %tmp_28_cast" [Prova_casa/src/zhang_convolution_quant.c:162]
ST_17 : Operation 277 [1/1] (2.32ns)   --->   "store i10 %tmp_20, i10* %weightsbuf_26_1_ad, align 2" [Prova_casa/src/zhang_convolution_quant.c:162]   --->   Core 37 'RAM' <Latency = 1> <II = 1> <Delay = 2.32> <Storage> <Opcode : 'load' 'store'> <Ports = 2> <Width = 10> <Depth = 9> <RAM>
ST_17 : Operation 278 [1/1] (0.00ns)   --->   "br label %branch26224" [Prova_casa/src/zhang_convolution_quant.c:162]
ST_17 : Operation 279 [1/1] (2.32ns)   --->   "store i10 %tmp_20, i10* %weightsbuf_26_0_ad, align 2" [Prova_casa/src/zhang_convolution_quant.c:162]   --->   Core 37 'RAM' <Latency = 1> <II = 1> <Delay = 2.32> <Storage> <Opcode : 'load' 'store'> <Ports = 2> <Width = 10> <Depth = 9> <RAM>
ST_17 : Operation 280 [1/1] (0.00ns)   --->   "br label %branch26224" [Prova_casa/src/zhang_convolution_quant.c:162]
ST_17 : Operation 281 [1/1] (2.32ns)   --->   "store i10 %tmp_20, i10* %weightsbuf_26_2_ad, align 2" [Prova_casa/src/zhang_convolution_quant.c:162]   --->   Core 37 'RAM' <Latency = 1> <II = 1> <Delay = 2.32> <Storage> <Opcode : 'load' 'store'> <Ports = 2> <Width = 10> <Depth = 9> <RAM>
ST_17 : Operation 282 [1/1] (0.00ns)   --->   "br label %branch26224" [Prova_casa/src/zhang_convolution_quant.c:162]
ST_17 : Operation 283 [1/1] (2.32ns)   --->   "store i10 %tmp_20, i10* %weightsbuf_25_1_ad, align 2" [Prova_casa/src/zhang_convolution_quant.c:162]   --->   Core 37 'RAM' <Latency = 1> <II = 1> <Delay = 2.32> <Storage> <Opcode : 'load' 'store'> <Ports = 2> <Width = 10> <Depth = 9> <RAM>
ST_17 : Operation 284 [1/1] (0.00ns)   --->   "br label %branch25219" [Prova_casa/src/zhang_convolution_quant.c:162]
ST_17 : Operation 285 [1/1] (2.32ns)   --->   "store i10 %tmp_20, i10* %weightsbuf_25_0_ad, align 2" [Prova_casa/src/zhang_convolution_quant.c:162]   --->   Core 37 'RAM' <Latency = 1> <II = 1> <Delay = 2.32> <Storage> <Opcode : 'load' 'store'> <Ports = 2> <Width = 10> <Depth = 9> <RAM>
ST_17 : Operation 286 [1/1] (0.00ns)   --->   "br label %branch25219" [Prova_casa/src/zhang_convolution_quant.c:162]
ST_17 : Operation 287 [1/1] (2.32ns)   --->   "store i10 %tmp_20, i10* %weightsbuf_25_2_ad, align 2" [Prova_casa/src/zhang_convolution_quant.c:162]   --->   Core 37 'RAM' <Latency = 1> <II = 1> <Delay = 2.32> <Storage> <Opcode : 'load' 'store'> <Ports = 2> <Width = 10> <Depth = 9> <RAM>
ST_17 : Operation 288 [1/1] (0.00ns)   --->   "br label %branch25219" [Prova_casa/src/zhang_convolution_quant.c:162]
ST_17 : Operation 289 [1/1] (2.32ns)   --->   "store i10 %tmp_20, i10* %weightsbuf_24_1_ad, align 2" [Prova_casa/src/zhang_convolution_quant.c:162]   --->   Core 37 'RAM' <Latency = 1> <II = 1> <Delay = 2.32> <Storage> <Opcode : 'load' 'store'> <Ports = 2> <Width = 10> <Depth = 9> <RAM>
ST_17 : Operation 290 [1/1] (0.00ns)   --->   "br label %branch24214" [Prova_casa/src/zhang_convolution_quant.c:162]
ST_17 : Operation 291 [1/1] (2.32ns)   --->   "store i10 %tmp_20, i10* %weightsbuf_24_0_ad, align 2" [Prova_casa/src/zhang_convolution_quant.c:162]   --->   Core 37 'RAM' <Latency = 1> <II = 1> <Delay = 2.32> <Storage> <Opcode : 'load' 'store'> <Ports = 2> <Width = 10> <Depth = 9> <RAM>
ST_17 : Operation 292 [1/1] (0.00ns)   --->   "br label %branch24214" [Prova_casa/src/zhang_convolution_quant.c:162]
ST_17 : Operation 293 [1/1] (2.32ns)   --->   "store i10 %tmp_20, i10* %weightsbuf_24_2_ad, align 2" [Prova_casa/src/zhang_convolution_quant.c:162]   --->   Core 37 'RAM' <Latency = 1> <II = 1> <Delay = 2.32> <Storage> <Opcode : 'load' 'store'> <Ports = 2> <Width = 10> <Depth = 9> <RAM>
ST_17 : Operation 294 [1/1] (0.00ns)   --->   "br label %branch24214" [Prova_casa/src/zhang_convolution_quant.c:162]
ST_17 : Operation 295 [1/1] (2.32ns)   --->   "store i10 %tmp_20, i10* %weightsbuf_23_1_ad, align 2" [Prova_casa/src/zhang_convolution_quant.c:162]   --->   Core 37 'RAM' <Latency = 1> <II = 1> <Delay = 2.32> <Storage> <Opcode : 'load' 'store'> <Ports = 2> <Width = 10> <Depth = 9> <RAM>
ST_17 : Operation 296 [1/1] (0.00ns)   --->   "br label %branch23209" [Prova_casa/src/zhang_convolution_quant.c:162]
ST_17 : Operation 297 [1/1] (2.32ns)   --->   "store i10 %tmp_20, i10* %weightsbuf_23_0_ad, align 2" [Prova_casa/src/zhang_convolution_quant.c:162]   --->   Core 37 'RAM' <Latency = 1> <II = 1> <Delay = 2.32> <Storage> <Opcode : 'load' 'store'> <Ports = 2> <Width = 10> <Depth = 9> <RAM>
ST_17 : Operation 298 [1/1] (0.00ns)   --->   "br label %branch23209" [Prova_casa/src/zhang_convolution_quant.c:162]
ST_17 : Operation 299 [1/1] (2.32ns)   --->   "store i10 %tmp_20, i10* %weightsbuf_23_2_ad, align 2" [Prova_casa/src/zhang_convolution_quant.c:162]   --->   Core 37 'RAM' <Latency = 1> <II = 1> <Delay = 2.32> <Storage> <Opcode : 'load' 'store'> <Ports = 2> <Width = 10> <Depth = 9> <RAM>
ST_17 : Operation 300 [1/1] (0.00ns)   --->   "br label %branch23209" [Prova_casa/src/zhang_convolution_quant.c:162]
ST_17 : Operation 301 [1/1] (2.32ns)   --->   "store i10 %tmp_20, i10* %weightsbuf_22_1_ad, align 2" [Prova_casa/src/zhang_convolution_quant.c:162]   --->   Core 37 'RAM' <Latency = 1> <II = 1> <Delay = 2.32> <Storage> <Opcode : 'load' 'store'> <Ports = 2> <Width = 10> <Depth = 9> <RAM>
ST_17 : Operation 302 [1/1] (0.00ns)   --->   "br label %branch22204" [Prova_casa/src/zhang_convolution_quant.c:162]
ST_17 : Operation 303 [1/1] (2.32ns)   --->   "store i10 %tmp_20, i10* %weightsbuf_22_0_ad, align 2" [Prova_casa/src/zhang_convolution_quant.c:162]   --->   Core 37 'RAM' <Latency = 1> <II = 1> <Delay = 2.32> <Storage> <Opcode : 'load' 'store'> <Ports = 2> <Width = 10> <Depth = 9> <RAM>
ST_17 : Operation 304 [1/1] (0.00ns)   --->   "br label %branch22204" [Prova_casa/src/zhang_convolution_quant.c:162]
ST_17 : Operation 305 [1/1] (2.32ns)   --->   "store i10 %tmp_20, i10* %weightsbuf_22_2_ad, align 2" [Prova_casa/src/zhang_convolution_quant.c:162]   --->   Core 37 'RAM' <Latency = 1> <II = 1> <Delay = 2.32> <Storage> <Opcode : 'load' 'store'> <Ports = 2> <Width = 10> <Depth = 9> <RAM>
ST_17 : Operation 306 [1/1] (0.00ns)   --->   "br label %branch22204" [Prova_casa/src/zhang_convolution_quant.c:162]
ST_17 : Operation 307 [1/1] (2.32ns)   --->   "store i10 %tmp_20, i10* %weightsbuf_21_1_ad, align 2" [Prova_casa/src/zhang_convolution_quant.c:162]   --->   Core 37 'RAM' <Latency = 1> <II = 1> <Delay = 2.32> <Storage> <Opcode : 'load' 'store'> <Ports = 2> <Width = 10> <Depth = 9> <RAM>
ST_17 : Operation 308 [1/1] (0.00ns)   --->   "br label %branch21199" [Prova_casa/src/zhang_convolution_quant.c:162]
ST_17 : Operation 309 [1/1] (2.32ns)   --->   "store i10 %tmp_20, i10* %weightsbuf_21_0_ad, align 2" [Prova_casa/src/zhang_convolution_quant.c:162]   --->   Core 37 'RAM' <Latency = 1> <II = 1> <Delay = 2.32> <Storage> <Opcode : 'load' 'store'> <Ports = 2> <Width = 10> <Depth = 9> <RAM>
ST_17 : Operation 310 [1/1] (0.00ns)   --->   "br label %branch21199" [Prova_casa/src/zhang_convolution_quant.c:162]
ST_17 : Operation 311 [1/1] (2.32ns)   --->   "store i10 %tmp_20, i10* %weightsbuf_21_2_ad, align 2" [Prova_casa/src/zhang_convolution_quant.c:162]   --->   Core 37 'RAM' <Latency = 1> <II = 1> <Delay = 2.32> <Storage> <Opcode : 'load' 'store'> <Ports = 2> <Width = 10> <Depth = 9> <RAM>
ST_17 : Operation 312 [1/1] (0.00ns)   --->   "br label %branch21199" [Prova_casa/src/zhang_convolution_quant.c:162]
ST_17 : Operation 313 [1/1] (2.32ns)   --->   "store i10 %tmp_20, i10* %weightsbuf_20_1_ad, align 2" [Prova_casa/src/zhang_convolution_quant.c:162]   --->   Core 37 'RAM' <Latency = 1> <II = 1> <Delay = 2.32> <Storage> <Opcode : 'load' 'store'> <Ports = 2> <Width = 10> <Depth = 9> <RAM>
ST_17 : Operation 314 [1/1] (0.00ns)   --->   "br label %branch20194" [Prova_casa/src/zhang_convolution_quant.c:162]
ST_17 : Operation 315 [1/1] (2.32ns)   --->   "store i10 %tmp_20, i10* %weightsbuf_20_0_ad, align 2" [Prova_casa/src/zhang_convolution_quant.c:162]   --->   Core 37 'RAM' <Latency = 1> <II = 1> <Delay = 2.32> <Storage> <Opcode : 'load' 'store'> <Ports = 2> <Width = 10> <Depth = 9> <RAM>
ST_17 : Operation 316 [1/1] (0.00ns)   --->   "br label %branch20194" [Prova_casa/src/zhang_convolution_quant.c:162]
ST_17 : Operation 317 [1/1] (2.32ns)   --->   "store i10 %tmp_20, i10* %weightsbuf_20_2_ad, align 2" [Prova_casa/src/zhang_convolution_quant.c:162]   --->   Core 37 'RAM' <Latency = 1> <II = 1> <Delay = 2.32> <Storage> <Opcode : 'load' 'store'> <Ports = 2> <Width = 10> <Depth = 9> <RAM>
ST_17 : Operation 318 [1/1] (0.00ns)   --->   "br label %branch20194" [Prova_casa/src/zhang_convolution_quant.c:162]
ST_17 : Operation 319 [1/1] (2.32ns)   --->   "store i10 %tmp_20, i10* %weightsbuf_19_1_ad, align 2" [Prova_casa/src/zhang_convolution_quant.c:162]   --->   Core 37 'RAM' <Latency = 1> <II = 1> <Delay = 2.32> <Storage> <Opcode : 'load' 'store'> <Ports = 2> <Width = 10> <Depth = 9> <RAM>
ST_17 : Operation 320 [1/1] (0.00ns)   --->   "br label %branch19189" [Prova_casa/src/zhang_convolution_quant.c:162]
ST_17 : Operation 321 [1/1] (2.32ns)   --->   "store i10 %tmp_20, i10* %weightsbuf_19_0_ad, align 2" [Prova_casa/src/zhang_convolution_quant.c:162]   --->   Core 37 'RAM' <Latency = 1> <II = 1> <Delay = 2.32> <Storage> <Opcode : 'load' 'store'> <Ports = 2> <Width = 10> <Depth = 9> <RAM>
ST_17 : Operation 322 [1/1] (0.00ns)   --->   "br label %branch19189" [Prova_casa/src/zhang_convolution_quant.c:162]
ST_17 : Operation 323 [1/1] (2.32ns)   --->   "store i10 %tmp_20, i10* %weightsbuf_19_2_ad, align 2" [Prova_casa/src/zhang_convolution_quant.c:162]   --->   Core 37 'RAM' <Latency = 1> <II = 1> <Delay = 2.32> <Storage> <Opcode : 'load' 'store'> <Ports = 2> <Width = 10> <Depth = 9> <RAM>
ST_17 : Operation 324 [1/1] (0.00ns)   --->   "br label %branch19189" [Prova_casa/src/zhang_convolution_quant.c:162]
ST_17 : Operation 325 [1/1] (2.32ns)   --->   "store i10 %tmp_20, i10* %weightsbuf_18_1_ad, align 2" [Prova_casa/src/zhang_convolution_quant.c:162]   --->   Core 37 'RAM' <Latency = 1> <II = 1> <Delay = 2.32> <Storage> <Opcode : 'load' 'store'> <Ports = 2> <Width = 10> <Depth = 9> <RAM>
ST_17 : Operation 326 [1/1] (0.00ns)   --->   "br label %branch18184" [Prova_casa/src/zhang_convolution_quant.c:162]
ST_17 : Operation 327 [1/1] (2.32ns)   --->   "store i10 %tmp_20, i10* %weightsbuf_18_0_ad, align 2" [Prova_casa/src/zhang_convolution_quant.c:162]   --->   Core 37 'RAM' <Latency = 1> <II = 1> <Delay = 2.32> <Storage> <Opcode : 'load' 'store'> <Ports = 2> <Width = 10> <Depth = 9> <RAM>
ST_17 : Operation 328 [1/1] (0.00ns)   --->   "br label %branch18184" [Prova_casa/src/zhang_convolution_quant.c:162]
ST_17 : Operation 329 [1/1] (2.32ns)   --->   "store i10 %tmp_20, i10* %weightsbuf_18_2_ad, align 2" [Prova_casa/src/zhang_convolution_quant.c:162]   --->   Core 37 'RAM' <Latency = 1> <II = 1> <Delay = 2.32> <Storage> <Opcode : 'load' 'store'> <Ports = 2> <Width = 10> <Depth = 9> <RAM>
ST_17 : Operation 330 [1/1] (0.00ns)   --->   "br label %branch18184" [Prova_casa/src/zhang_convolution_quant.c:162]
ST_17 : Operation 331 [1/1] (2.32ns)   --->   "store i10 %tmp_20, i10* %weightsbuf_17_1_ad, align 2" [Prova_casa/src/zhang_convolution_quant.c:162]   --->   Core 37 'RAM' <Latency = 1> <II = 1> <Delay = 2.32> <Storage> <Opcode : 'load' 'store'> <Ports = 2> <Width = 10> <Depth = 9> <RAM>
ST_17 : Operation 332 [1/1] (0.00ns)   --->   "br label %branch17179" [Prova_casa/src/zhang_convolution_quant.c:162]
ST_17 : Operation 333 [1/1] (2.32ns)   --->   "store i10 %tmp_20, i10* %weightsbuf_17_0_ad, align 2" [Prova_casa/src/zhang_convolution_quant.c:162]   --->   Core 37 'RAM' <Latency = 1> <II = 1> <Delay = 2.32> <Storage> <Opcode : 'load' 'store'> <Ports = 2> <Width = 10> <Depth = 9> <RAM>
ST_17 : Operation 334 [1/1] (0.00ns)   --->   "br label %branch17179" [Prova_casa/src/zhang_convolution_quant.c:162]
ST_17 : Operation 335 [1/1] (2.32ns)   --->   "store i10 %tmp_20, i10* %weightsbuf_17_2_ad, align 2" [Prova_casa/src/zhang_convolution_quant.c:162]   --->   Core 37 'RAM' <Latency = 1> <II = 1> <Delay = 2.32> <Storage> <Opcode : 'load' 'store'> <Ports = 2> <Width = 10> <Depth = 9> <RAM>
ST_17 : Operation 336 [1/1] (0.00ns)   --->   "br label %branch17179" [Prova_casa/src/zhang_convolution_quant.c:162]
ST_17 : Operation 337 [1/1] (2.32ns)   --->   "store i10 %tmp_20, i10* %weightsbuf_16_1_ad, align 2" [Prova_casa/src/zhang_convolution_quant.c:162]   --->   Core 37 'RAM' <Latency = 1> <II = 1> <Delay = 2.32> <Storage> <Opcode : 'load' 'store'> <Ports = 2> <Width = 10> <Depth = 9> <RAM>
ST_17 : Operation 338 [1/1] (0.00ns)   --->   "br label %branch16174" [Prova_casa/src/zhang_convolution_quant.c:162]
ST_17 : Operation 339 [1/1] (2.32ns)   --->   "store i10 %tmp_20, i10* %weightsbuf_16_0_ad, align 2" [Prova_casa/src/zhang_convolution_quant.c:162]   --->   Core 37 'RAM' <Latency = 1> <II = 1> <Delay = 2.32> <Storage> <Opcode : 'load' 'store'> <Ports = 2> <Width = 10> <Depth = 9> <RAM>
ST_17 : Operation 340 [1/1] (0.00ns)   --->   "br label %branch16174" [Prova_casa/src/zhang_convolution_quant.c:162]
ST_17 : Operation 341 [1/1] (2.32ns)   --->   "store i10 %tmp_20, i10* %weightsbuf_16_2_ad, align 2" [Prova_casa/src/zhang_convolution_quant.c:162]   --->   Core 37 'RAM' <Latency = 1> <II = 1> <Delay = 2.32> <Storage> <Opcode : 'load' 'store'> <Ports = 2> <Width = 10> <Depth = 9> <RAM>
ST_17 : Operation 342 [1/1] (0.00ns)   --->   "br label %branch16174" [Prova_casa/src/zhang_convolution_quant.c:162]
ST_17 : Operation 343 [1/1] (2.32ns)   --->   "store i10 %tmp_20, i10* %weightsbuf_15_1_ad, align 2" [Prova_casa/src/zhang_convolution_quant.c:162]   --->   Core 37 'RAM' <Latency = 1> <II = 1> <Delay = 2.32> <Storage> <Opcode : 'load' 'store'> <Ports = 2> <Width = 10> <Depth = 9> <RAM>
ST_17 : Operation 344 [1/1] (0.00ns)   --->   "br label %branch15169" [Prova_casa/src/zhang_convolution_quant.c:162]
ST_17 : Operation 345 [1/1] (2.32ns)   --->   "store i10 %tmp_20, i10* %weightsbuf_15_0_ad, align 2" [Prova_casa/src/zhang_convolution_quant.c:162]   --->   Core 37 'RAM' <Latency = 1> <II = 1> <Delay = 2.32> <Storage> <Opcode : 'load' 'store'> <Ports = 2> <Width = 10> <Depth = 9> <RAM>
ST_17 : Operation 346 [1/1] (0.00ns)   --->   "br label %branch15169" [Prova_casa/src/zhang_convolution_quant.c:162]
ST_17 : Operation 347 [1/1] (2.32ns)   --->   "store i10 %tmp_20, i10* %weightsbuf_15_2_ad, align 2" [Prova_casa/src/zhang_convolution_quant.c:162]   --->   Core 37 'RAM' <Latency = 1> <II = 1> <Delay = 2.32> <Storage> <Opcode : 'load' 'store'> <Ports = 2> <Width = 10> <Depth = 9> <RAM>
ST_17 : Operation 348 [1/1] (0.00ns)   --->   "br label %branch15169" [Prova_casa/src/zhang_convolution_quant.c:162]
ST_17 : Operation 349 [1/1] (2.32ns)   --->   "store i10 %tmp_20, i10* %weightsbuf_14_1_ad, align 2" [Prova_casa/src/zhang_convolution_quant.c:162]   --->   Core 37 'RAM' <Latency = 1> <II = 1> <Delay = 2.32> <Storage> <Opcode : 'load' 'store'> <Ports = 2> <Width = 10> <Depth = 9> <RAM>
ST_17 : Operation 350 [1/1] (0.00ns)   --->   "br label %branch14164" [Prova_casa/src/zhang_convolution_quant.c:162]
ST_17 : Operation 351 [1/1] (2.32ns)   --->   "store i10 %tmp_20, i10* %weightsbuf_14_0_ad, align 2" [Prova_casa/src/zhang_convolution_quant.c:162]   --->   Core 37 'RAM' <Latency = 1> <II = 1> <Delay = 2.32> <Storage> <Opcode : 'load' 'store'> <Ports = 2> <Width = 10> <Depth = 9> <RAM>
ST_17 : Operation 352 [1/1] (0.00ns)   --->   "br label %branch14164" [Prova_casa/src/zhang_convolution_quant.c:162]
ST_17 : Operation 353 [1/1] (2.32ns)   --->   "store i10 %tmp_20, i10* %weightsbuf_14_2_ad, align 2" [Prova_casa/src/zhang_convolution_quant.c:162]   --->   Core 37 'RAM' <Latency = 1> <II = 1> <Delay = 2.32> <Storage> <Opcode : 'load' 'store'> <Ports = 2> <Width = 10> <Depth = 9> <RAM>
ST_17 : Operation 354 [1/1] (0.00ns)   --->   "br label %branch14164" [Prova_casa/src/zhang_convolution_quant.c:162]
ST_17 : Operation 355 [1/1] (2.32ns)   --->   "store i10 %tmp_20, i10* %weightsbuf_13_1_ad, align 2" [Prova_casa/src/zhang_convolution_quant.c:162]   --->   Core 37 'RAM' <Latency = 1> <II = 1> <Delay = 2.32> <Storage> <Opcode : 'load' 'store'> <Ports = 2> <Width = 10> <Depth = 9> <RAM>
ST_17 : Operation 356 [1/1] (0.00ns)   --->   "br label %branch13159" [Prova_casa/src/zhang_convolution_quant.c:162]
ST_17 : Operation 357 [1/1] (2.32ns)   --->   "store i10 %tmp_20, i10* %weightsbuf_13_0_ad, align 2" [Prova_casa/src/zhang_convolution_quant.c:162]   --->   Core 37 'RAM' <Latency = 1> <II = 1> <Delay = 2.32> <Storage> <Opcode : 'load' 'store'> <Ports = 2> <Width = 10> <Depth = 9> <RAM>
ST_17 : Operation 358 [1/1] (0.00ns)   --->   "br label %branch13159" [Prova_casa/src/zhang_convolution_quant.c:162]
ST_17 : Operation 359 [1/1] (2.32ns)   --->   "store i10 %tmp_20, i10* %weightsbuf_13_2_ad, align 2" [Prova_casa/src/zhang_convolution_quant.c:162]   --->   Core 37 'RAM' <Latency = 1> <II = 1> <Delay = 2.32> <Storage> <Opcode : 'load' 'store'> <Ports = 2> <Width = 10> <Depth = 9> <RAM>
ST_17 : Operation 360 [1/1] (0.00ns)   --->   "br label %branch13159" [Prova_casa/src/zhang_convolution_quant.c:162]
ST_17 : Operation 361 [1/1] (2.32ns)   --->   "store i10 %tmp_20, i10* %weightsbuf_12_1_ad, align 2" [Prova_casa/src/zhang_convolution_quant.c:162]   --->   Core 37 'RAM' <Latency = 1> <II = 1> <Delay = 2.32> <Storage> <Opcode : 'load' 'store'> <Ports = 2> <Width = 10> <Depth = 9> <RAM>
ST_17 : Operation 362 [1/1] (0.00ns)   --->   "br label %branch12154" [Prova_casa/src/zhang_convolution_quant.c:162]
ST_17 : Operation 363 [1/1] (2.32ns)   --->   "store i10 %tmp_20, i10* %weightsbuf_12_0_ad, align 2" [Prova_casa/src/zhang_convolution_quant.c:162]   --->   Core 37 'RAM' <Latency = 1> <II = 1> <Delay = 2.32> <Storage> <Opcode : 'load' 'store'> <Ports = 2> <Width = 10> <Depth = 9> <RAM>
ST_17 : Operation 364 [1/1] (0.00ns)   --->   "br label %branch12154" [Prova_casa/src/zhang_convolution_quant.c:162]
ST_17 : Operation 365 [1/1] (2.32ns)   --->   "store i10 %tmp_20, i10* %weightsbuf_12_2_ad, align 2" [Prova_casa/src/zhang_convolution_quant.c:162]   --->   Core 37 'RAM' <Latency = 1> <II = 1> <Delay = 2.32> <Storage> <Opcode : 'load' 'store'> <Ports = 2> <Width = 10> <Depth = 9> <RAM>
ST_17 : Operation 366 [1/1] (0.00ns)   --->   "br label %branch12154" [Prova_casa/src/zhang_convolution_quant.c:162]
ST_17 : Operation 367 [1/1] (2.32ns)   --->   "store i10 %tmp_20, i10* %weightsbuf_11_1_ad, align 2" [Prova_casa/src/zhang_convolution_quant.c:162]   --->   Core 37 'RAM' <Latency = 1> <II = 1> <Delay = 2.32> <Storage> <Opcode : 'load' 'store'> <Ports = 2> <Width = 10> <Depth = 9> <RAM>
ST_17 : Operation 368 [1/1] (0.00ns)   --->   "br label %branch11149" [Prova_casa/src/zhang_convolution_quant.c:162]
ST_17 : Operation 369 [1/1] (2.32ns)   --->   "store i10 %tmp_20, i10* %weightsbuf_11_0_ad, align 2" [Prova_casa/src/zhang_convolution_quant.c:162]   --->   Core 37 'RAM' <Latency = 1> <II = 1> <Delay = 2.32> <Storage> <Opcode : 'load' 'store'> <Ports = 2> <Width = 10> <Depth = 9> <RAM>
ST_17 : Operation 370 [1/1] (0.00ns)   --->   "br label %branch11149" [Prova_casa/src/zhang_convolution_quant.c:162]
ST_17 : Operation 371 [1/1] (2.32ns)   --->   "store i10 %tmp_20, i10* %weightsbuf_11_2_ad, align 2" [Prova_casa/src/zhang_convolution_quant.c:162]   --->   Core 37 'RAM' <Latency = 1> <II = 1> <Delay = 2.32> <Storage> <Opcode : 'load' 'store'> <Ports = 2> <Width = 10> <Depth = 9> <RAM>
ST_17 : Operation 372 [1/1] (0.00ns)   --->   "br label %branch11149" [Prova_casa/src/zhang_convolution_quant.c:162]
ST_17 : Operation 373 [1/1] (2.32ns)   --->   "store i10 %tmp_20, i10* %weightsbuf_10_1_ad, align 2" [Prova_casa/src/zhang_convolution_quant.c:162]   --->   Core 37 'RAM' <Latency = 1> <II = 1> <Delay = 2.32> <Storage> <Opcode : 'load' 'store'> <Ports = 2> <Width = 10> <Depth = 9> <RAM>
ST_17 : Operation 374 [1/1] (0.00ns)   --->   "br label %branch10144" [Prova_casa/src/zhang_convolution_quant.c:162]
ST_17 : Operation 375 [1/1] (2.32ns)   --->   "store i10 %tmp_20, i10* %weightsbuf_10_0_ad, align 2" [Prova_casa/src/zhang_convolution_quant.c:162]   --->   Core 37 'RAM' <Latency = 1> <II = 1> <Delay = 2.32> <Storage> <Opcode : 'load' 'store'> <Ports = 2> <Width = 10> <Depth = 9> <RAM>
ST_17 : Operation 376 [1/1] (0.00ns)   --->   "br label %branch10144" [Prova_casa/src/zhang_convolution_quant.c:162]
ST_17 : Operation 377 [1/1] (2.32ns)   --->   "store i10 %tmp_20, i10* %weightsbuf_10_2_ad, align 2" [Prova_casa/src/zhang_convolution_quant.c:162]   --->   Core 37 'RAM' <Latency = 1> <II = 1> <Delay = 2.32> <Storage> <Opcode : 'load' 'store'> <Ports = 2> <Width = 10> <Depth = 9> <RAM>
ST_17 : Operation 378 [1/1] (0.00ns)   --->   "br label %branch10144" [Prova_casa/src/zhang_convolution_quant.c:162]
ST_17 : Operation 379 [1/1] (2.32ns)   --->   "store i10 %tmp_20, i10* %weightsbuf_9_1_add, align 2" [Prova_casa/src/zhang_convolution_quant.c:162]   --->   Core 37 'RAM' <Latency = 1> <II = 1> <Delay = 2.32> <Storage> <Opcode : 'load' 'store'> <Ports = 2> <Width = 10> <Depth = 9> <RAM>
ST_17 : Operation 380 [1/1] (0.00ns)   --->   "br label %branch9138" [Prova_casa/src/zhang_convolution_quant.c:162]
ST_17 : Operation 381 [1/1] (2.32ns)   --->   "store i10 %tmp_20, i10* %weightsbuf_9_0_add, align 2" [Prova_casa/src/zhang_convolution_quant.c:162]   --->   Core 37 'RAM' <Latency = 1> <II = 1> <Delay = 2.32> <Storage> <Opcode : 'load' 'store'> <Ports = 2> <Width = 10> <Depth = 9> <RAM>
ST_17 : Operation 382 [1/1] (0.00ns)   --->   "br label %branch9138" [Prova_casa/src/zhang_convolution_quant.c:162]
ST_17 : Operation 383 [1/1] (2.32ns)   --->   "store i10 %tmp_20, i10* %weightsbuf_9_2_add, align 2" [Prova_casa/src/zhang_convolution_quant.c:162]   --->   Core 37 'RAM' <Latency = 1> <II = 1> <Delay = 2.32> <Storage> <Opcode : 'load' 'store'> <Ports = 2> <Width = 10> <Depth = 9> <RAM>
ST_17 : Operation 384 [1/1] (0.00ns)   --->   "br label %branch9138" [Prova_casa/src/zhang_convolution_quant.c:162]
ST_17 : Operation 385 [1/1] (2.32ns)   --->   "store i10 %tmp_20, i10* %weightsbuf_8_1_add, align 2" [Prova_casa/src/zhang_convolution_quant.c:162]   --->   Core 37 'RAM' <Latency = 1> <II = 1> <Delay = 2.32> <Storage> <Opcode : 'load' 'store'> <Ports = 2> <Width = 10> <Depth = 9> <RAM>
ST_17 : Operation 386 [1/1] (0.00ns)   --->   "br label %branch8130" [Prova_casa/src/zhang_convolution_quant.c:162]
ST_17 : Operation 387 [1/1] (2.32ns)   --->   "store i10 %tmp_20, i10* %weightsbuf_8_0_add, align 2" [Prova_casa/src/zhang_convolution_quant.c:162]   --->   Core 37 'RAM' <Latency = 1> <II = 1> <Delay = 2.32> <Storage> <Opcode : 'load' 'store'> <Ports = 2> <Width = 10> <Depth = 9> <RAM>
ST_17 : Operation 388 [1/1] (0.00ns)   --->   "br label %branch8130" [Prova_casa/src/zhang_convolution_quant.c:162]
ST_17 : Operation 389 [1/1] (2.32ns)   --->   "store i10 %tmp_20, i10* %weightsbuf_8_2_add, align 2" [Prova_casa/src/zhang_convolution_quant.c:162]   --->   Core 37 'RAM' <Latency = 1> <II = 1> <Delay = 2.32> <Storage> <Opcode : 'load' 'store'> <Ports = 2> <Width = 10> <Depth = 9> <RAM>
ST_17 : Operation 390 [1/1] (0.00ns)   --->   "br label %branch8130" [Prova_casa/src/zhang_convolution_quant.c:162]
ST_17 : Operation 391 [1/1] (2.32ns)   --->   "store i10 %tmp_20, i10* %weightsbuf_7_1_add, align 2" [Prova_casa/src/zhang_convolution_quant.c:162]   --->   Core 37 'RAM' <Latency = 1> <II = 1> <Delay = 2.32> <Storage> <Opcode : 'load' 'store'> <Ports = 2> <Width = 10> <Depth = 9> <RAM>
ST_17 : Operation 392 [1/1] (0.00ns)   --->   "br label %branch7122" [Prova_casa/src/zhang_convolution_quant.c:162]
ST_17 : Operation 393 [1/1] (2.32ns)   --->   "store i10 %tmp_20, i10* %weightsbuf_7_0_add, align 2" [Prova_casa/src/zhang_convolution_quant.c:162]   --->   Core 37 'RAM' <Latency = 1> <II = 1> <Delay = 2.32> <Storage> <Opcode : 'load' 'store'> <Ports = 2> <Width = 10> <Depth = 9> <RAM>
ST_17 : Operation 394 [1/1] (0.00ns)   --->   "br label %branch7122" [Prova_casa/src/zhang_convolution_quant.c:162]
ST_17 : Operation 395 [1/1] (2.32ns)   --->   "store i10 %tmp_20, i10* %weightsbuf_7_2_add, align 2" [Prova_casa/src/zhang_convolution_quant.c:162]   --->   Core 37 'RAM' <Latency = 1> <II = 1> <Delay = 2.32> <Storage> <Opcode : 'load' 'store'> <Ports = 2> <Width = 10> <Depth = 9> <RAM>
ST_17 : Operation 396 [1/1] (0.00ns)   --->   "br label %branch7122" [Prova_casa/src/zhang_convolution_quant.c:162]
ST_17 : Operation 397 [1/1] (2.32ns)   --->   "store i10 %tmp_20, i10* %weightsbuf_6_1_add, align 2" [Prova_casa/src/zhang_convolution_quant.c:162]   --->   Core 37 'RAM' <Latency = 1> <II = 1> <Delay = 2.32> <Storage> <Opcode : 'load' 'store'> <Ports = 2> <Width = 10> <Depth = 9> <RAM>
ST_17 : Operation 398 [1/1] (0.00ns)   --->   "br label %branch6114" [Prova_casa/src/zhang_convolution_quant.c:162]
ST_17 : Operation 399 [1/1] (2.32ns)   --->   "store i10 %tmp_20, i10* %weightsbuf_6_0_add, align 2" [Prova_casa/src/zhang_convolution_quant.c:162]   --->   Core 37 'RAM' <Latency = 1> <II = 1> <Delay = 2.32> <Storage> <Opcode : 'load' 'store'> <Ports = 2> <Width = 10> <Depth = 9> <RAM>
ST_17 : Operation 400 [1/1] (0.00ns)   --->   "br label %branch6114" [Prova_casa/src/zhang_convolution_quant.c:162]
ST_17 : Operation 401 [1/1] (2.32ns)   --->   "store i10 %tmp_20, i10* %weightsbuf_6_2_add, align 2" [Prova_casa/src/zhang_convolution_quant.c:162]   --->   Core 37 'RAM' <Latency = 1> <II = 1> <Delay = 2.32> <Storage> <Opcode : 'load' 'store'> <Ports = 2> <Width = 10> <Depth = 9> <RAM>
ST_17 : Operation 402 [1/1] (0.00ns)   --->   "br label %branch6114" [Prova_casa/src/zhang_convolution_quant.c:162]
ST_17 : Operation 403 [1/1] (2.32ns)   --->   "store i10 %tmp_20, i10* %weightsbuf_5_1_add, align 2" [Prova_casa/src/zhang_convolution_quant.c:162]   --->   Core 37 'RAM' <Latency = 1> <II = 1> <Delay = 2.32> <Storage> <Opcode : 'load' 'store'> <Ports = 2> <Width = 10> <Depth = 9> <RAM>
ST_17 : Operation 404 [1/1] (0.00ns)   --->   "br label %branch5106" [Prova_casa/src/zhang_convolution_quant.c:162]
ST_17 : Operation 405 [1/1] (2.32ns)   --->   "store i10 %tmp_20, i10* %weightsbuf_5_0_add, align 2" [Prova_casa/src/zhang_convolution_quant.c:162]   --->   Core 37 'RAM' <Latency = 1> <II = 1> <Delay = 2.32> <Storage> <Opcode : 'load' 'store'> <Ports = 2> <Width = 10> <Depth = 9> <RAM>
ST_17 : Operation 406 [1/1] (0.00ns)   --->   "br label %branch5106" [Prova_casa/src/zhang_convolution_quant.c:162]
ST_17 : Operation 407 [1/1] (2.32ns)   --->   "store i10 %tmp_20, i10* %weightsbuf_5_2_add, align 2" [Prova_casa/src/zhang_convolution_quant.c:162]   --->   Core 37 'RAM' <Latency = 1> <II = 1> <Delay = 2.32> <Storage> <Opcode : 'load' 'store'> <Ports = 2> <Width = 10> <Depth = 9> <RAM>
ST_17 : Operation 408 [1/1] (0.00ns)   --->   "br label %branch5106" [Prova_casa/src/zhang_convolution_quant.c:162]
ST_17 : Operation 409 [1/1] (2.32ns)   --->   "store i10 %tmp_20, i10* %weightsbuf_4_1_add, align 2" [Prova_casa/src/zhang_convolution_quant.c:162]   --->   Core 37 'RAM' <Latency = 1> <II = 1> <Delay = 2.32> <Storage> <Opcode : 'load' 'store'> <Ports = 2> <Width = 10> <Depth = 9> <RAM>
ST_17 : Operation 410 [1/1] (0.00ns)   --->   "br label %branch498" [Prova_casa/src/zhang_convolution_quant.c:162]
ST_17 : Operation 411 [1/1] (2.32ns)   --->   "store i10 %tmp_20, i10* %weightsbuf_4_0_add, align 2" [Prova_casa/src/zhang_convolution_quant.c:162]   --->   Core 37 'RAM' <Latency = 1> <II = 1> <Delay = 2.32> <Storage> <Opcode : 'load' 'store'> <Ports = 2> <Width = 10> <Depth = 9> <RAM>
ST_17 : Operation 412 [1/1] (0.00ns)   --->   "br label %branch498" [Prova_casa/src/zhang_convolution_quant.c:162]
ST_17 : Operation 413 [1/1] (2.32ns)   --->   "store i10 %tmp_20, i10* %weightsbuf_4_2_add, align 2" [Prova_casa/src/zhang_convolution_quant.c:162]   --->   Core 37 'RAM' <Latency = 1> <II = 1> <Delay = 2.32> <Storage> <Opcode : 'load' 'store'> <Ports = 2> <Width = 10> <Depth = 9> <RAM>
ST_17 : Operation 414 [1/1] (0.00ns)   --->   "br label %branch498" [Prova_casa/src/zhang_convolution_quant.c:162]
ST_17 : Operation 415 [1/1] (2.32ns)   --->   "store i10 %tmp_20, i10* %weightsbuf_3_1_add, align 2" [Prova_casa/src/zhang_convolution_quant.c:162]   --->   Core 37 'RAM' <Latency = 1> <II = 1> <Delay = 2.32> <Storage> <Opcode : 'load' 'store'> <Ports = 2> <Width = 10> <Depth = 9> <RAM>
ST_17 : Operation 416 [1/1] (0.00ns)   --->   "br label %branch390" [Prova_casa/src/zhang_convolution_quant.c:162]
ST_17 : Operation 417 [1/1] (2.32ns)   --->   "store i10 %tmp_20, i10* %weightsbuf_3_0_add, align 2" [Prova_casa/src/zhang_convolution_quant.c:162]   --->   Core 37 'RAM' <Latency = 1> <II = 1> <Delay = 2.32> <Storage> <Opcode : 'load' 'store'> <Ports = 2> <Width = 10> <Depth = 9> <RAM>
ST_17 : Operation 418 [1/1] (0.00ns)   --->   "br label %branch390" [Prova_casa/src/zhang_convolution_quant.c:162]
ST_17 : Operation 419 [1/1] (2.32ns)   --->   "store i10 %tmp_20, i10* %weightsbuf_3_2_add, align 2" [Prova_casa/src/zhang_convolution_quant.c:162]   --->   Core 37 'RAM' <Latency = 1> <II = 1> <Delay = 2.32> <Storage> <Opcode : 'load' 'store'> <Ports = 2> <Width = 10> <Depth = 9> <RAM>
ST_17 : Operation 420 [1/1] (0.00ns)   --->   "br label %branch390" [Prova_casa/src/zhang_convolution_quant.c:162]
ST_17 : Operation 421 [1/1] (2.32ns)   --->   "store i10 %tmp_20, i10* %weightsbuf_2_1_add, align 2" [Prova_casa/src/zhang_convolution_quant.c:162]   --->   Core 37 'RAM' <Latency = 1> <II = 1> <Delay = 2.32> <Storage> <Opcode : 'load' 'store'> <Ports = 2> <Width = 10> <Depth = 9> <RAM>
ST_17 : Operation 422 [1/1] (0.00ns)   --->   "br label %branch282" [Prova_casa/src/zhang_convolution_quant.c:162]
ST_17 : Operation 423 [1/1] (2.32ns)   --->   "store i10 %tmp_20, i10* %weightsbuf_2_0_add, align 2" [Prova_casa/src/zhang_convolution_quant.c:162]   --->   Core 37 'RAM' <Latency = 1> <II = 1> <Delay = 2.32> <Storage> <Opcode : 'load' 'store'> <Ports = 2> <Width = 10> <Depth = 9> <RAM>
ST_17 : Operation 424 [1/1] (0.00ns)   --->   "br label %branch282" [Prova_casa/src/zhang_convolution_quant.c:162]
ST_17 : Operation 425 [1/1] (2.32ns)   --->   "store i10 %tmp_20, i10* %weightsbuf_2_2_add, align 2" [Prova_casa/src/zhang_convolution_quant.c:162]   --->   Core 37 'RAM' <Latency = 1> <II = 1> <Delay = 2.32> <Storage> <Opcode : 'load' 'store'> <Ports = 2> <Width = 10> <Depth = 9> <RAM>
ST_17 : Operation 426 [1/1] (0.00ns)   --->   "br label %branch282" [Prova_casa/src/zhang_convolution_quant.c:162]
ST_17 : Operation 427 [1/1] (2.32ns)   --->   "store i10 %tmp_20, i10* %weightsbuf_1_1_add, align 2" [Prova_casa/src/zhang_convolution_quant.c:162]   --->   Core 37 'RAM' <Latency = 1> <II = 1> <Delay = 2.32> <Storage> <Opcode : 'load' 'store'> <Ports = 2> <Width = 10> <Depth = 9> <RAM>
ST_17 : Operation 428 [1/1] (0.00ns)   --->   "br label %branch174" [Prova_casa/src/zhang_convolution_quant.c:162]
ST_17 : Operation 429 [1/1] (2.32ns)   --->   "store i10 %tmp_20, i10* %weightsbuf_1_0_add, align 2" [Prova_casa/src/zhang_convolution_quant.c:162]   --->   Core 37 'RAM' <Latency = 1> <II = 1> <Delay = 2.32> <Storage> <Opcode : 'load' 'store'> <Ports = 2> <Width = 10> <Depth = 9> <RAM>
ST_17 : Operation 430 [1/1] (0.00ns)   --->   "br label %branch174" [Prova_casa/src/zhang_convolution_quant.c:162]
ST_17 : Operation 431 [1/1] (2.32ns)   --->   "store i10 %tmp_20, i10* %weightsbuf_1_2_add, align 2" [Prova_casa/src/zhang_convolution_quant.c:162]   --->   Core 37 'RAM' <Latency = 1> <II = 1> <Delay = 2.32> <Storage> <Opcode : 'load' 'store'> <Ports = 2> <Width = 10> <Depth = 9> <RAM>
ST_17 : Operation 432 [1/1] (0.00ns)   --->   "br label %branch174" [Prova_casa/src/zhang_convolution_quant.c:162]
ST_17 : Operation 433 [1/1] (2.32ns)   --->   "store i10 %tmp_20, i10* %weightsbuf_0_1_add, align 2" [Prova_casa/src/zhang_convolution_quant.c:162]   --->   Core 37 'RAM' <Latency = 1> <II = 1> <Delay = 2.32> <Storage> <Opcode : 'load' 'store'> <Ports = 2> <Width = 10> <Depth = 9> <RAM>
ST_17 : Operation 434 [1/1] (0.00ns)   --->   "br label %branch067" [Prova_casa/src/zhang_convolution_quant.c:162]
ST_17 : Operation 435 [1/1] (2.32ns)   --->   "store i10 %tmp_20, i10* %weightsbuf_0_0_add, align 2" [Prova_casa/src/zhang_convolution_quant.c:162]   --->   Core 37 'RAM' <Latency = 1> <II = 1> <Delay = 2.32> <Storage> <Opcode : 'load' 'store'> <Ports = 2> <Width = 10> <Depth = 9> <RAM>
ST_17 : Operation 436 [1/1] (0.00ns)   --->   "br label %branch067" [Prova_casa/src/zhang_convolution_quant.c:162]
ST_17 : Operation 437 [1/1] (2.32ns)   --->   "store i10 %tmp_20, i10* %weightsbuf_0_2_add, align 2" [Prova_casa/src/zhang_convolution_quant.c:162]   --->   Core 37 'RAM' <Latency = 1> <II = 1> <Delay = 2.32> <Storage> <Opcode : 'load' 'store'> <Ports = 2> <Width = 10> <Depth = 9> <RAM>
ST_17 : Operation 438 [1/1] (0.00ns)   --->   "br label %branch067" [Prova_casa/src/zhang_convolution_quant.c:162]
ST_17 : Operation 439 [1/1] (2.32ns)   --->   "store i10 %tmp_20, i10* %weightsbuf_27_1_ad, align 2" [Prova_casa/src/zhang_convolution_quant.c:162]   --->   Core 37 'RAM' <Latency = 1> <II = 1> <Delay = 2.32> <Storage> <Opcode : 'load' 'store'> <Ports = 2> <Width = 10> <Depth = 9> <RAM>
ST_17 : Operation 440 [1/1] (0.00ns)   --->   "br label %branch27229" [Prova_casa/src/zhang_convolution_quant.c:162]
ST_17 : Operation 441 [1/1] (2.32ns)   --->   "store i10 %tmp_20, i10* %weightsbuf_27_0_ad, align 2" [Prova_casa/src/zhang_convolution_quant.c:162]   --->   Core 37 'RAM' <Latency = 1> <II = 1> <Delay = 2.32> <Storage> <Opcode : 'load' 'store'> <Ports = 2> <Width = 10> <Depth = 9> <RAM>
ST_17 : Operation 442 [1/1] (0.00ns)   --->   "br label %branch27229" [Prova_casa/src/zhang_convolution_quant.c:162]
ST_17 : Operation 443 [1/1] (2.32ns)   --->   "store i10 %tmp_20, i10* %weightsbuf_27_2_ad, align 2" [Prova_casa/src/zhang_convolution_quant.c:162]   --->   Core 37 'RAM' <Latency = 1> <II = 1> <Delay = 2.32> <Storage> <Opcode : 'load' 'store'> <Ports = 2> <Width = 10> <Depth = 9> <RAM>
ST_17 : Operation 444 [1/1] (0.00ns)   --->   "br label %branch27229" [Prova_casa/src/zhang_convolution_quant.c:162]

 <State 18> : 0.00ns
ST_18 : Operation 445 [1/1] (0.00ns)   --->   "ret void" [Prova_casa/src/zhang_convolution_quant.c:164]


============================================================
+ Verbose Summary: Timing violations
============================================================
Target clock period: 10ns, clock uncertainty: 1.25ns.

 <State 1>: 2.47ns
The critical path consists of the following:
	wire read on port 'curr_layer_out_ch' [100]  (0 ns)
	'icmp' operation ('tmp_3', Prova_casa/src/zhang_convolution_quant.c:133) [108]  (2.47 ns)

 <State 2>: 8.51ns
The critical path consists of the following:
	wire read on port 'curr_layer_ker_h' [98]  (0 ns)
	'mul' operation ('tmp', Prova_casa/src/zhang_convolution_quant.c:128) [103]  (8.51 ns)

 <State 3>: 8.51ns
The critical path consists of the following:
	wire read on port 'curr_layer_ker_w' [99]  (0 ns)
	'mul' operation ('kernel_stack_size', Prova_casa/src/zhang_convolution_quant.c:128) [104]  (8.51 ns)

 <State 4>: 8.51ns
The critical path consists of the following:
	'mul' operation ('tmp_s', Prova_casa/src/zhang_convolution_quant.c:130) [106]  (8.51 ns)

 <State 5>: 8.7ns
The critical path consists of the following:
	'phi' operation ('i', Prova_casa/src/zhang_convolution_quant.c:148) with incoming values : ('i_3', Prova_casa/src/zhang_convolution_quant.c:148) [131]  (0 ns)
	'add' operation ('i', Prova_casa/src/zhang_convolution_quant.c:150) [145]  (2.55 ns)
	'icmp' operation ('tmp_14', Prova_casa/src/zhang_convolution_quant.c:152) [148]  (2.47 ns)
	'and' operation ('tmp8', Prova_casa/src/zhang_convolution_quant.c:152) [160]  (0 ns)
	'and' operation ('sel_tmp9', Prova_casa/src/zhang_convolution_quant.c:152) [161]  (0.931 ns)
	'select' operation ('ii', Prova_casa/src/zhang_convolution_quant.c:152) [171]  (0 ns)
	'select' operation ('ii', Prova_casa/src/zhang_convolution_quant.c:148) [172]  (1.37 ns)
	'select' operation ('ii', Prova_casa/src/zhang_convolution_quant.c:148) [173]  (1.37 ns)

 <State 6>: 8.51ns
The critical path consists of the following:
	'mul' operation ('tmp_13', Prova_casa/src/zhang_convolution_quant.c:150) [146]  (8.51 ns)

 <State 7>: 6.92ns
The critical path consists of the following:
	'select' operation ('index_ii', Prova_casa/src/zhang_convolution_quant.c:152) [165]  (0 ns)
	'select' operation ('index_ii', Prova_casa/src/zhang_convolution_quant.c:148) [166]  (1.37 ns)
	'select' operation ('index_ii', Prova_casa/src/zhang_convolution_quant.c:148) [167]  (1.37 ns)
	'add' operation ('tmp4', Prova_casa/src/zhang_convolution_quant.c:162) [182]  (2.08 ns)
	'add' operation ('tmp5', Prova_casa/src/zhang_convolution_quant.c:162) [184]  (2.11 ns)

 <State 8>: 6.92ns
The critical path consists of the following:
	'add' operation ('tmp3', Prova_casa/src/zhang_convolution_quant.c:162) [181]  (0 ns)
	'add' operation ('tmp_18', Prova_casa/src/zhang_convolution_quant.c:162) [186]  (4.37 ns)
	'add' operation ('sum', Prova_casa/src/zhang_convolution_quant.c:162) [188]  (2.55 ns)

 <State 9>: 8.75ns
The critical path consists of the following:
	bus request on port 'weights' (Prova_casa/src/zhang_convolution_quant.c:162) [191]  (8.75 ns)

 <State 10>: 8.75ns
The critical path consists of the following:
	bus request on port 'weights' (Prova_casa/src/zhang_convolution_quant.c:162) [191]  (8.75 ns)

 <State 11>: 8.75ns
The critical path consists of the following:
	bus request on port 'weights' (Prova_casa/src/zhang_convolution_quant.c:162) [191]  (8.75 ns)

 <State 12>: 8.75ns
The critical path consists of the following:
	bus request on port 'weights' (Prova_casa/src/zhang_convolution_quant.c:162) [191]  (8.75 ns)

 <State 13>: 8.75ns
The critical path consists of the following:
	bus request on port 'weights' (Prova_casa/src/zhang_convolution_quant.c:162) [191]  (8.75 ns)

 <State 14>: 8.75ns
The critical path consists of the following:
	bus request on port 'weights' (Prova_casa/src/zhang_convolution_quant.c:162) [191]  (8.75 ns)

 <State 15>: 8.75ns
The critical path consists of the following:
	bus request on port 'weights' (Prova_casa/src/zhang_convolution_quant.c:162) [191]  (8.75 ns)

 <State 16>: 8.75ns
The critical path consists of the following:
	bus read on port 'weights' (Prova_casa/src/zhang_convolution_quant.c:162) [192]  (8.75 ns)

 <State 17>: 4.28ns
The critical path consists of the following:
	'add' operation ('tmp_20', Prova_casa/src/zhang_convolution_quant.c:162) [194]  (1.96 ns)
	'store' operation (Prova_casa/src/zhang_convolution_quant.c:162) of variable 'tmp_20', Prova_casa/src/zhang_convolution_quant.c:162 on array 'weightsbuf_26_1' [292]  (2.32 ns)

 <State 18>: 0ns
The critical path consists of the following:


============================================================
+ Verbose Summary: Binding
============================================================
N/A
* FSMD analyzer results:
  - Output states:
 - Input state : 
  - Chain level:
	State 1
	State 2
	State 3
	State 4
	State 5
	State 6
	State 7
	State 8
	State 9
	State 10
	State 11
	State 12
	State 13
	State 14
	State 15
	State 16
	State 17
	State 18


============================================================
+ Verbose Summary: Datapath Resource usage 
============================================================
N/A
