#-----------------------------------------------------------
# Webtalk v2017.3 (64-bit)
# SW Build 2018833 on Wed Oct  4 19:58:07 MDT 2017
# 
# Start of session at: Fri Nov  3 16:48:14 2017
# Process ID: 23505
# Current directory: /home/studio/VIVADO_2017/tiled_convolution/tiled_convolution.sdk/webtalk
# Command line: wbtcv -mode batch -source sdk_webtalk.tcl
# Log file: /home/studio/VIVADO_2017/tiled_convolution/tiled_convolution.sdk/webtalk/webtalk.log
# Journal file: /home/studio/VIVADO_2017/tiled_convolution/tiled_convolution.sdk/webtalk/webtalk.jou
#-----------------------------------------------------------
source sdk_webtalk.tcl
# webtalk_init -webtalk_dir /home/studio/VIVADO_2017/tiled_convolution/tiled_convolution.sdk/webtalk
# webtalk_register_client -client project
# webtalk_add_data -client project -key date_generated -value "2017-11-03 16:48:12" -context "software_version_and_target_device"
# webtalk_add_data -client project -key product_version -value "SDK v2017.3" -context "software_version_and_target_device"
# webtalk_add_data -client project -key build_version -value "2017.3" -context "software_version_and_target_device"
# webtalk_add_data -client project -key os_platform -value "amd64" -context "software_version_and_target_device"
# webtalk_add_data -client project -key registration_id -value "209520317_0_0_020" -context "software_version_and_target_device"
# webtalk_add_data -client project -key tool_flow -value "SDK" -context "software_version_and_target_device"
# webtalk_add_data -client project -key beta -value "false" -context "software_version_and_target_device"
# webtalk_add_data -client project -key route_design -value "NA" -context "software_version_and_target_device"
# webtalk_add_data -client project -key target_family -value "NA" -context "software_version_and_target_device"
# webtalk_add_data -client project -key target_device -value "NA" -context "software_version_and_target_device"
# webtalk_add_data -client project -key target_package -value "NA" -context "software_version_and_target_device"
# webtalk_add_data -client project -key target_speed -value "NA" -context "software_version_and_target_device"
# webtalk_add_data -client project -key random_id -value "ksl0nhpkvlgiksqpov8i7u8q2b" -context "software_version_and_target_device"
# webtalk_add_data -client project -key project_id -value "2017.3_6" -context "software_version_and_target_device"
# webtalk_add_data -client project -key project_iteration -value "6" -context "software_version_and_target_device"
# webtalk_add_data -client project -key os_name -value "LinuxMint" -context "user_environment"
# webtalk_add_data -client project -key os_release -value "Linux Mint 18.2 Sonya" -context "user_environment"
# webtalk_add_data -client project -key cpu_name -value "Intel(R) Core(TM) i3-2328M CPU @ 2.20GHz" -context "user_environment"
# webtalk_add_data -client project -key cpu_speed -value "2199.865 MHz" -context "user_environment"
# webtalk_add_data -client project -key total_processors -value "1" -context "user_environment"
# webtalk_add_data -client project -key system_ram -value "6,135 GB" -context "user_environment"
# webtalk_register_client -client sdk
# webtalk_add_data -client sdk -key uid -value "1509722573000" -context "sdk\\\\application/1509722573000"
# webtalk_add_data -client sdk -key hwid -value "1509713867000" -context "sdk\\\\application/1509722573000"
# webtalk_add_data -client sdk -key bspid -value "1509713961000" -context "sdk\\\\application/1509722573000"
# webtalk_add_data -client sdk -key newbsp -value "false" -context "sdk\\\\application/1509722573000"
# webtalk_add_data -client sdk -key os -value "standalone" -context "sdk\\\\application/1509722573000"
# webtalk_add_data -client sdk -key apptemplate -value "empty_application" -context "sdk\\\\application/1509722573000"
# webtalk_add_data -client sdk -key RecordType -value "APPCreation" -context "sdk\\\\application/1509722573000"
# webtalk_add_data -client sdk -key LangUsed -value "CPP" -context "sdk\\\\application/1509722573000"
# webtalk_add_data -client sdk -key Procused -value "ps7_cortexa9" -context "sdk\\\\application/1509722573000"
# webtalk_add_data -client sdk -key projSize -value "657.52734375" -context "sdk\\\\application/1509722573000"
# webtalk_add_data -client sdk -key uid -value "NA" -context "sdk\\\\bsp/1509724092726"
# webtalk_add_data -client sdk -key RecordType -value "ToolUsage" -context "sdk\\\\bsp/1509724092726"
# webtalk_add_data -client sdk -key BootgenCount -value "0" -context "sdk\\\\bsp/1509724092726"
# webtalk_add_data -client sdk -key DebugCount -value "7" -context "sdk\\\\bsp/1509724092726"
# webtalk_add_data -client sdk -key PerfCount -value "0" -context "sdk\\\\bsp/1509724092726"
# webtalk_add_data -client sdk -key FlashCount -value "0" -context "sdk\\\\bsp/1509724092726"
# webtalk_add_data -client sdk -key CrossTriggCount -value "0" -context "sdk\\\\bsp/1509724092726"
# webtalk_add_data -client sdk -key QemuDebugCount -value "0" -context "sdk\\\\bsp/1509724092726"
# webtalk_transmit -clientid 2273145440 -regid "209520317_0_0_020" -xml /home/studio/VIVADO_2017/tiled_convolution/tiled_convolution.sdk/webtalk/usage_statistics_ext_sdk.xml -html /home/studio/VIVADO_2017/tiled_convolution/tiled_convolution.sdk/webtalk/usage_statistics_ext_sdk.html -wdm /home/studio/VIVADO_2017/tiled_convolution/tiled_convolution.sdk/webtalk/sdk_webtalk.wdm -intro "<H3>SDK Usage Report</H3><BR>"
INFO: [Common 17-186] '/home/studio/VIVADO_2017/tiled_convolution/tiled_convolution.sdk/webtalk/usage_statistics_ext_sdk.xml' has been successfully sent to Xilinx on Fri Nov  3 16:48:17 2017. For additional details about this file, please refer to the WebTalk help file at /media/dati/dante/Xilinx/SDK/2017.3/doc/webtalk_introduction.html.
# webtalk_terminate
INFO: [Common 17-206] Exiting Webtalk at Fri Nov  3 16:48:17 2017...
