#-----------------------------------------------------------
# Webtalk v2017.3 (64-bit)
# SW Build 2018833 on Wed Oct  4 19:58:07 MDT 2017
# 
# Start of session at: Fri Nov  3 15:51:00 2017
# Process ID: 15978
# Current directory: /home/studio/VIVADO_2017/tiled_convolution/tiled_convolution.sdk/webtalk
# Command line: wbtcv -mode batch -source sdk_webtalk.tcl
# Log file: /home/studio/VIVADO_2017/tiled_convolution/tiled_convolution.sdk/webtalk/webtalk.log
# Journal file: /home/studio/VIVADO_2017/tiled_convolution/tiled_convolution.sdk/webtalk/webtalk.jou
#-----------------------------------------------------------
source sdk_webtalk.tcl
# webtalk_init -webtalk_dir /home/studio/VIVADO_2017/tiled_convolution/tiled_convolution.sdk/webtalk
# webtalk_register_client -client project
# webtalk_add_data -client project -key date_generated -value "2017-11-03 15:50:55" -context "software_version_and_target_device"
# webtalk_add_data -client project -key product_version -value "SDK v2017.3" -context "software_version_and_target_device"
# webtalk_add_data -client project -key build_version -value "2017.3" -context "software_version_and_target_device"
# webtalk_add_data -client project -key os_platform -value "amd64" -context "software_version_and_target_device"
# webtalk_add_data -client project -key registration_id -value "209520317_0_0_020" -context "software_version_and_target_device"
# webtalk_add_data -client project -key tool_flow -value "SDK" -context "software_version_and_target_device"
# webtalk_add_data -client project -key beta -value "false" -context "software_version_and_target_device"
# webtalk_add_data -client project -key route_design -value "NA" -context "software_version_and_target_device"
# webtalk_add_data -client project -key target_family -value "NA" -context "software_version_and_target_device"
# webtalk_add_data -client project -key target_device -value "NA" -context "software_version_and_target_device"
# webtalk_add_data -client project -key target_package -value "NA" -context "software_version_and_target_device"
# webtalk_add_data -client project -key target_speed -value "NA" -context "software_version_and_target_device"
# webtalk_add_data -client project -key random_id -value "emiu0eaha6grt5pkm46lmoqme7" -context "software_version_and_target_device"
# webtalk_add_data -client project -key project_id -value "2017.3_5" -context "software_version_and_target_device"
# webtalk_add_data -client project -key project_iteration -value "5" -context "software_version_and_target_device"
# webtalk_add_data -client project -key os_name -value "LinuxMint" -context "user_environment"
# webtalk_add_data -client project -key os_release -value "Linux Mint 18.2 Sonya" -context "user_environment"
# webtalk_add_data -client project -key cpu_name -value "Intel(R) Core(TM) i3-2328M CPU @ 2.20GHz" -context "user_environment"
# webtalk_add_data -client project -key cpu_speed -value "866.088 MHz" -context "user_environment"
# webtalk_add_data -client project -key total_processors -value "1" -context "user_environment"
# webtalk_add_data -client project -key system_ram -value "6,135 GB" -context "user_environment"
# webtalk_register_client -client sdk
# webtalk_add_data -client sdk -key uid -value "1509713867000" -context "sdk\\\\hardware/1509713867000"
# webtalk_add_data -client sdk -key isZynq -value "true" -context "sdk\\\\hardware/1509713867000"
# webtalk_add_data -client sdk -key isZynqMP -value "false" -context "sdk\\\\hardware/1509713867000"
# webtalk_add_data -client sdk -key Processors -value "2" -context "sdk\\\\hardware/1509713867000"
# webtalk_add_data -client sdk -key VivadoVersion -value "2017.3" -context "sdk\\\\hardware/1509713867000"
# webtalk_add_data -client sdk -key Arch -value "zynq" -context "sdk\\\\hardware/1509713867000"
# webtalk_add_data -client sdk -key Device -value "7z020" -context "sdk\\\\hardware/1509713867000"
# webtalk_add_data -client sdk -key IsHandoff -value "true" -context "sdk\\\\hardware/1509713867000"
# webtalk_add_data -client sdk -key os -value "NA" -context "sdk\\\\hardware/1509713867000"
# webtalk_add_data -client sdk -key apptemplate -value "NA" -context "sdk\\\\hardware/1509713867000"
# webtalk_add_data -client sdk -key RecordType -value "HWCreation" -context "sdk\\\\hardware/1509713867000"
# webtalk_add_data -client sdk -key uid -value "1509713961000" -context "sdk\\\\bsp/1509713961000"
# webtalk_add_data -client sdk -key hwid -value "1509713867000" -context "sdk\\\\bsp/1509713961000"
# webtalk_add_data -client sdk -key os -value "standalone" -context "sdk\\\\bsp/1509713961000"
# webtalk_add_data -client sdk -key apptemplate -value "hello_world" -context "sdk\\\\bsp/1509713961000"
# webtalk_add_data -client sdk -key RecordType -value "BSPCreation" -context "sdk\\\\bsp/1509713961000"
# webtalk_add_data -client sdk -key uid -value "1509713963000" -context "sdk\\\\application/1509713963000"
# webtalk_add_data -client sdk -key hwid -value "1509713867000" -context "sdk\\\\application/1509713963000"
# webtalk_add_data -client sdk -key bspid -value "1509713961000" -context "sdk\\\\application/1509713963000"
# webtalk_add_data -client sdk -key newbsp -value "true" -context "sdk\\\\application/1509713963000"
# webtalk_add_data -client sdk -key os -value "standalone" -context "sdk\\\\application/1509713963000"
# webtalk_add_data -client sdk -key apptemplate -value "hello_world" -context "sdk\\\\application/1509713963000"
# webtalk_add_data -client sdk -key RecordType -value "APPCreation" -context "sdk\\\\application/1509713963000"
# webtalk_add_data -client sdk -key LangUsed -value "C" -context "sdk\\\\application/1509713963000"
# webtalk_add_data -client sdk -key Procused -value "ps7_cortexa9" -context "sdk\\\\application/1509713963000"
# webtalk_add_data -client sdk -key projSize -value "607.35546875" -context "sdk\\\\application/1509713963000"
# webtalk_add_data -client sdk -key uid -value "NA" -context "sdk\\\\bsp/1509720655072"
# webtalk_add_data -client sdk -key RecordType -value "ToolUsage" -context "sdk\\\\bsp/1509720655072"
# webtalk_add_data -client sdk -key BootgenCount -value "0" -context "sdk\\\\bsp/1509720655072"
# webtalk_add_data -client sdk -key DebugCount -value "17" -context "sdk\\\\bsp/1509720655072"
# webtalk_add_data -client sdk -key PerfCount -value "0" -context "sdk\\\\bsp/1509720655072"
# webtalk_add_data -client sdk -key FlashCount -value "0" -context "sdk\\\\bsp/1509720655072"
# webtalk_add_data -client sdk -key CrossTriggCount -value "0" -context "sdk\\\\bsp/1509720655072"
# webtalk_add_data -client sdk -key QemuDebugCount -value "0" -context "sdk\\\\bsp/1509720655072"
# webtalk_transmit -clientid 466751831 -regid "209520317_0_0_020" -xml /home/studio/VIVADO_2017/tiled_convolution/tiled_convolution.sdk/webtalk/usage_statistics_ext_sdk.xml -html /home/studio/VIVADO_2017/tiled_convolution/tiled_convolution.sdk/webtalk/usage_statistics_ext_sdk.html -wdm /home/studio/VIVADO_2017/tiled_convolution/tiled_convolution.sdk/webtalk/sdk_webtalk.wdm -intro "<H3>SDK Usage Report</H3><BR>"
INFO: [Common 17-186] '/home/studio/VIVADO_2017/tiled_convolution/tiled_convolution.sdk/webtalk/usage_statistics_ext_sdk.xml' has been successfully sent to Xilinx on Fri Nov  3 15:51:04 2017. For additional details about this file, please refer to the WebTalk help file at /media/dati/dante/Xilinx/SDK/2017.3/doc/webtalk_introduction.html.
# webtalk_terminate
INFO: [Common 17-206] Exiting Webtalk at Fri Nov  3 15:51:04 2017...
