@I [SIM-47] Using XSIM for RTL simulation.
@I [SIM-14] Instrumenting C test bench ...
@W [SIM-369] AXI_master port 'image' has a depth of '102400'. Insufficient depth may result in simulation mismatch or freeze.
@W [SIM-369] AXI_master port 'weights' has a depth of '102400'. Insufficient depth may result in simulation mismatch or freeze.
@W [SIM-369] AXI_master port 'out' has a depth of '102400'. Insufficient depth may result in simulation mismatch or freeze.
   Build using ""
   Compiling apatb_zhang_cnn.cpp
   Compiling (apcc) module.c_pre.c.tb.c
INFO: [HLS 200-10] Running '/media/dati/dante/Xilinx/Vivado/2017.3/bin/unwrapped/lnx64.o/apcc'
INFO: [HLS 200-10] For user 'studio' on host 'dante-X55C' (Linux_x86_64 version 4.8.0-53-generic) on Tue Nov 28 11:23:33 CET 2017
INFO: [HLS 200-10] On os Linux Mint 18.2 Sonya
INFO: [HLS 200-10] In directory '/home/studio/Prova_casa/solution1/sim/wrapc'
clang: warning: argument unused during compilation: '-fno-builtin-isinf'
clang: warning: argument unused during compilation: '-fno-builtin-isnan'
INFO: [APCC 202-3] Tmp directory is /tmp/apcc_db_studio/170601511864613314500
INFO: [APCC 202-1] APCC is done.
   Compiling (apcc) tensor.c_pre.c.tb.c
INFO: [HLS 200-10] Running '/media/dati/dante/Xilinx/Vivado/2017.3/bin/unwrapped/lnx64.o/apcc'
INFO: [HLS 200-10] For user 'studio' on host 'dante-X55C' (Linux_x86_64 version 4.8.0-53-generic) on Tue Nov 28 11:23:39 CET 2017
INFO: [HLS 200-10] On os Linux Mint 18.2 Sonya
INFO: [HLS 200-10] In directory '/home/studio/Prova_casa/solution1/sim/wrapc'
clang: warning: argument unused during compilation: '-fno-builtin-isinf'
clang: warning: argument unused during compilation: '-fno-builtin-isnan'
INFO: [APCC 202-3] Tmp directory is /tmp/apcc_db_studio/171191511864619988884
INFO: [APCC 202-1] APCC is done.
   Compiling (apcc) convolutional_module.c_pre.c.tb.c
INFO: [HLS 200-10] Running '/media/dati/dante/Xilinx/Vivado/2017.3/bin/unwrapped/lnx64.o/apcc'
INFO: [HLS 200-10] For user 'studio' on host 'dante-X55C' (Linux_x86_64 version 4.8.0-53-generic) on Tue Nov 28 11:23:46 CET 2017
INFO: [HLS 200-10] On os Linux Mint 18.2 Sonya
INFO: [HLS 200-10] In directory '/home/studio/Prova_casa/solution1/sim/wrapc'
clang: warning: argument unused during compilation: '-fno-builtin-isinf'
clang: warning: argument unused during compilation: '-fno-builtin-isnan'
INFO: [APCC 202-3] Tmp directory is /tmp/apcc_db_studio/171771511864626584042
INFO: [APCC 202-1] APCC is done.
   Compiling (apcc) container_module.c_pre.c.tb.c
INFO: [HLS 200-10] Running '/media/dati/dante/Xilinx/Vivado/2017.3/bin/unwrapped/lnx64.o/apcc'
INFO: [HLS 200-10] For user 'studio' on host 'dante-X55C' (Linux_x86_64 version 4.8.0-53-generic) on Tue Nov 28 11:23:53 CET 2017
INFO: [HLS 200-10] On os Linux Mint 18.2 Sonya
INFO: [HLS 200-10] In directory '/home/studio/Prova_casa/solution1/sim/wrapc'
clang: warning: argument unused during compilation: '-fno-builtin-isinf'
clang: warning: argument unused during compilation: '-fno-builtin-isnan'
INFO: [APCC 202-3] Tmp directory is /tmp/apcc_db_studio/172361511864633519381
INFO: [APCC 202-1] APCC is done.
   Compiling (apcc) activation_functions.c_pre.c.tb.c
INFO: [HLS 200-10] Running '/media/dati/dante/Xilinx/Vivado/2017.3/bin/unwrapped/lnx64.o/apcc'
INFO: [HLS 200-10] For user 'studio' on host 'dante-X55C' (Linux_x86_64 version 4.8.0-53-generic) on Tue Nov 28 11:23:59 CET 2017
INFO: [HLS 200-10] On os Linux Mint 18.2 Sonya
INFO: [HLS 200-10] In directory '/home/studio/Prova_casa/solution1/sim/wrapc'
clang: warning: argument unused during compilation: '-fno-builtin-isinf'
clang: warning: argument unused during compilation: '-fno-builtin-isnan'
INFO: [APCC 202-3] Tmp directory is /tmp/apcc_db_studio/172941511864640083177
INFO: [APCC 202-1] APCC is done.
   Compiling (apcc) pool_module.c_pre.c.tb.c
INFO: [HLS 200-10] Running '/media/dati/dante/Xilinx/Vivado/2017.3/bin/unwrapped/lnx64.o/apcc'
INFO: [HLS 200-10] For user 'studio' on host 'dante-X55C' (Linux_x86_64 version 4.8.0-53-generic) on Tue Nov 28 11:24:06 CET 2017
INFO: [HLS 200-10] On os Linux Mint 18.2 Sonya
INFO: [HLS 200-10] In directory '/home/studio/Prova_casa/solution1/sim/wrapc'
clang: warning: argument unused during compilation: '-fno-builtin-isinf'
clang: warning: argument unused during compilation: '-fno-builtin-isnan'
INFO: [APCC 202-3] Tmp directory is /tmp/apcc_db_studio/173561511864646285247
INFO: [APCC 202-1] APCC is done.
   Compiling (apcc) net_parser.c_pre.c.tb.c
INFO: [HLS 200-10] Running '/media/dati/dante/Xilinx/Vivado/2017.3/bin/unwrapped/lnx64.o/apcc'
INFO: [HLS 200-10] For user 'studio' on host 'dante-X55C' (Linux_x86_64 version 4.8.0-53-generic) on Tue Nov 28 11:24:12 CET 2017
INFO: [HLS 200-10] On os Linux Mint 18.2 Sonya
INFO: [HLS 200-10] In directory '/home/studio/Prova_casa/solution1/sim/wrapc'
clang: warning: argument unused during compilation: '-fno-builtin-isinf'
clang: warning: argument unused during compilation: '-fno-builtin-isnan'
INFO: [APCC 202-3] Tmp directory is /tmp/apcc_db_studio/174141511864652524162
INFO: [APCC 202-1] APCC is done.
   Compiling (apcc) activation_module.c_pre.c.tb.c
INFO: [HLS 200-10] Running '/media/dati/dante/Xilinx/Vivado/2017.3/bin/unwrapped/lnx64.o/apcc'
INFO: [HLS 200-10] For user 'studio' on host 'dante-X55C' (Linux_x86_64 version 4.8.0-53-generic) on Tue Nov 28 11:24:19 CET 2017
INFO: [HLS 200-10] On os Linux Mint 18.2 Sonya
INFO: [HLS 200-10] In directory '/home/studio/Prova_casa/solution1/sim/wrapc'
clang: warning: argument unused during compilation: '-fno-builtin-isinf'
clang: warning: argument unused during compilation: '-fno-builtin-isnan'
INFO: [APCC 202-3] Tmp directory is /tmp/apcc_db_studio/174771511864659503318
INFO: [APCC 202-1] APCC is done.
   Compiling (apcc) convolution.c_pre.c.tb.c
INFO: [HLS 200-10] Running '/media/dati/dante/Xilinx/Vivado/2017.3/bin/unwrapped/lnx64.o/apcc'
INFO: [HLS 200-10] For user 'studio' on host 'dante-X55C' (Linux_x86_64 version 4.8.0-53-generic) on Tue Nov 28 11:24:25 CET 2017
INFO: [HLS 200-10] On os Linux Mint 18.2 Sonya
INFO: [HLS 200-10] In directory '/home/studio/Prova_casa/solution1/sim/wrapc'
clang: warning: argument unused during compilation: '-fno-builtin-isinf'
clang: warning: argument unused during compilation: '-fno-builtin-isnan'
INFO: [APCC 202-3] Tmp directory is /tmp/apcc_db_studio/175651511864665682449
INFO: [APCC 202-1] APCC is done.
   Compiling (apcc) 20c-net.c_pre.c.tb.c
INFO: [HLS 200-10] Running '/media/dati/dante/Xilinx/Vivado/2017.3/bin/unwrapped/lnx64.o/apcc'
INFO: [HLS 200-10] For user 'studio' on host 'dante-X55C' (Linux_x86_64 version 4.8.0-53-generic) on Tue Nov 28 11:24:31 CET 2017
INFO: [HLS 200-10] On os Linux Mint 18.2 Sonya
INFO: [HLS 200-10] In directory '/home/studio/Prova_casa/solution1/sim/wrapc'
clang: warning: argument unused during compilation: '-fno-builtin-isinf'
clang: warning: argument unused during compilation: '-fno-builtin-isnan'
INFO: [APCC 202-3] Tmp directory is /tmp/apcc_db_studio/176621511864672044694
INFO: [APCC 202-1] APCC is done.
   Compiling (apcc) zhang_convolution_quant.c_pre.c.tb.c
INFO: [HLS 200-10] Running '/media/dati/dante/Xilinx/Vivado/2017.3/bin/unwrapped/lnx64.o/apcc'
INFO: [HLS 200-10] For user 'studio' on host 'dante-X55C' (Linux_x86_64 version 4.8.0-53-generic) on Tue Nov 28 11:24:38 CET 2017
INFO: [HLS 200-10] On os Linux Mint 18.2 Sonya
INFO: [HLS 200-10] In directory '/home/studio/Prova_casa/solution1/sim/wrapc'
clang: warning: argument unused during compilation: '-fno-builtin-isinf'
clang: warning: argument unused during compilation: '-fno-builtin-isnan'
INFO: [APCC 202-3] Tmp directory is /tmp/apcc_db_studio/177451511864678309370
INFO: [APCC 202-1] APCC is done.
   Generating cosim.tv.exe
Makefile.rules:374: set di istruzioni per l'obiettivo "cosim.tv.exe" non riuscito
@E [SIM-317] C++ compile error.
@E [SIM-321] EXE file generate failed.
@E [SIM-321] EXE file generate failed.
@E [SIM-331] Aborting co-simulation: C simulation failed, compilation errors.
@E [SIM-4] *** C/RTL co-simulation finished: FAIL ***
