Copyright 1986-2017 Xilinx, Inc. All Rights Reserved.
----------------------------------------------------------------------------------------------------------------------------------------------------------------------
| Tool Version     : Vivado v.2017.3 (lin64) Build 2018833 Wed Oct  4 19:58:07 MDT 2017
| Date             : Wed Nov 22 12:33:32 2017
| Host             : dante-X55C running 64-bit Linux Mint 18.2 Sonya
| Command          : report_power -file design_1_wrapper_power_routed.rpt -pb design_1_wrapper_power_summary_routed.pb -rpx design_1_wrapper_power_routed.rpx
| Design           : design_1_wrapper
| Device           : xc7z020clg484-1
| Design State     : routed
| Grade            : commercial
| Process          : typical
| Characterization : Production
----------------------------------------------------------------------------------------------------------------------------------------------------------------------

Power Report

Table of Contents
-----------------
1. Summary
1.1 On-Chip Components
1.2 Power Supply Summary
1.3 Confidence Level
2. Settings
2.1 Environment
2.2 Clock Constraints
3. Detailed Reports
3.1 By Hierarchy

1. Summary
----------

+--------------------------+--------------+
| Total On-Chip Power (W)  | 1.937        |
| Design Power Budget (W)  | Unspecified* |
| Power Budget Margin (W)  | NA           |
| Dynamic (W)              | 1.781        |
| Device Static (W)        | 0.157        |
| Effective TJA (C/W)      | 11.5         |
| Max Ambient (C)          | 62.7         |
| Junction Temperature (C) | 47.3         |
| Confidence Level         | Medium       |
| Setting File             | ---          |
| Simulation Activity File | ---          |
| Design Nets Matched      | NA           |
+--------------------------+--------------+
* Specify Design Power Budget using, set_operating_conditions -design_power_budget <value in Watts>


1.1 On-Chip Components
----------------------

+--------------------------+-----------+----------+-----------+-----------------+
| On-Chip                  | Power (W) | Used     | Available | Utilization (%) |
+--------------------------+-----------+----------+-----------+-----------------+
| Clocks                   |     0.038 |        3 |       --- |             --- |
| Slice Logic              |     0.025 |    27477 |       --- |             --- |
|   LUT as Logic           |     0.020 |    10817 |     53200 |           20.33 |
|   CARRY4                 |     0.003 |     1351 |     13300 |           10.16 |
|   Register               |    <0.001 |    11128 |    106400 |           10.46 |
|   LUT as Distributed RAM |    <0.001 |      682 |     17400 |            3.92 |
|   LUT as Shift Register  |    <0.001 |      198 |     17400 |            1.14 |
|   F7/F8 Muxes            |    <0.001 |      150 |     53200 |            0.28 |
|   Others                 |     0.000 |      167 |       --- |             --- |
| Signals                  |     0.070 |    28824 |       --- |             --- |
| Block RAM                |     0.014 |     75.5 |       140 |           53.93 |
| DSPs                     |     0.100 |      182 |       220 |           82.73 |
| PS7                      |     1.533 |        1 |       --- |             --- |
| Static Power             |     0.157 |          |           |                 |
| Total                    |     1.937 |          |           |                 |
+--------------------------+-----------+----------+-----------+-----------------+


1.2 Power Supply Summary
------------------------

+-----------+-------------+-----------+-------------+------------+
| Source    | Voltage (V) | Total (A) | Dynamic (A) | Static (A) |
+-----------+-------------+-----------+-------------+------------+
| Vccint    |       1.000 |     0.266 |       0.246 |      0.020 |
| Vccaux    |       1.800 |     0.016 |       0.000 |      0.016 |
| Vcco33    |       3.300 |     0.000 |       0.000 |      0.000 |
| Vcco25    |       2.500 |     0.000 |       0.000 |      0.000 |
| Vcco18    |       1.800 |     0.000 |       0.000 |      0.000 |
| Vcco15    |       1.500 |     0.000 |       0.000 |      0.000 |
| Vcco135   |       1.350 |     0.000 |       0.000 |      0.000 |
| Vcco12    |       1.200 |     0.000 |       0.000 |      0.000 |
| Vccaux_io |       1.800 |     0.000 |       0.000 |      0.000 |
| Vccbram   |       1.000 |     0.007 |       0.001 |      0.006 |
| MGTAVcc   |       1.000 |     0.000 |       0.000 |      0.000 |
| MGTAVtt   |       1.200 |     0.000 |       0.000 |      0.000 |
| MGTVccaux |       1.800 |     0.000 |       0.000 |      0.000 |
| Vccpint   |       1.000 |     0.755 |       0.722 |      0.033 |
| Vccpaux   |       1.800 |     0.061 |       0.051 |      0.010 |
| Vccpll    |       1.800 |     0.017 |       0.014 |      0.003 |
| Vcco_ddr  |       1.500 |     0.459 |       0.457 |      0.002 |
| Vcco_mio0 |       3.300 |     0.003 |       0.002 |      0.001 |
| Vcco_mio1 |       1.800 |     0.003 |       0.002 |      0.001 |
| Vccadc    |       1.800 |     0.020 |       0.000 |      0.020 |
+-----------+-------------+-----------+-------------+------------+


1.3 Confidence Level
--------------------

+-----------------------------+------------+------------------------------------------------+------------------------------------------------------------------------------------------------------------+
| User Input Data             | Confidence | Details                                        | Action                                                                                                     |
+-----------------------------+------------+------------------------------------------------+------------------------------------------------------------------------------------------------------------+
| Design implementation state | High       | Design is routed                               |                                                                                                            |
| Clock nodes activity        | High       | User specified more than 95% of clocks         |                                                                                                            |
| I/O nodes activity          | High       | User specified more than 95% of inputs         |                                                                                                            |
| Internal nodes activity     | Medium     | User specified less than 25% of internal nodes | Provide missing internal nodes activity with simulation results or by editing the "By Resource Type" views |
| Device models               | High       | Device models are Production                   |                                                                                                            |
|                             |            |                                                |                                                                                                            |
| Overall confidence level    | Medium     |                                                |                                                                                                            |
+-----------------------------+------------+------------------------------------------------+------------------------------------------------------------------------------------------------------------+


2. Settings
-----------

2.1 Environment
---------------

+-----------------------+------------------------+
| Ambient Temp (C)      | 25.0                   |
| ThetaJA (C/W)         | 11.5                   |
| Airflow (LFM)         | 250                    |
| Heat Sink             | none                   |
| ThetaSA (C/W)         | 0.0                    |
| Board Selection       | medium (10"x10")       |
| # of Board Layers     | 8to11 (8 to 11 Layers) |
| Board Temperature (C) | 25.0                   |
+-----------------------+------------------------+


2.2 Clock Constraints
---------------------

+------------+-------------------------------------------------------------+-----------------+
| Clock      | Domain                                                      | Constraint (ns) |
+------------+-------------------------------------------------------------+-----------------+
| clk_fpga_0 | design_1_i/processing_system7_0/inst/FCLK_CLK_unbuffered[0] |            10.0 |
+------------+-------------------------------------------------------------+-----------------+


3. Detailed Reports
-------------------

3.1 By Hierarchy
----------------

+-----------------------------------------------------------------------------------------------------------------------------------------------------------------------------------------------------------+-----------+
| Name                                                                                                                                                                                                      | Power (W) |
+-----------------------------------------------------------------------------------------------------------------------------------------------------------------------------------------------------------+-----------+
| design_1_wrapper                                                                                                                                                                                          |     1.780 |
|   design_1_i                                                                                                                                                                                              |     1.780 |
|     axi_mem_intercon                                                                                                                                                                                      |     0.004 |
|       s00_couplers/auto_pc                                                                                                                                                                                |     0.001 |
|         inst/gen_axi4_axi3.axi3_conv_inst/USE_READ.USE_SPLIT_R.read_addr_inst/USE_R_CHANNEL.cmd_queue/inst/fifo_gen_inst                                                                                  |    <0.001 |
|           inst_fifo_gen/gconvfifo.rf/grf.rf/gntv_or_sync_fifo.mem/gdm.dm_gen.dm/RAM_reg_0_31_0_0                                                                                                          |    <0.001 |
|           inst_fifo_gen/gconvfifo.rf/grf.rf/rstblk/ngwrdrst.grst.g7serrst.gnsckt_wrst.rst_wr_reg2_inst                                                                                                    |    <0.001 |
|         inst/gen_axi4_axi3.axi3_conv_inst/USE_WRITE.write_addr_inst/USE_BURSTS.cmd_queue/inst/fifo_gen_inst                                                                                               |    <0.001 |
|           inst_fifo_gen/gconvfifo.rf/grf.rf/gntv_or_sync_fifo.mem/gdm.dm_gen.dm/RAM_reg_0_31_0_4                                                                                                          |    <0.001 |
|           inst_fifo_gen/gconvfifo.rf/grf.rf/rstblk/ngwrdrst.grst.g7serrst.gnsckt_wrst.rst_wr_reg2_inst                                                                                                    |    <0.001 |
|         inst/gen_axi4_axi3.axi3_conv_inst/USE_WRITE.write_addr_inst/USE_B_CHANNEL.cmd_b_queue/inst/fifo_gen_inst                                                                                          |    <0.001 |
|           inst_fifo_gen/gconvfifo.rf/grf.rf/gntv_or_sync_fifo.mem/gdm.dm_gen.dm/RAM_reg_0_31_0_4                                                                                                          |    <0.001 |
|           inst_fifo_gen/gconvfifo.rf/grf.rf/rstblk/ngwrdrst.grst.g7serrst.gnsckt_wrst.rst_wr_reg2_inst                                                                                                    |    <0.001 |
|       s00_couplers/auto_us                                                                                                                                                                                |     0.002 |
|         inst                                                                                                                                                                                              |     0.002 |
|     processing_system7_0                                                                                                                                                                                  |     1.535 |
|       inst                                                                                                                                                                                                |     1.535 |
|     processing_system7_0_axi_periph                                                                                                                                                                       |     0.006 |
|       s00_couplers/auto_pc                                                                                                                                                                                |     0.006 |
|     rst_processing_system7_0_100M                                                                                                                                                                         |    <0.001 |
|       U0                                                                                                                                                                                                  |    <0.001 |
|     zhang_cnn_0                                                                                                                                                                                           |     0.236 |
|       inst/grp_dataflow_out_channel_1_fu_558/dataflow_out_channel_U0/grp_dataflow_in_channels_fu_614/weightsbuf_0_0_U/dataflow_in_channibs_memcore_U/dataflow_in_channibs_memcore_ram_U/ram_reg_0_31_0_5  |    <0.001 |
|       inst/grp_dataflow_out_channel_1_fu_558/dataflow_out_channel_U0/grp_dataflow_in_channels_fu_614/weightsbuf_0_0_U/dataflow_in_channibs_memcore_U/dataflow_in_channibs_memcore_ram_U/ram_reg_0_31_6_9  |    <0.001 |
|       inst/grp_dataflow_out_channel_1_fu_558/dataflow_out_channel_U0/grp_dataflow_in_channels_fu_614/weightsbuf_0_1_U/dataflow_in_channibs_memcore_U/dataflow_in_channibs_memcore_ram_U/ram_reg_0_31_0_5  |    <0.001 |
|       inst/grp_dataflow_out_channel_1_fu_558/dataflow_out_channel_U0/grp_dataflow_in_channels_fu_614/weightsbuf_0_1_U/dataflow_in_channibs_memcore_U/dataflow_in_channibs_memcore_ram_U/ram_reg_0_31_6_9  |    <0.001 |
|       inst/grp_dataflow_out_channel_1_fu_558/dataflow_out_channel_U0/grp_dataflow_in_channels_fu_614/weightsbuf_0_2_U/dataflow_in_channibs_memcore_U/dataflow_in_channibs_memcore_ram_U/ram_reg_0_31_0_5  |    <0.001 |
|       inst/grp_dataflow_out_channel_1_fu_558/dataflow_out_channel_U0/grp_dataflow_in_channels_fu_614/weightsbuf_0_2_U/dataflow_in_channibs_memcore_U/dataflow_in_channibs_memcore_ram_U/ram_reg_0_31_6_9  |    <0.001 |
|       inst/grp_dataflow_out_channel_1_fu_558/dataflow_out_channel_U0/grp_dataflow_in_channels_fu_614/weightsbuf_10_0_U/dataflow_in_channibs_memcore_U/dataflow_in_channibs_memcore_ram_U/ram_reg_0_31_0_5 |    <0.001 |
|       inst/grp_dataflow_out_channel_1_fu_558/dataflow_out_channel_U0/grp_dataflow_in_channels_fu_614/weightsbuf_10_0_U/dataflow_in_channibs_memcore_U/dataflow_in_channibs_memcore_ram_U/ram_reg_0_31_6_9 |    <0.001 |
|       inst/grp_dataflow_out_channel_1_fu_558/dataflow_out_channel_U0/grp_dataflow_in_channels_fu_614/weightsbuf_10_1_U/dataflow_in_channibs_memcore_U/dataflow_in_channibs_memcore_ram_U/ram_reg_0_31_0_5 |    <0.001 |
|       inst/grp_dataflow_out_channel_1_fu_558/dataflow_out_channel_U0/grp_dataflow_in_channels_fu_614/weightsbuf_10_1_U/dataflow_in_channibs_memcore_U/dataflow_in_channibs_memcore_ram_U/ram_reg_0_31_6_9 |    <0.001 |
|       inst/grp_dataflow_out_channel_1_fu_558/dataflow_out_channel_U0/grp_dataflow_in_channels_fu_614/weightsbuf_10_2_U/dataflow_in_channibs_memcore_U/dataflow_in_channibs_memcore_ram_U/ram_reg_0_31_0_5 |    <0.001 |
|       inst/grp_dataflow_out_channel_1_fu_558/dataflow_out_channel_U0/grp_dataflow_in_channels_fu_614/weightsbuf_10_2_U/dataflow_in_channibs_memcore_U/dataflow_in_channibs_memcore_ram_U/ram_reg_0_31_6_9 |    <0.001 |
|       inst/grp_dataflow_out_channel_1_fu_558/dataflow_out_channel_U0/grp_dataflow_in_channels_fu_614/weightsbuf_11_0_U/dataflow_in_channibs_memcore_U/dataflow_in_channibs_memcore_ram_U/ram_reg_0_31_0_5 |    <0.001 |
|       inst/grp_dataflow_out_channel_1_fu_558/dataflow_out_channel_U0/grp_dataflow_in_channels_fu_614/weightsbuf_11_0_U/dataflow_in_channibs_memcore_U/dataflow_in_channibs_memcore_ram_U/ram_reg_0_31_6_9 |    <0.001 |
|       inst/grp_dataflow_out_channel_1_fu_558/dataflow_out_channel_U0/grp_dataflow_in_channels_fu_614/weightsbuf_11_1_U/dataflow_in_channibs_memcore_U/dataflow_in_channibs_memcore_ram_U/ram_reg_0_31_0_5 |    <0.001 |
|       inst/grp_dataflow_out_channel_1_fu_558/dataflow_out_channel_U0/grp_dataflow_in_channels_fu_614/weightsbuf_11_1_U/dataflow_in_channibs_memcore_U/dataflow_in_channibs_memcore_ram_U/ram_reg_0_31_6_9 |    <0.001 |
|       inst/grp_dataflow_out_channel_1_fu_558/dataflow_out_channel_U0/grp_dataflow_in_channels_fu_614/weightsbuf_11_2_U/dataflow_in_channibs_memcore_U/dataflow_in_channibs_memcore_ram_U/ram_reg_0_31_0_5 |    <0.001 |
|       inst/grp_dataflow_out_channel_1_fu_558/dataflow_out_channel_U0/grp_dataflow_in_channels_fu_614/weightsbuf_11_2_U/dataflow_in_channibs_memcore_U/dataflow_in_channibs_memcore_ram_U/ram_reg_0_31_6_9 |    <0.001 |
|       inst/grp_dataflow_out_channel_1_fu_558/dataflow_out_channel_U0/grp_dataflow_in_channels_fu_614/weightsbuf_12_0_U/dataflow_in_channibs_memcore_U/dataflow_in_channibs_memcore_ram_U/ram_reg_0_31_0_5 |    <0.001 |
|       inst/grp_dataflow_out_channel_1_fu_558/dataflow_out_channel_U0/grp_dataflow_in_channels_fu_614/weightsbuf_12_0_U/dataflow_in_channibs_memcore_U/dataflow_in_channibs_memcore_ram_U/ram_reg_0_31_6_9 |    <0.001 |
|       inst/grp_dataflow_out_channel_1_fu_558/dataflow_out_channel_U0/grp_dataflow_in_channels_fu_614/weightsbuf_12_1_U/dataflow_in_channibs_memcore_U/dataflow_in_channibs_memcore_ram_U/ram_reg_0_31_0_5 |    <0.001 |
|       inst/grp_dataflow_out_channel_1_fu_558/dataflow_out_channel_U0/grp_dataflow_in_channels_fu_614/weightsbuf_12_1_U/dataflow_in_channibs_memcore_U/dataflow_in_channibs_memcore_ram_U/ram_reg_0_31_6_9 |    <0.001 |
|       inst/grp_dataflow_out_channel_1_fu_558/dataflow_out_channel_U0/grp_dataflow_in_channels_fu_614/weightsbuf_12_2_U/dataflow_in_channibs_memcore_U/dataflow_in_channibs_memcore_ram_U/ram_reg_0_31_0_5 |    <0.001 |
|       inst/grp_dataflow_out_channel_1_fu_558/dataflow_out_channel_U0/grp_dataflow_in_channels_fu_614/weightsbuf_12_2_U/dataflow_in_channibs_memcore_U/dataflow_in_channibs_memcore_ram_U/ram_reg_0_31_6_9 |    <0.001 |
|       inst/grp_dataflow_out_channel_1_fu_558/dataflow_out_channel_U0/grp_dataflow_in_channels_fu_614/weightsbuf_13_0_U/dataflow_in_channibs_memcore_U/dataflow_in_channibs_memcore_ram_U/ram_reg_0_31_0_5 |    <0.001 |
|       inst/grp_dataflow_out_channel_1_fu_558/dataflow_out_channel_U0/grp_dataflow_in_channels_fu_614/weightsbuf_13_0_U/dataflow_in_channibs_memcore_U/dataflow_in_channibs_memcore_ram_U/ram_reg_0_31_6_9 |    <0.001 |
|       inst/grp_dataflow_out_channel_1_fu_558/dataflow_out_channel_U0/grp_dataflow_in_channels_fu_614/weightsbuf_13_1_U/dataflow_in_channibs_memcore_U/dataflow_in_channibs_memcore_ram_U/ram_reg_0_31_0_5 |    <0.001 |
|       inst/grp_dataflow_out_channel_1_fu_558/dataflow_out_channel_U0/grp_dataflow_in_channels_fu_614/weightsbuf_13_1_U/dataflow_in_channibs_memcore_U/dataflow_in_channibs_memcore_ram_U/ram_reg_0_31_6_9 |    <0.001 |
|       inst/grp_dataflow_out_channel_1_fu_558/dataflow_out_channel_U0/grp_dataflow_in_channels_fu_614/weightsbuf_13_2_U/dataflow_in_channibs_memcore_U/dataflow_in_channibs_memcore_ram_U/ram_reg_0_31_0_5 |    <0.001 |
|       inst/grp_dataflow_out_channel_1_fu_558/dataflow_out_channel_U0/grp_dataflow_in_channels_fu_614/weightsbuf_13_2_U/dataflow_in_channibs_memcore_U/dataflow_in_channibs_memcore_ram_U/ram_reg_0_31_6_9 |    <0.001 |
|       inst/grp_dataflow_out_channel_1_fu_558/dataflow_out_channel_U0/grp_dataflow_in_channels_fu_614/weightsbuf_14_0_U/dataflow_in_channibs_memcore_U/dataflow_in_channibs_memcore_ram_U/ram_reg_0_31_0_5 |    <0.001 |
|       inst/grp_dataflow_out_channel_1_fu_558/dataflow_out_channel_U0/grp_dataflow_in_channels_fu_614/weightsbuf_14_0_U/dataflow_in_channibs_memcore_U/dataflow_in_channibs_memcore_ram_U/ram_reg_0_31_6_9 |    <0.001 |
|       inst/grp_dataflow_out_channel_1_fu_558/dataflow_out_channel_U0/grp_dataflow_in_channels_fu_614/weightsbuf_14_1_U/dataflow_in_channibs_memcore_U/dataflow_in_channibs_memcore_ram_U/ram_reg_0_31_0_5 |    <0.001 |
|       inst/grp_dataflow_out_channel_1_fu_558/dataflow_out_channel_U0/grp_dataflow_in_channels_fu_614/weightsbuf_14_1_U/dataflow_in_channibs_memcore_U/dataflow_in_channibs_memcore_ram_U/ram_reg_0_31_6_9 |    <0.001 |
|       inst/grp_dataflow_out_channel_1_fu_558/dataflow_out_channel_U0/grp_dataflow_in_channels_fu_614/weightsbuf_14_2_U/dataflow_in_channibs_memcore_U/dataflow_in_channibs_memcore_ram_U/ram_reg_0_31_0_5 |    <0.001 |
|       inst/grp_dataflow_out_channel_1_fu_558/dataflow_out_channel_U0/grp_dataflow_in_channels_fu_614/weightsbuf_14_2_U/dataflow_in_channibs_memcore_U/dataflow_in_channibs_memcore_ram_U/ram_reg_0_31_6_9 |    <0.001 |
|       inst/grp_dataflow_out_channel_1_fu_558/dataflow_out_channel_U0/grp_dataflow_in_channels_fu_614/weightsbuf_15_0_U/dataflow_in_channibs_memcore_U/dataflow_in_channibs_memcore_ram_U/ram_reg_0_31_0_5 |    <0.001 |
|       inst/grp_dataflow_out_channel_1_fu_558/dataflow_out_channel_U0/grp_dataflow_in_channels_fu_614/weightsbuf_15_0_U/dataflow_in_channibs_memcore_U/dataflow_in_channibs_memcore_ram_U/ram_reg_0_31_6_9 |    <0.001 |
|       inst/grp_dataflow_out_channel_1_fu_558/dataflow_out_channel_U0/grp_dataflow_in_channels_fu_614/weightsbuf_15_1_U/dataflow_in_channibs_memcore_U/dataflow_in_channibs_memcore_ram_U/ram_reg_0_31_0_5 |    <0.001 |
|       inst/grp_dataflow_out_channel_1_fu_558/dataflow_out_channel_U0/grp_dataflow_in_channels_fu_614/weightsbuf_15_1_U/dataflow_in_channibs_memcore_U/dataflow_in_channibs_memcore_ram_U/ram_reg_0_31_6_9 |    <0.001 |
|       inst/grp_dataflow_out_channel_1_fu_558/dataflow_out_channel_U0/grp_dataflow_in_channels_fu_614/weightsbuf_15_2_U/dataflow_in_channibs_memcore_U/dataflow_in_channibs_memcore_ram_U/ram_reg_0_31_0_5 |    <0.001 |
|       inst/grp_dataflow_out_channel_1_fu_558/dataflow_out_channel_U0/grp_dataflow_in_channels_fu_614/weightsbuf_15_2_U/dataflow_in_channibs_memcore_U/dataflow_in_channibs_memcore_ram_U/ram_reg_0_31_6_9 |    <0.001 |
|       inst/grp_dataflow_out_channel_1_fu_558/dataflow_out_channel_U0/grp_dataflow_in_channels_fu_614/weightsbuf_16_0_U/dataflow_in_channibs_memcore_U/dataflow_in_channibs_memcore_ram_U/ram_reg_0_31_0_5 |    <0.001 |
|       inst/grp_dataflow_out_channel_1_fu_558/dataflow_out_channel_U0/grp_dataflow_in_channels_fu_614/weightsbuf_16_0_U/dataflow_in_channibs_memcore_U/dataflow_in_channibs_memcore_ram_U/ram_reg_0_31_6_9 |    <0.001 |
|       inst/grp_dataflow_out_channel_1_fu_558/dataflow_out_channel_U0/grp_dataflow_in_channels_fu_614/weightsbuf_16_1_U/dataflow_in_channibs_memcore_U/dataflow_in_channibs_memcore_ram_U/ram_reg_0_31_0_5 |    <0.001 |
|       inst/grp_dataflow_out_channel_1_fu_558/dataflow_out_channel_U0/grp_dataflow_in_channels_fu_614/weightsbuf_16_1_U/dataflow_in_channibs_memcore_U/dataflow_in_channibs_memcore_ram_U/ram_reg_0_31_6_9 |    <0.001 |
|       inst/grp_dataflow_out_channel_1_fu_558/dataflow_out_channel_U0/grp_dataflow_in_channels_fu_614/weightsbuf_16_2_U/dataflow_in_channibs_memcore_U/dataflow_in_channibs_memcore_ram_U/ram_reg_0_31_0_5 |    <0.001 |
|       inst/grp_dataflow_out_channel_1_fu_558/dataflow_out_channel_U0/grp_dataflow_in_channels_fu_614/weightsbuf_16_2_U/dataflow_in_channibs_memcore_U/dataflow_in_channibs_memcore_ram_U/ram_reg_0_31_6_9 |    <0.001 |
|       inst/grp_dataflow_out_channel_1_fu_558/dataflow_out_channel_U0/grp_dataflow_in_channels_fu_614/weightsbuf_17_0_U/dataflow_in_channibs_memcore_U/dataflow_in_channibs_memcore_ram_U/ram_reg_0_31_0_5 |    <0.001 |
|       inst/grp_dataflow_out_channel_1_fu_558/dataflow_out_channel_U0/grp_dataflow_in_channels_fu_614/weightsbuf_17_0_U/dataflow_in_channibs_memcore_U/dataflow_in_channibs_memcore_ram_U/ram_reg_0_31_6_9 |    <0.001 |
|       inst/grp_dataflow_out_channel_1_fu_558/dataflow_out_channel_U0/grp_dataflow_in_channels_fu_614/weightsbuf_17_1_U/dataflow_in_channibs_memcore_U/dataflow_in_channibs_memcore_ram_U/ram_reg_0_31_0_5 |    <0.001 |
|       inst/grp_dataflow_out_channel_1_fu_558/dataflow_out_channel_U0/grp_dataflow_in_channels_fu_614/weightsbuf_17_1_U/dataflow_in_channibs_memcore_U/dataflow_in_channibs_memcore_ram_U/ram_reg_0_31_6_9 |    <0.001 |
|       inst/grp_dataflow_out_channel_1_fu_558/dataflow_out_channel_U0/grp_dataflow_in_channels_fu_614/weightsbuf_17_2_U/dataflow_in_channibs_memcore_U/dataflow_in_channibs_memcore_ram_U/ram_reg_0_31_0_5 |    <0.001 |
|       inst/grp_dataflow_out_channel_1_fu_558/dataflow_out_channel_U0/grp_dataflow_in_channels_fu_614/weightsbuf_17_2_U/dataflow_in_channibs_memcore_U/dataflow_in_channibs_memcore_ram_U/ram_reg_0_31_6_9 |    <0.001 |
|       inst/grp_dataflow_out_channel_1_fu_558/dataflow_out_channel_U0/grp_dataflow_in_channels_fu_614/weightsbuf_18_0_U/dataflow_in_channibs_memcore_U/dataflow_in_channibs_memcore_ram_U/ram_reg_0_31_0_5 |    <0.001 |
|       inst/grp_dataflow_out_channel_1_fu_558/dataflow_out_channel_U0/grp_dataflow_in_channels_fu_614/weightsbuf_18_0_U/dataflow_in_channibs_memcore_U/dataflow_in_channibs_memcore_ram_U/ram_reg_0_31_6_9 |    <0.001 |
|       inst/grp_dataflow_out_channel_1_fu_558/dataflow_out_channel_U0/grp_dataflow_in_channels_fu_614/weightsbuf_18_1_U/dataflow_in_channibs_memcore_U/dataflow_in_channibs_memcore_ram_U/ram_reg_0_31_0_5 |    <0.001 |
|       inst/grp_dataflow_out_channel_1_fu_558/dataflow_out_channel_U0/grp_dataflow_in_channels_fu_614/weightsbuf_18_1_U/dataflow_in_channibs_memcore_U/dataflow_in_channibs_memcore_ram_U/ram_reg_0_31_6_9 |    <0.001 |
|       inst/grp_dataflow_out_channel_1_fu_558/dataflow_out_channel_U0/grp_dataflow_in_channels_fu_614/weightsbuf_18_2_U/dataflow_in_channibs_memcore_U/dataflow_in_channibs_memcore_ram_U/ram_reg_0_31_0_5 |    <0.001 |
|       inst/grp_dataflow_out_channel_1_fu_558/dataflow_out_channel_U0/grp_dataflow_in_channels_fu_614/weightsbuf_18_2_U/dataflow_in_channibs_memcore_U/dataflow_in_channibs_memcore_ram_U/ram_reg_0_31_6_9 |    <0.001 |
|       inst/grp_dataflow_out_channel_1_fu_558/dataflow_out_channel_U0/grp_dataflow_in_channels_fu_614/weightsbuf_19_0_U/dataflow_in_channibs_memcore_U/dataflow_in_channibs_memcore_ram_U/ram_reg_0_31_0_5 |    <0.001 |
|       inst/grp_dataflow_out_channel_1_fu_558/dataflow_out_channel_U0/grp_dataflow_in_channels_fu_614/weightsbuf_19_0_U/dataflow_in_channibs_memcore_U/dataflow_in_channibs_memcore_ram_U/ram_reg_0_31_6_9 |    <0.001 |
|       inst/grp_dataflow_out_channel_1_fu_558/dataflow_out_channel_U0/grp_dataflow_in_channels_fu_614/weightsbuf_19_1_U/dataflow_in_channibs_memcore_U/dataflow_in_channibs_memcore_ram_U/ram_reg_0_31_0_5 |    <0.001 |
|       inst/grp_dataflow_out_channel_1_fu_558/dataflow_out_channel_U0/grp_dataflow_in_channels_fu_614/weightsbuf_19_1_U/dataflow_in_channibs_memcore_U/dataflow_in_channibs_memcore_ram_U/ram_reg_0_31_6_9 |    <0.001 |
|       inst/grp_dataflow_out_channel_1_fu_558/dataflow_out_channel_U0/grp_dataflow_in_channels_fu_614/weightsbuf_19_2_U/dataflow_in_channibs_memcore_U/dataflow_in_channibs_memcore_ram_U/ram_reg_0_31_0_5 |    <0.001 |
|       inst/grp_dataflow_out_channel_1_fu_558/dataflow_out_channel_U0/grp_dataflow_in_channels_fu_614/weightsbuf_19_2_U/dataflow_in_channibs_memcore_U/dataflow_in_channibs_memcore_ram_U/ram_reg_0_31_6_9 |    <0.001 |
|       inst/grp_dataflow_out_channel_1_fu_558/dataflow_out_channel_U0/grp_dataflow_in_channels_fu_614/weightsbuf_1_0_U/dataflow_in_channibs_memcore_U/dataflow_in_channibs_memcore_ram_U/ram_reg_0_31_0_5  |    <0.001 |
|       inst/grp_dataflow_out_channel_1_fu_558/dataflow_out_channel_U0/grp_dataflow_in_channels_fu_614/weightsbuf_1_0_U/dataflow_in_channibs_memcore_U/dataflow_in_channibs_memcore_ram_U/ram_reg_0_31_6_9  |    <0.001 |
|       inst/grp_dataflow_out_channel_1_fu_558/dataflow_out_channel_U0/grp_dataflow_in_channels_fu_614/weightsbuf_1_1_U/dataflow_in_channibs_memcore_U/dataflow_in_channibs_memcore_ram_U/ram_reg_0_31_0_5  |    <0.001 |
|       inst/grp_dataflow_out_channel_1_fu_558/dataflow_out_channel_U0/grp_dataflow_in_channels_fu_614/weightsbuf_1_1_U/dataflow_in_channibs_memcore_U/dataflow_in_channibs_memcore_ram_U/ram_reg_0_31_6_9  |    <0.001 |
|       inst/grp_dataflow_out_channel_1_fu_558/dataflow_out_channel_U0/grp_dataflow_in_channels_fu_614/weightsbuf_1_2_U/dataflow_in_channibs_memcore_U/dataflow_in_channibs_memcore_ram_U/ram_reg_0_31_0_5  |    <0.001 |
|       inst/grp_dataflow_out_channel_1_fu_558/dataflow_out_channel_U0/grp_dataflow_in_channels_fu_614/weightsbuf_1_2_U/dataflow_in_channibs_memcore_U/dataflow_in_channibs_memcore_ram_U/ram_reg_0_31_6_9  |    <0.001 |
|       inst/grp_dataflow_out_channel_1_fu_558/dataflow_out_channel_U0/grp_dataflow_in_channels_fu_614/weightsbuf_20_0_U/dataflow_in_channibs_memcore_U/dataflow_in_channibs_memcore_ram_U/ram_reg_0_31_0_5 |    <0.001 |
|       inst/grp_dataflow_out_channel_1_fu_558/dataflow_out_channel_U0/grp_dataflow_in_channels_fu_614/weightsbuf_20_0_U/dataflow_in_channibs_memcore_U/dataflow_in_channibs_memcore_ram_U/ram_reg_0_31_6_9 |    <0.001 |
|       inst/grp_dataflow_out_channel_1_fu_558/dataflow_out_channel_U0/grp_dataflow_in_channels_fu_614/weightsbuf_20_1_U/dataflow_in_channibs_memcore_U/dataflow_in_channibs_memcore_ram_U/ram_reg_0_31_0_5 |    <0.001 |
|       inst/grp_dataflow_out_channel_1_fu_558/dataflow_out_channel_U0/grp_dataflow_in_channels_fu_614/weightsbuf_20_1_U/dataflow_in_channibs_memcore_U/dataflow_in_channibs_memcore_ram_U/ram_reg_0_31_6_9 |    <0.001 |
|       inst/grp_dataflow_out_channel_1_fu_558/dataflow_out_channel_U0/grp_dataflow_in_channels_fu_614/weightsbuf_20_2_U/dataflow_in_channibs_memcore_U/dataflow_in_channibs_memcore_ram_U/ram_reg_0_31_0_5 |    <0.001 |
|       inst/grp_dataflow_out_channel_1_fu_558/dataflow_out_channel_U0/grp_dataflow_in_channels_fu_614/weightsbuf_20_2_U/dataflow_in_channibs_memcore_U/dataflow_in_channibs_memcore_ram_U/ram_reg_0_31_6_9 |    <0.001 |
|       inst/grp_dataflow_out_channel_1_fu_558/dataflow_out_channel_U0/grp_dataflow_in_channels_fu_614/weightsbuf_21_0_U/dataflow_in_channibs_memcore_U/dataflow_in_channibs_memcore_ram_U/ram_reg_0_31_0_5 |    <0.001 |
|       inst/grp_dataflow_out_channel_1_fu_558/dataflow_out_channel_U0/grp_dataflow_in_channels_fu_614/weightsbuf_21_0_U/dataflow_in_channibs_memcore_U/dataflow_in_channibs_memcore_ram_U/ram_reg_0_31_6_9 |    <0.001 |
|       inst/grp_dataflow_out_channel_1_fu_558/dataflow_out_channel_U0/grp_dataflow_in_channels_fu_614/weightsbuf_21_1_U/dataflow_in_channibs_memcore_U/dataflow_in_channibs_memcore_ram_U/ram_reg_0_31_0_5 |    <0.001 |
|       inst/grp_dataflow_out_channel_1_fu_558/dataflow_out_channel_U0/grp_dataflow_in_channels_fu_614/weightsbuf_21_1_U/dataflow_in_channibs_memcore_U/dataflow_in_channibs_memcore_ram_U/ram_reg_0_31_6_9 |    <0.001 |
|       inst/grp_dataflow_out_channel_1_fu_558/dataflow_out_channel_U0/grp_dataflow_in_channels_fu_614/weightsbuf_21_2_U/dataflow_in_channibs_memcore_U/dataflow_in_channibs_memcore_ram_U/ram_reg_0_31_0_5 |    <0.001 |
|       inst/grp_dataflow_out_channel_1_fu_558/dataflow_out_channel_U0/grp_dataflow_in_channels_fu_614/weightsbuf_21_2_U/dataflow_in_channibs_memcore_U/dataflow_in_channibs_memcore_ram_U/ram_reg_0_31_6_9 |    <0.001 |
|       inst/grp_dataflow_out_channel_1_fu_558/dataflow_out_channel_U0/grp_dataflow_in_channels_fu_614/weightsbuf_22_0_U/dataflow_in_channibs_memcore_U/dataflow_in_channibs_memcore_ram_U/ram_reg_0_31_0_5 |    <0.001 |
|       inst/grp_dataflow_out_channel_1_fu_558/dataflow_out_channel_U0/grp_dataflow_in_channels_fu_614/weightsbuf_22_0_U/dataflow_in_channibs_memcore_U/dataflow_in_channibs_memcore_ram_U/ram_reg_0_31_6_9 |    <0.001 |
|       inst/grp_dataflow_out_channel_1_fu_558/dataflow_out_channel_U0/grp_dataflow_in_channels_fu_614/weightsbuf_22_1_U/dataflow_in_channibs_memcore_U/dataflow_in_channibs_memcore_ram_U/ram_reg_0_31_0_5 |    <0.001 |
|       inst/grp_dataflow_out_channel_1_fu_558/dataflow_out_channel_U0/grp_dataflow_in_channels_fu_614/weightsbuf_22_1_U/dataflow_in_channibs_memcore_U/dataflow_in_channibs_memcore_ram_U/ram_reg_0_31_6_9 |    <0.001 |
|       inst/grp_dataflow_out_channel_1_fu_558/dataflow_out_channel_U0/grp_dataflow_in_channels_fu_614/weightsbuf_22_2_U/dataflow_in_channibs_memcore_U/dataflow_in_channibs_memcore_ram_U/ram_reg_0_31_0_5 |    <0.001 |
|       inst/grp_dataflow_out_channel_1_fu_558/dataflow_out_channel_U0/grp_dataflow_in_channels_fu_614/weightsbuf_22_2_U/dataflow_in_channibs_memcore_U/dataflow_in_channibs_memcore_ram_U/ram_reg_0_31_6_9 |    <0.001 |
|       inst/grp_dataflow_out_channel_1_fu_558/dataflow_out_channel_U0/grp_dataflow_in_channels_fu_614/weightsbuf_23_0_U/dataflow_in_channibs_memcore_U/dataflow_in_channibs_memcore_ram_U/ram_reg_0_31_0_5 |    <0.001 |
|       inst/grp_dataflow_out_channel_1_fu_558/dataflow_out_channel_U0/grp_dataflow_in_channels_fu_614/weightsbuf_23_0_U/dataflow_in_channibs_memcore_U/dataflow_in_channibs_memcore_ram_U/ram_reg_0_31_6_9 |    <0.001 |
|       inst/grp_dataflow_out_channel_1_fu_558/dataflow_out_channel_U0/grp_dataflow_in_channels_fu_614/weightsbuf_23_1_U/dataflow_in_channibs_memcore_U/dataflow_in_channibs_memcore_ram_U/ram_reg_0_31_0_5 |    <0.001 |
|       inst/grp_dataflow_out_channel_1_fu_558/dataflow_out_channel_U0/grp_dataflow_in_channels_fu_614/weightsbuf_23_1_U/dataflow_in_channibs_memcore_U/dataflow_in_channibs_memcore_ram_U/ram_reg_0_31_6_9 |    <0.001 |
|       inst/grp_dataflow_out_channel_1_fu_558/dataflow_out_channel_U0/grp_dataflow_in_channels_fu_614/weightsbuf_23_2_U/dataflow_in_channibs_memcore_U/dataflow_in_channibs_memcore_ram_U/ram_reg_0_31_0_5 |    <0.001 |
|       inst/grp_dataflow_out_channel_1_fu_558/dataflow_out_channel_U0/grp_dataflow_in_channels_fu_614/weightsbuf_23_2_U/dataflow_in_channibs_memcore_U/dataflow_in_channibs_memcore_ram_U/ram_reg_0_31_6_9 |    <0.001 |
|       inst/grp_dataflow_out_channel_1_fu_558/dataflow_out_channel_U0/grp_dataflow_in_channels_fu_614/weightsbuf_24_0_U/dataflow_in_channibs_memcore_U/dataflow_in_channibs_memcore_ram_U/ram_reg_0_31_0_5 |    <0.001 |
|       inst/grp_dataflow_out_channel_1_fu_558/dataflow_out_channel_U0/grp_dataflow_in_channels_fu_614/weightsbuf_24_0_U/dataflow_in_channibs_memcore_U/dataflow_in_channibs_memcore_ram_U/ram_reg_0_31_6_9 |    <0.001 |
|       inst/grp_dataflow_out_channel_1_fu_558/dataflow_out_channel_U0/grp_dataflow_in_channels_fu_614/weightsbuf_24_1_U/dataflow_in_channibs_memcore_U/dataflow_in_channibs_memcore_ram_U/ram_reg_0_31_0_5 |    <0.001 |
|       inst/grp_dataflow_out_channel_1_fu_558/dataflow_out_channel_U0/grp_dataflow_in_channels_fu_614/weightsbuf_24_1_U/dataflow_in_channibs_memcore_U/dataflow_in_channibs_memcore_ram_U/ram_reg_0_31_6_9 |    <0.001 |
|       inst/grp_dataflow_out_channel_1_fu_558/dataflow_out_channel_U0/grp_dataflow_in_channels_fu_614/weightsbuf_24_2_U/dataflow_in_channibs_memcore_U/dataflow_in_channibs_memcore_ram_U/ram_reg_0_31_0_5 |    <0.001 |
|       inst/grp_dataflow_out_channel_1_fu_558/dataflow_out_channel_U0/grp_dataflow_in_channels_fu_614/weightsbuf_24_2_U/dataflow_in_channibs_memcore_U/dataflow_in_channibs_memcore_ram_U/ram_reg_0_31_6_9 |    <0.001 |
|       inst/grp_dataflow_out_channel_1_fu_558/dataflow_out_channel_U0/grp_dataflow_in_channels_fu_614/weightsbuf_25_0_U/dataflow_in_channibs_memcore_U/dataflow_in_channibs_memcore_ram_U/ram_reg_0_31_0_5 |    <0.001 |
|       inst/grp_dataflow_out_channel_1_fu_558/dataflow_out_channel_U0/grp_dataflow_in_channels_fu_614/weightsbuf_25_0_U/dataflow_in_channibs_memcore_U/dataflow_in_channibs_memcore_ram_U/ram_reg_0_31_6_9 |    <0.001 |
|       inst/grp_dataflow_out_channel_1_fu_558/dataflow_out_channel_U0/grp_dataflow_in_channels_fu_614/weightsbuf_25_1_U/dataflow_in_channibs_memcore_U/dataflow_in_channibs_memcore_ram_U/ram_reg_0_31_0_5 |    <0.001 |
|       inst/grp_dataflow_out_channel_1_fu_558/dataflow_out_channel_U0/grp_dataflow_in_channels_fu_614/weightsbuf_25_1_U/dataflow_in_channibs_memcore_U/dataflow_in_channibs_memcore_ram_U/ram_reg_0_31_6_9 |    <0.001 |
|       inst/grp_dataflow_out_channel_1_fu_558/dataflow_out_channel_U0/grp_dataflow_in_channels_fu_614/weightsbuf_25_2_U/dataflow_in_channibs_memcore_U/dataflow_in_channibs_memcore_ram_U/ram_reg_0_31_0_5 |    <0.001 |
|       inst/grp_dataflow_out_channel_1_fu_558/dataflow_out_channel_U0/grp_dataflow_in_channels_fu_614/weightsbuf_25_2_U/dataflow_in_channibs_memcore_U/dataflow_in_channibs_memcore_ram_U/ram_reg_0_31_6_9 |    <0.001 |
|       inst/grp_dataflow_out_channel_1_fu_558/dataflow_out_channel_U0/grp_dataflow_in_channels_fu_614/weightsbuf_26_0_U/dataflow_in_channibs_memcore_U/dataflow_in_channibs_memcore_ram_U/ram_reg_0_31_0_5 |    <0.001 |
|       inst/grp_dataflow_out_channel_1_fu_558/dataflow_out_channel_U0/grp_dataflow_in_channels_fu_614/weightsbuf_26_0_U/dataflow_in_channibs_memcore_U/dataflow_in_channibs_memcore_ram_U/ram_reg_0_31_6_9 |    <0.001 |
|       inst/grp_dataflow_out_channel_1_fu_558/dataflow_out_channel_U0/grp_dataflow_in_channels_fu_614/weightsbuf_26_1_U/dataflow_in_channibs_memcore_U/dataflow_in_channibs_memcore_ram_U/ram_reg_0_31_0_5 |    <0.001 |
|       inst/grp_dataflow_out_channel_1_fu_558/dataflow_out_channel_U0/grp_dataflow_in_channels_fu_614/weightsbuf_26_1_U/dataflow_in_channibs_memcore_U/dataflow_in_channibs_memcore_ram_U/ram_reg_0_31_6_9 |    <0.001 |
|       inst/grp_dataflow_out_channel_1_fu_558/dataflow_out_channel_U0/grp_dataflow_in_channels_fu_614/weightsbuf_26_2_U/dataflow_in_channibs_memcore_U/dataflow_in_channibs_memcore_ram_U/ram_reg_0_31_0_5 |    <0.001 |
|       inst/grp_dataflow_out_channel_1_fu_558/dataflow_out_channel_U0/grp_dataflow_in_channels_fu_614/weightsbuf_26_2_U/dataflow_in_channibs_memcore_U/dataflow_in_channibs_memcore_ram_U/ram_reg_0_31_6_9 |    <0.001 |
|       inst/grp_dataflow_out_channel_1_fu_558/dataflow_out_channel_U0/grp_dataflow_in_channels_fu_614/weightsbuf_27_0_U/dataflow_in_channibs_memcore_U/dataflow_in_channibs_memcore_ram_U/ram_reg_0_31_0_5 |    <0.001 |
|       inst/grp_dataflow_out_channel_1_fu_558/dataflow_out_channel_U0/grp_dataflow_in_channels_fu_614/weightsbuf_27_0_U/dataflow_in_channibs_memcore_U/dataflow_in_channibs_memcore_ram_U/ram_reg_0_31_6_9 |    <0.001 |
|       inst/grp_dataflow_out_channel_1_fu_558/dataflow_out_channel_U0/grp_dataflow_in_channels_fu_614/weightsbuf_27_1_U/dataflow_in_channibs_memcore_U/dataflow_in_channibs_memcore_ram_U/ram_reg_0_31_0_5 |    <0.001 |
|       inst/grp_dataflow_out_channel_1_fu_558/dataflow_out_channel_U0/grp_dataflow_in_channels_fu_614/weightsbuf_27_1_U/dataflow_in_channibs_memcore_U/dataflow_in_channibs_memcore_ram_U/ram_reg_0_31_6_9 |    <0.001 |
|       inst/grp_dataflow_out_channel_1_fu_558/dataflow_out_channel_U0/grp_dataflow_in_channels_fu_614/weightsbuf_27_2_U/dataflow_in_channibs_memcore_U/dataflow_in_channibs_memcore_ram_U/ram_reg_0_31_0_5 |    <0.001 |
|       inst/grp_dataflow_out_channel_1_fu_558/dataflow_out_channel_U0/grp_dataflow_in_channels_fu_614/weightsbuf_27_2_U/dataflow_in_channibs_memcore_U/dataflow_in_channibs_memcore_ram_U/ram_reg_0_31_6_9 |    <0.001 |
|       inst/grp_dataflow_out_channel_1_fu_558/dataflow_out_channel_U0/grp_dataflow_in_channels_fu_614/weightsbuf_2_0_U/dataflow_in_channibs_memcore_U/dataflow_in_channibs_memcore_ram_U/ram_reg_0_31_0_5  |    <0.001 |
|       inst/grp_dataflow_out_channel_1_fu_558/dataflow_out_channel_U0/grp_dataflow_in_channels_fu_614/weightsbuf_2_0_U/dataflow_in_channibs_memcore_U/dataflow_in_channibs_memcore_ram_U/ram_reg_0_31_6_9  |    <0.001 |
|       inst/grp_dataflow_out_channel_1_fu_558/dataflow_out_channel_U0/grp_dataflow_in_channels_fu_614/weightsbuf_2_1_U/dataflow_in_channibs_memcore_U/dataflow_in_channibs_memcore_ram_U/ram_reg_0_31_0_5  |    <0.001 |
|       inst/grp_dataflow_out_channel_1_fu_558/dataflow_out_channel_U0/grp_dataflow_in_channels_fu_614/weightsbuf_2_1_U/dataflow_in_channibs_memcore_U/dataflow_in_channibs_memcore_ram_U/ram_reg_0_31_6_9  |    <0.001 |
|       inst/grp_dataflow_out_channel_1_fu_558/dataflow_out_channel_U0/grp_dataflow_in_channels_fu_614/weightsbuf_2_2_U/dataflow_in_channibs_memcore_U/dataflow_in_channibs_memcore_ram_U/ram_reg_0_31_0_5  |    <0.001 |
|       inst/grp_dataflow_out_channel_1_fu_558/dataflow_out_channel_U0/grp_dataflow_in_channels_fu_614/weightsbuf_2_2_U/dataflow_in_channibs_memcore_U/dataflow_in_channibs_memcore_ram_U/ram_reg_0_31_6_9  |    <0.001 |
|       inst/grp_dataflow_out_channel_1_fu_558/dataflow_out_channel_U0/grp_dataflow_in_channels_fu_614/weightsbuf_3_0_U/dataflow_in_channibs_memcore_U/dataflow_in_channibs_memcore_ram_U/ram_reg_0_31_0_5  |    <0.001 |
|       inst/grp_dataflow_out_channel_1_fu_558/dataflow_out_channel_U0/grp_dataflow_in_channels_fu_614/weightsbuf_3_0_U/dataflow_in_channibs_memcore_U/dataflow_in_channibs_memcore_ram_U/ram_reg_0_31_6_9  |    <0.001 |
|       inst/grp_dataflow_out_channel_1_fu_558/dataflow_out_channel_U0/grp_dataflow_in_channels_fu_614/weightsbuf_3_1_U/dataflow_in_channibs_memcore_U/dataflow_in_channibs_memcore_ram_U/ram_reg_0_31_0_5  |    <0.001 |
|       inst/grp_dataflow_out_channel_1_fu_558/dataflow_out_channel_U0/grp_dataflow_in_channels_fu_614/weightsbuf_3_1_U/dataflow_in_channibs_memcore_U/dataflow_in_channibs_memcore_ram_U/ram_reg_0_31_6_9  |    <0.001 |
|       inst/grp_dataflow_out_channel_1_fu_558/dataflow_out_channel_U0/grp_dataflow_in_channels_fu_614/weightsbuf_3_2_U/dataflow_in_channibs_memcore_U/dataflow_in_channibs_memcore_ram_U/ram_reg_0_31_0_5  |    <0.001 |
|       inst/grp_dataflow_out_channel_1_fu_558/dataflow_out_channel_U0/grp_dataflow_in_channels_fu_614/weightsbuf_3_2_U/dataflow_in_channibs_memcore_U/dataflow_in_channibs_memcore_ram_U/ram_reg_0_31_6_9  |    <0.001 |
|       inst/grp_dataflow_out_channel_1_fu_558/dataflow_out_channel_U0/grp_dataflow_in_channels_fu_614/weightsbuf_4_0_U/dataflow_in_channibs_memcore_U/dataflow_in_channibs_memcore_ram_U/ram_reg_0_31_0_5  |    <0.001 |
|       inst/grp_dataflow_out_channel_1_fu_558/dataflow_out_channel_U0/grp_dataflow_in_channels_fu_614/weightsbuf_4_0_U/dataflow_in_channibs_memcore_U/dataflow_in_channibs_memcore_ram_U/ram_reg_0_31_6_9  |    <0.001 |
|       inst/grp_dataflow_out_channel_1_fu_558/dataflow_out_channel_U0/grp_dataflow_in_channels_fu_614/weightsbuf_4_1_U/dataflow_in_channibs_memcore_U/dataflow_in_channibs_memcore_ram_U/ram_reg_0_31_0_5  |    <0.001 |
|       inst/grp_dataflow_out_channel_1_fu_558/dataflow_out_channel_U0/grp_dataflow_in_channels_fu_614/weightsbuf_4_1_U/dataflow_in_channibs_memcore_U/dataflow_in_channibs_memcore_ram_U/ram_reg_0_31_6_9  |    <0.001 |
|       inst/grp_dataflow_out_channel_1_fu_558/dataflow_out_channel_U0/grp_dataflow_in_channels_fu_614/weightsbuf_4_2_U/dataflow_in_channibs_memcore_U/dataflow_in_channibs_memcore_ram_U/ram_reg_0_31_0_5  |    <0.001 |
|       inst/grp_dataflow_out_channel_1_fu_558/dataflow_out_channel_U0/grp_dataflow_in_channels_fu_614/weightsbuf_4_2_U/dataflow_in_channibs_memcore_U/dataflow_in_channibs_memcore_ram_U/ram_reg_0_31_6_9  |    <0.001 |
|       inst/grp_dataflow_out_channel_1_fu_558/dataflow_out_channel_U0/grp_dataflow_in_channels_fu_614/weightsbuf_5_0_U/dataflow_in_channibs_memcore_U/dataflow_in_channibs_memcore_ram_U/ram_reg_0_31_0_5  |    <0.001 |
|       inst/grp_dataflow_out_channel_1_fu_558/dataflow_out_channel_U0/grp_dataflow_in_channels_fu_614/weightsbuf_5_0_U/dataflow_in_channibs_memcore_U/dataflow_in_channibs_memcore_ram_U/ram_reg_0_31_6_9  |    <0.001 |
|       inst/grp_dataflow_out_channel_1_fu_558/dataflow_out_channel_U0/grp_dataflow_in_channels_fu_614/weightsbuf_5_1_U/dataflow_in_channibs_memcore_U/dataflow_in_channibs_memcore_ram_U/ram_reg_0_31_0_5  |    <0.001 |
|       inst/grp_dataflow_out_channel_1_fu_558/dataflow_out_channel_U0/grp_dataflow_in_channels_fu_614/weightsbuf_5_1_U/dataflow_in_channibs_memcore_U/dataflow_in_channibs_memcore_ram_U/ram_reg_0_31_6_9  |    <0.001 |
|       inst/grp_dataflow_out_channel_1_fu_558/dataflow_out_channel_U0/grp_dataflow_in_channels_fu_614/weightsbuf_5_2_U/dataflow_in_channibs_memcore_U/dataflow_in_channibs_memcore_ram_U/ram_reg_0_31_0_5  |    <0.001 |
|       inst/grp_dataflow_out_channel_1_fu_558/dataflow_out_channel_U0/grp_dataflow_in_channels_fu_614/weightsbuf_5_2_U/dataflow_in_channibs_memcore_U/dataflow_in_channibs_memcore_ram_U/ram_reg_0_31_6_9  |    <0.001 |
|       inst/grp_dataflow_out_channel_1_fu_558/dataflow_out_channel_U0/grp_dataflow_in_channels_fu_614/weightsbuf_6_0_U/dataflow_in_channibs_memcore_U/dataflow_in_channibs_memcore_ram_U/ram_reg_0_31_0_5  |    <0.001 |
|       inst/grp_dataflow_out_channel_1_fu_558/dataflow_out_channel_U0/grp_dataflow_in_channels_fu_614/weightsbuf_6_0_U/dataflow_in_channibs_memcore_U/dataflow_in_channibs_memcore_ram_U/ram_reg_0_31_6_9  |    <0.001 |
|       inst/grp_dataflow_out_channel_1_fu_558/dataflow_out_channel_U0/grp_dataflow_in_channels_fu_614/weightsbuf_6_1_U/dataflow_in_channibs_memcore_U/dataflow_in_channibs_memcore_ram_U/ram_reg_0_31_0_5  |    <0.001 |
|       inst/grp_dataflow_out_channel_1_fu_558/dataflow_out_channel_U0/grp_dataflow_in_channels_fu_614/weightsbuf_6_1_U/dataflow_in_channibs_memcore_U/dataflow_in_channibs_memcore_ram_U/ram_reg_0_31_6_9  |    <0.001 |
|       inst/grp_dataflow_out_channel_1_fu_558/dataflow_out_channel_U0/grp_dataflow_in_channels_fu_614/weightsbuf_6_2_U/dataflow_in_channibs_memcore_U/dataflow_in_channibs_memcore_ram_U/ram_reg_0_31_0_5  |    <0.001 |
|       inst/grp_dataflow_out_channel_1_fu_558/dataflow_out_channel_U0/grp_dataflow_in_channels_fu_614/weightsbuf_6_2_U/dataflow_in_channibs_memcore_U/dataflow_in_channibs_memcore_ram_U/ram_reg_0_31_6_9  |    <0.001 |
|       inst/grp_dataflow_out_channel_1_fu_558/dataflow_out_channel_U0/grp_dataflow_in_channels_fu_614/weightsbuf_7_0_U/dataflow_in_channibs_memcore_U/dataflow_in_channibs_memcore_ram_U/ram_reg_0_31_0_5  |    <0.001 |
|       inst/grp_dataflow_out_channel_1_fu_558/dataflow_out_channel_U0/grp_dataflow_in_channels_fu_614/weightsbuf_7_0_U/dataflow_in_channibs_memcore_U/dataflow_in_channibs_memcore_ram_U/ram_reg_0_31_6_9  |    <0.001 |
|       inst/grp_dataflow_out_channel_1_fu_558/dataflow_out_channel_U0/grp_dataflow_in_channels_fu_614/weightsbuf_7_1_U/dataflow_in_channibs_memcore_U/dataflow_in_channibs_memcore_ram_U/ram_reg_0_31_0_5  |    <0.001 |
|       inst/grp_dataflow_out_channel_1_fu_558/dataflow_out_channel_U0/grp_dataflow_in_channels_fu_614/weightsbuf_7_1_U/dataflow_in_channibs_memcore_U/dataflow_in_channibs_memcore_ram_U/ram_reg_0_31_6_9  |    <0.001 |
|       inst/grp_dataflow_out_channel_1_fu_558/dataflow_out_channel_U0/grp_dataflow_in_channels_fu_614/weightsbuf_7_2_U/dataflow_in_channibs_memcore_U/dataflow_in_channibs_memcore_ram_U/ram_reg_0_31_0_5  |    <0.001 |
|       inst/grp_dataflow_out_channel_1_fu_558/dataflow_out_channel_U0/grp_dataflow_in_channels_fu_614/weightsbuf_7_2_U/dataflow_in_channibs_memcore_U/dataflow_in_channibs_memcore_ram_U/ram_reg_0_31_6_9  |    <0.001 |
|       inst/grp_dataflow_out_channel_1_fu_558/dataflow_out_channel_U0/grp_dataflow_in_channels_fu_614/weightsbuf_8_0_U/dataflow_in_channibs_memcore_U/dataflow_in_channibs_memcore_ram_U/ram_reg_0_31_0_5  |    <0.001 |
|       inst/grp_dataflow_out_channel_1_fu_558/dataflow_out_channel_U0/grp_dataflow_in_channels_fu_614/weightsbuf_8_0_U/dataflow_in_channibs_memcore_U/dataflow_in_channibs_memcore_ram_U/ram_reg_0_31_6_9  |    <0.001 |
|       inst/grp_dataflow_out_channel_1_fu_558/dataflow_out_channel_U0/grp_dataflow_in_channels_fu_614/weightsbuf_8_1_U/dataflow_in_channibs_memcore_U/dataflow_in_channibs_memcore_ram_U/ram_reg_0_31_0_5  |    <0.001 |
|       inst/grp_dataflow_out_channel_1_fu_558/dataflow_out_channel_U0/grp_dataflow_in_channels_fu_614/weightsbuf_8_1_U/dataflow_in_channibs_memcore_U/dataflow_in_channibs_memcore_ram_U/ram_reg_0_31_6_9  |    <0.001 |
|       inst/grp_dataflow_out_channel_1_fu_558/dataflow_out_channel_U0/grp_dataflow_in_channels_fu_614/weightsbuf_8_2_U/dataflow_in_channibs_memcore_U/dataflow_in_channibs_memcore_ram_U/ram_reg_0_31_0_5  |    <0.001 |
|       inst/grp_dataflow_out_channel_1_fu_558/dataflow_out_channel_U0/grp_dataflow_in_channels_fu_614/weightsbuf_8_2_U/dataflow_in_channibs_memcore_U/dataflow_in_channibs_memcore_ram_U/ram_reg_0_31_6_9  |    <0.001 |
|       inst/grp_dataflow_out_channel_1_fu_558/dataflow_out_channel_U0/grp_dataflow_in_channels_fu_614/weightsbuf_9_0_U/dataflow_in_channibs_memcore_U/dataflow_in_channibs_memcore_ram_U/ram_reg_0_31_0_5  |    <0.001 |
|       inst/grp_dataflow_out_channel_1_fu_558/dataflow_out_channel_U0/grp_dataflow_in_channels_fu_614/weightsbuf_9_0_U/dataflow_in_channibs_memcore_U/dataflow_in_channibs_memcore_ram_U/ram_reg_0_31_6_9  |    <0.001 |
|       inst/grp_dataflow_out_channel_1_fu_558/dataflow_out_channel_U0/grp_dataflow_in_channels_fu_614/weightsbuf_9_1_U/dataflow_in_channibs_memcore_U/dataflow_in_channibs_memcore_ram_U/ram_reg_0_31_0_5  |    <0.001 |
|       inst/grp_dataflow_out_channel_1_fu_558/dataflow_out_channel_U0/grp_dataflow_in_channels_fu_614/weightsbuf_9_1_U/dataflow_in_channibs_memcore_U/dataflow_in_channibs_memcore_ram_U/ram_reg_0_31_6_9  |    <0.001 |
|       inst/grp_dataflow_out_channel_1_fu_558/dataflow_out_channel_U0/grp_dataflow_in_channels_fu_614/weightsbuf_9_2_U/dataflow_in_channibs_memcore_U/dataflow_in_channibs_memcore_ram_U/ram_reg_0_31_0_5  |    <0.001 |
|       inst/grp_dataflow_out_channel_1_fu_558/dataflow_out_channel_U0/grp_dataflow_in_channels_fu_614/weightsbuf_9_2_U/dataflow_in_channibs_memcore_U/dataflow_in_channibs_memcore_ram_U/ram_reg_0_31_6_9  |    <0.001 |
+-----------------------------------------------------------------------------------------------------------------------------------------------------------------------------------------------------------+-----------+


