

================================================================
== Vivado HLS Report for 'dataflow_out_channel'
================================================================
* Date:           Tue Nov 28 10:42:51 2017

* Version:        2017.3 (Build 2018833 on Wed Oct 04 20:30:40 MDT 2017)
* Project:        Prova_casa
* Solution:       solution1
* Product family: zynq
* Target device:  xc7z020clg484-1


================================================================
== Performance Estimates
================================================================
+ Timing (ns): 
    * Summary: 
    +--------+-------+----------+------------+
    |  Clock | Target| Estimated| Uncertainty|
    +--------+-------+----------+------------+
    |ap_clk  |  10.00|      9.63|        1.25|
    +--------+-------+----------+------------+

+ Latency (clock cycles): 
    * Summary: 
    +------+-------+------+-------+---------+
    |    Latency   |   Interval   | Pipeline|
    |  min |  max  |  min |  max  |   Type  |
    +------+-------+------+-------+---------+
    |  1196|  27078|  1196|  27078|   none  |
    +------+-------+------+-------+---------+

    + Detail: 
        * Instance: 
        +---------------------------------+----------------------+------+------+------+------+----------+
        |                                 |                      |   Latency   |   Interval  | Pipeline |
        |             Instance            |        Module        |  min |  max |  min |  max |   Type   |
        +---------------------------------+----------------------+------+------+------+------+----------+
        |grp_dataflow_in_channels_fu_614  |dataflow_in_channels  |  1158|  9012|  1159|  9012| dataflow |
        +---------------------------------+----------------------+------+------+------+------+----------+

        * Loop: 
        +-----------+------+-------+-------------+-----------+-----------+-------+----------+
        |           |    Latency   |  Iteration  |  Initiation Interval  |  Trip |          |
        | Loop Name |  min |  max  |   Latency   |  achieved |   target  | Count | Pipelined|
        +-----------+------+-------+-------------+-----------+-----------+-------+----------+
        |- ti_loop  |  1160|  27042| 1160 ~ 9014 |          -|          -| 1 ~ 3 |    no    |
        +-----------+------+-------+-------------+-----------+-----------+-------+----------+



================================================================
== Utilization Estimates
================================================================
* Summary: 
+-----------------+---------+-------+--------+-------+
|       Name      | BRAM_18K| DSP48E|   FF   |  LUT  |
+-----------------+---------+-------+--------+-------+
|DSP              |        -|      -|       -|      -|
|Expression       |        -|      -|       0|    151|
|FIFO             |        -|      -|       -|      -|
|Instance         |        6|    164|   10263|  18224|
|Memory           |        -|      -|       -|      -|
|Multiplexer      |        -|      -|       -|    308|
|Register         |        -|      -|     169|      -|
+-----------------+---------+-------+--------+-------+
|Total            |        6|    164|   10432|  18683|
+-----------------+---------+-------+--------+-------+
|Available        |      280|    220|  106400|  53200|
+-----------------+---------+-------+--------+-------+
|Utilization (%)  |        2|     74|       9|     35|
+-----------------+---------+-------+--------+-------+

+ Detail: 
    * Instance: 
    +---------------------------------+----------------------+---------+-------+------+-------+
    |             Instance            |        Module        | BRAM_18K| DSP48E|  FF  |  LUT  |
    +---------------------------------+----------------------+---------+-------+------+-------+
    |grp_dataflow_in_channels_fu_614  |dataflow_in_channels  |        6|    164|  9869|  17986|
    |zhang_cnn_srem_32bHp_U529        |zhang_cnn_srem_32bHp  |        0|      0|   394|    238|
    +---------------------------------+----------------------+---------+-------+------+-------+
    |Total                            |                      |        6|    164| 10263|  18224|
    +---------------------------------+----------------------+---------+-------+------+-------+

    * DSP48: 
    N/A

    * Memory: 
    N/A

    * FIFO: 
    N/A

    * Expression: 
    +------------------+----------+-------+---+----+------------+------------+
    |   Variable Name  | Operation| DSP48E| FF| LUT| Bitwidth P0| Bitwidth P1|
    +------------------+----------+-------+---+----+------------+------------+
    |grp_fu_931_p0     |     +    |      0|  0|  39|          32|           2|
    |ti_fu_947_p2      |     +    |      0|  0|  39|          32|           2|
    |tmp_65_fu_937_p2  |     -    |      0|  0|  39|          32|          32|
    |tmp_66_fu_942_p2  |   icmp   |      0|  0|  18|          32|          32|
    |ap_block_state1   |    or    |      0|  0|   8|           1|           1|
    |ap_block_state36  |    or    |      0|  0|   8|           1|           1|
    +------------------+----------+-------+---+----+------------+------------+
    |Total             |          |      0|  0| 151|         130|          70|
    +------------------+----------+-------+---+----+------------+------------+

    * Multiplexer: 
    +--------------------------------------------------+-----+-----------+-----+-----------+
    |                       Name                       | LUT | Input Size| Bits| Total Bits|
    +--------------------------------------------------+-----+-----------+-----+-----------+
    |ap_NS_fsm                                         |  173|         39|    1|         39|
    |ap_done                                           |    9|          2|    1|          2|
    |ap_sync_grp_dataflow_in_channels_fu_614_ap_ready  |    9|          2|    1|          2|
    |col_out_blk_n                                     |    9|          2|    1|          2|
    |curr_layer_out_ch_out_blk_n                       |    9|          2|    1|          2|
    |curr_layer_out_h_out_blk_n                        |    9|          2|    1|          2|
    |curr_layer_out_w_out_blk_n                        |    9|          2|    1|          2|
    |m_axi_weights_ARVALID                             |    9|          2|    1|          2|
    |m_axi_weights_RREADY                              |    9|          2|    1|          2|
    |out_offset_out_blk_n                              |    9|          2|    1|          2|
    |output_offset_out_blk_n                           |    9|          2|    1|          2|
    |quantized_multiplier_out_blk_n                    |    9|          2|    1|          2|
    |right_shift_out_blk_n                             |    9|          2|    1|          2|
    |row_out_blk_n                                     |    9|          2|    1|          2|
    |ti_i_i_i_i_i_reg_602                              |    9|          2|   32|         64|
    |to_out_blk_n                                      |    9|          2|    1|          2|
    +--------------------------------------------------+-----+-----------+-----+-----------+
    |Total                                             |  308|         69|   47|        131|
    +--------------------------------------------------+-----+-----------+-----+-----------+

    * Register: 
    +------------------------------------------------------+----+----+-----+-----------+
    |                         Name                         | FF | LUT| Bits| Const Bits|
    +------------------------------------------------------+----+----+-----+-----------+
    |ap_CS_fsm                                             |  38|   0|   38|          0|
    |ap_done_reg                                           |   1|   0|    1|          0|
    |ap_reg_grp_dataflow_in_channels_fu_614_ap_start       |   1|   0|    1|          0|
    |ap_sync_reg_grp_dataflow_in_channels_fu_614_ap_ready  |   1|   0|    1|          0|
    |ti_i_i_i_i_i_reg_602                                  |  32|   0|   32|          0|
    |ti_reg_1052                                           |  32|   0|   32|          0|
    |tmp_65_reg_1044                                       |  32|   0|   32|          0|
    |tmp_reg_958                                           |  32|   0|   32|          0|
    +------------------------------------------------------+----+----+-----+-----------+
    |Total                                                 | 169|   0|  169|          0|
    +------------------------------------------------------+----+----+-----+-----------+



================================================================
== Interface
================================================================
* Summary: 
+---------------------------------+-----+-----+------------+--------------------------+--------------+
|            RTL Ports            | Dir | Bits|  Protocol  |       Source Object      |    C Type    |
+---------------------------------+-----+-----+------------+--------------------------+--------------+
|ap_clk                           |  in |    1| ap_ctrl_hs |   dataflow_out_channel   | return value |
|ap_rst                           |  in |    1| ap_ctrl_hs |   dataflow_out_channel   | return value |
|ap_start                         |  in |    1| ap_ctrl_hs |   dataflow_out_channel   | return value |
|ap_done                          | out |    1| ap_ctrl_hs |   dataflow_out_channel   | return value |
|ap_continue                      |  in |    1| ap_ctrl_hs |   dataflow_out_channel   | return value |
|ap_idle                          | out |    1| ap_ctrl_hs |   dataflow_out_channel   | return value |
|ap_ready                         | out |    1| ap_ctrl_hs |   dataflow_out_channel   | return value |
|curr_layer_in_ch                 |  in |   32|   ap_none  |     curr_layer_in_ch     |    scalar    |
|m_axi_weights_AWVALID            | out |    1|    m_axi   |          weights         |    pointer   |
|m_axi_weights_AWREADY            |  in |    1|    m_axi   |          weights         |    pointer   |
|m_axi_weights_AWADDR             | out |   32|    m_axi   |          weights         |    pointer   |
|m_axi_weights_AWID               | out |    1|    m_axi   |          weights         |    pointer   |
|m_axi_weights_AWLEN              | out |   32|    m_axi   |          weights         |    pointer   |
|m_axi_weights_AWSIZE             | out |    3|    m_axi   |          weights         |    pointer   |
|m_axi_weights_AWBURST            | out |    2|    m_axi   |          weights         |    pointer   |
|m_axi_weights_AWLOCK             | out |    2|    m_axi   |          weights         |    pointer   |
|m_axi_weights_AWCACHE            | out |    4|    m_axi   |          weights         |    pointer   |
|m_axi_weights_AWPROT             | out |    3|    m_axi   |          weights         |    pointer   |
|m_axi_weights_AWQOS              | out |    4|    m_axi   |          weights         |    pointer   |
|m_axi_weights_AWREGION           | out |    4|    m_axi   |          weights         |    pointer   |
|m_axi_weights_AWUSER             | out |    1|    m_axi   |          weights         |    pointer   |
|m_axi_weights_WVALID             | out |    1|    m_axi   |          weights         |    pointer   |
|m_axi_weights_WREADY             |  in |    1|    m_axi   |          weights         |    pointer   |
|m_axi_weights_WDATA              | out |    8|    m_axi   |          weights         |    pointer   |
|m_axi_weights_WSTRB              | out |    1|    m_axi   |          weights         |    pointer   |
|m_axi_weights_WLAST              | out |    1|    m_axi   |          weights         |    pointer   |
|m_axi_weights_WID                | out |    1|    m_axi   |          weights         |    pointer   |
|m_axi_weights_WUSER              | out |    1|    m_axi   |          weights         |    pointer   |
|m_axi_weights_ARVALID            | out |    1|    m_axi   |          weights         |    pointer   |
|m_axi_weights_ARREADY            |  in |    1|    m_axi   |          weights         |    pointer   |
|m_axi_weights_ARADDR             | out |   32|    m_axi   |          weights         |    pointer   |
|m_axi_weights_ARID               | out |    1|    m_axi   |          weights         |    pointer   |
|m_axi_weights_ARLEN              | out |   32|    m_axi   |          weights         |    pointer   |
|m_axi_weights_ARSIZE             | out |    3|    m_axi   |          weights         |    pointer   |
|m_axi_weights_ARBURST            | out |    2|    m_axi   |          weights         |    pointer   |
|m_axi_weights_ARLOCK             | out |    2|    m_axi   |          weights         |    pointer   |
|m_axi_weights_ARCACHE            | out |    4|    m_axi   |          weights         |    pointer   |
|m_axi_weights_ARPROT             | out |    3|    m_axi   |          weights         |    pointer   |
|m_axi_weights_ARQOS              | out |    4|    m_axi   |          weights         |    pointer   |
|m_axi_weights_ARREGION           | out |    4|    m_axi   |          weights         |    pointer   |
|m_axi_weights_ARUSER             | out |    1|    m_axi   |          weights         |    pointer   |
|m_axi_weights_RVALID             |  in |    1|    m_axi   |          weights         |    pointer   |
|m_axi_weights_RREADY             | out |    1|    m_axi   |          weights         |    pointer   |
|m_axi_weights_RDATA              |  in |    8|    m_axi   |          weights         |    pointer   |
|m_axi_weights_RLAST              |  in |    1|    m_axi   |          weights         |    pointer   |
|m_axi_weights_RID                |  in |    1|    m_axi   |          weights         |    pointer   |
|m_axi_weights_RUSER              |  in |    1|    m_axi   |          weights         |    pointer   |
|m_axi_weights_RRESP              |  in |    2|    m_axi   |          weights         |    pointer   |
|m_axi_weights_BVALID             |  in |    1|    m_axi   |          weights         |    pointer   |
|m_axi_weights_BREADY             | out |    1|    m_axi   |          weights         |    pointer   |
|m_axi_weights_BRESP              |  in |    2|    m_axi   |          weights         |    pointer   |
|m_axi_weights_BID                |  in |    1|    m_axi   |          weights         |    pointer   |
|m_axi_weights_BUSER              |  in |    1|    m_axi   |          weights         |    pointer   |
|weights_offset                   |  in |   32|   ap_none  |      weights_offset      |    scalar    |
|image_offset                     |  in |   32|   ap_none  |       image_offset       |    scalar    |
|curr_layer_in_w                  |  in |   32|   ap_none  |      curr_layer_in_w     |    scalar    |
|curr_layer_in_h                  |  in |   32|   ap_none  |      curr_layer_in_h     |    scalar    |
|curr_layer_out_w                 |  in |   32|   ap_none  |     curr_layer_out_w     |    scalar    |
|curr_layer_out_h                 |  in |   32|   ap_none  |     curr_layer_out_h     |    scalar    |
|curr_layer_out_ch                |  in |   32|   ap_none  |     curr_layer_out_ch    |    scalar    |
|curr_layer_ker_w                 |  in |   32|   ap_none  |     curr_layer_ker_w     |    scalar    |
|curr_layer_ker_h                 |  in |   32|   ap_none  |     curr_layer_ker_h     |    scalar    |
|curr_layer_str_w                 |  in |   32|   ap_none  |     curr_layer_str_w     |    scalar    |
|curr_layer_str_h                 |  in |   32|   ap_none  |     curr_layer_str_h     |    scalar    |
|to_r                             |  in |   32|   ap_none  |           to_r           |    scalar    |
|row                              |  in |   32|   ap_none  |            row           |    scalar    |
|col                              |  in |   32|   ap_none  |            col           |    scalar    |
|partial_outputfm_0_address0      | out |   10|  ap_memory |    partial_outputfm_0    |     array    |
|partial_outputfm_0_ce0           | out |    1|  ap_memory |    partial_outputfm_0    |     array    |
|partial_outputfm_0_q0            |  in |   27|  ap_memory |    partial_outputfm_0    |     array    |
|partial_outputfm_0_address1      | out |   10|  ap_memory |    partial_outputfm_0    |     array    |
|partial_outputfm_0_ce1           | out |    1|  ap_memory |    partial_outputfm_0    |     array    |
|partial_outputfm_0_we1           | out |    1|  ap_memory |    partial_outputfm_0    |     array    |
|partial_outputfm_0_d1            | out |   27|  ap_memory |    partial_outputfm_0    |     array    |
|partial_outputfm_1_address0      | out |   10|  ap_memory |    partial_outputfm_1    |     array    |
|partial_outputfm_1_ce0           | out |    1|  ap_memory |    partial_outputfm_1    |     array    |
|partial_outputfm_1_q0            |  in |   27|  ap_memory |    partial_outputfm_1    |     array    |
|partial_outputfm_1_address1      | out |   10|  ap_memory |    partial_outputfm_1    |     array    |
|partial_outputfm_1_ce1           | out |    1|  ap_memory |    partial_outputfm_1    |     array    |
|partial_outputfm_1_we1           | out |    1|  ap_memory |    partial_outputfm_1    |     array    |
|partial_outputfm_1_d1            | out |   27|  ap_memory |    partial_outputfm_1    |     array    |
|partial_outputfm_2_address0      | out |   10|  ap_memory |    partial_outputfm_2    |     array    |
|partial_outputfm_2_ce0           | out |    1|  ap_memory |    partial_outputfm_2    |     array    |
|partial_outputfm_2_q0            |  in |   27|  ap_memory |    partial_outputfm_2    |     array    |
|partial_outputfm_2_address1      | out |   10|  ap_memory |    partial_outputfm_2    |     array    |
|partial_outputfm_2_ce1           | out |    1|  ap_memory |    partial_outputfm_2    |     array    |
|partial_outputfm_2_we1           | out |    1|  ap_memory |    partial_outputfm_2    |     array    |
|partial_outputfm_2_d1            | out |   27|  ap_memory |    partial_outputfm_2    |     array    |
|partial_outputfm_3_address0      | out |   10|  ap_memory |    partial_outputfm_3    |     array    |
|partial_outputfm_3_ce0           | out |    1|  ap_memory |    partial_outputfm_3    |     array    |
|partial_outputfm_3_q0            |  in |   27|  ap_memory |    partial_outputfm_3    |     array    |
|partial_outputfm_3_address1      | out |   10|  ap_memory |    partial_outputfm_3    |     array    |
|partial_outputfm_3_ce1           | out |    1|  ap_memory |    partial_outputfm_3    |     array    |
|partial_outputfm_3_we1           | out |    1|  ap_memory |    partial_outputfm_3    |     array    |
|partial_outputfm_3_d1            | out |   27|  ap_memory |    partial_outputfm_3    |     array    |
|partial_outputfm_4_address0      | out |   10|  ap_memory |    partial_outputfm_4    |     array    |
|partial_outputfm_4_ce0           | out |    1|  ap_memory |    partial_outputfm_4    |     array    |
|partial_outputfm_4_q0            |  in |   27|  ap_memory |    partial_outputfm_4    |     array    |
|partial_outputfm_4_address1      | out |   10|  ap_memory |    partial_outputfm_4    |     array    |
|partial_outputfm_4_ce1           | out |    1|  ap_memory |    partial_outputfm_4    |     array    |
|partial_outputfm_4_we1           | out |    1|  ap_memory |    partial_outputfm_4    |     array    |
|partial_outputfm_4_d1            | out |   27|  ap_memory |    partial_outputfm_4    |     array    |
|partial_outputfm_5_address0      | out |   10|  ap_memory |    partial_outputfm_5    |     array    |
|partial_outputfm_5_ce0           | out |    1|  ap_memory |    partial_outputfm_5    |     array    |
|partial_outputfm_5_q0            |  in |   27|  ap_memory |    partial_outputfm_5    |     array    |
|partial_outputfm_5_address1      | out |   10|  ap_memory |    partial_outputfm_5    |     array    |
|partial_outputfm_5_ce1           | out |    1|  ap_memory |    partial_outputfm_5    |     array    |
|partial_outputfm_5_we1           | out |    1|  ap_memory |    partial_outputfm_5    |     array    |
|partial_outputfm_5_d1            | out |   27|  ap_memory |    partial_outputfm_5    |     array    |
|partial_outputfm_6_address0      | out |   10|  ap_memory |    partial_outputfm_6    |     array    |
|partial_outputfm_6_ce0           | out |    1|  ap_memory |    partial_outputfm_6    |     array    |
|partial_outputfm_6_q0            |  in |   27|  ap_memory |    partial_outputfm_6    |     array    |
|partial_outputfm_6_address1      | out |   10|  ap_memory |    partial_outputfm_6    |     array    |
|partial_outputfm_6_ce1           | out |    1|  ap_memory |    partial_outputfm_6    |     array    |
|partial_outputfm_6_we1           | out |    1|  ap_memory |    partial_outputfm_6    |     array    |
|partial_outputfm_6_d1            | out |   27|  ap_memory |    partial_outputfm_6    |     array    |
|partial_outputfm_7_address0      | out |   10|  ap_memory |    partial_outputfm_7    |     array    |
|partial_outputfm_7_ce0           | out |    1|  ap_memory |    partial_outputfm_7    |     array    |
|partial_outputfm_7_q0            |  in |   27|  ap_memory |    partial_outputfm_7    |     array    |
|partial_outputfm_7_address1      | out |   10|  ap_memory |    partial_outputfm_7    |     array    |
|partial_outputfm_7_ce1           | out |    1|  ap_memory |    partial_outputfm_7    |     array    |
|partial_outputfm_7_we1           | out |    1|  ap_memory |    partial_outputfm_7    |     array    |
|partial_outputfm_7_d1            | out |   27|  ap_memory |    partial_outputfm_7    |     array    |
|partial_outputfm_8_address0      | out |   10|  ap_memory |    partial_outputfm_8    |     array    |
|partial_outputfm_8_ce0           | out |    1|  ap_memory |    partial_outputfm_8    |     array    |
|partial_outputfm_8_q0            |  in |   27|  ap_memory |    partial_outputfm_8    |     array    |
|partial_outputfm_8_address1      | out |   10|  ap_memory |    partial_outputfm_8    |     array    |
|partial_outputfm_8_ce1           | out |    1|  ap_memory |    partial_outputfm_8    |     array    |
|partial_outputfm_8_we1           | out |    1|  ap_memory |    partial_outputfm_8    |     array    |
|partial_outputfm_8_d1            | out |   27|  ap_memory |    partial_outputfm_8    |     array    |
|partial_outputfm_9_address0      | out |   10|  ap_memory |    partial_outputfm_9    |     array    |
|partial_outputfm_9_ce0           | out |    1|  ap_memory |    partial_outputfm_9    |     array    |
|partial_outputfm_9_q0            |  in |   27|  ap_memory |    partial_outputfm_9    |     array    |
|partial_outputfm_9_address1      | out |   10|  ap_memory |    partial_outputfm_9    |     array    |
|partial_outputfm_9_ce1           | out |    1|  ap_memory |    partial_outputfm_9    |     array    |
|partial_outputfm_9_we1           | out |    1|  ap_memory |    partial_outputfm_9    |     array    |
|partial_outputfm_9_d1            | out |   27|  ap_memory |    partial_outputfm_9    |     array    |
|partial_outputfm_10_address0     | out |   10|  ap_memory |    partial_outputfm_10   |     array    |
|partial_outputfm_10_ce0          | out |    1|  ap_memory |    partial_outputfm_10   |     array    |
|partial_outputfm_10_q0           |  in |   27|  ap_memory |    partial_outputfm_10   |     array    |
|partial_outputfm_10_address1     | out |   10|  ap_memory |    partial_outputfm_10   |     array    |
|partial_outputfm_10_ce1          | out |    1|  ap_memory |    partial_outputfm_10   |     array    |
|partial_outputfm_10_we1          | out |    1|  ap_memory |    partial_outputfm_10   |     array    |
|partial_outputfm_10_d1           | out |   27|  ap_memory |    partial_outputfm_10   |     array    |
|partial_outputfm_11_address0     | out |   10|  ap_memory |    partial_outputfm_11   |     array    |
|partial_outputfm_11_ce0          | out |    1|  ap_memory |    partial_outputfm_11   |     array    |
|partial_outputfm_11_q0           |  in |   27|  ap_memory |    partial_outputfm_11   |     array    |
|partial_outputfm_11_address1     | out |   10|  ap_memory |    partial_outputfm_11   |     array    |
|partial_outputfm_11_ce1          | out |    1|  ap_memory |    partial_outputfm_11   |     array    |
|partial_outputfm_11_we1          | out |    1|  ap_memory |    partial_outputfm_11   |     array    |
|partial_outputfm_11_d1           | out |   27|  ap_memory |    partial_outputfm_11   |     array    |
|partial_outputfm_12_address0     | out |   10|  ap_memory |    partial_outputfm_12   |     array    |
|partial_outputfm_12_ce0          | out |    1|  ap_memory |    partial_outputfm_12   |     array    |
|partial_outputfm_12_q0           |  in |   27|  ap_memory |    partial_outputfm_12   |     array    |
|partial_outputfm_12_address1     | out |   10|  ap_memory |    partial_outputfm_12   |     array    |
|partial_outputfm_12_ce1          | out |    1|  ap_memory |    partial_outputfm_12   |     array    |
|partial_outputfm_12_we1          | out |    1|  ap_memory |    partial_outputfm_12   |     array    |
|partial_outputfm_12_d1           | out |   27|  ap_memory |    partial_outputfm_12   |     array    |
|partial_outputfm_13_address0     | out |   10|  ap_memory |    partial_outputfm_13   |     array    |
|partial_outputfm_13_ce0          | out |    1|  ap_memory |    partial_outputfm_13   |     array    |
|partial_outputfm_13_q0           |  in |   27|  ap_memory |    partial_outputfm_13   |     array    |
|partial_outputfm_13_address1     | out |   10|  ap_memory |    partial_outputfm_13   |     array    |
|partial_outputfm_13_ce1          | out |    1|  ap_memory |    partial_outputfm_13   |     array    |
|partial_outputfm_13_we1          | out |    1|  ap_memory |    partial_outputfm_13   |     array    |
|partial_outputfm_13_d1           | out |   27|  ap_memory |    partial_outputfm_13   |     array    |
|partial_outputfm_14_address0     | out |   10|  ap_memory |    partial_outputfm_14   |     array    |
|partial_outputfm_14_ce0          | out |    1|  ap_memory |    partial_outputfm_14   |     array    |
|partial_outputfm_14_q0           |  in |   27|  ap_memory |    partial_outputfm_14   |     array    |
|partial_outputfm_14_address1     | out |   10|  ap_memory |    partial_outputfm_14   |     array    |
|partial_outputfm_14_ce1          | out |    1|  ap_memory |    partial_outputfm_14   |     array    |
|partial_outputfm_14_we1          | out |    1|  ap_memory |    partial_outputfm_14   |     array    |
|partial_outputfm_14_d1           | out |   27|  ap_memory |    partial_outputfm_14   |     array    |
|partial_outputfm_15_address0     | out |   10|  ap_memory |    partial_outputfm_15   |     array    |
|partial_outputfm_15_ce0          | out |    1|  ap_memory |    partial_outputfm_15   |     array    |
|partial_outputfm_15_q0           |  in |   27|  ap_memory |    partial_outputfm_15   |     array    |
|partial_outputfm_15_address1     | out |   10|  ap_memory |    partial_outputfm_15   |     array    |
|partial_outputfm_15_ce1          | out |    1|  ap_memory |    partial_outputfm_15   |     array    |
|partial_outputfm_15_we1          | out |    1|  ap_memory |    partial_outputfm_15   |     array    |
|partial_outputfm_15_d1           | out |   27|  ap_memory |    partial_outputfm_15   |     array    |
|partial_outputfm_16_address0     | out |   10|  ap_memory |    partial_outputfm_16   |     array    |
|partial_outputfm_16_ce0          | out |    1|  ap_memory |    partial_outputfm_16   |     array    |
|partial_outputfm_16_q0           |  in |   27|  ap_memory |    partial_outputfm_16   |     array    |
|partial_outputfm_16_address1     | out |   10|  ap_memory |    partial_outputfm_16   |     array    |
|partial_outputfm_16_ce1          | out |    1|  ap_memory |    partial_outputfm_16   |     array    |
|partial_outputfm_16_we1          | out |    1|  ap_memory |    partial_outputfm_16   |     array    |
|partial_outputfm_16_d1           | out |   27|  ap_memory |    partial_outputfm_16   |     array    |
|partial_outputfm_17_address0     | out |   10|  ap_memory |    partial_outputfm_17   |     array    |
|partial_outputfm_17_ce0          | out |    1|  ap_memory |    partial_outputfm_17   |     array    |
|partial_outputfm_17_q0           |  in |   27|  ap_memory |    partial_outputfm_17   |     array    |
|partial_outputfm_17_address1     | out |   10|  ap_memory |    partial_outputfm_17   |     array    |
|partial_outputfm_17_ce1          | out |    1|  ap_memory |    partial_outputfm_17   |     array    |
|partial_outputfm_17_we1          | out |    1|  ap_memory |    partial_outputfm_17   |     array    |
|partial_outputfm_17_d1           | out |   27|  ap_memory |    partial_outputfm_17   |     array    |
|partial_outputfm_18_address0     | out |   10|  ap_memory |    partial_outputfm_18   |     array    |
|partial_outputfm_18_ce0          | out |    1|  ap_memory |    partial_outputfm_18   |     array    |
|partial_outputfm_18_q0           |  in |   27|  ap_memory |    partial_outputfm_18   |     array    |
|partial_outputfm_18_address1     | out |   10|  ap_memory |    partial_outputfm_18   |     array    |
|partial_outputfm_18_ce1          | out |    1|  ap_memory |    partial_outputfm_18   |     array    |
|partial_outputfm_18_we1          | out |    1|  ap_memory |    partial_outputfm_18   |     array    |
|partial_outputfm_18_d1           | out |   27|  ap_memory |    partial_outputfm_18   |     array    |
|partial_outputfm_19_address0     | out |   10|  ap_memory |    partial_outputfm_19   |     array    |
|partial_outputfm_19_ce0          | out |    1|  ap_memory |    partial_outputfm_19   |     array    |
|partial_outputfm_19_q0           |  in |   27|  ap_memory |    partial_outputfm_19   |     array    |
|partial_outputfm_19_address1     | out |   10|  ap_memory |    partial_outputfm_19   |     array    |
|partial_outputfm_19_ce1          | out |    1|  ap_memory |    partial_outputfm_19   |     array    |
|partial_outputfm_19_we1          | out |    1|  ap_memory |    partial_outputfm_19   |     array    |
|partial_outputfm_19_d1           | out |   27|  ap_memory |    partial_outputfm_19   |     array    |
|partial_outputfm_20_address0     | out |   10|  ap_memory |    partial_outputfm_20   |     array    |
|partial_outputfm_20_ce0          | out |    1|  ap_memory |    partial_outputfm_20   |     array    |
|partial_outputfm_20_q0           |  in |   27|  ap_memory |    partial_outputfm_20   |     array    |
|partial_outputfm_20_address1     | out |   10|  ap_memory |    partial_outputfm_20   |     array    |
|partial_outputfm_20_ce1          | out |    1|  ap_memory |    partial_outputfm_20   |     array    |
|partial_outputfm_20_we1          | out |    1|  ap_memory |    partial_outputfm_20   |     array    |
|partial_outputfm_20_d1           | out |   27|  ap_memory |    partial_outputfm_20   |     array    |
|partial_outputfm_21_address0     | out |   10|  ap_memory |    partial_outputfm_21   |     array    |
|partial_outputfm_21_ce0          | out |    1|  ap_memory |    partial_outputfm_21   |     array    |
|partial_outputfm_21_q0           |  in |   27|  ap_memory |    partial_outputfm_21   |     array    |
|partial_outputfm_21_address1     | out |   10|  ap_memory |    partial_outputfm_21   |     array    |
|partial_outputfm_21_ce1          | out |    1|  ap_memory |    partial_outputfm_21   |     array    |
|partial_outputfm_21_we1          | out |    1|  ap_memory |    partial_outputfm_21   |     array    |
|partial_outputfm_21_d1           | out |   27|  ap_memory |    partial_outputfm_21   |     array    |
|partial_outputfm_22_address0     | out |   10|  ap_memory |    partial_outputfm_22   |     array    |
|partial_outputfm_22_ce0          | out |    1|  ap_memory |    partial_outputfm_22   |     array    |
|partial_outputfm_22_q0           |  in |   27|  ap_memory |    partial_outputfm_22   |     array    |
|partial_outputfm_22_address1     | out |   10|  ap_memory |    partial_outputfm_22   |     array    |
|partial_outputfm_22_ce1          | out |    1|  ap_memory |    partial_outputfm_22   |     array    |
|partial_outputfm_22_we1          | out |    1|  ap_memory |    partial_outputfm_22   |     array    |
|partial_outputfm_22_d1           | out |   27|  ap_memory |    partial_outputfm_22   |     array    |
|partial_outputfm_23_address0     | out |   10|  ap_memory |    partial_outputfm_23   |     array    |
|partial_outputfm_23_ce0          | out |    1|  ap_memory |    partial_outputfm_23   |     array    |
|partial_outputfm_23_q0           |  in |   27|  ap_memory |    partial_outputfm_23   |     array    |
|partial_outputfm_23_address1     | out |   10|  ap_memory |    partial_outputfm_23   |     array    |
|partial_outputfm_23_ce1          | out |    1|  ap_memory |    partial_outputfm_23   |     array    |
|partial_outputfm_23_we1          | out |    1|  ap_memory |    partial_outputfm_23   |     array    |
|partial_outputfm_23_d1           | out |   27|  ap_memory |    partial_outputfm_23   |     array    |
|partial_outputfm_24_address0     | out |   10|  ap_memory |    partial_outputfm_24   |     array    |
|partial_outputfm_24_ce0          | out |    1|  ap_memory |    partial_outputfm_24   |     array    |
|partial_outputfm_24_q0           |  in |   27|  ap_memory |    partial_outputfm_24   |     array    |
|partial_outputfm_24_address1     | out |   10|  ap_memory |    partial_outputfm_24   |     array    |
|partial_outputfm_24_ce1          | out |    1|  ap_memory |    partial_outputfm_24   |     array    |
|partial_outputfm_24_we1          | out |    1|  ap_memory |    partial_outputfm_24   |     array    |
|partial_outputfm_24_d1           | out |   27|  ap_memory |    partial_outputfm_24   |     array    |
|partial_outputfm_25_address0     | out |   10|  ap_memory |    partial_outputfm_25   |     array    |
|partial_outputfm_25_ce0          | out |    1|  ap_memory |    partial_outputfm_25   |     array    |
|partial_outputfm_25_q0           |  in |   27|  ap_memory |    partial_outputfm_25   |     array    |
|partial_outputfm_25_address1     | out |   10|  ap_memory |    partial_outputfm_25   |     array    |
|partial_outputfm_25_ce1          | out |    1|  ap_memory |    partial_outputfm_25   |     array    |
|partial_outputfm_25_we1          | out |    1|  ap_memory |    partial_outputfm_25   |     array    |
|partial_outputfm_25_d1           | out |   27|  ap_memory |    partial_outputfm_25   |     array    |
|partial_outputfm_26_address0     | out |   10|  ap_memory |    partial_outputfm_26   |     array    |
|partial_outputfm_26_ce0          | out |    1|  ap_memory |    partial_outputfm_26   |     array    |
|partial_outputfm_26_q0           |  in |   27|  ap_memory |    partial_outputfm_26   |     array    |
|partial_outputfm_26_address1     | out |   10|  ap_memory |    partial_outputfm_26   |     array    |
|partial_outputfm_26_ce1          | out |    1|  ap_memory |    partial_outputfm_26   |     array    |
|partial_outputfm_26_we1          | out |    1|  ap_memory |    partial_outputfm_26   |     array    |
|partial_outputfm_26_d1           | out |   27|  ap_memory |    partial_outputfm_26   |     array    |
|partial_outputfm_27_address0     | out |   10|  ap_memory |    partial_outputfm_27   |     array    |
|partial_outputfm_27_ce0          | out |    1|  ap_memory |    partial_outputfm_27   |     array    |
|partial_outputfm_27_q0           |  in |   27|  ap_memory |    partial_outputfm_27   |     array    |
|partial_outputfm_27_address1     | out |   10|  ap_memory |    partial_outputfm_27   |     array    |
|partial_outputfm_27_ce1          | out |    1|  ap_memory |    partial_outputfm_27   |     array    |
|partial_outputfm_27_we1          | out |    1|  ap_memory |    partial_outputfm_27   |     array    |
|partial_outputfm_27_d1           | out |   27|  ap_memory |    partial_outputfm_27   |     array    |
|input_offset                     |  in |   32|   ap_none  |       input_offset       |    scalar    |
|weights_offset_10                |  in |   32|   ap_none  |     weights_offset_10    |    scalar    |
|output_offset                    |  in |   32|   ap_none  |       output_offset      |    scalar    |
|quantized_multiplier             |  in |   32|   ap_none  |   quantized_multiplier   |    scalar    |
|right_shift                      |  in |   32|   ap_none  |        right_shift       |    scalar    |
|curr_layer_out_w_out_din         | out |   32|   ap_fifo  |   curr_layer_out_w_out   |    pointer   |
|curr_layer_out_w_out_full_n      |  in |    1|   ap_fifo  |   curr_layer_out_w_out   |    pointer   |
|curr_layer_out_w_out_write       | out |    1|   ap_fifo  |   curr_layer_out_w_out   |    pointer   |
|curr_layer_out_h_out_din         | out |   32|   ap_fifo  |   curr_layer_out_h_out   |    pointer   |
|curr_layer_out_h_out_full_n      |  in |    1|   ap_fifo  |   curr_layer_out_h_out   |    pointer   |
|curr_layer_out_h_out_write       | out |    1|   ap_fifo  |   curr_layer_out_h_out   |    pointer   |
|curr_layer_out_ch_out_din        | out |   32|   ap_fifo  |   curr_layer_out_ch_out  |    pointer   |
|curr_layer_out_ch_out_full_n     |  in |    1|   ap_fifo  |   curr_layer_out_ch_out  |    pointer   |
|curr_layer_out_ch_out_write      | out |    1|   ap_fifo  |   curr_layer_out_ch_out  |    pointer   |
|to_out_din                       | out |   32|   ap_fifo  |          to_out          |    pointer   |
|to_out_full_n                    |  in |    1|   ap_fifo  |          to_out          |    pointer   |
|to_out_write                     | out |    1|   ap_fifo  |          to_out          |    pointer   |
|row_out_din                      | out |   32|   ap_fifo  |          row_out         |    pointer   |
|row_out_full_n                   |  in |    1|   ap_fifo  |          row_out         |    pointer   |
|row_out_write                    | out |    1|   ap_fifo  |          row_out         |    pointer   |
|col_out_din                      | out |   32|   ap_fifo  |          col_out         |    pointer   |
|col_out_full_n                   |  in |    1|   ap_fifo  |          col_out         |    pointer   |
|col_out_write                    | out |    1|   ap_fifo  |          col_out         |    pointer   |
|output_offset_out_din            | out |   32|   ap_fifo  |     output_offset_out    |    pointer   |
|output_offset_out_full_n         |  in |    1|   ap_fifo  |     output_offset_out    |    pointer   |
|output_offset_out_write          | out |    1|   ap_fifo  |     output_offset_out    |    pointer   |
|quantized_multiplier_out_din     | out |   32|   ap_fifo  | quantized_multiplier_out |    pointer   |
|quantized_multiplier_out_full_n  |  in |    1|   ap_fifo  | quantized_multiplier_out |    pointer   |
|quantized_multiplier_out_write   | out |    1|   ap_fifo  | quantized_multiplier_out |    pointer   |
|right_shift_out_din              | out |   32|   ap_fifo  |      right_shift_out     |    pointer   |
|right_shift_out_full_n           |  in |    1|   ap_fifo  |      right_shift_out     |    pointer   |
|right_shift_out_write            | out |    1|   ap_fifo  |      right_shift_out     |    pointer   |
|out_offset                       |  in |   32|   ap_none  |        out_offset        |    scalar    |
|out_offset_out_din               | out |   32|   ap_fifo  |      out_offset_out      |    pointer   |
|out_offset_out_full_n            |  in |    1|   ap_fifo  |      out_offset_out      |    pointer   |
|out_offset_out_write             | out |    1|   ap_fifo  |      out_offset_out      |    pointer   |
|outputfm_0_address0              | out |   10|  ap_memory |        outputfm_0        |     array    |
|outputfm_0_ce0                   | out |    1|  ap_memory |        outputfm_0        |     array    |
|outputfm_0_we0                   | out |    1|  ap_memory |        outputfm_0        |     array    |
|outputfm_0_d0                    | out |   27|  ap_memory |        outputfm_0        |     array    |
|outputfm_1_address0              | out |   10|  ap_memory |        outputfm_1        |     array    |
|outputfm_1_ce0                   | out |    1|  ap_memory |        outputfm_1        |     array    |
|outputfm_1_we0                   | out |    1|  ap_memory |        outputfm_1        |     array    |
|outputfm_1_d0                    | out |   27|  ap_memory |        outputfm_1        |     array    |
|outputfm_2_address0              | out |   10|  ap_memory |        outputfm_2        |     array    |
|outputfm_2_ce0                   | out |    1|  ap_memory |        outputfm_2        |     array    |
|outputfm_2_we0                   | out |    1|  ap_memory |        outputfm_2        |     array    |
|outputfm_2_d0                    | out |   27|  ap_memory |        outputfm_2        |     array    |
|outputfm_3_address0              | out |   10|  ap_memory |        outputfm_3        |     array    |
|outputfm_3_ce0                   | out |    1|  ap_memory |        outputfm_3        |     array    |
|outputfm_3_we0                   | out |    1|  ap_memory |        outputfm_3        |     array    |
|outputfm_3_d0                    | out |   27|  ap_memory |        outputfm_3        |     array    |
|outputfm_4_address0              | out |   10|  ap_memory |        outputfm_4        |     array    |
|outputfm_4_ce0                   | out |    1|  ap_memory |        outputfm_4        |     array    |
|outputfm_4_we0                   | out |    1|  ap_memory |        outputfm_4        |     array    |
|outputfm_4_d0                    | out |   27|  ap_memory |        outputfm_4        |     array    |
|outputfm_5_address0              | out |   10|  ap_memory |        outputfm_5        |     array    |
|outputfm_5_ce0                   | out |    1|  ap_memory |        outputfm_5        |     array    |
|outputfm_5_we0                   | out |    1|  ap_memory |        outputfm_5        |     array    |
|outputfm_5_d0                    | out |   27|  ap_memory |        outputfm_5        |     array    |
|outputfm_6_address0              | out |   10|  ap_memory |        outputfm_6        |     array    |
|outputfm_6_ce0                   | out |    1|  ap_memory |        outputfm_6        |     array    |
|outputfm_6_we0                   | out |    1|  ap_memory |        outputfm_6        |     array    |
|outputfm_6_d0                    | out |   27|  ap_memory |        outputfm_6        |     array    |
|outputfm_7_address0              | out |   10|  ap_memory |        outputfm_7        |     array    |
|outputfm_7_ce0                   | out |    1|  ap_memory |        outputfm_7        |     array    |
|outputfm_7_we0                   | out |    1|  ap_memory |        outputfm_7        |     array    |
|outputfm_7_d0                    | out |   27|  ap_memory |        outputfm_7        |     array    |
|outputfm_8_address0              | out |   10|  ap_memory |        outputfm_8        |     array    |
|outputfm_8_ce0                   | out |    1|  ap_memory |        outputfm_8        |     array    |
|outputfm_8_we0                   | out |    1|  ap_memory |        outputfm_8        |     array    |
|outputfm_8_d0                    | out |   27|  ap_memory |        outputfm_8        |     array    |
|outputfm_9_address0              | out |   10|  ap_memory |        outputfm_9        |     array    |
|outputfm_9_ce0                   | out |    1|  ap_memory |        outputfm_9        |     array    |
|outputfm_9_we0                   | out |    1|  ap_memory |        outputfm_9        |     array    |
|outputfm_9_d0                    | out |   27|  ap_memory |        outputfm_9        |     array    |
|outputfm_10_address0             | out |   10|  ap_memory |        outputfm_10       |     array    |
|outputfm_10_ce0                  | out |    1|  ap_memory |        outputfm_10       |     array    |
|outputfm_10_we0                  | out |    1|  ap_memory |        outputfm_10       |     array    |
|outputfm_10_d0                   | out |   27|  ap_memory |        outputfm_10       |     array    |
|outputfm_11_address0             | out |   10|  ap_memory |        outputfm_11       |     array    |
|outputfm_11_ce0                  | out |    1|  ap_memory |        outputfm_11       |     array    |
|outputfm_11_we0                  | out |    1|  ap_memory |        outputfm_11       |     array    |
|outputfm_11_d0                   | out |   27|  ap_memory |        outputfm_11       |     array    |
|outputfm_12_address0             | out |   10|  ap_memory |        outputfm_12       |     array    |
|outputfm_12_ce0                  | out |    1|  ap_memory |        outputfm_12       |     array    |
|outputfm_12_we0                  | out |    1|  ap_memory |        outputfm_12       |     array    |
|outputfm_12_d0                   | out |   27|  ap_memory |        outputfm_12       |     array    |
|outputfm_13_address0             | out |   10|  ap_memory |        outputfm_13       |     array    |
|outputfm_13_ce0                  | out |    1|  ap_memory |        outputfm_13       |     array    |
|outputfm_13_we0                  | out |    1|  ap_memory |        outputfm_13       |     array    |
|outputfm_13_d0                   | out |   27|  ap_memory |        outputfm_13       |     array    |
|outputfm_14_address0             | out |   10|  ap_memory |        outputfm_14       |     array    |
|outputfm_14_ce0                  | out |    1|  ap_memory |        outputfm_14       |     array    |
|outputfm_14_we0                  | out |    1|  ap_memory |        outputfm_14       |     array    |
|outputfm_14_d0                   | out |   27|  ap_memory |        outputfm_14       |     array    |
|outputfm_15_address0             | out |   10|  ap_memory |        outputfm_15       |     array    |
|outputfm_15_ce0                  | out |    1|  ap_memory |        outputfm_15       |     array    |
|outputfm_15_we0                  | out |    1|  ap_memory |        outputfm_15       |     array    |
|outputfm_15_d0                   | out |   27|  ap_memory |        outputfm_15       |     array    |
|outputfm_16_address0             | out |   10|  ap_memory |        outputfm_16       |     array    |
|outputfm_16_ce0                  | out |    1|  ap_memory |        outputfm_16       |     array    |
|outputfm_16_we0                  | out |    1|  ap_memory |        outputfm_16       |     array    |
|outputfm_16_d0                   | out |   27|  ap_memory |        outputfm_16       |     array    |
|outputfm_17_address0             | out |   10|  ap_memory |        outputfm_17       |     array    |
|outputfm_17_ce0                  | out |    1|  ap_memory |        outputfm_17       |     array    |
|outputfm_17_we0                  | out |    1|  ap_memory |        outputfm_17       |     array    |
|outputfm_17_d0                   | out |   27|  ap_memory |        outputfm_17       |     array    |
|outputfm_18_address0             | out |   10|  ap_memory |        outputfm_18       |     array    |
|outputfm_18_ce0                  | out |    1|  ap_memory |        outputfm_18       |     array    |
|outputfm_18_we0                  | out |    1|  ap_memory |        outputfm_18       |     array    |
|outputfm_18_d0                   | out |   27|  ap_memory |        outputfm_18       |     array    |
|outputfm_19_address0             | out |   10|  ap_memory |        outputfm_19       |     array    |
|outputfm_19_ce0                  | out |    1|  ap_memory |        outputfm_19       |     array    |
|outputfm_19_we0                  | out |    1|  ap_memory |        outputfm_19       |     array    |
|outputfm_19_d0                   | out |   27|  ap_memory |        outputfm_19       |     array    |
|outputfm_20_address0             | out |   10|  ap_memory |        outputfm_20       |     array    |
|outputfm_20_ce0                  | out |    1|  ap_memory |        outputfm_20       |     array    |
|outputfm_20_we0                  | out |    1|  ap_memory |        outputfm_20       |     array    |
|outputfm_20_d0                   | out |   27|  ap_memory |        outputfm_20       |     array    |
|outputfm_21_address0             | out |   10|  ap_memory |        outputfm_21       |     array    |
|outputfm_21_ce0                  | out |    1|  ap_memory |        outputfm_21       |     array    |
|outputfm_21_we0                  | out |    1|  ap_memory |        outputfm_21       |     array    |
|outputfm_21_d0                   | out |   27|  ap_memory |        outputfm_21       |     array    |
|outputfm_22_address0             | out |   10|  ap_memory |        outputfm_22       |     array    |
|outputfm_22_ce0                  | out |    1|  ap_memory |        outputfm_22       |     array    |
|outputfm_22_we0                  | out |    1|  ap_memory |        outputfm_22       |     array    |
|outputfm_22_d0                   | out |   27|  ap_memory |        outputfm_22       |     array    |
|outputfm_23_address0             | out |   10|  ap_memory |        outputfm_23       |     array    |
|outputfm_23_ce0                  | out |    1|  ap_memory |        outputfm_23       |     array    |
|outputfm_23_we0                  | out |    1|  ap_memory |        outputfm_23       |     array    |
|outputfm_23_d0                   | out |   27|  ap_memory |        outputfm_23       |     array    |
|outputfm_24_address0             | out |   10|  ap_memory |        outputfm_24       |     array    |
|outputfm_24_ce0                  | out |    1|  ap_memory |        outputfm_24       |     array    |
|outputfm_24_we0                  | out |    1|  ap_memory |        outputfm_24       |     array    |
|outputfm_24_d0                   | out |   27|  ap_memory |        outputfm_24       |     array    |
|outputfm_25_address0             | out |   10|  ap_memory |        outputfm_25       |     array    |
|outputfm_25_ce0                  | out |    1|  ap_memory |        outputfm_25       |     array    |
|outputfm_25_we0                  | out |    1|  ap_memory |        outputfm_25       |     array    |
|outputfm_25_d0                   | out |   27|  ap_memory |        outputfm_25       |     array    |
|outputfm_26_address0             | out |   10|  ap_memory |        outputfm_26       |     array    |
|outputfm_26_ce0                  | out |    1|  ap_memory |        outputfm_26       |     array    |
|outputfm_26_we0                  | out |    1|  ap_memory |        outputfm_26       |     array    |
|outputfm_26_d0                   | out |   27|  ap_memory |        outputfm_26       |     array    |
|outputfm_27_address0             | out |   10|  ap_memory |        outputfm_27       |     array    |
|outputfm_27_ce0                  | out |    1|  ap_memory |        outputfm_27       |     array    |
|outputfm_27_we0                  | out |    1|  ap_memory |        outputfm_27       |     array    |
|outputfm_27_d0                   | out |   27|  ap_memory |        outputfm_27       |     array    |
+---------------------------------+-----+-----+------------+--------------------------+--------------+

