

================================================================
== Vivado HLS Report for 'read_weights'
================================================================
* Date:           Tue Nov 28 10:42:36 2017

* Version:        2017.3 (Build 2018833 on Wed Oct 04 20:30:40 MDT 2017)
* Project:        Prova_casa
* Solution:       solution1
* Product family: zynq
* Target device:  xc7z020clg484-1


================================================================
== Performance Estimates
================================================================
+ Timing (ns): 
    * Summary: 
    +--------+-------+----------+------------+
    |  Clock | Target| Estimated| Uncertainty|
    +--------+-------+----------+------------+
    |ap_clk  |  10.00|      8.75|        1.25|
    +--------+-------+----------+------------+

+ Latency (clock cycles): 
    * Summary: 
    +-----+-----+-----+-----+---------+
    |  Latency  |  Interval | Pipeline|
    | min | max | min | max |   Type  |
    +-----+-----+-----+-----+---------+
    |    5|  772|    5|  772|   none  |
    +-----+-----+-----+-----+---------+

    + Detail: 
        * Instance: 
        N/A

        * Loop: 
        +----------+-----+-----+----------+-----------+-----------+---------+----------+
        |          |  Latency  | Iteration|  Initiation Interval  |   Trip  |          |
        | Loop Name| min | max |  Latency |  achieved |   target  |  Count  | Pipelined|
        +----------+-----+-----+----------+-----------+-----------+---------+----------+
        |- readWt  |    0|  767|        13|          1|          1| 0 ~ 756 |    yes   |
        +----------+-----+-----+----------+-----------+-----------+---------+----------+



================================================================
== Utilization Estimates
================================================================
* Summary: 
+-----------------+---------+-------+--------+-------+
|       Name      | BRAM_18K| DSP48E|   FF   |  LUT  |
+-----------------+---------+-------+--------+-------+
|DSP              |        -|      -|       -|      -|
|Expression       |        -|     30|       0|   1591|
|FIFO             |        -|      -|       -|      -|
|Instance         |        -|      -|       -|      -|
|Memory           |        -|      -|       -|      -|
|Multiplexer      |        -|      -|       -|    209|
|Register         |        0|      -|    1338|    160|
+-----------------+---------+-------+--------+-------+
|Total            |        0|     30|    1338|   1960|
+-----------------+---------+-------+--------+-------+
|Available        |      280|    220|  106400|  53200|
+-----------------+---------+-------+--------+-------+
|Utilization (%)  |        0|     13|       1|      3|
+-----------------+---------+-------+--------+-------+

+ Detail: 
    * Instance: 
    N/A

    * DSP48: 
    N/A

    * Memory: 
    N/A

    * FIFO: 
    N/A

    * Expression: 
    +------------------------------------+----------+-------+---+----+------------+------------+
    |            Variable Name           | Operation| DSP48E| FF| LUT| Bitwidth P0| Bitwidth P1|
    +------------------------------------+----------+-------+---+----+------------+------------+
    |kernel_size_fu_1559_p2              |     *    |      3|  0|  20|          32|          32|
    |kernel_stack_size_fu_1554_p2        |     *    |      3|  0|  20|          32|          32|
    |tmp7_fu_1564_p2                     |     *    |      3|  0|  20|          32|          32|
    |tmp_13_fu_1763_p2                   |     *    |      3|  0|  20|          32|          32|
    |tmp_15_fu_1767_p2                   |     *    |      3|  0|  20|          32|          32|
    |tmp_17_fu_1771_p2                   |     *    |      3|  0|  20|          32|          32|
    |tmp_2_fu_1572_p2                    |     *    |      3|  0|  20|          32|          32|
    |tmp_4_fu_1576_p2                    |     *    |      3|  0|  20|          32|          32|
    |tmp_fu_1489_p2                      |     *    |      3|  0|  20|          32|          32|
    |tmp_s_fu_1568_p2                    |     *    |      3|  0|  20|          32|          32|
    |i_1_fu_1608_p2                      |     +    |      0|  0|  39|           1|          32|
    |ii_1_fu_1630_p2                     |     +    |      0|  0|  39|           1|          32|
    |itr_1_fu_1597_p2                    |     +    |      0|  0|  38|          31|           1|
    |j_1_fu_1757_p2                      |     +    |      0|  0|  39|          32|           1|
    |jj_1_fu_1619_p2                     |     +    |      0|  0|  39|           1|          32|
    |sum_fu_1902_p2                      |     +    |      0|  0|  40|          33|          33|
    |tmp3_fu_1885_p2                     |     +    |      0|  0|  32|          32|          32|
    |tmp4_fu_1869_p2                     |     +    |      0|  0|  24|          17|          17|
    |tmp5_fu_1879_p2                     |     +    |      0|  0|  25|          18|          18|
    |tmp9_fu_1732_p2                     |     +    |      0|  0|  39|          32|          32|
    |tmp_18_fu_1892_p2                   |     +    |      0|  0|  32|          32|          32|
    |tmp_20_fu_1920_p2                   |     +    |      0|  0|  17|          10|          10|
    |tmp_22_fu_1787_p2                   |     +    |      0|  0|  32|           5|           5|
    |tmp_5_fu_1506_p2                    |     +    |      0|  0|  39|          32|          32|
    |tmp_8_fu_1530_p2                    |     +    |      0|  0|  39|          32|          32|
    |tmp_1_fu_1541_p2                    |     -    |      0|  0|  39|          32|          32|
    |tmp_21_fu_1782_p2                   |     -    |      0|  0|  32|           5|           5|
    |tmp_7_fu_1517_p2                    |     -    |      0|  0|  39|          32|          32|
    |ap_block_pp0_stage0_01001           |    and   |      0|  0|   8|           1|           1|
    |ap_block_state16_pp0_stage0_iter11  |    and   |      0|  0|   8|           1|           1|
    |ap_block_state9_io                  |    and   |      0|  0|   8|           1|           1|
    |sel_tmp6_fu_1642_p2                 |    and   |      0|  0|   8|           1|           1|
    |sel_tmp9_fu_1654_p2                 |    and   |      0|  0|   8|           1|           1|
    |tmp8_fu_1648_p2                     |    and   |      0|  0|   8|           1|           1|
    |icmp_fu_1483_p2                     |   icmp   |      0|  0|  18|          30|           1|
    |tmp_10_fu_1592_p2                   |   icmp   |      0|  0|  18|          32|          32|
    |tmp_12_fu_1603_p2                   |   icmp   |      0|  0|  18|          32|          32|
    |tmp_14_fu_1614_p2                   |   icmp   |      0|  0|  18|          32|          32|
    |tmp_16_fu_1625_p2                   |   icmp   |      0|  0|  18|          32|          32|
    |tmp_3_fu_1467_p2                    |   icmp   |      0|  0|  18|          32|           5|
    |tmp_6_fu_1512_p2                    |   icmp   |      0|  0|  18|          32|          32|
    |tmp_9_fu_1536_p2                    |   icmp   |      0|  0|  18|          32|          32|
    |ap_block_pp0_stage0_11001           |    or    |      0|  0|   8|           1|           1|
    |i_3_fu_1668_p3                      |  select  |      0|  0|  32|           1|          32|
    |ii_3_fu_1700_p3                     |  select  |      0|  0|  32|           1|          32|
    |ii_4_fu_1684_p3                     |  select  |      0|  0|  32|           1|          32|
    |ii_5_fu_1692_p3                     |  select  |      0|  0|  32|           1|          32|
    |index_i_3_fu_1808_p3                |  select  |      0|  0|  16|           1|          16|
    |index_ii_2_fu_1836_p3               |  select  |      0|  0|  16|           1|          16|
    |index_ii_3_fu_1850_p3               |  select  |      0|  0|  16|           1|          16|
    |index_ii_4_fu_1843_p3               |  select  |      0|  0|  16|           1|          16|
    |index_jj_3_fu_1829_p3               |  select  |      0|  0|  16|           1|          16|
    |j_3_fu_1676_p3                      |  select  |      0|  0|  32|           1|           1|
    |jj_3_fu_1724_p3                     |  select  |      0|  0|  32|           1|          32|
    |n_depth_i_1_fu_1546_p3              |  select  |      0|  0|  32|           1|          32|
    |n_depth_i_fu_1500_p3                |  select  |      0|  0|  32|           1|           2|
    |n_depth_o_2_fu_1522_p3              |  select  |      0|  0|  32|           1|          32|
    |n_depth_o_fu_1494_p3                |  select  |      0|  0|  32|           1|           5|
    |sel_tmp1_fu_1660_p3                 |  select  |      0|  0|  32|           1|           1|
    |sel_tmp2_fu_1708_p3                 |  select  |      0|  0|  32|           1|           1|
    |sel_tmp3_fu_1822_p3                 |  select  |      0|  0|  16|           1|          16|
    |sel_tmp4_fu_1801_p3                 |  select  |      0|  0|  16|           1|           1|
    |sel_tmp7_fu_1716_p3                 |  select  |      0|  0|  32|           1|          32|
    |sel_tmp_fu_1815_p3                  |  select  |      0|  0|  16|           1|           1|
    |ap_enable_pp0                       |    xor   |      0|  0|   8|           1|           2|
    |ap_enable_reg_pp0_iter1             |    xor   |      0|  0|   8|           1|           2|
    |sel_tmp5_fu_1636_p2                 |    xor   |      0|  0|   8|           1|           2|
    +------------------------------------+----------+-------+---+----+------------+------------+
    |Total                               |          |     30|  0|1591|         983|        1305|
    +------------------------------------+----------+-------+---+----+------------+------------+

    * Multiplexer: 
    +--------------------------------------+----+-----------+-----+-----------+
    |                 Name                 | LUT| Input Size| Bits| Total Bits|
    +--------------------------------------+----+-----------+-----+-----------+
    |ap_NS_fsm                             |  38|          7|    1|          7|
    |ap_enable_reg_pp0_iter1               |   9|          2|    1|          2|
    |ap_enable_reg_pp0_iter12              |   9|          2|    1|          2|
    |ap_phi_mux_i_phi_fu_1427_p4           |   9|          2|   32|         64|
    |ap_phi_mux_ii_phi_fu_1449_p4          |   9|          2|   32|         64|
    |ap_phi_mux_index_i_phi_fu_1380_p4     |   9|          2|   16|         32|
    |ap_phi_mux_index_ii_phi_fu_1404_p4    |   9|          2|   16|         32|
    |ap_phi_mux_index_jj_phi_fu_1392_p4    |   9|          2|   16|         32|
    |ap_phi_mux_jj_phi_fu_1460_p4          |   9|          2|   32|         64|
    |ap_sig_ioackin_m_axi_weights_ARREADY  |   9|          2|    1|          2|
    |i_reg_1423                            |   9|          2|   32|         64|
    |ii_reg_1445                           |   9|          2|   32|         64|
    |index_i_reg_1376                      |   9|          2|   16|         32|
    |index_ii_reg_1400                     |   9|          2|   16|         32|
    |index_jj_reg_1388                     |   9|          2|   16|         32|
    |itr_reg_1412                          |   9|          2|   31|         62|
    |j_reg_1434                            |   9|          2|   32|         64|
    |jj_reg_1456                           |   9|          2|   32|         64|
    |weights_blk_n_AR                      |   9|          2|    1|          2|
    |weights_blk_n_R                       |   9|          2|    1|          2|
    +--------------------------------------+----+-----------+-----+-----------+
    |Total                                 | 209|         45|  357|        719|
    +--------------------------------------+----+-----------+-----+-----------+

    * Register: 
    +--------------------------------------+----+----+-----+-----------+
    |                 Name                 | FF | LUT| Bits| Const Bits|
    +--------------------------------------+----+----+-----+-----------+
    |ap_CS_fsm                             |   6|   0|    6|          0|
    |ap_enable_reg_pp0_iter0               |   1|   0|    1|          0|
    |ap_enable_reg_pp0_iter1               |   1|   0|    1|          0|
    |ap_enable_reg_pp0_iter10              |   1|   0|    1|          0|
    |ap_enable_reg_pp0_iter11              |   1|   0|    1|          0|
    |ap_enable_reg_pp0_iter12              |   1|   0|    1|          0|
    |ap_enable_reg_pp0_iter2               |   1|   0|    1|          0|
    |ap_enable_reg_pp0_iter3               |   1|   0|    1|          0|
    |ap_enable_reg_pp0_iter4               |   1|   0|    1|          0|
    |ap_enable_reg_pp0_iter5               |   1|   0|    1|          0|
    |ap_enable_reg_pp0_iter6               |   1|   0|    1|          0|
    |ap_enable_reg_pp0_iter7               |   1|   0|    1|          0|
    |ap_enable_reg_pp0_iter8               |   1|   0|    1|          0|
    |ap_enable_reg_pp0_iter9               |   1|   0|    1|          0|
    |ap_reg_ioackin_m_axi_weights_ARREADY  |   1|   0|    1|          0|
    |ap_reg_pp0_iter1_sel_tmp6_reg_2233    |   1|   0|    1|          0|
    |ap_reg_pp0_iter1_sel_tmp9_reg_2240    |   1|   0|    1|          0|
    |ap_reg_pp0_iter1_tmp_12_reg_2211      |   1|   0|    1|          0|
    |i_1_reg_2218                          |  32|   0|   32|          0|
    |i_3_reg_2246                          |  32|   0|   32|          0|
    |i_reg_1423                            |  32|   0|   32|          0|
    |icmp_reg_2116                         |   1|   0|    1|          0|
    |ii_1_reg_2228                         |  32|   0|   32|          0|
    |ii_3_reg_2251                         |  32|   0|   32|          0|
    |ii_reg_1445                           |  32|   0|   32|          0|
    |index_i_3_reg_2314                    |  16|   0|   16|          0|
    |index_i_reg_1376                      |  16|   0|   16|          0|
    |index_ii_3_reg_2324                   |  16|   0|   16|          0|
    |index_ii_reg_1400                     |  16|   0|   16|          0|
    |index_jj_3_reg_2319                   |  16|   0|   16|          0|
    |index_jj_reg_1388                     |  16|   0|   16|          0|
    |itr_reg_1412                          |  31|   0|   31|          0|
    |j_reg_1434                            |  32|   0|   32|          0|
    |jj_1_reg_2223                         |  32|   0|   32|          0|
    |jj_3_reg_2256                         |  32|   0|   32|          0|
    |jj_reg_1456                           |  32|   0|   32|          0|
    |kernel_size_reg_2165                  |  32|   0|   32|          0|
    |kernel_stack_size_reg_2159            |  32|   0|   32|          0|
    |n_depth_i_1_reg_2147                  |  32|   0|   32|          0|
    |n_depth_o_2_reg_2142                  |  32|   0|   32|          0|
    |sel_tmp6_reg_2233                     |   1|   0|    1|          0|
    |sel_tmp9_reg_2240                     |   1|   0|    1|          0|
    |sext_cast_reg_2197                    |  33|   0|   33|          0|
    |tmp5_reg_2329                         |  18|   0|   18|          0|
    |tmp7_reg_2172                         |  32|   0|   32|          0|
    |tmp9_reg_2261                         |  32|   0|   32|          0|
    |tmp_10_reg_2202                       |   1|   0|    1|          0|
    |tmp_12_reg_2211                       |   1|   0|    1|          0|
    |tmp_13_reg_2294                       |  32|   0|   32|          0|
    |tmp_15_reg_2299                       |  32|   0|   32|          0|
    |tmp_17_reg_2304                       |  32|   0|   32|          0|
    |tmp_22_reg_2309                       |   5|   0|    5|          0|
    |tmp_29_reg_2192                       |  10|   0|   10|          0|
    |tmp_2_reg_2182                        |  32|   0|   32|          0|
    |tmp_33_reg_2266                       |   5|   0|    5|          0|
    |tmp_34_reg_2271                       |   5|   0|    5|          0|
    |tmp_35_reg_2276                       |   3|   0|    3|          0|
    |tmp_36_reg_2281                       |   5|   0|    5|          0|
    |tmp_37_reg_2285                       |   2|   0|    2|          0|
    |tmp_3_reg_2111                        |   1|   0|    1|          0|
    |tmp_4_reg_2187                        |  32|   0|   32|          0|
    |tmp_reg_2137                          |  32|   0|   32|          0|
    |tmp_s_reg_2177                        |  32|   0|   32|          0|
    |weights_addr_read_reg_2340            |   8|   0|    8|          0|
    |weights_addr_reg_2334                 |  32|   0|   32|          0|
    |tmp9_reg_2261                         |  64|  32|   32|          0|
    |tmp_10_reg_2202                       |  64|  32|    1|          0|
    |tmp_22_reg_2309                       |  64|  32|    5|          0|
    |tmp_36_reg_2281                       |  64|  32|    5|          0|
    |tmp_37_reg_2285                       |  64|  32|    2|          0|
    +--------------------------------------+----+----+-----+-----------+
    |Total                                 |1338| 160| 1063|          0|
    +--------------------------------------+----+----+-----+-----------+



================================================================
== Interface
================================================================
* Summary: 
+--------------------------+-----+-----+------------+-------------------+--------------+
|         RTL Ports        | Dir | Bits|  Protocol  |   Source Object   |    C Type    |
+--------------------------+-----+-----+------------+-------------------+--------------+
|ap_clk                    |  in |    1| ap_ctrl_hs |    read_weights   | return value |
|ap_rst                    |  in |    1| ap_ctrl_hs |    read_weights   | return value |
|ap_start                  |  in |    1| ap_ctrl_hs |    read_weights   | return value |
|ap_done                   | out |    1| ap_ctrl_hs |    read_weights   | return value |
|ap_idle                   | out |    1| ap_ctrl_hs |    read_weights   | return value |
|ap_ready                  | out |    1| ap_ctrl_hs |    read_weights   | return value |
|m_axi_weights_AWVALID     | out |    1|    m_axi   |      weights      |    pointer   |
|m_axi_weights_AWREADY     |  in |    1|    m_axi   |      weights      |    pointer   |
|m_axi_weights_AWADDR      | out |   32|    m_axi   |      weights      |    pointer   |
|m_axi_weights_AWID        | out |    1|    m_axi   |      weights      |    pointer   |
|m_axi_weights_AWLEN       | out |   32|    m_axi   |      weights      |    pointer   |
|m_axi_weights_AWSIZE      | out |    3|    m_axi   |      weights      |    pointer   |
|m_axi_weights_AWBURST     | out |    2|    m_axi   |      weights      |    pointer   |
|m_axi_weights_AWLOCK      | out |    2|    m_axi   |      weights      |    pointer   |
|m_axi_weights_AWCACHE     | out |    4|    m_axi   |      weights      |    pointer   |
|m_axi_weights_AWPROT      | out |    3|    m_axi   |      weights      |    pointer   |
|m_axi_weights_AWQOS       | out |    4|    m_axi   |      weights      |    pointer   |
|m_axi_weights_AWREGION    | out |    4|    m_axi   |      weights      |    pointer   |
|m_axi_weights_AWUSER      | out |    1|    m_axi   |      weights      |    pointer   |
|m_axi_weights_WVALID      | out |    1|    m_axi   |      weights      |    pointer   |
|m_axi_weights_WREADY      |  in |    1|    m_axi   |      weights      |    pointer   |
|m_axi_weights_WDATA       | out |    8|    m_axi   |      weights      |    pointer   |
|m_axi_weights_WSTRB       | out |    1|    m_axi   |      weights      |    pointer   |
|m_axi_weights_WLAST       | out |    1|    m_axi   |      weights      |    pointer   |
|m_axi_weights_WID         | out |    1|    m_axi   |      weights      |    pointer   |
|m_axi_weights_WUSER       | out |    1|    m_axi   |      weights      |    pointer   |
|m_axi_weights_ARVALID     | out |    1|    m_axi   |      weights      |    pointer   |
|m_axi_weights_ARREADY     |  in |    1|    m_axi   |      weights      |    pointer   |
|m_axi_weights_ARADDR      | out |   32|    m_axi   |      weights      |    pointer   |
|m_axi_weights_ARID        | out |    1|    m_axi   |      weights      |    pointer   |
|m_axi_weights_ARLEN       | out |   32|    m_axi   |      weights      |    pointer   |
|m_axi_weights_ARSIZE      | out |    3|    m_axi   |      weights      |    pointer   |
|m_axi_weights_ARBURST     | out |    2|    m_axi   |      weights      |    pointer   |
|m_axi_weights_ARLOCK      | out |    2|    m_axi   |      weights      |    pointer   |
|m_axi_weights_ARCACHE     | out |    4|    m_axi   |      weights      |    pointer   |
|m_axi_weights_ARPROT      | out |    3|    m_axi   |      weights      |    pointer   |
|m_axi_weights_ARQOS       | out |    4|    m_axi   |      weights      |    pointer   |
|m_axi_weights_ARREGION    | out |    4|    m_axi   |      weights      |    pointer   |
|m_axi_weights_ARUSER      | out |    1|    m_axi   |      weights      |    pointer   |
|m_axi_weights_RVALID      |  in |    1|    m_axi   |      weights      |    pointer   |
|m_axi_weights_RREADY      | out |    1|    m_axi   |      weights      |    pointer   |
|m_axi_weights_RDATA       |  in |    8|    m_axi   |      weights      |    pointer   |
|m_axi_weights_RLAST       |  in |    1|    m_axi   |      weights      |    pointer   |
|m_axi_weights_RID         |  in |    1|    m_axi   |      weights      |    pointer   |
|m_axi_weights_RUSER       |  in |    1|    m_axi   |      weights      |    pointer   |
|m_axi_weights_RRESP       |  in |    2|    m_axi   |      weights      |    pointer   |
|m_axi_weights_BVALID      |  in |    1|    m_axi   |      weights      |    pointer   |
|m_axi_weights_BREADY      | out |    1|    m_axi   |      weights      |    pointer   |
|m_axi_weights_BRESP       |  in |    2|    m_axi   |      weights      |    pointer   |
|m_axi_weights_BID         |  in |    1|    m_axi   |      weights      |    pointer   |
|m_axi_weights_BUSER       |  in |    1|    m_axi   |      weights      |    pointer   |
|weights_offset            |  in |   32|   ap_none  |   weights_offset  |    scalar    |
|curr_layer_in_ch          |  in |   32|   ap_none  |  curr_layer_in_ch |    scalar    |
|curr_layer_out_ch         |  in |   32|   ap_none  | curr_layer_out_ch |    scalar    |
|curr_layer_ker_w          |  in |   32|   ap_none  |  curr_layer_ker_w |    scalar    |
|curr_layer_ker_h          |  in |   32|   ap_none  |  curr_layer_ker_h |    scalar    |
|to_r                      |  in |   32|   ap_none  |        to_r       |    scalar    |
|ti                        |  in |   32|   ap_none  |         ti        |    scalar    |
|weightsbuf_0_0_address0   | out |    4|  ap_memory |   weightsbuf_0_0  |     array    |
|weightsbuf_0_0_ce0        | out |    1|  ap_memory |   weightsbuf_0_0  |     array    |
|weightsbuf_0_0_we0        | out |    1|  ap_memory |   weightsbuf_0_0  |     array    |
|weightsbuf_0_0_d0         | out |   10|  ap_memory |   weightsbuf_0_0  |     array    |
|weightsbuf_0_1_address0   | out |    4|  ap_memory |   weightsbuf_0_1  |     array    |
|weightsbuf_0_1_ce0        | out |    1|  ap_memory |   weightsbuf_0_1  |     array    |
|weightsbuf_0_1_we0        | out |    1|  ap_memory |   weightsbuf_0_1  |     array    |
|weightsbuf_0_1_d0         | out |   10|  ap_memory |   weightsbuf_0_1  |     array    |
|weightsbuf_0_2_address0   | out |    4|  ap_memory |   weightsbuf_0_2  |     array    |
|weightsbuf_0_2_ce0        | out |    1|  ap_memory |   weightsbuf_0_2  |     array    |
|weightsbuf_0_2_we0        | out |    1|  ap_memory |   weightsbuf_0_2  |     array    |
|weightsbuf_0_2_d0         | out |   10|  ap_memory |   weightsbuf_0_2  |     array    |
|weightsbuf_1_0_address0   | out |    4|  ap_memory |   weightsbuf_1_0  |     array    |
|weightsbuf_1_0_ce0        | out |    1|  ap_memory |   weightsbuf_1_0  |     array    |
|weightsbuf_1_0_we0        | out |    1|  ap_memory |   weightsbuf_1_0  |     array    |
|weightsbuf_1_0_d0         | out |   10|  ap_memory |   weightsbuf_1_0  |     array    |
|weightsbuf_1_1_address0   | out |    4|  ap_memory |   weightsbuf_1_1  |     array    |
|weightsbuf_1_1_ce0        | out |    1|  ap_memory |   weightsbuf_1_1  |     array    |
|weightsbuf_1_1_we0        | out |    1|  ap_memory |   weightsbuf_1_1  |     array    |
|weightsbuf_1_1_d0         | out |   10|  ap_memory |   weightsbuf_1_1  |     array    |
|weightsbuf_1_2_address0   | out |    4|  ap_memory |   weightsbuf_1_2  |     array    |
|weightsbuf_1_2_ce0        | out |    1|  ap_memory |   weightsbuf_1_2  |     array    |
|weightsbuf_1_2_we0        | out |    1|  ap_memory |   weightsbuf_1_2  |     array    |
|weightsbuf_1_2_d0         | out |   10|  ap_memory |   weightsbuf_1_2  |     array    |
|weightsbuf_2_0_address0   | out |    4|  ap_memory |   weightsbuf_2_0  |     array    |
|weightsbuf_2_0_ce0        | out |    1|  ap_memory |   weightsbuf_2_0  |     array    |
|weightsbuf_2_0_we0        | out |    1|  ap_memory |   weightsbuf_2_0  |     array    |
|weightsbuf_2_0_d0         | out |   10|  ap_memory |   weightsbuf_2_0  |     array    |
|weightsbuf_2_1_address0   | out |    4|  ap_memory |   weightsbuf_2_1  |     array    |
|weightsbuf_2_1_ce0        | out |    1|  ap_memory |   weightsbuf_2_1  |     array    |
|weightsbuf_2_1_we0        | out |    1|  ap_memory |   weightsbuf_2_1  |     array    |
|weightsbuf_2_1_d0         | out |   10|  ap_memory |   weightsbuf_2_1  |     array    |
|weightsbuf_2_2_address0   | out |    4|  ap_memory |   weightsbuf_2_2  |     array    |
|weightsbuf_2_2_ce0        | out |    1|  ap_memory |   weightsbuf_2_2  |     array    |
|weightsbuf_2_2_we0        | out |    1|  ap_memory |   weightsbuf_2_2  |     array    |
|weightsbuf_2_2_d0         | out |   10|  ap_memory |   weightsbuf_2_2  |     array    |
|weightsbuf_3_0_address0   | out |    4|  ap_memory |   weightsbuf_3_0  |     array    |
|weightsbuf_3_0_ce0        | out |    1|  ap_memory |   weightsbuf_3_0  |     array    |
|weightsbuf_3_0_we0        | out |    1|  ap_memory |   weightsbuf_3_0  |     array    |
|weightsbuf_3_0_d0         | out |   10|  ap_memory |   weightsbuf_3_0  |     array    |
|weightsbuf_3_1_address0   | out |    4|  ap_memory |   weightsbuf_3_1  |     array    |
|weightsbuf_3_1_ce0        | out |    1|  ap_memory |   weightsbuf_3_1  |     array    |
|weightsbuf_3_1_we0        | out |    1|  ap_memory |   weightsbuf_3_1  |     array    |
|weightsbuf_3_1_d0         | out |   10|  ap_memory |   weightsbuf_3_1  |     array    |
|weightsbuf_3_2_address0   | out |    4|  ap_memory |   weightsbuf_3_2  |     array    |
|weightsbuf_3_2_ce0        | out |    1|  ap_memory |   weightsbuf_3_2  |     array    |
|weightsbuf_3_2_we0        | out |    1|  ap_memory |   weightsbuf_3_2  |     array    |
|weightsbuf_3_2_d0         | out |   10|  ap_memory |   weightsbuf_3_2  |     array    |
|weightsbuf_4_0_address0   | out |    4|  ap_memory |   weightsbuf_4_0  |     array    |
|weightsbuf_4_0_ce0        | out |    1|  ap_memory |   weightsbuf_4_0  |     array    |
|weightsbuf_4_0_we0        | out |    1|  ap_memory |   weightsbuf_4_0  |     array    |
|weightsbuf_4_0_d0         | out |   10|  ap_memory |   weightsbuf_4_0  |     array    |
|weightsbuf_4_1_address0   | out |    4|  ap_memory |   weightsbuf_4_1  |     array    |
|weightsbuf_4_1_ce0        | out |    1|  ap_memory |   weightsbuf_4_1  |     array    |
|weightsbuf_4_1_we0        | out |    1|  ap_memory |   weightsbuf_4_1  |     array    |
|weightsbuf_4_1_d0         | out |   10|  ap_memory |   weightsbuf_4_1  |     array    |
|weightsbuf_4_2_address0   | out |    4|  ap_memory |   weightsbuf_4_2  |     array    |
|weightsbuf_4_2_ce0        | out |    1|  ap_memory |   weightsbuf_4_2  |     array    |
|weightsbuf_4_2_we0        | out |    1|  ap_memory |   weightsbuf_4_2  |     array    |
|weightsbuf_4_2_d0         | out |   10|  ap_memory |   weightsbuf_4_2  |     array    |
|weightsbuf_5_0_address0   | out |    4|  ap_memory |   weightsbuf_5_0  |     array    |
|weightsbuf_5_0_ce0        | out |    1|  ap_memory |   weightsbuf_5_0  |     array    |
|weightsbuf_5_0_we0        | out |    1|  ap_memory |   weightsbuf_5_0  |     array    |
|weightsbuf_5_0_d0         | out |   10|  ap_memory |   weightsbuf_5_0  |     array    |
|weightsbuf_5_1_address0   | out |    4|  ap_memory |   weightsbuf_5_1  |     array    |
|weightsbuf_5_1_ce0        | out |    1|  ap_memory |   weightsbuf_5_1  |     array    |
|weightsbuf_5_1_we0        | out |    1|  ap_memory |   weightsbuf_5_1  |     array    |
|weightsbuf_5_1_d0         | out |   10|  ap_memory |   weightsbuf_5_1  |     array    |
|weightsbuf_5_2_address0   | out |    4|  ap_memory |   weightsbuf_5_2  |     array    |
|weightsbuf_5_2_ce0        | out |    1|  ap_memory |   weightsbuf_5_2  |     array    |
|weightsbuf_5_2_we0        | out |    1|  ap_memory |   weightsbuf_5_2  |     array    |
|weightsbuf_5_2_d0         | out |   10|  ap_memory |   weightsbuf_5_2  |     array    |
|weightsbuf_6_0_address0   | out |    4|  ap_memory |   weightsbuf_6_0  |     array    |
|weightsbuf_6_0_ce0        | out |    1|  ap_memory |   weightsbuf_6_0  |     array    |
|weightsbuf_6_0_we0        | out |    1|  ap_memory |   weightsbuf_6_0  |     array    |
|weightsbuf_6_0_d0         | out |   10|  ap_memory |   weightsbuf_6_0  |     array    |
|weightsbuf_6_1_address0   | out |    4|  ap_memory |   weightsbuf_6_1  |     array    |
|weightsbuf_6_1_ce0        | out |    1|  ap_memory |   weightsbuf_6_1  |     array    |
|weightsbuf_6_1_we0        | out |    1|  ap_memory |   weightsbuf_6_1  |     array    |
|weightsbuf_6_1_d0         | out |   10|  ap_memory |   weightsbuf_6_1  |     array    |
|weightsbuf_6_2_address0   | out |    4|  ap_memory |   weightsbuf_6_2  |     array    |
|weightsbuf_6_2_ce0        | out |    1|  ap_memory |   weightsbuf_6_2  |     array    |
|weightsbuf_6_2_we0        | out |    1|  ap_memory |   weightsbuf_6_2  |     array    |
|weightsbuf_6_2_d0         | out |   10|  ap_memory |   weightsbuf_6_2  |     array    |
|weightsbuf_7_0_address0   | out |    4|  ap_memory |   weightsbuf_7_0  |     array    |
|weightsbuf_7_0_ce0        | out |    1|  ap_memory |   weightsbuf_7_0  |     array    |
|weightsbuf_7_0_we0        | out |    1|  ap_memory |   weightsbuf_7_0  |     array    |
|weightsbuf_7_0_d0         | out |   10|  ap_memory |   weightsbuf_7_0  |     array    |
|weightsbuf_7_1_address0   | out |    4|  ap_memory |   weightsbuf_7_1  |     array    |
|weightsbuf_7_1_ce0        | out |    1|  ap_memory |   weightsbuf_7_1  |     array    |
|weightsbuf_7_1_we0        | out |    1|  ap_memory |   weightsbuf_7_1  |     array    |
|weightsbuf_7_1_d0         | out |   10|  ap_memory |   weightsbuf_7_1  |     array    |
|weightsbuf_7_2_address0   | out |    4|  ap_memory |   weightsbuf_7_2  |     array    |
|weightsbuf_7_2_ce0        | out |    1|  ap_memory |   weightsbuf_7_2  |     array    |
|weightsbuf_7_2_we0        | out |    1|  ap_memory |   weightsbuf_7_2  |     array    |
|weightsbuf_7_2_d0         | out |   10|  ap_memory |   weightsbuf_7_2  |     array    |
|weightsbuf_8_0_address0   | out |    4|  ap_memory |   weightsbuf_8_0  |     array    |
|weightsbuf_8_0_ce0        | out |    1|  ap_memory |   weightsbuf_8_0  |     array    |
|weightsbuf_8_0_we0        | out |    1|  ap_memory |   weightsbuf_8_0  |     array    |
|weightsbuf_8_0_d0         | out |   10|  ap_memory |   weightsbuf_8_0  |     array    |
|weightsbuf_8_1_address0   | out |    4|  ap_memory |   weightsbuf_8_1  |     array    |
|weightsbuf_8_1_ce0        | out |    1|  ap_memory |   weightsbuf_8_1  |     array    |
|weightsbuf_8_1_we0        | out |    1|  ap_memory |   weightsbuf_8_1  |     array    |
|weightsbuf_8_1_d0         | out |   10|  ap_memory |   weightsbuf_8_1  |     array    |
|weightsbuf_8_2_address0   | out |    4|  ap_memory |   weightsbuf_8_2  |     array    |
|weightsbuf_8_2_ce0        | out |    1|  ap_memory |   weightsbuf_8_2  |     array    |
|weightsbuf_8_2_we0        | out |    1|  ap_memory |   weightsbuf_8_2  |     array    |
|weightsbuf_8_2_d0         | out |   10|  ap_memory |   weightsbuf_8_2  |     array    |
|weightsbuf_9_0_address0   | out |    4|  ap_memory |   weightsbuf_9_0  |     array    |
|weightsbuf_9_0_ce0        | out |    1|  ap_memory |   weightsbuf_9_0  |     array    |
|weightsbuf_9_0_we0        | out |    1|  ap_memory |   weightsbuf_9_0  |     array    |
|weightsbuf_9_0_d0         | out |   10|  ap_memory |   weightsbuf_9_0  |     array    |
|weightsbuf_9_1_address0   | out |    4|  ap_memory |   weightsbuf_9_1  |     array    |
|weightsbuf_9_1_ce0        | out |    1|  ap_memory |   weightsbuf_9_1  |     array    |
|weightsbuf_9_1_we0        | out |    1|  ap_memory |   weightsbuf_9_1  |     array    |
|weightsbuf_9_1_d0         | out |   10|  ap_memory |   weightsbuf_9_1  |     array    |
|weightsbuf_9_2_address0   | out |    4|  ap_memory |   weightsbuf_9_2  |     array    |
|weightsbuf_9_2_ce0        | out |    1|  ap_memory |   weightsbuf_9_2  |     array    |
|weightsbuf_9_2_we0        | out |    1|  ap_memory |   weightsbuf_9_2  |     array    |
|weightsbuf_9_2_d0         | out |   10|  ap_memory |   weightsbuf_9_2  |     array    |
|weightsbuf_10_0_address0  | out |    4|  ap_memory |  weightsbuf_10_0  |     array    |
|weightsbuf_10_0_ce0       | out |    1|  ap_memory |  weightsbuf_10_0  |     array    |
|weightsbuf_10_0_we0       | out |    1|  ap_memory |  weightsbuf_10_0  |     array    |
|weightsbuf_10_0_d0        | out |   10|  ap_memory |  weightsbuf_10_0  |     array    |
|weightsbuf_10_1_address0  | out |    4|  ap_memory |  weightsbuf_10_1  |     array    |
|weightsbuf_10_1_ce0       | out |    1|  ap_memory |  weightsbuf_10_1  |     array    |
|weightsbuf_10_1_we0       | out |    1|  ap_memory |  weightsbuf_10_1  |     array    |
|weightsbuf_10_1_d0        | out |   10|  ap_memory |  weightsbuf_10_1  |     array    |
|weightsbuf_10_2_address0  | out |    4|  ap_memory |  weightsbuf_10_2  |     array    |
|weightsbuf_10_2_ce0       | out |    1|  ap_memory |  weightsbuf_10_2  |     array    |
|weightsbuf_10_2_we0       | out |    1|  ap_memory |  weightsbuf_10_2  |     array    |
|weightsbuf_10_2_d0        | out |   10|  ap_memory |  weightsbuf_10_2  |     array    |
|weightsbuf_11_0_address0  | out |    4|  ap_memory |  weightsbuf_11_0  |     array    |
|weightsbuf_11_0_ce0       | out |    1|  ap_memory |  weightsbuf_11_0  |     array    |
|weightsbuf_11_0_we0       | out |    1|  ap_memory |  weightsbuf_11_0  |     array    |
|weightsbuf_11_0_d0        | out |   10|  ap_memory |  weightsbuf_11_0  |     array    |
|weightsbuf_11_1_address0  | out |    4|  ap_memory |  weightsbuf_11_1  |     array    |
|weightsbuf_11_1_ce0       | out |    1|  ap_memory |  weightsbuf_11_1  |     array    |
|weightsbuf_11_1_we0       | out |    1|  ap_memory |  weightsbuf_11_1  |     array    |
|weightsbuf_11_1_d0        | out |   10|  ap_memory |  weightsbuf_11_1  |     array    |
|weightsbuf_11_2_address0  | out |    4|  ap_memory |  weightsbuf_11_2  |     array    |
|weightsbuf_11_2_ce0       | out |    1|  ap_memory |  weightsbuf_11_2  |     array    |
|weightsbuf_11_2_we0       | out |    1|  ap_memory |  weightsbuf_11_2  |     array    |
|weightsbuf_11_2_d0        | out |   10|  ap_memory |  weightsbuf_11_2  |     array    |
|weightsbuf_12_0_address0  | out |    4|  ap_memory |  weightsbuf_12_0  |     array    |
|weightsbuf_12_0_ce0       | out |    1|  ap_memory |  weightsbuf_12_0  |     array    |
|weightsbuf_12_0_we0       | out |    1|  ap_memory |  weightsbuf_12_0  |     array    |
|weightsbuf_12_0_d0        | out |   10|  ap_memory |  weightsbuf_12_0  |     array    |
|weightsbuf_12_1_address0  | out |    4|  ap_memory |  weightsbuf_12_1  |     array    |
|weightsbuf_12_1_ce0       | out |    1|  ap_memory |  weightsbuf_12_1  |     array    |
|weightsbuf_12_1_we0       | out |    1|  ap_memory |  weightsbuf_12_1  |     array    |
|weightsbuf_12_1_d0        | out |   10|  ap_memory |  weightsbuf_12_1  |     array    |
|weightsbuf_12_2_address0  | out |    4|  ap_memory |  weightsbuf_12_2  |     array    |
|weightsbuf_12_2_ce0       | out |    1|  ap_memory |  weightsbuf_12_2  |     array    |
|weightsbuf_12_2_we0       | out |    1|  ap_memory |  weightsbuf_12_2  |     array    |
|weightsbuf_12_2_d0        | out |   10|  ap_memory |  weightsbuf_12_2  |     array    |
|weightsbuf_13_0_address0  | out |    4|  ap_memory |  weightsbuf_13_0  |     array    |
|weightsbuf_13_0_ce0       | out |    1|  ap_memory |  weightsbuf_13_0  |     array    |
|weightsbuf_13_0_we0       | out |    1|  ap_memory |  weightsbuf_13_0  |     array    |
|weightsbuf_13_0_d0        | out |   10|  ap_memory |  weightsbuf_13_0  |     array    |
|weightsbuf_13_1_address0  | out |    4|  ap_memory |  weightsbuf_13_1  |     array    |
|weightsbuf_13_1_ce0       | out |    1|  ap_memory |  weightsbuf_13_1  |     array    |
|weightsbuf_13_1_we0       | out |    1|  ap_memory |  weightsbuf_13_1  |     array    |
|weightsbuf_13_1_d0        | out |   10|  ap_memory |  weightsbuf_13_1  |     array    |
|weightsbuf_13_2_address0  | out |    4|  ap_memory |  weightsbuf_13_2  |     array    |
|weightsbuf_13_2_ce0       | out |    1|  ap_memory |  weightsbuf_13_2  |     array    |
|weightsbuf_13_2_we0       | out |    1|  ap_memory |  weightsbuf_13_2  |     array    |
|weightsbuf_13_2_d0        | out |   10|  ap_memory |  weightsbuf_13_2  |     array    |
|weightsbuf_14_0_address0  | out |    4|  ap_memory |  weightsbuf_14_0  |     array    |
|weightsbuf_14_0_ce0       | out |    1|  ap_memory |  weightsbuf_14_0  |     array    |
|weightsbuf_14_0_we0       | out |    1|  ap_memory |  weightsbuf_14_0  |     array    |
|weightsbuf_14_0_d0        | out |   10|  ap_memory |  weightsbuf_14_0  |     array    |
|weightsbuf_14_1_address0  | out |    4|  ap_memory |  weightsbuf_14_1  |     array    |
|weightsbuf_14_1_ce0       | out |    1|  ap_memory |  weightsbuf_14_1  |     array    |
|weightsbuf_14_1_we0       | out |    1|  ap_memory |  weightsbuf_14_1  |     array    |
|weightsbuf_14_1_d0        | out |   10|  ap_memory |  weightsbuf_14_1  |     array    |
|weightsbuf_14_2_address0  | out |    4|  ap_memory |  weightsbuf_14_2  |     array    |
|weightsbuf_14_2_ce0       | out |    1|  ap_memory |  weightsbuf_14_2  |     array    |
|weightsbuf_14_2_we0       | out |    1|  ap_memory |  weightsbuf_14_2  |     array    |
|weightsbuf_14_2_d0        | out |   10|  ap_memory |  weightsbuf_14_2  |     array    |
|weightsbuf_15_0_address0  | out |    4|  ap_memory |  weightsbuf_15_0  |     array    |
|weightsbuf_15_0_ce0       | out |    1|  ap_memory |  weightsbuf_15_0  |     array    |
|weightsbuf_15_0_we0       | out |    1|  ap_memory |  weightsbuf_15_0  |     array    |
|weightsbuf_15_0_d0        | out |   10|  ap_memory |  weightsbuf_15_0  |     array    |
|weightsbuf_15_1_address0  | out |    4|  ap_memory |  weightsbuf_15_1  |     array    |
|weightsbuf_15_1_ce0       | out |    1|  ap_memory |  weightsbuf_15_1  |     array    |
|weightsbuf_15_1_we0       | out |    1|  ap_memory |  weightsbuf_15_1  |     array    |
|weightsbuf_15_1_d0        | out |   10|  ap_memory |  weightsbuf_15_1  |     array    |
|weightsbuf_15_2_address0  | out |    4|  ap_memory |  weightsbuf_15_2  |     array    |
|weightsbuf_15_2_ce0       | out |    1|  ap_memory |  weightsbuf_15_2  |     array    |
|weightsbuf_15_2_we0       | out |    1|  ap_memory |  weightsbuf_15_2  |     array    |
|weightsbuf_15_2_d0        | out |   10|  ap_memory |  weightsbuf_15_2  |     array    |
|weightsbuf_16_0_address0  | out |    4|  ap_memory |  weightsbuf_16_0  |     array    |
|weightsbuf_16_0_ce0       | out |    1|  ap_memory |  weightsbuf_16_0  |     array    |
|weightsbuf_16_0_we0       | out |    1|  ap_memory |  weightsbuf_16_0  |     array    |
|weightsbuf_16_0_d0        | out |   10|  ap_memory |  weightsbuf_16_0  |     array    |
|weightsbuf_16_1_address0  | out |    4|  ap_memory |  weightsbuf_16_1  |     array    |
|weightsbuf_16_1_ce0       | out |    1|  ap_memory |  weightsbuf_16_1  |     array    |
|weightsbuf_16_1_we0       | out |    1|  ap_memory |  weightsbuf_16_1  |     array    |
|weightsbuf_16_1_d0        | out |   10|  ap_memory |  weightsbuf_16_1  |     array    |
|weightsbuf_16_2_address0  | out |    4|  ap_memory |  weightsbuf_16_2  |     array    |
|weightsbuf_16_2_ce0       | out |    1|  ap_memory |  weightsbuf_16_2  |     array    |
|weightsbuf_16_2_we0       | out |    1|  ap_memory |  weightsbuf_16_2  |     array    |
|weightsbuf_16_2_d0        | out |   10|  ap_memory |  weightsbuf_16_2  |     array    |
|weightsbuf_17_0_address0  | out |    4|  ap_memory |  weightsbuf_17_0  |     array    |
|weightsbuf_17_0_ce0       | out |    1|  ap_memory |  weightsbuf_17_0  |     array    |
|weightsbuf_17_0_we0       | out |    1|  ap_memory |  weightsbuf_17_0  |     array    |
|weightsbuf_17_0_d0        | out |   10|  ap_memory |  weightsbuf_17_0  |     array    |
|weightsbuf_17_1_address0  | out |    4|  ap_memory |  weightsbuf_17_1  |     array    |
|weightsbuf_17_1_ce0       | out |    1|  ap_memory |  weightsbuf_17_1  |     array    |
|weightsbuf_17_1_we0       | out |    1|  ap_memory |  weightsbuf_17_1  |     array    |
|weightsbuf_17_1_d0        | out |   10|  ap_memory |  weightsbuf_17_1  |     array    |
|weightsbuf_17_2_address0  | out |    4|  ap_memory |  weightsbuf_17_2  |     array    |
|weightsbuf_17_2_ce0       | out |    1|  ap_memory |  weightsbuf_17_2  |     array    |
|weightsbuf_17_2_we0       | out |    1|  ap_memory |  weightsbuf_17_2  |     array    |
|weightsbuf_17_2_d0        | out |   10|  ap_memory |  weightsbuf_17_2  |     array    |
|weightsbuf_18_0_address0  | out |    4|  ap_memory |  weightsbuf_18_0  |     array    |
|weightsbuf_18_0_ce0       | out |    1|  ap_memory |  weightsbuf_18_0  |     array    |
|weightsbuf_18_0_we0       | out |    1|  ap_memory |  weightsbuf_18_0  |     array    |
|weightsbuf_18_0_d0        | out |   10|  ap_memory |  weightsbuf_18_0  |     array    |
|weightsbuf_18_1_address0  | out |    4|  ap_memory |  weightsbuf_18_1  |     array    |
|weightsbuf_18_1_ce0       | out |    1|  ap_memory |  weightsbuf_18_1  |     array    |
|weightsbuf_18_1_we0       | out |    1|  ap_memory |  weightsbuf_18_1  |     array    |
|weightsbuf_18_1_d0        | out |   10|  ap_memory |  weightsbuf_18_1  |     array    |
|weightsbuf_18_2_address0  | out |    4|  ap_memory |  weightsbuf_18_2  |     array    |
|weightsbuf_18_2_ce0       | out |    1|  ap_memory |  weightsbuf_18_2  |     array    |
|weightsbuf_18_2_we0       | out |    1|  ap_memory |  weightsbuf_18_2  |     array    |
|weightsbuf_18_2_d0        | out |   10|  ap_memory |  weightsbuf_18_2  |     array    |
|weightsbuf_19_0_address0  | out |    4|  ap_memory |  weightsbuf_19_0  |     array    |
|weightsbuf_19_0_ce0       | out |    1|  ap_memory |  weightsbuf_19_0  |     array    |
|weightsbuf_19_0_we0       | out |    1|  ap_memory |  weightsbuf_19_0  |     array    |
|weightsbuf_19_0_d0        | out |   10|  ap_memory |  weightsbuf_19_0  |     array    |
|weightsbuf_19_1_address0  | out |    4|  ap_memory |  weightsbuf_19_1  |     array    |
|weightsbuf_19_1_ce0       | out |    1|  ap_memory |  weightsbuf_19_1  |     array    |
|weightsbuf_19_1_we0       | out |    1|  ap_memory |  weightsbuf_19_1  |     array    |
|weightsbuf_19_1_d0        | out |   10|  ap_memory |  weightsbuf_19_1  |     array    |
|weightsbuf_19_2_address0  | out |    4|  ap_memory |  weightsbuf_19_2  |     array    |
|weightsbuf_19_2_ce0       | out |    1|  ap_memory |  weightsbuf_19_2  |     array    |
|weightsbuf_19_2_we0       | out |    1|  ap_memory |  weightsbuf_19_2  |     array    |
|weightsbuf_19_2_d0        | out |   10|  ap_memory |  weightsbuf_19_2  |     array    |
|weightsbuf_20_0_address0  | out |    4|  ap_memory |  weightsbuf_20_0  |     array    |
|weightsbuf_20_0_ce0       | out |    1|  ap_memory |  weightsbuf_20_0  |     array    |
|weightsbuf_20_0_we0       | out |    1|  ap_memory |  weightsbuf_20_0  |     array    |
|weightsbuf_20_0_d0        | out |   10|  ap_memory |  weightsbuf_20_0  |     array    |
|weightsbuf_20_1_address0  | out |    4|  ap_memory |  weightsbuf_20_1  |     array    |
|weightsbuf_20_1_ce0       | out |    1|  ap_memory |  weightsbuf_20_1  |     array    |
|weightsbuf_20_1_we0       | out |    1|  ap_memory |  weightsbuf_20_1  |     array    |
|weightsbuf_20_1_d0        | out |   10|  ap_memory |  weightsbuf_20_1  |     array    |
|weightsbuf_20_2_address0  | out |    4|  ap_memory |  weightsbuf_20_2  |     array    |
|weightsbuf_20_2_ce0       | out |    1|  ap_memory |  weightsbuf_20_2  |     array    |
|weightsbuf_20_2_we0       | out |    1|  ap_memory |  weightsbuf_20_2  |     array    |
|weightsbuf_20_2_d0        | out |   10|  ap_memory |  weightsbuf_20_2  |     array    |
|weightsbuf_21_0_address0  | out |    4|  ap_memory |  weightsbuf_21_0  |     array    |
|weightsbuf_21_0_ce0       | out |    1|  ap_memory |  weightsbuf_21_0  |     array    |
|weightsbuf_21_0_we0       | out |    1|  ap_memory |  weightsbuf_21_0  |     array    |
|weightsbuf_21_0_d0        | out |   10|  ap_memory |  weightsbuf_21_0  |     array    |
|weightsbuf_21_1_address0  | out |    4|  ap_memory |  weightsbuf_21_1  |     array    |
|weightsbuf_21_1_ce0       | out |    1|  ap_memory |  weightsbuf_21_1  |     array    |
|weightsbuf_21_1_we0       | out |    1|  ap_memory |  weightsbuf_21_1  |     array    |
|weightsbuf_21_1_d0        | out |   10|  ap_memory |  weightsbuf_21_1  |     array    |
|weightsbuf_21_2_address0  | out |    4|  ap_memory |  weightsbuf_21_2  |     array    |
|weightsbuf_21_2_ce0       | out |    1|  ap_memory |  weightsbuf_21_2  |     array    |
|weightsbuf_21_2_we0       | out |    1|  ap_memory |  weightsbuf_21_2  |     array    |
|weightsbuf_21_2_d0        | out |   10|  ap_memory |  weightsbuf_21_2  |     array    |
|weightsbuf_22_0_address0  | out |    4|  ap_memory |  weightsbuf_22_0  |     array    |
|weightsbuf_22_0_ce0       | out |    1|  ap_memory |  weightsbuf_22_0  |     array    |
|weightsbuf_22_0_we0       | out |    1|  ap_memory |  weightsbuf_22_0  |     array    |
|weightsbuf_22_0_d0        | out |   10|  ap_memory |  weightsbuf_22_0  |     array    |
|weightsbuf_22_1_address0  | out |    4|  ap_memory |  weightsbuf_22_1  |     array    |
|weightsbuf_22_1_ce0       | out |    1|  ap_memory |  weightsbuf_22_1  |     array    |
|weightsbuf_22_1_we0       | out |    1|  ap_memory |  weightsbuf_22_1  |     array    |
|weightsbuf_22_1_d0        | out |   10|  ap_memory |  weightsbuf_22_1  |     array    |
|weightsbuf_22_2_address0  | out |    4|  ap_memory |  weightsbuf_22_2  |     array    |
|weightsbuf_22_2_ce0       | out |    1|  ap_memory |  weightsbuf_22_2  |     array    |
|weightsbuf_22_2_we0       | out |    1|  ap_memory |  weightsbuf_22_2  |     array    |
|weightsbuf_22_2_d0        | out |   10|  ap_memory |  weightsbuf_22_2  |     array    |
|weightsbuf_23_0_address0  | out |    4|  ap_memory |  weightsbuf_23_0  |     array    |
|weightsbuf_23_0_ce0       | out |    1|  ap_memory |  weightsbuf_23_0  |     array    |
|weightsbuf_23_0_we0       | out |    1|  ap_memory |  weightsbuf_23_0  |     array    |
|weightsbuf_23_0_d0        | out |   10|  ap_memory |  weightsbuf_23_0  |     array    |
|weightsbuf_23_1_address0  | out |    4|  ap_memory |  weightsbuf_23_1  |     array    |
|weightsbuf_23_1_ce0       | out |    1|  ap_memory |  weightsbuf_23_1  |     array    |
|weightsbuf_23_1_we0       | out |    1|  ap_memory |  weightsbuf_23_1  |     array    |
|weightsbuf_23_1_d0        | out |   10|  ap_memory |  weightsbuf_23_1  |     array    |
|weightsbuf_23_2_address0  | out |    4|  ap_memory |  weightsbuf_23_2  |     array    |
|weightsbuf_23_2_ce0       | out |    1|  ap_memory |  weightsbuf_23_2  |     array    |
|weightsbuf_23_2_we0       | out |    1|  ap_memory |  weightsbuf_23_2  |     array    |
|weightsbuf_23_2_d0        | out |   10|  ap_memory |  weightsbuf_23_2  |     array    |
|weightsbuf_24_0_address0  | out |    4|  ap_memory |  weightsbuf_24_0  |     array    |
|weightsbuf_24_0_ce0       | out |    1|  ap_memory |  weightsbuf_24_0  |     array    |
|weightsbuf_24_0_we0       | out |    1|  ap_memory |  weightsbuf_24_0  |     array    |
|weightsbuf_24_0_d0        | out |   10|  ap_memory |  weightsbuf_24_0  |     array    |
|weightsbuf_24_1_address0  | out |    4|  ap_memory |  weightsbuf_24_1  |     array    |
|weightsbuf_24_1_ce0       | out |    1|  ap_memory |  weightsbuf_24_1  |     array    |
|weightsbuf_24_1_we0       | out |    1|  ap_memory |  weightsbuf_24_1  |     array    |
|weightsbuf_24_1_d0        | out |   10|  ap_memory |  weightsbuf_24_1  |     array    |
|weightsbuf_24_2_address0  | out |    4|  ap_memory |  weightsbuf_24_2  |     array    |
|weightsbuf_24_2_ce0       | out |    1|  ap_memory |  weightsbuf_24_2  |     array    |
|weightsbuf_24_2_we0       | out |    1|  ap_memory |  weightsbuf_24_2  |     array    |
|weightsbuf_24_2_d0        | out |   10|  ap_memory |  weightsbuf_24_2  |     array    |
|weightsbuf_25_0_address0  | out |    4|  ap_memory |  weightsbuf_25_0  |     array    |
|weightsbuf_25_0_ce0       | out |    1|  ap_memory |  weightsbuf_25_0  |     array    |
|weightsbuf_25_0_we0       | out |    1|  ap_memory |  weightsbuf_25_0  |     array    |
|weightsbuf_25_0_d0        | out |   10|  ap_memory |  weightsbuf_25_0  |     array    |
|weightsbuf_25_1_address0  | out |    4|  ap_memory |  weightsbuf_25_1  |     array    |
|weightsbuf_25_1_ce0       | out |    1|  ap_memory |  weightsbuf_25_1  |     array    |
|weightsbuf_25_1_we0       | out |    1|  ap_memory |  weightsbuf_25_1  |     array    |
|weightsbuf_25_1_d0        | out |   10|  ap_memory |  weightsbuf_25_1  |     array    |
|weightsbuf_25_2_address0  | out |    4|  ap_memory |  weightsbuf_25_2  |     array    |
|weightsbuf_25_2_ce0       | out |    1|  ap_memory |  weightsbuf_25_2  |     array    |
|weightsbuf_25_2_we0       | out |    1|  ap_memory |  weightsbuf_25_2  |     array    |
|weightsbuf_25_2_d0        | out |   10|  ap_memory |  weightsbuf_25_2  |     array    |
|weightsbuf_26_0_address0  | out |    4|  ap_memory |  weightsbuf_26_0  |     array    |
|weightsbuf_26_0_ce0       | out |    1|  ap_memory |  weightsbuf_26_0  |     array    |
|weightsbuf_26_0_we0       | out |    1|  ap_memory |  weightsbuf_26_0  |     array    |
|weightsbuf_26_0_d0        | out |   10|  ap_memory |  weightsbuf_26_0  |     array    |
|weightsbuf_26_1_address0  | out |    4|  ap_memory |  weightsbuf_26_1  |     array    |
|weightsbuf_26_1_ce0       | out |    1|  ap_memory |  weightsbuf_26_1  |     array    |
|weightsbuf_26_1_we0       | out |    1|  ap_memory |  weightsbuf_26_1  |     array    |
|weightsbuf_26_1_d0        | out |   10|  ap_memory |  weightsbuf_26_1  |     array    |
|weightsbuf_26_2_address0  | out |    4|  ap_memory |  weightsbuf_26_2  |     array    |
|weightsbuf_26_2_ce0       | out |    1|  ap_memory |  weightsbuf_26_2  |     array    |
|weightsbuf_26_2_we0       | out |    1|  ap_memory |  weightsbuf_26_2  |     array    |
|weightsbuf_26_2_d0        | out |   10|  ap_memory |  weightsbuf_26_2  |     array    |
|weightsbuf_27_0_address0  | out |    4|  ap_memory |  weightsbuf_27_0  |     array    |
|weightsbuf_27_0_ce0       | out |    1|  ap_memory |  weightsbuf_27_0  |     array    |
|weightsbuf_27_0_we0       | out |    1|  ap_memory |  weightsbuf_27_0  |     array    |
|weightsbuf_27_0_d0        | out |   10|  ap_memory |  weightsbuf_27_0  |     array    |
|weightsbuf_27_1_address0  | out |    4|  ap_memory |  weightsbuf_27_1  |     array    |
|weightsbuf_27_1_ce0       | out |    1|  ap_memory |  weightsbuf_27_1  |     array    |
|weightsbuf_27_1_we0       | out |    1|  ap_memory |  weightsbuf_27_1  |     array    |
|weightsbuf_27_1_d0        | out |   10|  ap_memory |  weightsbuf_27_1  |     array    |
|weightsbuf_27_2_address0  | out |    4|  ap_memory |  weightsbuf_27_2  |     array    |
|weightsbuf_27_2_ce0       | out |    1|  ap_memory |  weightsbuf_27_2  |     array    |
|weightsbuf_27_2_we0       | out |    1|  ap_memory |  weightsbuf_27_2  |     array    |
|weightsbuf_27_2_d0        | out |   10|  ap_memory |  weightsbuf_27_2  |     array    |
|weights_offset_0          |  in |   32|   ap_none  |  weights_offset_0 |    scalar    |
+--------------------------+-----+-----+------------+-------------------+--------------+

