

================================================================
== Vivado HLS Report for 'read_in_wh45'
================================================================
* Date:           Tue Nov 28 10:42:38 2017

* Version:        2017.3 (Build 2018833 on Wed Oct 04 20:30:40 MDT 2017)
* Project:        Prova_casa
* Solution:       solution1
* Product family: zynq
* Target device:  xc7z020clg484-1


================================================================
== Performance Estimates
================================================================
+ Timing (ns): 
    * Summary: 
    +--------+-------+----------+------------+
    |  Clock | Target| Estimated| Uncertainty|
    +--------+-------+----------+------------+
    |ap_clk  |  10.00|      9.63|        1.25|
    +--------+-------+----------+------------+

+ Latency (clock cycles): 
    * Summary: 
    +------+------+------+------+---------+
    |   Latency   |   Interval  | Pipeline|
    |  min |  max |  min |  max |   Type  |
    +------+------+------+------+---------+
    |  1158|  2125|  1158|  2125|   none  |
    +------+------+------+------+---------+

    + Detail: 
        * Instance: 
        +--------------------------+--------------+-----+-----+-----+-----+---------+
        |                          |              |  Latency  |  Interval | Pipeline|
        |         Instance         |    Module    | min | max | min | max |   Type  |
        +--------------------------+--------------+-----+-----+-----+-----+---------+
        |grp_read_weights_fu_1681  |read_weights  |    5|  772|    5|  772|   none  |
        |grp_read_input_fu_1863    |read_input    |    6|  206|    6|  206|   none  |
        +--------------------------+--------------+-----+-----+-----+-----+---------+

        * Loop: 
        +----------+------+------+----------+-----------+-----------+------+----------+
        |          |   Latency   | Iteration|  Initiation Interval  | Trip |          |
        | Loop Name|  min |  max |  Latency |  achieved |   target  | Count| Pipelined|
        +----------+------+------+----------+-----------+-----------+------+----------+
        |- Loop 1  |     9|     9|         1|          1|          1|     9|    yes   |
        |- Loop 2  |  1131|  1131|         2|          1|          1|  1131|    yes   |
        +----------+------+------+----------+-----------+-----------+------+----------+



================================================================
== Utilization Estimates
================================================================
* Summary: 
+-----------------+---------+-------+--------+-------+
|       Name      | BRAM_18K| DSP48E|   FF   |  LUT  |
+-----------------+---------+-------+--------+-------+
|DSP              |        -|      1|       -|      -|
|Expression       |        -|      -|       0|    225|
|FIFO             |        -|      -|       -|      -|
|Instance         |        0|     61|    2605|   3781|
|Memory           |        -|      -|       -|      -|
|Multiplexer      |        -|      -|       -|   5618|
|Register         |        -|      -|      55|      -|
+-----------------+---------+-------+--------+-------+
|Total            |        0|     62|    2660|   9624|
+-----------------+---------+-------+--------+-------+
|Available        |      280|    220|  106400|  53200|
+-----------------+---------+-------+--------+-------+
|Utilization (%)  |        0|     28|       2|     18|
+-----------------+---------+-------+--------+-------+

+ Detail: 
    * Instance: 
    +--------------------------+--------------+---------+-------+------+------+
    |         Instance         |    Module    | BRAM_18K| DSP48E|  FF  |  LUT |
    +--------------------------+--------------+---------+-------+------+------+
    |grp_read_input_fu_1863    |read_input    |        0|     31|  1267|  1821|
    |grp_read_weights_fu_1681  |read_weights  |        0|     30|  1338|  1960|
    +--------------------------+--------------+---------+-------+------+------+
    |Total                     |              |        0|     61|  2605|  3781|
    +--------------------------+--------------+---------+-------+------+------+

    * DSP48: 
    +---------------------------+----------------------+--------------+
    |          Instance         |        Module        |  Expression  |
    +---------------------------+----------------------+--------------+
    |zhang_cnn_mac_mulcud_U112  |zhang_cnn_mac_mulcud  | i0 * i1 + i2 |
    +---------------------------+----------------------+--------------+

    * Memory: 
    N/A

    * FIFO: 
    N/A

    * Expression: 
    +---------------------------------+----------+-------+---+----+------------+------------+
    |          Variable Name          | Operation| DSP48E| FF| LUT| Bitwidth P0| Bitwidth P1|
    +---------------------------------+----------+-------+---+----+------------+------------+
    |c_fu_2093_p2                     |     +    |      0|  0|  15|           5|           1|
    |indvar_flatten_next7_fu_2059_p2  |     +    |      0|  0|  18|          11|           1|
    |indvar_flatten_next_fu_1893_p2   |     +    |      0|  0|  13|           4|           1|
    |kh_fu_1899_p2                    |     +    |      0|  0|  10|           2|           1|
    |kw_fu_2047_p2                    |     +    |      0|  0|  10|           2|           1|
    |r_fu_2065_p2                     |     +    |      0|  0|  15|           6|           1|
    |tmp_52_fu_1953_p2                |     +    |      0|  0|  32|           5|           5|
    |tmp_s_fu_1943_p2                 |     -    |      0|  0|  32|           5|           5|
    |exitcond1_i_i_i_fu_2071_p2       |   icmp   |      0|  0|  11|           5|           3|
    |exitcond5_i_i_i_fu_1905_p2       |   icmp   |      0|  0|   8|           2|           2|
    |exitcond_flatten8_fu_2053_p2     |   icmp   |      0|  0|  13|          11|          11|
    |exitcond_flatten_fu_1887_p2      |   icmp   |      0|  0|   9|           4|           4|
    |ap_block_state1                  |    or    |      0|  0|   8|           1|           1|
    |c_0_i_i_i_mid2_fu_2077_p3        |  select  |      0|  0|   5|           1|           1|
    |kw_0_i_i_i_mid2_fu_1911_p3       |  select  |      0|  0|   2|           1|           1|
    |tmp_i_i_mid2_v_21_fu_2085_p3     |  select  |      0|  0|   6|           1|           6|
    |tmp_i_i_mid2_v_fu_1919_p3        |  select  |      0|  0|   2|           1|           2|
    |ap_enable_pp1                    |    xor   |      0|  0|   8|           1|           2|
    |ap_enable_reg_pp1_iter1          |    xor   |      0|  0|   8|           1|           2|
    +---------------------------------+----------+-------+---+----+------------+------------+
    |Total                            |          |      0|  0| 225|          69|          51|
    +---------------------------------+----------+-------+---+----+------------+------------+

    * Multiplexer: 
    +-------------------------------------+----+-----------+-----+-----------+
    |                 Name                | LUT| Input Size| Bits| Total Bits|
    +-------------------------------------+----+-----------+-----+-----------+
    |ap_NS_fsm                            |  44|          9|    1|          9|
    |ap_done                              |   9|          2|    1|          2|
    |ap_enable_reg_pp1_iter1              |  15|          3|    1|          3|
    |ap_phi_mux_r_0_i_i_i_phi_fu_1663_p4  |   9|          2|    6|         12|
    |c_0_i_i_i_reg_1670                   |   9|          2|    5|         10|
    |col_out_blk_n                        |   9|          2|    1|          2|
    |curr_layer_ker_h_out_blk_n           |   9|          2|    1|          2|
    |curr_layer_ker_w_out_blk_n           |   9|          2|    1|          2|
    |curr_layer_out_h_out_blk_n           |   9|          2|    1|          2|
    |curr_layer_out_w_out_blk_n           |   9|          2|    1|          2|
    |curr_layer_str_h_out_blk_n           |   9|          2|    1|          2|
    |curr_layer_str_w_out_blk_n           |   9|          2|    1|          2|
    |indvar_flatten6_reg_1648             |   9|          2|   11|         22|
    |indvar_flatten_reg_1615              |   9|          2|    4|          8|
    |inputfm_0_address0                   |  15|          3|   11|         33|
    |inputfm_0_ce0                        |  15|          3|    1|          3|
    |inputfm_0_d0                         |  15|          3|   10|         30|
    |inputfm_0_we0                        |  15|          3|    1|          3|
    |inputfm_1_address0                   |  15|          3|   11|         33|
    |inputfm_1_ce0                        |  15|          3|    1|          3|
    |inputfm_1_d0                         |  15|          3|   10|         30|
    |inputfm_1_we0                        |  15|          3|    1|          3|
    |inputfm_2_address0                   |  15|          3|   11|         33|
    |inputfm_2_ce0                        |  15|          3|    1|          3|
    |inputfm_2_d0                         |  15|          3|   10|         30|
    |inputfm_2_we0                        |  15|          3|    1|          3|
    |kh_0_i_i_i_reg_1626                  |   9|          2|    2|          4|
    |kw_0_i_i_i_reg_1637                  |   9|          2|    2|          4|
    |m_axi_weights_ARADDR                 |  15|          3|   32|         96|
    |m_axi_weights_ARBURST                |  15|          3|    2|          6|
    |m_axi_weights_ARCACHE                |  15|          3|    4|         12|
    |m_axi_weights_ARID                   |  15|          3|    1|          3|
    |m_axi_weights_ARLEN                  |  15|          3|   32|         96|
    |m_axi_weights_ARLOCK                 |  15|          3|    2|          6|
    |m_axi_weights_ARPROT                 |  15|          3|    3|          9|
    |m_axi_weights_ARQOS                  |  15|          3|    4|         12|
    |m_axi_weights_ARREGION               |  15|          3|    4|         12|
    |m_axi_weights_ARSIZE                 |  15|          3|    3|          9|
    |m_axi_weights_ARUSER                 |  15|          3|    1|          3|
    |m_axi_weights_ARVALID                |  15|          3|    1|          3|
    |m_axi_weights_RREADY                 |  15|          3|    1|          3|
    |r_0_i_i_i_reg_1659                   |   9|          2|    6|         12|
    |row_out_blk_n                        |   9|          2|    1|          2|
    |weightsbuf_0_0_address0              |  15|          3|    4|         12|
    |weightsbuf_0_0_ce0                   |  15|          3|    1|          3|
    |weightsbuf_0_0_d0                    |  15|          3|   10|         30|
    |weightsbuf_0_0_we0                   |  15|          3|    1|          3|
    |weightsbuf_0_1_address0              |  15|          3|    4|         12|
    |weightsbuf_0_1_ce0                   |  15|          3|    1|          3|
    |weightsbuf_0_1_d0                    |  15|          3|   10|         30|
    |weightsbuf_0_1_we0                   |  15|          3|    1|          3|
    |weightsbuf_0_2_address0              |  15|          3|    4|         12|
    |weightsbuf_0_2_ce0                   |  15|          3|    1|          3|
    |weightsbuf_0_2_d0                    |  15|          3|   10|         30|
    |weightsbuf_0_2_we0                   |  15|          3|    1|          3|
    |weightsbuf_10_0_address0             |  15|          3|    4|         12|
    |weightsbuf_10_0_ce0                  |  15|          3|    1|          3|
    |weightsbuf_10_0_d0                   |  15|          3|   10|         30|
    |weightsbuf_10_0_we0                  |  15|          3|    1|          3|
    |weightsbuf_10_1_address0             |  15|          3|    4|         12|
    |weightsbuf_10_1_ce0                  |  15|          3|    1|          3|
    |weightsbuf_10_1_d0                   |  15|          3|   10|         30|
    |weightsbuf_10_1_we0                  |  15|          3|    1|          3|
    |weightsbuf_10_2_address0             |  15|          3|    4|         12|
    |weightsbuf_10_2_ce0                  |  15|          3|    1|          3|
    |weightsbuf_10_2_d0                   |  15|          3|   10|         30|
    |weightsbuf_10_2_we0                  |  15|          3|    1|          3|
    |weightsbuf_11_0_address0             |  15|          3|    4|         12|
    |weightsbuf_11_0_ce0                  |  15|          3|    1|          3|
    |weightsbuf_11_0_d0                   |  15|          3|   10|         30|
    |weightsbuf_11_0_we0                  |  15|          3|    1|          3|
    |weightsbuf_11_1_address0             |  15|          3|    4|         12|
    |weightsbuf_11_1_ce0                  |  15|          3|    1|          3|
    |weightsbuf_11_1_d0                   |  15|          3|   10|         30|
    |weightsbuf_11_1_we0                  |  15|          3|    1|          3|
    |weightsbuf_11_2_address0             |  15|          3|    4|         12|
    |weightsbuf_11_2_ce0                  |  15|          3|    1|          3|
    |weightsbuf_11_2_d0                   |  15|          3|   10|         30|
    |weightsbuf_11_2_we0                  |  15|          3|    1|          3|
    |weightsbuf_12_0_address0             |  15|          3|    4|         12|
    |weightsbuf_12_0_ce0                  |  15|          3|    1|          3|
    |weightsbuf_12_0_d0                   |  15|          3|   10|         30|
    |weightsbuf_12_0_we0                  |  15|          3|    1|          3|
    |weightsbuf_12_1_address0             |  15|          3|    4|         12|
    |weightsbuf_12_1_ce0                  |  15|          3|    1|          3|
    |weightsbuf_12_1_d0                   |  15|          3|   10|         30|
    |weightsbuf_12_1_we0                  |  15|          3|    1|          3|
    |weightsbuf_12_2_address0             |  15|          3|    4|         12|
    |weightsbuf_12_2_ce0                  |  15|          3|    1|          3|
    |weightsbuf_12_2_d0                   |  15|          3|   10|         30|
    |weightsbuf_12_2_we0                  |  15|          3|    1|          3|
    |weightsbuf_13_0_address0             |  15|          3|    4|         12|
    |weightsbuf_13_0_ce0                  |  15|          3|    1|          3|
    |weightsbuf_13_0_d0                   |  15|          3|   10|         30|
    |weightsbuf_13_0_we0                  |  15|          3|    1|          3|
    |weightsbuf_13_1_address0             |  15|          3|    4|         12|
    |weightsbuf_13_1_ce0                  |  15|          3|    1|          3|
    |weightsbuf_13_1_d0                   |  15|          3|   10|         30|
    |weightsbuf_13_1_we0                  |  15|          3|    1|          3|
    |weightsbuf_13_2_address0             |  15|          3|    4|         12|
    |weightsbuf_13_2_ce0                  |  15|          3|    1|          3|
    |weightsbuf_13_2_d0                   |  15|          3|   10|         30|
    |weightsbuf_13_2_we0                  |  15|          3|    1|          3|
    |weightsbuf_14_0_address0             |  15|          3|    4|         12|
    |weightsbuf_14_0_ce0                  |  15|          3|    1|          3|
    |weightsbuf_14_0_d0                   |  15|          3|   10|         30|
    |weightsbuf_14_0_we0                  |  15|          3|    1|          3|
    |weightsbuf_14_1_address0             |  15|          3|    4|         12|
    |weightsbuf_14_1_ce0                  |  15|          3|    1|          3|
    |weightsbuf_14_1_d0                   |  15|          3|   10|         30|
    |weightsbuf_14_1_we0                  |  15|          3|    1|          3|
    |weightsbuf_14_2_address0             |  15|          3|    4|         12|
    |weightsbuf_14_2_ce0                  |  15|          3|    1|          3|
    |weightsbuf_14_2_d0                   |  15|          3|   10|         30|
    |weightsbuf_14_2_we0                  |  15|          3|    1|          3|
    |weightsbuf_15_0_address0             |  15|          3|    4|         12|
    |weightsbuf_15_0_ce0                  |  15|          3|    1|          3|
    |weightsbuf_15_0_d0                   |  15|          3|   10|         30|
    |weightsbuf_15_0_we0                  |  15|          3|    1|          3|
    |weightsbuf_15_1_address0             |  15|          3|    4|         12|
    |weightsbuf_15_1_ce0                  |  15|          3|    1|          3|
    |weightsbuf_15_1_d0                   |  15|          3|   10|         30|
    |weightsbuf_15_1_we0                  |  15|          3|    1|          3|
    |weightsbuf_15_2_address0             |  15|          3|    4|         12|
    |weightsbuf_15_2_ce0                  |  15|          3|    1|          3|
    |weightsbuf_15_2_d0                   |  15|          3|   10|         30|
    |weightsbuf_15_2_we0                  |  15|          3|    1|          3|
    |weightsbuf_16_0_address0             |  15|          3|    4|         12|
    |weightsbuf_16_0_ce0                  |  15|          3|    1|          3|
    |weightsbuf_16_0_d0                   |  15|          3|   10|         30|
    |weightsbuf_16_0_we0                  |  15|          3|    1|          3|
    |weightsbuf_16_1_address0             |  15|          3|    4|         12|
    |weightsbuf_16_1_ce0                  |  15|          3|    1|          3|
    |weightsbuf_16_1_d0                   |  15|          3|   10|         30|
    |weightsbuf_16_1_we0                  |  15|          3|    1|          3|
    |weightsbuf_16_2_address0             |  15|          3|    4|         12|
    |weightsbuf_16_2_ce0                  |  15|          3|    1|          3|
    |weightsbuf_16_2_d0                   |  15|          3|   10|         30|
    |weightsbuf_16_2_we0                  |  15|          3|    1|          3|
    |weightsbuf_17_0_address0             |  15|          3|    4|         12|
    |weightsbuf_17_0_ce0                  |  15|          3|    1|          3|
    |weightsbuf_17_0_d0                   |  15|          3|   10|         30|
    |weightsbuf_17_0_we0                  |  15|          3|    1|          3|
    |weightsbuf_17_1_address0             |  15|          3|    4|         12|
    |weightsbuf_17_1_ce0                  |  15|          3|    1|          3|
    |weightsbuf_17_1_d0                   |  15|          3|   10|         30|
    |weightsbuf_17_1_we0                  |  15|          3|    1|          3|
    |weightsbuf_17_2_address0             |  15|          3|    4|         12|
    |weightsbuf_17_2_ce0                  |  15|          3|    1|          3|
    |weightsbuf_17_2_d0                   |  15|          3|   10|         30|
    |weightsbuf_17_2_we0                  |  15|          3|    1|          3|
    |weightsbuf_18_0_address0             |  15|          3|    4|         12|
    |weightsbuf_18_0_ce0                  |  15|          3|    1|          3|
    |weightsbuf_18_0_d0                   |  15|          3|   10|         30|
    |weightsbuf_18_0_we0                  |  15|          3|    1|          3|
    |weightsbuf_18_1_address0             |  15|          3|    4|         12|
    |weightsbuf_18_1_ce0                  |  15|          3|    1|          3|
    |weightsbuf_18_1_d0                   |  15|          3|   10|         30|
    |weightsbuf_18_1_we0                  |  15|          3|    1|          3|
    |weightsbuf_18_2_address0             |  15|          3|    4|         12|
    |weightsbuf_18_2_ce0                  |  15|          3|    1|          3|
    |weightsbuf_18_2_d0                   |  15|          3|   10|         30|
    |weightsbuf_18_2_we0                  |  15|          3|    1|          3|
    |weightsbuf_19_0_address0             |  15|          3|    4|         12|
    |weightsbuf_19_0_ce0                  |  15|          3|    1|          3|
    |weightsbuf_19_0_d0                   |  15|          3|   10|         30|
    |weightsbuf_19_0_we0                  |  15|          3|    1|          3|
    |weightsbuf_19_1_address0             |  15|          3|    4|         12|
    |weightsbuf_19_1_ce0                  |  15|          3|    1|          3|
    |weightsbuf_19_1_d0                   |  15|          3|   10|         30|
    |weightsbuf_19_1_we0                  |  15|          3|    1|          3|
    |weightsbuf_19_2_address0             |  15|          3|    4|         12|
    |weightsbuf_19_2_ce0                  |  15|          3|    1|          3|
    |weightsbuf_19_2_d0                   |  15|          3|   10|         30|
    |weightsbuf_19_2_we0                  |  15|          3|    1|          3|
    |weightsbuf_1_0_address0              |  15|          3|    4|         12|
    |weightsbuf_1_0_ce0                   |  15|          3|    1|          3|
    |weightsbuf_1_0_d0                    |  15|          3|   10|         30|
    |weightsbuf_1_0_we0                   |  15|          3|    1|          3|
    |weightsbuf_1_1_address0              |  15|          3|    4|         12|
    |weightsbuf_1_1_ce0                   |  15|          3|    1|          3|
    |weightsbuf_1_1_d0                    |  15|          3|   10|         30|
    |weightsbuf_1_1_we0                   |  15|          3|    1|          3|
    |weightsbuf_1_2_address0              |  15|          3|    4|         12|
    |weightsbuf_1_2_ce0                   |  15|          3|    1|          3|
    |weightsbuf_1_2_d0                    |  15|          3|   10|         30|
    |weightsbuf_1_2_we0                   |  15|          3|    1|          3|
    |weightsbuf_20_0_address0             |  15|          3|    4|         12|
    |weightsbuf_20_0_ce0                  |  15|          3|    1|          3|
    |weightsbuf_20_0_d0                   |  15|          3|   10|         30|
    |weightsbuf_20_0_we0                  |  15|          3|    1|          3|
    |weightsbuf_20_1_address0             |  15|          3|    4|         12|
    |weightsbuf_20_1_ce0                  |  15|          3|    1|          3|
    |weightsbuf_20_1_d0                   |  15|          3|   10|         30|
    |weightsbuf_20_1_we0                  |  15|          3|    1|          3|
    |weightsbuf_20_2_address0             |  15|          3|    4|         12|
    |weightsbuf_20_2_ce0                  |  15|          3|    1|          3|
    |weightsbuf_20_2_d0                   |  15|          3|   10|         30|
    |weightsbuf_20_2_we0                  |  15|          3|    1|          3|
    |weightsbuf_21_0_address0             |  15|          3|    4|         12|
    |weightsbuf_21_0_ce0                  |  15|          3|    1|          3|
    |weightsbuf_21_0_d0                   |  15|          3|   10|         30|
    |weightsbuf_21_0_we0                  |  15|          3|    1|          3|
    |weightsbuf_21_1_address0             |  15|          3|    4|         12|
    |weightsbuf_21_1_ce0                  |  15|          3|    1|          3|
    |weightsbuf_21_1_d0                   |  15|          3|   10|         30|
    |weightsbuf_21_1_we0                  |  15|          3|    1|          3|
    |weightsbuf_21_2_address0             |  15|          3|    4|         12|
    |weightsbuf_21_2_ce0                  |  15|          3|    1|          3|
    |weightsbuf_21_2_d0                   |  15|          3|   10|         30|
    |weightsbuf_21_2_we0                  |  15|          3|    1|          3|
    |weightsbuf_22_0_address0             |  15|          3|    4|         12|
    |weightsbuf_22_0_ce0                  |  15|          3|    1|          3|
    |weightsbuf_22_0_d0                   |  15|          3|   10|         30|
    |weightsbuf_22_0_we0                  |  15|          3|    1|          3|
    |weightsbuf_22_1_address0             |  15|          3|    4|         12|
    |weightsbuf_22_1_ce0                  |  15|          3|    1|          3|
    |weightsbuf_22_1_d0                   |  15|          3|   10|         30|
    |weightsbuf_22_1_we0                  |  15|          3|    1|          3|
    |weightsbuf_22_2_address0             |  15|          3|    4|         12|
    |weightsbuf_22_2_ce0                  |  15|          3|    1|          3|
    |weightsbuf_22_2_d0                   |  15|          3|   10|         30|
    |weightsbuf_22_2_we0                  |  15|          3|    1|          3|
    |weightsbuf_23_0_address0             |  15|          3|    4|         12|
    |weightsbuf_23_0_ce0                  |  15|          3|    1|          3|
    |weightsbuf_23_0_d0                   |  15|          3|   10|         30|
    |weightsbuf_23_0_we0                  |  15|          3|    1|          3|
    |weightsbuf_23_1_address0             |  15|          3|    4|         12|
    |weightsbuf_23_1_ce0                  |  15|          3|    1|          3|
    |weightsbuf_23_1_d0                   |  15|          3|   10|         30|
    |weightsbuf_23_1_we0                  |  15|          3|    1|          3|
    |weightsbuf_23_2_address0             |  15|          3|    4|         12|
    |weightsbuf_23_2_ce0                  |  15|          3|    1|          3|
    |weightsbuf_23_2_d0                   |  15|          3|   10|         30|
    |weightsbuf_23_2_we0                  |  15|          3|    1|          3|
    |weightsbuf_24_0_address0             |  15|          3|    4|         12|
    |weightsbuf_24_0_ce0                  |  15|          3|    1|          3|
    |weightsbuf_24_0_d0                   |  15|          3|   10|         30|
    |weightsbuf_24_0_we0                  |  15|          3|    1|          3|
    |weightsbuf_24_1_address0             |  15|          3|    4|         12|
    |weightsbuf_24_1_ce0                  |  15|          3|    1|          3|
    |weightsbuf_24_1_d0                   |  15|          3|   10|         30|
    |weightsbuf_24_1_we0                  |  15|          3|    1|          3|
    |weightsbuf_24_2_address0             |  15|          3|    4|         12|
    |weightsbuf_24_2_ce0                  |  15|          3|    1|          3|
    |weightsbuf_24_2_d0                   |  15|          3|   10|         30|
    |weightsbuf_24_2_we0                  |  15|          3|    1|          3|
    |weightsbuf_25_0_address0             |  15|          3|    4|         12|
    |weightsbuf_25_0_ce0                  |  15|          3|    1|          3|
    |weightsbuf_25_0_d0                   |  15|          3|   10|         30|
    |weightsbuf_25_0_we0                  |  15|          3|    1|          3|
    |weightsbuf_25_1_address0             |  15|          3|    4|         12|
    |weightsbuf_25_1_ce0                  |  15|          3|    1|          3|
    |weightsbuf_25_1_d0                   |  15|          3|   10|         30|
    |weightsbuf_25_1_we0                  |  15|          3|    1|          3|
    |weightsbuf_25_2_address0             |  15|          3|    4|         12|
    |weightsbuf_25_2_ce0                  |  15|          3|    1|          3|
    |weightsbuf_25_2_d0                   |  15|          3|   10|         30|
    |weightsbuf_25_2_we0                  |  15|          3|    1|          3|
    |weightsbuf_26_0_address0             |  15|          3|    4|         12|
    |weightsbuf_26_0_ce0                  |  15|          3|    1|          3|
    |weightsbuf_26_0_d0                   |  15|          3|   10|         30|
    |weightsbuf_26_0_we0                  |  15|          3|    1|          3|
    |weightsbuf_26_1_address0             |  15|          3|    4|         12|
    |weightsbuf_26_1_ce0                  |  15|          3|    1|          3|
    |weightsbuf_26_1_d0                   |  15|          3|   10|         30|
    |weightsbuf_26_1_we0                  |  15|          3|    1|          3|
    |weightsbuf_26_2_address0             |  15|          3|    4|         12|
    |weightsbuf_26_2_ce0                  |  15|          3|    1|          3|
    |weightsbuf_26_2_d0                   |  15|          3|   10|         30|
    |weightsbuf_26_2_we0                  |  15|          3|    1|          3|
    |weightsbuf_27_0_address0             |  15|          3|    4|         12|
    |weightsbuf_27_0_ce0                  |  15|          3|    1|          3|
    |weightsbuf_27_0_d0                   |  15|          3|   10|         30|
    |weightsbuf_27_0_we0                  |  15|          3|    1|          3|
    |weightsbuf_27_1_address0             |  15|          3|    4|         12|
    |weightsbuf_27_1_ce0                  |  15|          3|    1|          3|
    |weightsbuf_27_1_d0                   |  15|          3|   10|         30|
    |weightsbuf_27_1_we0                  |  15|          3|    1|          3|
    |weightsbuf_27_2_address0             |  15|          3|    4|         12|
    |weightsbuf_27_2_ce0                  |  15|          3|    1|          3|
    |weightsbuf_27_2_d0                   |  15|          3|   10|         30|
    |weightsbuf_27_2_we0                  |  15|          3|    1|          3|
    |weightsbuf_2_0_address0              |  15|          3|    4|         12|
    |weightsbuf_2_0_ce0                   |  15|          3|    1|          3|
    |weightsbuf_2_0_d0                    |  15|          3|   10|         30|
    |weightsbuf_2_0_we0                   |  15|          3|    1|          3|
    |weightsbuf_2_1_address0              |  15|          3|    4|         12|
    |weightsbuf_2_1_ce0                   |  15|          3|    1|          3|
    |weightsbuf_2_1_d0                    |  15|          3|   10|         30|
    |weightsbuf_2_1_we0                   |  15|          3|    1|          3|
    |weightsbuf_2_2_address0              |  15|          3|    4|         12|
    |weightsbuf_2_2_ce0                   |  15|          3|    1|          3|
    |weightsbuf_2_2_d0                    |  15|          3|   10|         30|
    |weightsbuf_2_2_we0                   |  15|          3|    1|          3|
    |weightsbuf_3_0_address0              |  15|          3|    4|         12|
    |weightsbuf_3_0_ce0                   |  15|          3|    1|          3|
    |weightsbuf_3_0_d0                    |  15|          3|   10|         30|
    |weightsbuf_3_0_we0                   |  15|          3|    1|          3|
    |weightsbuf_3_1_address0              |  15|          3|    4|         12|
    |weightsbuf_3_1_ce0                   |  15|          3|    1|          3|
    |weightsbuf_3_1_d0                    |  15|          3|   10|         30|
    |weightsbuf_3_1_we0                   |  15|          3|    1|          3|
    |weightsbuf_3_2_address0              |  15|          3|    4|         12|
    |weightsbuf_3_2_ce0                   |  15|          3|    1|          3|
    |weightsbuf_3_2_d0                    |  15|          3|   10|         30|
    |weightsbuf_3_2_we0                   |  15|          3|    1|          3|
    |weightsbuf_4_0_address0              |  15|          3|    4|         12|
    |weightsbuf_4_0_ce0                   |  15|          3|    1|          3|
    |weightsbuf_4_0_d0                    |  15|          3|   10|         30|
    |weightsbuf_4_0_we0                   |  15|          3|    1|          3|
    |weightsbuf_4_1_address0              |  15|          3|    4|         12|
    |weightsbuf_4_1_ce0                   |  15|          3|    1|          3|
    |weightsbuf_4_1_d0                    |  15|          3|   10|         30|
    |weightsbuf_4_1_we0                   |  15|          3|    1|          3|
    |weightsbuf_4_2_address0              |  15|          3|    4|         12|
    |weightsbuf_4_2_ce0                   |  15|          3|    1|          3|
    |weightsbuf_4_2_d0                    |  15|          3|   10|         30|
    |weightsbuf_4_2_we0                   |  15|          3|    1|          3|
    |weightsbuf_5_0_address0              |  15|          3|    4|         12|
    |weightsbuf_5_0_ce0                   |  15|          3|    1|          3|
    |weightsbuf_5_0_d0                    |  15|          3|   10|         30|
    |weightsbuf_5_0_we0                   |  15|          3|    1|          3|
    |weightsbuf_5_1_address0              |  15|          3|    4|         12|
    |weightsbuf_5_1_ce0                   |  15|          3|    1|          3|
    |weightsbuf_5_1_d0                    |  15|          3|   10|         30|
    |weightsbuf_5_1_we0                   |  15|          3|    1|          3|
    |weightsbuf_5_2_address0              |  15|          3|    4|         12|
    |weightsbuf_5_2_ce0                   |  15|          3|    1|          3|
    |weightsbuf_5_2_d0                    |  15|          3|   10|         30|
    |weightsbuf_5_2_we0                   |  15|          3|    1|          3|
    |weightsbuf_6_0_address0              |  15|          3|    4|         12|
    |weightsbuf_6_0_ce0                   |  15|          3|    1|          3|
    |weightsbuf_6_0_d0                    |  15|          3|   10|         30|
    |weightsbuf_6_0_we0                   |  15|          3|    1|          3|
    |weightsbuf_6_1_address0              |  15|          3|    4|         12|
    |weightsbuf_6_1_ce0                   |  15|          3|    1|          3|
    |weightsbuf_6_1_d0                    |  15|          3|   10|         30|
    |weightsbuf_6_1_we0                   |  15|          3|    1|          3|
    |weightsbuf_6_2_address0              |  15|          3|    4|         12|
    |weightsbuf_6_2_ce0                   |  15|          3|    1|          3|
    |weightsbuf_6_2_d0                    |  15|          3|   10|         30|
    |weightsbuf_6_2_we0                   |  15|          3|    1|          3|
    |weightsbuf_7_0_address0              |  15|          3|    4|         12|
    |weightsbuf_7_0_ce0                   |  15|          3|    1|          3|
    |weightsbuf_7_0_d0                    |  15|          3|   10|         30|
    |weightsbuf_7_0_we0                   |  15|          3|    1|          3|
    |weightsbuf_7_1_address0              |  15|          3|    4|         12|
    |weightsbuf_7_1_ce0                   |  15|          3|    1|          3|
    |weightsbuf_7_1_d0                    |  15|          3|   10|         30|
    |weightsbuf_7_1_we0                   |  15|          3|    1|          3|
    |weightsbuf_7_2_address0              |  15|          3|    4|         12|
    |weightsbuf_7_2_ce0                   |  15|          3|    1|          3|
    |weightsbuf_7_2_d0                    |  15|          3|   10|         30|
    |weightsbuf_7_2_we0                   |  15|          3|    1|          3|
    |weightsbuf_8_0_address0              |  15|          3|    4|         12|
    |weightsbuf_8_0_ce0                   |  15|          3|    1|          3|
    |weightsbuf_8_0_d0                    |  15|          3|   10|         30|
    |weightsbuf_8_0_we0                   |  15|          3|    1|          3|
    |weightsbuf_8_1_address0              |  15|          3|    4|         12|
    |weightsbuf_8_1_ce0                   |  15|          3|    1|          3|
    |weightsbuf_8_1_d0                    |  15|          3|   10|         30|
    |weightsbuf_8_1_we0                   |  15|          3|    1|          3|
    |weightsbuf_8_2_address0              |  15|          3|    4|         12|
    |weightsbuf_8_2_ce0                   |  15|          3|    1|          3|
    |weightsbuf_8_2_d0                    |  15|          3|   10|         30|
    |weightsbuf_8_2_we0                   |  15|          3|    1|          3|
    |weightsbuf_9_0_address0              |  15|          3|    4|         12|
    |weightsbuf_9_0_ce0                   |  15|          3|    1|          3|
    |weightsbuf_9_0_d0                    |  15|          3|   10|         30|
    |weightsbuf_9_0_we0                   |  15|          3|    1|          3|
    |weightsbuf_9_1_address0              |  15|          3|    4|         12|
    |weightsbuf_9_1_ce0                   |  15|          3|    1|          3|
    |weightsbuf_9_1_d0                    |  15|          3|   10|         30|
    |weightsbuf_9_1_we0                   |  15|          3|    1|          3|
    |weightsbuf_9_2_address0              |  15|          3|    4|         12|
    |weightsbuf_9_2_ce0                   |  15|          3|    1|          3|
    |weightsbuf_9_2_d0                    |  15|          3|   10|         30|
    |weightsbuf_9_2_we0                   |  15|          3|    1|          3|
    +-------------------------------------+----+-----------+-----+-----------+
    |Total                                |5618|       1127| 1550|       4611|
    +-------------------------------------+----+-----------+-----+-----------+

    * Register: 
    +------------------------------------------+----+----+-----+-----------+
    |                   Name                   | FF | LUT| Bits| Const Bits|
    +------------------------------------------+----+----+-----+-----------+
    |ap_CS_fsm                                 |   8|   0|    8|          0|
    |ap_done_reg                               |   1|   0|    1|          0|
    |ap_enable_reg_pp1_iter0                   |   1|   0|    1|          0|
    |ap_enable_reg_pp1_iter1                   |   1|   0|    1|          0|
    |ap_reg_grp_read_input_fu_1863_ap_start    |   1|   0|    1|          0|
    |ap_reg_grp_read_weights_fu_1681_ap_start  |   1|   0|    1|          0|
    |c_0_i_i_i_mid2_reg_2231                   |   5|   0|    5|          0|
    |c_0_i_i_i_reg_1670                        |   5|   0|    5|          0|
    |exitcond_flatten8_reg_2222                |   1|   0|    1|          0|
    |indvar_flatten6_reg_1648                  |  11|   0|   11|          0|
    |indvar_flatten_reg_1615                   |   4|   0|    4|          0|
    |kh_0_i_i_i_reg_1626                       |   2|   0|    2|          0|
    |kw_0_i_i_i_reg_1637                       |   2|   0|    2|          0|
    |r_0_i_i_i_reg_1659                        |   6|   0|    6|          0|
    |tmp_i_i_mid2_v_21_reg_2236                |   6|   0|    6|          0|
    +------------------------------------------+----+----+-----+-----------+
    |Total                                     |  55|   0|   55|          0|
    +------------------------------------------+----+----+-----+-----------+



================================================================
== Interface
================================================================
* Summary: 
+-----------------------------+-----+-----+------------+----------------------+--------------+
|          RTL Ports          | Dir | Bits|  Protocol  |     Source Object    |    C Type    |
+-----------------------------+-----+-----+------------+----------------------+--------------+
|ap_clk                       |  in |    1| ap_ctrl_hs |     read_in_wh45     | return value |
|ap_rst                       |  in |    1| ap_ctrl_hs |     read_in_wh45     | return value |
|ap_start                     |  in |    1| ap_ctrl_hs |     read_in_wh45     | return value |
|ap_done                      | out |    1| ap_ctrl_hs |     read_in_wh45     | return value |
|ap_continue                  |  in |    1| ap_ctrl_hs |     read_in_wh45     | return value |
|ap_idle                      | out |    1| ap_ctrl_hs |     read_in_wh45     | return value |
|ap_ready                     | out |    1| ap_ctrl_hs |     read_in_wh45     | return value |
|m_axi_weights_AWVALID        | out |    1|    m_axi   |        weights       |    pointer   |
|m_axi_weights_AWREADY        |  in |    1|    m_axi   |        weights       |    pointer   |
|m_axi_weights_AWADDR         | out |   32|    m_axi   |        weights       |    pointer   |
|m_axi_weights_AWID           | out |    1|    m_axi   |        weights       |    pointer   |
|m_axi_weights_AWLEN          | out |   32|    m_axi   |        weights       |    pointer   |
|m_axi_weights_AWSIZE         | out |    3|    m_axi   |        weights       |    pointer   |
|m_axi_weights_AWBURST        | out |    2|    m_axi   |        weights       |    pointer   |
|m_axi_weights_AWLOCK         | out |    2|    m_axi   |        weights       |    pointer   |
|m_axi_weights_AWCACHE        | out |    4|    m_axi   |        weights       |    pointer   |
|m_axi_weights_AWPROT         | out |    3|    m_axi   |        weights       |    pointer   |
|m_axi_weights_AWQOS          | out |    4|    m_axi   |        weights       |    pointer   |
|m_axi_weights_AWREGION       | out |    4|    m_axi   |        weights       |    pointer   |
|m_axi_weights_AWUSER         | out |    1|    m_axi   |        weights       |    pointer   |
|m_axi_weights_WVALID         | out |    1|    m_axi   |        weights       |    pointer   |
|m_axi_weights_WREADY         |  in |    1|    m_axi   |        weights       |    pointer   |
|m_axi_weights_WDATA          | out |    8|    m_axi   |        weights       |    pointer   |
|m_axi_weights_WSTRB          | out |    1|    m_axi   |        weights       |    pointer   |
|m_axi_weights_WLAST          | out |    1|    m_axi   |        weights       |    pointer   |
|m_axi_weights_WID            | out |    1|    m_axi   |        weights       |    pointer   |
|m_axi_weights_WUSER          | out |    1|    m_axi   |        weights       |    pointer   |
|m_axi_weights_ARVALID        | out |    1|    m_axi   |        weights       |    pointer   |
|m_axi_weights_ARREADY        |  in |    1|    m_axi   |        weights       |    pointer   |
|m_axi_weights_ARADDR         | out |   32|    m_axi   |        weights       |    pointer   |
|m_axi_weights_ARID           | out |    1|    m_axi   |        weights       |    pointer   |
|m_axi_weights_ARLEN          | out |   32|    m_axi   |        weights       |    pointer   |
|m_axi_weights_ARSIZE         | out |    3|    m_axi   |        weights       |    pointer   |
|m_axi_weights_ARBURST        | out |    2|    m_axi   |        weights       |    pointer   |
|m_axi_weights_ARLOCK         | out |    2|    m_axi   |        weights       |    pointer   |
|m_axi_weights_ARCACHE        | out |    4|    m_axi   |        weights       |    pointer   |
|m_axi_weights_ARPROT         | out |    3|    m_axi   |        weights       |    pointer   |
|m_axi_weights_ARQOS          | out |    4|    m_axi   |        weights       |    pointer   |
|m_axi_weights_ARREGION       | out |    4|    m_axi   |        weights       |    pointer   |
|m_axi_weights_ARUSER         | out |    1|    m_axi   |        weights       |    pointer   |
|m_axi_weights_RVALID         |  in |    1|    m_axi   |        weights       |    pointer   |
|m_axi_weights_RREADY         | out |    1|    m_axi   |        weights       |    pointer   |
|m_axi_weights_RDATA          |  in |    8|    m_axi   |        weights       |    pointer   |
|m_axi_weights_RLAST          |  in |    1|    m_axi   |        weights       |    pointer   |
|m_axi_weights_RID            |  in |    1|    m_axi   |        weights       |    pointer   |
|m_axi_weights_RUSER          |  in |    1|    m_axi   |        weights       |    pointer   |
|m_axi_weights_RRESP          |  in |    2|    m_axi   |        weights       |    pointer   |
|m_axi_weights_BVALID         |  in |    1|    m_axi   |        weights       |    pointer   |
|m_axi_weights_BREADY         | out |    1|    m_axi   |        weights       |    pointer   |
|m_axi_weights_BRESP          |  in |    2|    m_axi   |        weights       |    pointer   |
|m_axi_weights_BID            |  in |    1|    m_axi   |        weights       |    pointer   |
|m_axi_weights_BUSER          |  in |    1|    m_axi   |        weights       |    pointer   |
|weights_offset               |  in |   32|   ap_none  |    weights_offset    |    scalar    |
|image_offset                 |  in |   32|   ap_none  |     image_offset     |    scalar    |
|curr_layer_in_w              |  in |   32|   ap_none  |    curr_layer_in_w   |    scalar    |
|curr_layer_in_h              |  in |   32|   ap_none  |    curr_layer_in_h   |    scalar    |
|curr_layer_in_ch             |  in |   32|   ap_none  |   curr_layer_in_ch   |    scalar    |
|curr_layer_out_ch            |  in |   32|   ap_none  |   curr_layer_out_ch  |    scalar    |
|curr_layer_ker_w             |  in |   32|   ap_none  |   curr_layer_ker_w   |    scalar    |
|curr_layer_ker_h             |  in |   32|   ap_none  |   curr_layer_ker_h   |    scalar    |
|curr_layer_str_w             |  in |   32|   ap_none  |   curr_layer_str_w   |    scalar    |
|curr_layer_str_h             |  in |   32|   ap_none  |   curr_layer_str_h   |    scalar    |
|to_r                         |  in |   32|   ap_none  |         to_r         |    scalar    |
|ti                           |  in |   32|   ap_none  |          ti          |    scalar    |
|row                          |  in |   32|   ap_none  |          row         |    scalar    |
|col                          |  in |   32|   ap_none  |          col         |    scalar    |
|input_offset                 |  in |   32|   ap_none  |     input_offset     |    scalar    |
|weights_offset_2             |  in |   32|   ap_none  |   weights_offset_2   |    scalar    |
|curr_layer_out_w             |  in |   32|   ap_none  |   curr_layer_out_w   |    scalar    |
|curr_layer_out_h             |  in |   32|   ap_none  |   curr_layer_out_h   |    scalar    |
|curr_layer_ker_w_out_din     | out |   32|   ap_fifo  | curr_layer_ker_w_out |    pointer   |
|curr_layer_ker_w_out_full_n  |  in |    1|   ap_fifo  | curr_layer_ker_w_out |    pointer   |
|curr_layer_ker_w_out_write   | out |    1|   ap_fifo  | curr_layer_ker_w_out |    pointer   |
|curr_layer_ker_h_out_din     | out |   32|   ap_fifo  | curr_layer_ker_h_out |    pointer   |
|curr_layer_ker_h_out_full_n  |  in |    1|   ap_fifo  | curr_layer_ker_h_out |    pointer   |
|curr_layer_ker_h_out_write   | out |    1|   ap_fifo  | curr_layer_ker_h_out |    pointer   |
|curr_layer_str_w_out_din     | out |   32|   ap_fifo  | curr_layer_str_w_out |    pointer   |
|curr_layer_str_w_out_full_n  |  in |    1|   ap_fifo  | curr_layer_str_w_out |    pointer   |
|curr_layer_str_w_out_write   | out |    1|   ap_fifo  | curr_layer_str_w_out |    pointer   |
|curr_layer_str_h_out_din     | out |   32|   ap_fifo  | curr_layer_str_h_out |    pointer   |
|curr_layer_str_h_out_full_n  |  in |    1|   ap_fifo  | curr_layer_str_h_out |    pointer   |
|curr_layer_str_h_out_write   | out |    1|   ap_fifo  | curr_layer_str_h_out |    pointer   |
|row_out_din                  | out |   32|   ap_fifo  |        row_out       |    pointer   |
|row_out_full_n               |  in |    1|   ap_fifo  |        row_out       |    pointer   |
|row_out_write                | out |    1|   ap_fifo  |        row_out       |    pointer   |
|col_out_din                  | out |   32|   ap_fifo  |        col_out       |    pointer   |
|col_out_full_n               |  in |    1|   ap_fifo  |        col_out       |    pointer   |
|col_out_write                | out |    1|   ap_fifo  |        col_out       |    pointer   |
|curr_layer_out_w_out_din     | out |   32|   ap_fifo  | curr_layer_out_w_out |    pointer   |
|curr_layer_out_w_out_full_n  |  in |    1|   ap_fifo  | curr_layer_out_w_out |    pointer   |
|curr_layer_out_w_out_write   | out |    1|   ap_fifo  | curr_layer_out_w_out |    pointer   |
|curr_layer_out_h_out_din     | out |   32|   ap_fifo  | curr_layer_out_h_out |    pointer   |
|curr_layer_out_h_out_full_n  |  in |    1|   ap_fifo  | curr_layer_out_h_out |    pointer   |
|curr_layer_out_h_out_write   | out |    1|   ap_fifo  | curr_layer_out_h_out |    pointer   |
|weightsbuf_0_0_address0      | out |    4|  ap_memory |    weightsbuf_0_0    |     array    |
|weightsbuf_0_0_ce0           | out |    1|  ap_memory |    weightsbuf_0_0    |     array    |
|weightsbuf_0_0_we0           | out |    1|  ap_memory |    weightsbuf_0_0    |     array    |
|weightsbuf_0_0_d0            | out |   10|  ap_memory |    weightsbuf_0_0    |     array    |
|weightsbuf_0_1_address0      | out |    4|  ap_memory |    weightsbuf_0_1    |     array    |
|weightsbuf_0_1_ce0           | out |    1|  ap_memory |    weightsbuf_0_1    |     array    |
|weightsbuf_0_1_we0           | out |    1|  ap_memory |    weightsbuf_0_1    |     array    |
|weightsbuf_0_1_d0            | out |   10|  ap_memory |    weightsbuf_0_1    |     array    |
|weightsbuf_0_2_address0      | out |    4|  ap_memory |    weightsbuf_0_2    |     array    |
|weightsbuf_0_2_ce0           | out |    1|  ap_memory |    weightsbuf_0_2    |     array    |
|weightsbuf_0_2_we0           | out |    1|  ap_memory |    weightsbuf_0_2    |     array    |
|weightsbuf_0_2_d0            | out |   10|  ap_memory |    weightsbuf_0_2    |     array    |
|weightsbuf_1_0_address0      | out |    4|  ap_memory |    weightsbuf_1_0    |     array    |
|weightsbuf_1_0_ce0           | out |    1|  ap_memory |    weightsbuf_1_0    |     array    |
|weightsbuf_1_0_we0           | out |    1|  ap_memory |    weightsbuf_1_0    |     array    |
|weightsbuf_1_0_d0            | out |   10|  ap_memory |    weightsbuf_1_0    |     array    |
|weightsbuf_1_1_address0      | out |    4|  ap_memory |    weightsbuf_1_1    |     array    |
|weightsbuf_1_1_ce0           | out |    1|  ap_memory |    weightsbuf_1_1    |     array    |
|weightsbuf_1_1_we0           | out |    1|  ap_memory |    weightsbuf_1_1    |     array    |
|weightsbuf_1_1_d0            | out |   10|  ap_memory |    weightsbuf_1_1    |     array    |
|weightsbuf_1_2_address0      | out |    4|  ap_memory |    weightsbuf_1_2    |     array    |
|weightsbuf_1_2_ce0           | out |    1|  ap_memory |    weightsbuf_1_2    |     array    |
|weightsbuf_1_2_we0           | out |    1|  ap_memory |    weightsbuf_1_2    |     array    |
|weightsbuf_1_2_d0            | out |   10|  ap_memory |    weightsbuf_1_2    |     array    |
|weightsbuf_2_0_address0      | out |    4|  ap_memory |    weightsbuf_2_0    |     array    |
|weightsbuf_2_0_ce0           | out |    1|  ap_memory |    weightsbuf_2_0    |     array    |
|weightsbuf_2_0_we0           | out |    1|  ap_memory |    weightsbuf_2_0    |     array    |
|weightsbuf_2_0_d0            | out |   10|  ap_memory |    weightsbuf_2_0    |     array    |
|weightsbuf_2_1_address0      | out |    4|  ap_memory |    weightsbuf_2_1    |     array    |
|weightsbuf_2_1_ce0           | out |    1|  ap_memory |    weightsbuf_2_1    |     array    |
|weightsbuf_2_1_we0           | out |    1|  ap_memory |    weightsbuf_2_1    |     array    |
|weightsbuf_2_1_d0            | out |   10|  ap_memory |    weightsbuf_2_1    |     array    |
|weightsbuf_2_2_address0      | out |    4|  ap_memory |    weightsbuf_2_2    |     array    |
|weightsbuf_2_2_ce0           | out |    1|  ap_memory |    weightsbuf_2_2    |     array    |
|weightsbuf_2_2_we0           | out |    1|  ap_memory |    weightsbuf_2_2    |     array    |
|weightsbuf_2_2_d0            | out |   10|  ap_memory |    weightsbuf_2_2    |     array    |
|weightsbuf_3_0_address0      | out |    4|  ap_memory |    weightsbuf_3_0    |     array    |
|weightsbuf_3_0_ce0           | out |    1|  ap_memory |    weightsbuf_3_0    |     array    |
|weightsbuf_3_0_we0           | out |    1|  ap_memory |    weightsbuf_3_0    |     array    |
|weightsbuf_3_0_d0            | out |   10|  ap_memory |    weightsbuf_3_0    |     array    |
|weightsbuf_3_1_address0      | out |    4|  ap_memory |    weightsbuf_3_1    |     array    |
|weightsbuf_3_1_ce0           | out |    1|  ap_memory |    weightsbuf_3_1    |     array    |
|weightsbuf_3_1_we0           | out |    1|  ap_memory |    weightsbuf_3_1    |     array    |
|weightsbuf_3_1_d0            | out |   10|  ap_memory |    weightsbuf_3_1    |     array    |
|weightsbuf_3_2_address0      | out |    4|  ap_memory |    weightsbuf_3_2    |     array    |
|weightsbuf_3_2_ce0           | out |    1|  ap_memory |    weightsbuf_3_2    |     array    |
|weightsbuf_3_2_we0           | out |    1|  ap_memory |    weightsbuf_3_2    |     array    |
|weightsbuf_3_2_d0            | out |   10|  ap_memory |    weightsbuf_3_2    |     array    |
|weightsbuf_4_0_address0      | out |    4|  ap_memory |    weightsbuf_4_0    |     array    |
|weightsbuf_4_0_ce0           | out |    1|  ap_memory |    weightsbuf_4_0    |     array    |
|weightsbuf_4_0_we0           | out |    1|  ap_memory |    weightsbuf_4_0    |     array    |
|weightsbuf_4_0_d0            | out |   10|  ap_memory |    weightsbuf_4_0    |     array    |
|weightsbuf_4_1_address0      | out |    4|  ap_memory |    weightsbuf_4_1    |     array    |
|weightsbuf_4_1_ce0           | out |    1|  ap_memory |    weightsbuf_4_1    |     array    |
|weightsbuf_4_1_we0           | out |    1|  ap_memory |    weightsbuf_4_1    |     array    |
|weightsbuf_4_1_d0            | out |   10|  ap_memory |    weightsbuf_4_1    |     array    |
|weightsbuf_4_2_address0      | out |    4|  ap_memory |    weightsbuf_4_2    |     array    |
|weightsbuf_4_2_ce0           | out |    1|  ap_memory |    weightsbuf_4_2    |     array    |
|weightsbuf_4_2_we0           | out |    1|  ap_memory |    weightsbuf_4_2    |     array    |
|weightsbuf_4_2_d0            | out |   10|  ap_memory |    weightsbuf_4_2    |     array    |
|weightsbuf_5_0_address0      | out |    4|  ap_memory |    weightsbuf_5_0    |     array    |
|weightsbuf_5_0_ce0           | out |    1|  ap_memory |    weightsbuf_5_0    |     array    |
|weightsbuf_5_0_we0           | out |    1|  ap_memory |    weightsbuf_5_0    |     array    |
|weightsbuf_5_0_d0            | out |   10|  ap_memory |    weightsbuf_5_0    |     array    |
|weightsbuf_5_1_address0      | out |    4|  ap_memory |    weightsbuf_5_1    |     array    |
|weightsbuf_5_1_ce0           | out |    1|  ap_memory |    weightsbuf_5_1    |     array    |
|weightsbuf_5_1_we0           | out |    1|  ap_memory |    weightsbuf_5_1    |     array    |
|weightsbuf_5_1_d0            | out |   10|  ap_memory |    weightsbuf_5_1    |     array    |
|weightsbuf_5_2_address0      | out |    4|  ap_memory |    weightsbuf_5_2    |     array    |
|weightsbuf_5_2_ce0           | out |    1|  ap_memory |    weightsbuf_5_2    |     array    |
|weightsbuf_5_2_we0           | out |    1|  ap_memory |    weightsbuf_5_2    |     array    |
|weightsbuf_5_2_d0            | out |   10|  ap_memory |    weightsbuf_5_2    |     array    |
|weightsbuf_6_0_address0      | out |    4|  ap_memory |    weightsbuf_6_0    |     array    |
|weightsbuf_6_0_ce0           | out |    1|  ap_memory |    weightsbuf_6_0    |     array    |
|weightsbuf_6_0_we0           | out |    1|  ap_memory |    weightsbuf_6_0    |     array    |
|weightsbuf_6_0_d0            | out |   10|  ap_memory |    weightsbuf_6_0    |     array    |
|weightsbuf_6_1_address0      | out |    4|  ap_memory |    weightsbuf_6_1    |     array    |
|weightsbuf_6_1_ce0           | out |    1|  ap_memory |    weightsbuf_6_1    |     array    |
|weightsbuf_6_1_we0           | out |    1|  ap_memory |    weightsbuf_6_1    |     array    |
|weightsbuf_6_1_d0            | out |   10|  ap_memory |    weightsbuf_6_1    |     array    |
|weightsbuf_6_2_address0      | out |    4|  ap_memory |    weightsbuf_6_2    |     array    |
|weightsbuf_6_2_ce0           | out |    1|  ap_memory |    weightsbuf_6_2    |     array    |
|weightsbuf_6_2_we0           | out |    1|  ap_memory |    weightsbuf_6_2    |     array    |
|weightsbuf_6_2_d0            | out |   10|  ap_memory |    weightsbuf_6_2    |     array    |
|weightsbuf_7_0_address0      | out |    4|  ap_memory |    weightsbuf_7_0    |     array    |
|weightsbuf_7_0_ce0           | out |    1|  ap_memory |    weightsbuf_7_0    |     array    |
|weightsbuf_7_0_we0           | out |    1|  ap_memory |    weightsbuf_7_0    |     array    |
|weightsbuf_7_0_d0            | out |   10|  ap_memory |    weightsbuf_7_0    |     array    |
|weightsbuf_7_1_address0      | out |    4|  ap_memory |    weightsbuf_7_1    |     array    |
|weightsbuf_7_1_ce0           | out |    1|  ap_memory |    weightsbuf_7_1    |     array    |
|weightsbuf_7_1_we0           | out |    1|  ap_memory |    weightsbuf_7_1    |     array    |
|weightsbuf_7_1_d0            | out |   10|  ap_memory |    weightsbuf_7_1    |     array    |
|weightsbuf_7_2_address0      | out |    4|  ap_memory |    weightsbuf_7_2    |     array    |
|weightsbuf_7_2_ce0           | out |    1|  ap_memory |    weightsbuf_7_2    |     array    |
|weightsbuf_7_2_we0           | out |    1|  ap_memory |    weightsbuf_7_2    |     array    |
|weightsbuf_7_2_d0            | out |   10|  ap_memory |    weightsbuf_7_2    |     array    |
|weightsbuf_8_0_address0      | out |    4|  ap_memory |    weightsbuf_8_0    |     array    |
|weightsbuf_8_0_ce0           | out |    1|  ap_memory |    weightsbuf_8_0    |     array    |
|weightsbuf_8_0_we0           | out |    1|  ap_memory |    weightsbuf_8_0    |     array    |
|weightsbuf_8_0_d0            | out |   10|  ap_memory |    weightsbuf_8_0    |     array    |
|weightsbuf_8_1_address0      | out |    4|  ap_memory |    weightsbuf_8_1    |     array    |
|weightsbuf_8_1_ce0           | out |    1|  ap_memory |    weightsbuf_8_1    |     array    |
|weightsbuf_8_1_we0           | out |    1|  ap_memory |    weightsbuf_8_1    |     array    |
|weightsbuf_8_1_d0            | out |   10|  ap_memory |    weightsbuf_8_1    |     array    |
|weightsbuf_8_2_address0      | out |    4|  ap_memory |    weightsbuf_8_2    |     array    |
|weightsbuf_8_2_ce0           | out |    1|  ap_memory |    weightsbuf_8_2    |     array    |
|weightsbuf_8_2_we0           | out |    1|  ap_memory |    weightsbuf_8_2    |     array    |
|weightsbuf_8_2_d0            | out |   10|  ap_memory |    weightsbuf_8_2    |     array    |
|weightsbuf_9_0_address0      | out |    4|  ap_memory |    weightsbuf_9_0    |     array    |
|weightsbuf_9_0_ce0           | out |    1|  ap_memory |    weightsbuf_9_0    |     array    |
|weightsbuf_9_0_we0           | out |    1|  ap_memory |    weightsbuf_9_0    |     array    |
|weightsbuf_9_0_d0            | out |   10|  ap_memory |    weightsbuf_9_0    |     array    |
|weightsbuf_9_1_address0      | out |    4|  ap_memory |    weightsbuf_9_1    |     array    |
|weightsbuf_9_1_ce0           | out |    1|  ap_memory |    weightsbuf_9_1    |     array    |
|weightsbuf_9_1_we0           | out |    1|  ap_memory |    weightsbuf_9_1    |     array    |
|weightsbuf_9_1_d0            | out |   10|  ap_memory |    weightsbuf_9_1    |     array    |
|weightsbuf_9_2_address0      | out |    4|  ap_memory |    weightsbuf_9_2    |     array    |
|weightsbuf_9_2_ce0           | out |    1|  ap_memory |    weightsbuf_9_2    |     array    |
|weightsbuf_9_2_we0           | out |    1|  ap_memory |    weightsbuf_9_2    |     array    |
|weightsbuf_9_2_d0            | out |   10|  ap_memory |    weightsbuf_9_2    |     array    |
|weightsbuf_10_0_address0     | out |    4|  ap_memory |    weightsbuf_10_0   |     array    |
|weightsbuf_10_0_ce0          | out |    1|  ap_memory |    weightsbuf_10_0   |     array    |
|weightsbuf_10_0_we0          | out |    1|  ap_memory |    weightsbuf_10_0   |     array    |
|weightsbuf_10_0_d0           | out |   10|  ap_memory |    weightsbuf_10_0   |     array    |
|weightsbuf_10_1_address0     | out |    4|  ap_memory |    weightsbuf_10_1   |     array    |
|weightsbuf_10_1_ce0          | out |    1|  ap_memory |    weightsbuf_10_1   |     array    |
|weightsbuf_10_1_we0          | out |    1|  ap_memory |    weightsbuf_10_1   |     array    |
|weightsbuf_10_1_d0           | out |   10|  ap_memory |    weightsbuf_10_1   |     array    |
|weightsbuf_10_2_address0     | out |    4|  ap_memory |    weightsbuf_10_2   |     array    |
|weightsbuf_10_2_ce0          | out |    1|  ap_memory |    weightsbuf_10_2   |     array    |
|weightsbuf_10_2_we0          | out |    1|  ap_memory |    weightsbuf_10_2   |     array    |
|weightsbuf_10_2_d0           | out |   10|  ap_memory |    weightsbuf_10_2   |     array    |
|weightsbuf_11_0_address0     | out |    4|  ap_memory |    weightsbuf_11_0   |     array    |
|weightsbuf_11_0_ce0          | out |    1|  ap_memory |    weightsbuf_11_0   |     array    |
|weightsbuf_11_0_we0          | out |    1|  ap_memory |    weightsbuf_11_0   |     array    |
|weightsbuf_11_0_d0           | out |   10|  ap_memory |    weightsbuf_11_0   |     array    |
|weightsbuf_11_1_address0     | out |    4|  ap_memory |    weightsbuf_11_1   |     array    |
|weightsbuf_11_1_ce0          | out |    1|  ap_memory |    weightsbuf_11_1   |     array    |
|weightsbuf_11_1_we0          | out |    1|  ap_memory |    weightsbuf_11_1   |     array    |
|weightsbuf_11_1_d0           | out |   10|  ap_memory |    weightsbuf_11_1   |     array    |
|weightsbuf_11_2_address0     | out |    4|  ap_memory |    weightsbuf_11_2   |     array    |
|weightsbuf_11_2_ce0          | out |    1|  ap_memory |    weightsbuf_11_2   |     array    |
|weightsbuf_11_2_we0          | out |    1|  ap_memory |    weightsbuf_11_2   |     array    |
|weightsbuf_11_2_d0           | out |   10|  ap_memory |    weightsbuf_11_2   |     array    |
|weightsbuf_12_0_address0     | out |    4|  ap_memory |    weightsbuf_12_0   |     array    |
|weightsbuf_12_0_ce0          | out |    1|  ap_memory |    weightsbuf_12_0   |     array    |
|weightsbuf_12_0_we0          | out |    1|  ap_memory |    weightsbuf_12_0   |     array    |
|weightsbuf_12_0_d0           | out |   10|  ap_memory |    weightsbuf_12_0   |     array    |
|weightsbuf_12_1_address0     | out |    4|  ap_memory |    weightsbuf_12_1   |     array    |
|weightsbuf_12_1_ce0          | out |    1|  ap_memory |    weightsbuf_12_1   |     array    |
|weightsbuf_12_1_we0          | out |    1|  ap_memory |    weightsbuf_12_1   |     array    |
|weightsbuf_12_1_d0           | out |   10|  ap_memory |    weightsbuf_12_1   |     array    |
|weightsbuf_12_2_address0     | out |    4|  ap_memory |    weightsbuf_12_2   |     array    |
|weightsbuf_12_2_ce0          | out |    1|  ap_memory |    weightsbuf_12_2   |     array    |
|weightsbuf_12_2_we0          | out |    1|  ap_memory |    weightsbuf_12_2   |     array    |
|weightsbuf_12_2_d0           | out |   10|  ap_memory |    weightsbuf_12_2   |     array    |
|weightsbuf_13_0_address0     | out |    4|  ap_memory |    weightsbuf_13_0   |     array    |
|weightsbuf_13_0_ce0          | out |    1|  ap_memory |    weightsbuf_13_0   |     array    |
|weightsbuf_13_0_we0          | out |    1|  ap_memory |    weightsbuf_13_0   |     array    |
|weightsbuf_13_0_d0           | out |   10|  ap_memory |    weightsbuf_13_0   |     array    |
|weightsbuf_13_1_address0     | out |    4|  ap_memory |    weightsbuf_13_1   |     array    |
|weightsbuf_13_1_ce0          | out |    1|  ap_memory |    weightsbuf_13_1   |     array    |
|weightsbuf_13_1_we0          | out |    1|  ap_memory |    weightsbuf_13_1   |     array    |
|weightsbuf_13_1_d0           | out |   10|  ap_memory |    weightsbuf_13_1   |     array    |
|weightsbuf_13_2_address0     | out |    4|  ap_memory |    weightsbuf_13_2   |     array    |
|weightsbuf_13_2_ce0          | out |    1|  ap_memory |    weightsbuf_13_2   |     array    |
|weightsbuf_13_2_we0          | out |    1|  ap_memory |    weightsbuf_13_2   |     array    |
|weightsbuf_13_2_d0           | out |   10|  ap_memory |    weightsbuf_13_2   |     array    |
|weightsbuf_14_0_address0     | out |    4|  ap_memory |    weightsbuf_14_0   |     array    |
|weightsbuf_14_0_ce0          | out |    1|  ap_memory |    weightsbuf_14_0   |     array    |
|weightsbuf_14_0_we0          | out |    1|  ap_memory |    weightsbuf_14_0   |     array    |
|weightsbuf_14_0_d0           | out |   10|  ap_memory |    weightsbuf_14_0   |     array    |
|weightsbuf_14_1_address0     | out |    4|  ap_memory |    weightsbuf_14_1   |     array    |
|weightsbuf_14_1_ce0          | out |    1|  ap_memory |    weightsbuf_14_1   |     array    |
|weightsbuf_14_1_we0          | out |    1|  ap_memory |    weightsbuf_14_1   |     array    |
|weightsbuf_14_1_d0           | out |   10|  ap_memory |    weightsbuf_14_1   |     array    |
|weightsbuf_14_2_address0     | out |    4|  ap_memory |    weightsbuf_14_2   |     array    |
|weightsbuf_14_2_ce0          | out |    1|  ap_memory |    weightsbuf_14_2   |     array    |
|weightsbuf_14_2_we0          | out |    1|  ap_memory |    weightsbuf_14_2   |     array    |
|weightsbuf_14_2_d0           | out |   10|  ap_memory |    weightsbuf_14_2   |     array    |
|weightsbuf_15_0_address0     | out |    4|  ap_memory |    weightsbuf_15_0   |     array    |
|weightsbuf_15_0_ce0          | out |    1|  ap_memory |    weightsbuf_15_0   |     array    |
|weightsbuf_15_0_we0          | out |    1|  ap_memory |    weightsbuf_15_0   |     array    |
|weightsbuf_15_0_d0           | out |   10|  ap_memory |    weightsbuf_15_0   |     array    |
|weightsbuf_15_1_address0     | out |    4|  ap_memory |    weightsbuf_15_1   |     array    |
|weightsbuf_15_1_ce0          | out |    1|  ap_memory |    weightsbuf_15_1   |     array    |
|weightsbuf_15_1_we0          | out |    1|  ap_memory |    weightsbuf_15_1   |     array    |
|weightsbuf_15_1_d0           | out |   10|  ap_memory |    weightsbuf_15_1   |     array    |
|weightsbuf_15_2_address0     | out |    4|  ap_memory |    weightsbuf_15_2   |     array    |
|weightsbuf_15_2_ce0          | out |    1|  ap_memory |    weightsbuf_15_2   |     array    |
|weightsbuf_15_2_we0          | out |    1|  ap_memory |    weightsbuf_15_2   |     array    |
|weightsbuf_15_2_d0           | out |   10|  ap_memory |    weightsbuf_15_2   |     array    |
|weightsbuf_16_0_address0     | out |    4|  ap_memory |    weightsbuf_16_0   |     array    |
|weightsbuf_16_0_ce0          | out |    1|  ap_memory |    weightsbuf_16_0   |     array    |
|weightsbuf_16_0_we0          | out |    1|  ap_memory |    weightsbuf_16_0   |     array    |
|weightsbuf_16_0_d0           | out |   10|  ap_memory |    weightsbuf_16_0   |     array    |
|weightsbuf_16_1_address0     | out |    4|  ap_memory |    weightsbuf_16_1   |     array    |
|weightsbuf_16_1_ce0          | out |    1|  ap_memory |    weightsbuf_16_1   |     array    |
|weightsbuf_16_1_we0          | out |    1|  ap_memory |    weightsbuf_16_1   |     array    |
|weightsbuf_16_1_d0           | out |   10|  ap_memory |    weightsbuf_16_1   |     array    |
|weightsbuf_16_2_address0     | out |    4|  ap_memory |    weightsbuf_16_2   |     array    |
|weightsbuf_16_2_ce0          | out |    1|  ap_memory |    weightsbuf_16_2   |     array    |
|weightsbuf_16_2_we0          | out |    1|  ap_memory |    weightsbuf_16_2   |     array    |
|weightsbuf_16_2_d0           | out |   10|  ap_memory |    weightsbuf_16_2   |     array    |
|weightsbuf_17_0_address0     | out |    4|  ap_memory |    weightsbuf_17_0   |     array    |
|weightsbuf_17_0_ce0          | out |    1|  ap_memory |    weightsbuf_17_0   |     array    |
|weightsbuf_17_0_we0          | out |    1|  ap_memory |    weightsbuf_17_0   |     array    |
|weightsbuf_17_0_d0           | out |   10|  ap_memory |    weightsbuf_17_0   |     array    |
|weightsbuf_17_1_address0     | out |    4|  ap_memory |    weightsbuf_17_1   |     array    |
|weightsbuf_17_1_ce0          | out |    1|  ap_memory |    weightsbuf_17_1   |     array    |
|weightsbuf_17_1_we0          | out |    1|  ap_memory |    weightsbuf_17_1   |     array    |
|weightsbuf_17_1_d0           | out |   10|  ap_memory |    weightsbuf_17_1   |     array    |
|weightsbuf_17_2_address0     | out |    4|  ap_memory |    weightsbuf_17_2   |     array    |
|weightsbuf_17_2_ce0          | out |    1|  ap_memory |    weightsbuf_17_2   |     array    |
|weightsbuf_17_2_we0          | out |    1|  ap_memory |    weightsbuf_17_2   |     array    |
|weightsbuf_17_2_d0           | out |   10|  ap_memory |    weightsbuf_17_2   |     array    |
|weightsbuf_18_0_address0     | out |    4|  ap_memory |    weightsbuf_18_0   |     array    |
|weightsbuf_18_0_ce0          | out |    1|  ap_memory |    weightsbuf_18_0   |     array    |
|weightsbuf_18_0_we0          | out |    1|  ap_memory |    weightsbuf_18_0   |     array    |
|weightsbuf_18_0_d0           | out |   10|  ap_memory |    weightsbuf_18_0   |     array    |
|weightsbuf_18_1_address0     | out |    4|  ap_memory |    weightsbuf_18_1   |     array    |
|weightsbuf_18_1_ce0          | out |    1|  ap_memory |    weightsbuf_18_1   |     array    |
|weightsbuf_18_1_we0          | out |    1|  ap_memory |    weightsbuf_18_1   |     array    |
|weightsbuf_18_1_d0           | out |   10|  ap_memory |    weightsbuf_18_1   |     array    |
|weightsbuf_18_2_address0     | out |    4|  ap_memory |    weightsbuf_18_2   |     array    |
|weightsbuf_18_2_ce0          | out |    1|  ap_memory |    weightsbuf_18_2   |     array    |
|weightsbuf_18_2_we0          | out |    1|  ap_memory |    weightsbuf_18_2   |     array    |
|weightsbuf_18_2_d0           | out |   10|  ap_memory |    weightsbuf_18_2   |     array    |
|weightsbuf_19_0_address0     | out |    4|  ap_memory |    weightsbuf_19_0   |     array    |
|weightsbuf_19_0_ce0          | out |    1|  ap_memory |    weightsbuf_19_0   |     array    |
|weightsbuf_19_0_we0          | out |    1|  ap_memory |    weightsbuf_19_0   |     array    |
|weightsbuf_19_0_d0           | out |   10|  ap_memory |    weightsbuf_19_0   |     array    |
|weightsbuf_19_1_address0     | out |    4|  ap_memory |    weightsbuf_19_1   |     array    |
|weightsbuf_19_1_ce0          | out |    1|  ap_memory |    weightsbuf_19_1   |     array    |
|weightsbuf_19_1_we0          | out |    1|  ap_memory |    weightsbuf_19_1   |     array    |
|weightsbuf_19_1_d0           | out |   10|  ap_memory |    weightsbuf_19_1   |     array    |
|weightsbuf_19_2_address0     | out |    4|  ap_memory |    weightsbuf_19_2   |     array    |
|weightsbuf_19_2_ce0          | out |    1|  ap_memory |    weightsbuf_19_2   |     array    |
|weightsbuf_19_2_we0          | out |    1|  ap_memory |    weightsbuf_19_2   |     array    |
|weightsbuf_19_2_d0           | out |   10|  ap_memory |    weightsbuf_19_2   |     array    |
|weightsbuf_20_0_address0     | out |    4|  ap_memory |    weightsbuf_20_0   |     array    |
|weightsbuf_20_0_ce0          | out |    1|  ap_memory |    weightsbuf_20_0   |     array    |
|weightsbuf_20_0_we0          | out |    1|  ap_memory |    weightsbuf_20_0   |     array    |
|weightsbuf_20_0_d0           | out |   10|  ap_memory |    weightsbuf_20_0   |     array    |
|weightsbuf_20_1_address0     | out |    4|  ap_memory |    weightsbuf_20_1   |     array    |
|weightsbuf_20_1_ce0          | out |    1|  ap_memory |    weightsbuf_20_1   |     array    |
|weightsbuf_20_1_we0          | out |    1|  ap_memory |    weightsbuf_20_1   |     array    |
|weightsbuf_20_1_d0           | out |   10|  ap_memory |    weightsbuf_20_1   |     array    |
|weightsbuf_20_2_address0     | out |    4|  ap_memory |    weightsbuf_20_2   |     array    |
|weightsbuf_20_2_ce0          | out |    1|  ap_memory |    weightsbuf_20_2   |     array    |
|weightsbuf_20_2_we0          | out |    1|  ap_memory |    weightsbuf_20_2   |     array    |
|weightsbuf_20_2_d0           | out |   10|  ap_memory |    weightsbuf_20_2   |     array    |
|weightsbuf_21_0_address0     | out |    4|  ap_memory |    weightsbuf_21_0   |     array    |
|weightsbuf_21_0_ce0          | out |    1|  ap_memory |    weightsbuf_21_0   |     array    |
|weightsbuf_21_0_we0          | out |    1|  ap_memory |    weightsbuf_21_0   |     array    |
|weightsbuf_21_0_d0           | out |   10|  ap_memory |    weightsbuf_21_0   |     array    |
|weightsbuf_21_1_address0     | out |    4|  ap_memory |    weightsbuf_21_1   |     array    |
|weightsbuf_21_1_ce0          | out |    1|  ap_memory |    weightsbuf_21_1   |     array    |
|weightsbuf_21_1_we0          | out |    1|  ap_memory |    weightsbuf_21_1   |     array    |
|weightsbuf_21_1_d0           | out |   10|  ap_memory |    weightsbuf_21_1   |     array    |
|weightsbuf_21_2_address0     | out |    4|  ap_memory |    weightsbuf_21_2   |     array    |
|weightsbuf_21_2_ce0          | out |    1|  ap_memory |    weightsbuf_21_2   |     array    |
|weightsbuf_21_2_we0          | out |    1|  ap_memory |    weightsbuf_21_2   |     array    |
|weightsbuf_21_2_d0           | out |   10|  ap_memory |    weightsbuf_21_2   |     array    |
|weightsbuf_22_0_address0     | out |    4|  ap_memory |    weightsbuf_22_0   |     array    |
|weightsbuf_22_0_ce0          | out |    1|  ap_memory |    weightsbuf_22_0   |     array    |
|weightsbuf_22_0_we0          | out |    1|  ap_memory |    weightsbuf_22_0   |     array    |
|weightsbuf_22_0_d0           | out |   10|  ap_memory |    weightsbuf_22_0   |     array    |
|weightsbuf_22_1_address0     | out |    4|  ap_memory |    weightsbuf_22_1   |     array    |
|weightsbuf_22_1_ce0          | out |    1|  ap_memory |    weightsbuf_22_1   |     array    |
|weightsbuf_22_1_we0          | out |    1|  ap_memory |    weightsbuf_22_1   |     array    |
|weightsbuf_22_1_d0           | out |   10|  ap_memory |    weightsbuf_22_1   |     array    |
|weightsbuf_22_2_address0     | out |    4|  ap_memory |    weightsbuf_22_2   |     array    |
|weightsbuf_22_2_ce0          | out |    1|  ap_memory |    weightsbuf_22_2   |     array    |
|weightsbuf_22_2_we0          | out |    1|  ap_memory |    weightsbuf_22_2   |     array    |
|weightsbuf_22_2_d0           | out |   10|  ap_memory |    weightsbuf_22_2   |     array    |
|weightsbuf_23_0_address0     | out |    4|  ap_memory |    weightsbuf_23_0   |     array    |
|weightsbuf_23_0_ce0          | out |    1|  ap_memory |    weightsbuf_23_0   |     array    |
|weightsbuf_23_0_we0          | out |    1|  ap_memory |    weightsbuf_23_0   |     array    |
|weightsbuf_23_0_d0           | out |   10|  ap_memory |    weightsbuf_23_0   |     array    |
|weightsbuf_23_1_address0     | out |    4|  ap_memory |    weightsbuf_23_1   |     array    |
|weightsbuf_23_1_ce0          | out |    1|  ap_memory |    weightsbuf_23_1   |     array    |
|weightsbuf_23_1_we0          | out |    1|  ap_memory |    weightsbuf_23_1   |     array    |
|weightsbuf_23_1_d0           | out |   10|  ap_memory |    weightsbuf_23_1   |     array    |
|weightsbuf_23_2_address0     | out |    4|  ap_memory |    weightsbuf_23_2   |     array    |
|weightsbuf_23_2_ce0          | out |    1|  ap_memory |    weightsbuf_23_2   |     array    |
|weightsbuf_23_2_we0          | out |    1|  ap_memory |    weightsbuf_23_2   |     array    |
|weightsbuf_23_2_d0           | out |   10|  ap_memory |    weightsbuf_23_2   |     array    |
|weightsbuf_24_0_address0     | out |    4|  ap_memory |    weightsbuf_24_0   |     array    |
|weightsbuf_24_0_ce0          | out |    1|  ap_memory |    weightsbuf_24_0   |     array    |
|weightsbuf_24_0_we0          | out |    1|  ap_memory |    weightsbuf_24_0   |     array    |
|weightsbuf_24_0_d0           | out |   10|  ap_memory |    weightsbuf_24_0   |     array    |
|weightsbuf_24_1_address0     | out |    4|  ap_memory |    weightsbuf_24_1   |     array    |
|weightsbuf_24_1_ce0          | out |    1|  ap_memory |    weightsbuf_24_1   |     array    |
|weightsbuf_24_1_we0          | out |    1|  ap_memory |    weightsbuf_24_1   |     array    |
|weightsbuf_24_1_d0           | out |   10|  ap_memory |    weightsbuf_24_1   |     array    |
|weightsbuf_24_2_address0     | out |    4|  ap_memory |    weightsbuf_24_2   |     array    |
|weightsbuf_24_2_ce0          | out |    1|  ap_memory |    weightsbuf_24_2   |     array    |
|weightsbuf_24_2_we0          | out |    1|  ap_memory |    weightsbuf_24_2   |     array    |
|weightsbuf_24_2_d0           | out |   10|  ap_memory |    weightsbuf_24_2   |     array    |
|weightsbuf_25_0_address0     | out |    4|  ap_memory |    weightsbuf_25_0   |     array    |
|weightsbuf_25_0_ce0          | out |    1|  ap_memory |    weightsbuf_25_0   |     array    |
|weightsbuf_25_0_we0          | out |    1|  ap_memory |    weightsbuf_25_0   |     array    |
|weightsbuf_25_0_d0           | out |   10|  ap_memory |    weightsbuf_25_0   |     array    |
|weightsbuf_25_1_address0     | out |    4|  ap_memory |    weightsbuf_25_1   |     array    |
|weightsbuf_25_1_ce0          | out |    1|  ap_memory |    weightsbuf_25_1   |     array    |
|weightsbuf_25_1_we0          | out |    1|  ap_memory |    weightsbuf_25_1   |     array    |
|weightsbuf_25_1_d0           | out |   10|  ap_memory |    weightsbuf_25_1   |     array    |
|weightsbuf_25_2_address0     | out |    4|  ap_memory |    weightsbuf_25_2   |     array    |
|weightsbuf_25_2_ce0          | out |    1|  ap_memory |    weightsbuf_25_2   |     array    |
|weightsbuf_25_2_we0          | out |    1|  ap_memory |    weightsbuf_25_2   |     array    |
|weightsbuf_25_2_d0           | out |   10|  ap_memory |    weightsbuf_25_2   |     array    |
|weightsbuf_26_0_address0     | out |    4|  ap_memory |    weightsbuf_26_0   |     array    |
|weightsbuf_26_0_ce0          | out |    1|  ap_memory |    weightsbuf_26_0   |     array    |
|weightsbuf_26_0_we0          | out |    1|  ap_memory |    weightsbuf_26_0   |     array    |
|weightsbuf_26_0_d0           | out |   10|  ap_memory |    weightsbuf_26_0   |     array    |
|weightsbuf_26_1_address0     | out |    4|  ap_memory |    weightsbuf_26_1   |     array    |
|weightsbuf_26_1_ce0          | out |    1|  ap_memory |    weightsbuf_26_1   |     array    |
|weightsbuf_26_1_we0          | out |    1|  ap_memory |    weightsbuf_26_1   |     array    |
|weightsbuf_26_1_d0           | out |   10|  ap_memory |    weightsbuf_26_1   |     array    |
|weightsbuf_26_2_address0     | out |    4|  ap_memory |    weightsbuf_26_2   |     array    |
|weightsbuf_26_2_ce0          | out |    1|  ap_memory |    weightsbuf_26_2   |     array    |
|weightsbuf_26_2_we0          | out |    1|  ap_memory |    weightsbuf_26_2   |     array    |
|weightsbuf_26_2_d0           | out |   10|  ap_memory |    weightsbuf_26_2   |     array    |
|weightsbuf_27_0_address0     | out |    4|  ap_memory |    weightsbuf_27_0   |     array    |
|weightsbuf_27_0_ce0          | out |    1|  ap_memory |    weightsbuf_27_0   |     array    |
|weightsbuf_27_0_we0          | out |    1|  ap_memory |    weightsbuf_27_0   |     array    |
|weightsbuf_27_0_d0           | out |   10|  ap_memory |    weightsbuf_27_0   |     array    |
|weightsbuf_27_1_address0     | out |    4|  ap_memory |    weightsbuf_27_1   |     array    |
|weightsbuf_27_1_ce0          | out |    1|  ap_memory |    weightsbuf_27_1   |     array    |
|weightsbuf_27_1_we0          | out |    1|  ap_memory |    weightsbuf_27_1   |     array    |
|weightsbuf_27_1_d0           | out |   10|  ap_memory |    weightsbuf_27_1   |     array    |
|weightsbuf_27_2_address0     | out |    4|  ap_memory |    weightsbuf_27_2   |     array    |
|weightsbuf_27_2_ce0          | out |    1|  ap_memory |    weightsbuf_27_2   |     array    |
|weightsbuf_27_2_we0          | out |    1|  ap_memory |    weightsbuf_27_2   |     array    |
|weightsbuf_27_2_d0           | out |   10|  ap_memory |    weightsbuf_27_2   |     array    |
|inputfm_0_address0           | out |   11|  ap_memory |       inputfm_0      |     array    |
|inputfm_0_ce0                | out |    1|  ap_memory |       inputfm_0      |     array    |
|inputfm_0_we0                | out |    1|  ap_memory |       inputfm_0      |     array    |
|inputfm_0_d0                 | out |   10|  ap_memory |       inputfm_0      |     array    |
|inputfm_1_address0           | out |   11|  ap_memory |       inputfm_1      |     array    |
|inputfm_1_ce0                | out |    1|  ap_memory |       inputfm_1      |     array    |
|inputfm_1_we0                | out |    1|  ap_memory |       inputfm_1      |     array    |
|inputfm_1_d0                 | out |   10|  ap_memory |       inputfm_1      |     array    |
|inputfm_2_address0           | out |   11|  ap_memory |       inputfm_2      |     array    |
|inputfm_2_ce0                | out |    1|  ap_memory |       inputfm_2      |     array    |
|inputfm_2_we0                | out |    1|  ap_memory |       inputfm_2      |     array    |
|inputfm_2_d0                 | out |   10|  ap_memory |       inputfm_2      |     array    |
+-----------------------------+-----+-----+------------+----------------------+--------------+

